[2024-01-29T16:45:32.797Z] Starting monitor process...
[2024-01-29T16:45:32.810Z] Received message: [{"type":"configure","sequence":0,"options":{"cwd":"/home/nmurray/code/spotrflow","dockerCLI":"docker","env":{"BASHRC":"/home/nmurray/.config/bash/bashrc","CHROME_DESKTOP":"code-url-handler.desktop","DBUS_SESSION_BUS_ADDRESS":"unix:path=/run/user/798000122/bus","DESKTOP_SESSION":"ubuntu","DISPLAY":":1","EDITOR":"nvim","GDK_BACKEND":"x11","GDMSESSION":"ubuntu","GIO_LAUNCHED_DESKTOP_FILE":"/usr/share/applications/code.desktop","GIO_LAUNCHED_DESKTOP_FILE_PID":"469204","GJS_DEBUG_OUTPUT":"stderr","GJS_DEBUG_TOPICS":"JS ERROR;JS LOG","GNOME_DESKTOP_SESSION_ID":"this-is-deprecated","GNOME_SHELL_SESSION_MODE":"ubuntu","GPG_AGENT_INFO":"/run/user/798000122/gnupg/S.gpg-agent:0:1","GTK_IM_MODULE":"ibus","GTK_MODULES":"gail:atk-bridge","HISTCONTROL":"ignorespace:ignoredups","HISTFILE":"/home/nmurray/.local/state/bash/history","HISTFILESIZE":"200000","HISTSIZE":"10000","HISTTIMEFORMAT":"%h/%d - %H:%M:%S ","HOME":"/home/nmurray","IM_CONFIG_PHASE":"1","INPUTRC":"/home/nmurray/.config/readline/inputrc","INVOCATION_ID":"31bf959168df4ef2ac511b1842a75fdc","JOURNAL_STREAM":"8:55164","KRB5CCNAME":"KEYRING:persistent:798000122","LANG":"en_US.UTF-8","LD_LIBRARY_PATH":"/usr/local/cuda-11.8/lib64:/usr/local/cuda-11.8/lib64","LESSCLOSE":"/usr/bin/lesspipe %s %s","LESSOPEN":"| /usr/bin/lesspipe %s","LOGNAME":"nmurray","LS_COLORS":"bd=38;5;68:ca=38;5;17:cd=38;5;113;1:di=33;01;31:do=38;5;127:ex=38;5;208;1:pi=38;5;126:fi=0:ln=target:mh=38;5;222;1:no=38;5;208;1:or=48;5;196;38;5;232;1:ow=38;5;220;1:sg=48;5;3;38;5;0:su=38;5;220;1;3;100;1:so=38;5;197:st=38;5;86;48;5;234:tw=48;5;235;38;5;139;3:*LS_COLORS=48;5;89;38;5;197;1;3;4;7:*.txt=38;5;253:","MANAGERPID":"4050","MANPAGER":"sh -c 'col -bx | bat --theme \"Solarized (dark)\" -l man -p'","NVM_BIN":"/home/nmurray/.config/nvm/versions/node/v20.4.0/bin","NVM_DIR":"/home/nmurray/.config/nvm","NVM_INC":"/home/nmurray/.config/nvm/versions/node/v20.4.0/include/node","ORIGINAL_XDG_CURRENT_DESKTOP":"ubuntu:GNOME","PATH":"/home/nmurray/.local/bin:/home/nmurray/.config/nvm/versions/node/v20.4.0/bin:/usr/local/cuda-11.8/bin:/home/nmurray/.cargo/bin:/home/nmurray/.local/bin:/usr/local/cuda-11.8/bin:/usr/local/sbin:/usr/local/bin:/usr/sbin:/usr/bin:/sbin:/bin:/usr/games:/usr/local/games:/snap/bin:/snap/bin:/home/nmurray/.local/share/python/bin:/home/nmurray/.local/bin:/home/nmurray/.local/share/python/bin:/home/nmurray/.local/share/python/bin","PS1":"\\[\\033[01;31m\\]\\d-\\t\\[\\033[00m\\]:\\[\\033[01;33m\\]\\w\\[\\033[35m\\] (`git branch --show-current 2>/dev/null`)\\[\\033[00m\\]\\n$ ","PWD":"/home/nmurray","PYTHONPYCACHEPREFIX":"/home/nmurray/.cache/python","PYTHONSTARTUP":"/home/nmurray/.config/python/site.py","PYTHONUSERBASE":"/home/nmurray/.local/share/python","QT_ACCESSIBILITY":"1","QT_IM_MODULE":"ibus","SESSION_MANAGER":"local/dev-nmurray02:@/tmp/.ICE-unix/5041,unix/dev-nmurray02:/tmp/.ICE-unix/5041","SHELL":"/bin/bash","SHLVL":"0","SSH_AGENT_LAUNCHER":"gnome-keyring","SSH_AUTH_SOCK":"/run/user/798000122/keyring/ssh","SYSTEMD_EXEC_PID":"5063","USER":"nmurray","USERNAME":"nmurray","VISUAL":"nvim-qt","VSCODE_AMD_ENTRYPOINT":"vs/workbench/api/node/extensionHostProcess","VSCODE_CODE_CACHE_PATH":"/home/nmurray/.config/Code/CachedData/0ee08df0cf4527e40edc9aa28f4b5bd38bbff2b2","VSCODE_CRASH_REPORTER_PROCESS_TYPE":"extensionHost","VSCODE_CWD":"/home/nmurray","VSCODE_HANDLES_UNCAUGHT_ERRORS":"true","VSCODE_IPC_HOOK":"/run/user/798000122/vscode-a395ce48-1.85-main.sock","VSCODE_NLS_CONFIG":"{\"locale\":\"en-us\",\"osLocale\":\"en-us\",\"availableLanguages\":{},\"_languagePackSupport\":true}","VSCODE_PID":"469204","WINDOWPATH":"2","XAUTHORITY":"/run/user/798000122/gdm/Xauthority","XDG_CACHE_HOME":"/home/nmurray/.cache","XDG_CONFIG_DIRS":"/etc/xdg/xdg-ubuntu:/etc/xdg","XDG_CONFIG_HOME":"/home/nmurray/.config","XDG_CURRENT_DESKTOP":"Unity","XDG_DATA_DIRS":"/usr/share/ubuntu:/usr/share/gnome:/usr/local/share/:/usr/share/:/var/lib/snapd/desktop","XDG_DATA_HOME":"/home/nmurray/.local/share","XDG_MENU_PREFIX":"gnome-","XDG_RUNTIME_DIR":"/run/user/798000122","XDG_SESSION_CLASS":"user","XDG_SESSION_DESKTOP":"ubuntu","XDG_SESSION_TYPE":"x11","XDG_STATE_HOME":"/home/nmurray/.local/state","XMODIFIERS":"@im=ibus","_":"/usr/share/code/code","ELECTRON_RUN_AS_NODE":"1","SSH_ASKPASS":"/home/nmurray/.vscode/extensions/ms-vscode-remote.remote-containers-0.327.0/scripts/ssh-askpass.sh","SSH_ASKPASS_REQUIRE":"force","VSCODE_SSH_ASKPASS_NODE":"/usr/share/code/code","VSCODE_SSH_ASKPASS_EXTRA_ARGS":"--ms-enable-electron-run-as-node","VSCODE_SSH_ASKPASS_MAIN":"/home/nmurray/.vscode/extensions/ms-vscode-remote.remote-containers-0.327.0/dist/common/sshAskpass.js","VSCODE_SSH_ASKPASS_HANDLE":"/run/user/798000122/ssh-askpass-b20e7c35-b315-4de4-9dc8-e5eee3fc4a78.sock","DOCKER_CONTEXT":"default"},"containerId":"4297a1e11e61ba0a317348ba8bf86ddf065550e8a7d8c14a8583dfcc45dfeeeb","user":"developer","sessionId":"ff4c1f0c-b4fe-48b3-9f85-af076e1f90981706546731406","logLevel":2,"delay":10000}}]
[2024-01-29T16:45:33.188Z] Received message: [{"type":"configure","sequence":1,"options":{"cwd":"/home/nmurray/code/spotrflow","dockerCLI":"docker","env":{"BASHRC":"/home/nmurray/.config/bash/bashrc","CHROME_DESKTOP":"code-url-handler.desktop","DBUS_SESSION_BUS_ADDRESS":"unix:path=/run/user/798000122/bus","DESKTOP_SESSION":"ubuntu","DISPLAY":":1","EDITOR":"nvim","GDK_BACKEND":"x11","GDMSESSION":"ubuntu","GIO_LAUNCHED_DESKTOP_FILE":"/usr/share/applications/code.desktop","GIO_LAUNCHED_DESKTOP_FILE_PID":"469204","GJS_DEBUG_OUTPUT":"stderr","GJS_DEBUG_TOPICS":"JS ERROR;JS LOG","GNOME_DESKTOP_SESSION_ID":"this-is-deprecated","GNOME_SHELL_SESSION_MODE":"ubuntu","GPG_AGENT_INFO":"/run/user/798000122/gnupg/S.gpg-agent:0:1","GTK_IM_MODULE":"ibus","GTK_MODULES":"gail:atk-bridge","HISTCONTROL":"ignorespace:ignoredups","HISTFILE":"/home/nmurray/.local/state/bash/history","HISTFILESIZE":"200000","HISTSIZE":"10000","HISTTIMEFORMAT":"%h/%d - %H:%M:%S ","HOME":"/home/nmurray","IM_CONFIG_PHASE":"1","INPUTRC":"/home/nmurray/.config/readline/inputrc","INVOCATION_ID":"31bf959168df4ef2ac511b1842a75fdc","JOURNAL_STREAM":"8:55164","KRB5CCNAME":"KEYRING:persistent:798000122","LANG":"en_US.UTF-8","LD_LIBRARY_PATH":"/usr/local/cuda-11.8/lib64:/usr/local/cuda-11.8/lib64","LESSCLOSE":"/usr/bin/lesspipe %s %s","LESSOPEN":"| /usr/bin/lesspipe %s","LOGNAME":"nmurray","LS_COLORS":"bd=38;5;68:ca=38;5;17:cd=38;5;113;1:di=33;01;31:do=38;5;127:ex=38;5;208;1:pi=38;5;126:fi=0:ln=target:mh=38;5;222;1:no=38;5;208;1:or=48;5;196;38;5;232;1:ow=38;5;220;1:sg=48;5;3;38;5;0:su=38;5;220;1;3;100;1:so=38;5;197:st=38;5;86;48;5;234:tw=48;5;235;38;5;139;3:*LS_COLORS=48;5;89;38;5;197;1;3;4;7:*.txt=38;5;253:","MANAGERPID":"4050","MANPAGER":"sh -c 'col -bx | bat --theme \"Solarized (dark)\" -l man -p'","NVM_BIN":"/home/nmurray/.config/nvm/versions/node/v20.4.0/bin","NVM_DIR":"/home/nmurray/.config/nvm","NVM_INC":"/home/nmurray/.config/nvm/versions/node/v20.4.0/include/node","ORIGINAL_XDG_CURRENT_DESKTOP":"ubuntu:GNOME","PATH":"/home/nmurray/.local/bin:/home/nmurray/.config/nvm/versions/node/v20.4.0/bin:/usr/local/cuda-11.8/bin:/home/nmurray/.cargo/bin:/home/nmurray/.local/bin:/usr/local/cuda-11.8/bin:/usr/local/sbin:/usr/local/bin:/usr/sbin:/usr/bin:/sbin:/bin:/usr/games:/usr/local/games:/snap/bin:/snap/bin:/home/nmurray/.local/share/python/bin:/home/nmurray/.local/bin:/home/nmurray/.local/share/python/bin:/home/nmurray/.local/share/python/bin","PS1":"\\[\\033[01;31m\\]\\d-\\t\\[\\033[00m\\]:\\[\\033[01;33m\\]\\w\\[\\033[35m\\] (`git branch --show-current 2>/dev/null`)\\[\\033[00m\\]\\n$ ","PWD":"/home/nmurray","PYTHONPYCACHEPREFIX":"/home/nmurray/.cache/python","PYTHONSTARTUP":"/home/nmurray/.config/python/site.py","PYTHONUSERBASE":"/home/nmurray/.local/share/python","QT_ACCESSIBILITY":"1","QT_IM_MODULE":"ibus","SESSION_MANAGER":"local/dev-nmurray02:@/tmp/.ICE-unix/5041,unix/dev-nmurray02:/tmp/.ICE-unix/5041","SHELL":"/bin/bash","SHLVL":"0","SSH_AGENT_LAUNCHER":"gnome-keyring","SSH_AUTH_SOCK":"/run/user/798000122/keyring/ssh","SYSTEMD_EXEC_PID":"5063","USER":"nmurray","USERNAME":"nmurray","VISUAL":"nvim-qt","VSCODE_AMD_ENTRYPOINT":"vs/workbench/api/node/extensionHostProcess","VSCODE_CODE_CACHE_PATH":"/home/nmurray/.config/Code/CachedData/0ee08df0cf4527e40edc9aa28f4b5bd38bbff2b2","VSCODE_CRASH_REPORTER_PROCESS_TYPE":"extensionHost","VSCODE_CWD":"/home/nmurray","VSCODE_HANDLES_UNCAUGHT_ERRORS":"true","VSCODE_IPC_HOOK":"/run/user/798000122/vscode-a395ce48-1.85-main.sock","VSCODE_NLS_CONFIG":"{\"locale\":\"en-us\",\"osLocale\":\"en-us\",\"availableLanguages\":{},\"_languagePackSupport\":true}","VSCODE_PID":"469204","WINDOWPATH":"2","XAUTHORITY":"/run/user/798000122/gdm/Xauthority","XDG_CACHE_HOME":"/home/nmurray/.cache","XDG_CONFIG_DIRS":"/etc/xdg/xdg-ubuntu:/etc/xdg","XDG_CONFIG_HOME":"/home/nmurray/.config","XDG_CURRENT_DESKTOP":"Unity","XDG_DATA_DIRS":"/usr/share/ubuntu:/usr/share/gnome:/usr/local/share/:/usr/share/:/var/lib/snapd/desktop","XDG_DATA_HOME":"/home/nmurray/.local/share","XDG_MENU_PREFIX":"gnome-","XDG_RUNTIME_DIR":"/run/user/798000122","XDG_SESSION_CLASS":"user","XDG_SESSION_DESKTOP":"ubuntu","XDG_SESSION_TYPE":"x11","XDG_STATE_HOME":"/home/nmurray/.local/state","XMODIFIERS":"@im=ibus","_":"/usr/share/code/code","ELECTRON_RUN_AS_NODE":"1","SSH_ASKPASS":"/home/nmurray/.vscode/extensions/ms-vscode-remote.remote-containers-0.327.0/scripts/ssh-askpass.sh","SSH_ASKPASS_REQUIRE":"force","VSCODE_SSH_ASKPASS_NODE":"/usr/share/code/code","VSCODE_SSH_ASKPASS_EXTRA_ARGS":"--ms-enable-electron-run-as-node","VSCODE_SSH_ASKPASS_MAIN":"/home/nmurray/.vscode/extensions/ms-vscode-remote.remote-containers-0.327.0/dist/common/sshAskpass.js","VSCODE_SSH_ASKPASS_HANDLE":"/run/user/798000122/ssh-askpass-b20e7c35-b315-4de4-9dc8-e5eee3fc4a78.sock","DOCKER_CONTEXT":"default"},"containerId":"4297a1e11e61ba0a317348ba8bf86ddf065550e8a7d8c14a8583dfcc45dfeeeb","user":"developer","sessionId":"ff4c1f0c-b4fe-48b3-9f85-af076e1f90981706546731406","logLevel":2,"delay":10000}}]
[2024-01-29T16:46:33.191Z] Received message: []
[2024-01-29T16:47:33.195Z] Received message: []
[2024-01-29T16:48:33.198Z] Received message: []
[2024-01-29T16:49:33.200Z] Received message: []
[2024-01-29T16:50:33.205Z] Received message: []
[2024-01-29T16:51:33.210Z] Received message: []
[2024-01-29T16:52:33.217Z] Received message: []
[2024-01-29T16:53:33.221Z] Received message: []
[2024-01-29T16:54:33.224Z] Received message: []
[2024-01-29T16:55:33.228Z] Received message: []
[2024-01-29T16:56:33.231Z] Received message: []
[2024-01-29T16:57:33.234Z] Received message: []
[2024-01-29T16:58:33.238Z] Received message: []
[2024-01-29T16:59:33.242Z] Received message: []
[2024-01-29T17:00:33.247Z] Received message: []
[2024-01-29T17:01:33.251Z] Received message: []
[2024-01-29T17:02:33.255Z] Received message: []
[2024-01-29T17:03:33.259Z] Received message: []
[2024-01-29T17:04:33.262Z] Received message: []
[2024-01-29T17:05:33.266Z] Received message: []
[2024-01-29T17:06:33.271Z] Received message: []
[2024-01-29T17:07:33.275Z] Received message: []
[2024-01-29T17:08:33.280Z] Received message: []
[2024-01-29T17:09:33.284Z] Received message: []
[2024-01-29T17:10:33.289Z] Received message: []
[2024-01-29T17:11:33.292Z] Received message: []
[2024-01-29T17:12:33.296Z] Received message: []
[2024-01-29T17:13:33.300Z] Received message: []
[2024-01-29T17:14:33.305Z] Received message: []
[2024-01-29T17:15:33.308Z] Received message: []
[2024-01-29T17:16:33.312Z] Received message: []
[2024-01-29T17:17:33.316Z] Received message: []
[2024-01-29T17:18:33.320Z] Received message: []
[2024-01-29T17:19:33.328Z] Received message: []
[2024-01-29T17:20:33.331Z] Received message: []
[2024-01-29T17:21:33.335Z] Received message: []
[2024-01-29T17:22:33.339Z] Received message: []
[2024-01-29T17:23:33.344Z] Received message: []
[2024-01-29T17:24:33.348Z] Received message: []
[2024-01-29T17:25:33.351Z] Received message: []
[2024-01-29T17:26:33.355Z] Received message: []
[2024-01-29T17:27:33.358Z] Received message: []
[2024-01-29T17:28:33.362Z] Received message: []
[2024-01-29T17:29:33.365Z] Received message: []
[2024-01-29T17:30:33.368Z] Received message: []
[2024-01-29T17:31:33.373Z] Received message: []
[2024-01-29T17:32:33.376Z] Received message: []
[2024-01-29T17:33:33.380Z] Received message: []
[2024-01-29T17:34:33.384Z] Received message: []
[2024-01-29T17:35:33.389Z] Received message: []
[2024-01-29T17:36:33.392Z] Received message: []
[2024-01-29T17:37:33.396Z] Received message: []
[2024-01-29T17:38:33.399Z] Received message: []
[2024-01-29T17:39:33.402Z] Received message: []
[2024-01-29T17:40:33.406Z] Received message: []
[2024-01-29T17:41:33.409Z] Received message: []
[2024-01-29T17:42:33.414Z] Received message: []
[2024-01-29T17:43:33.419Z] Received message: []
[2024-01-29T17:44:33.422Z] Received message: []
[2024-01-29T17:45:33.425Z] Received message: []
[2024-01-29T17:46:33.429Z] Received message: []
[2024-01-29T17:47:33.431Z] Received message: []
[2024-01-29T17:48:33.434Z] Received message: []
[2024-01-29T17:49:33.436Z] Received message: []
[2024-01-29T17:50:33.438Z] Received message: []
[2024-01-29T17:51:33.442Z] Received message: []
[2024-01-29T17:52:33.446Z] Received message: []
[2024-01-29T17:53:33.449Z] Received message: []
[2024-01-29T17:54:33.455Z] Received message: []
[2024-01-29T17:55:33.458Z] Received message: []
[2024-01-29T17:56:33.462Z] Received message: []
[2024-01-29T17:57:33.467Z] Received message: []
[2024-01-29T17:58:33.471Z] Received message: []
[2024-01-29T17:59:33.476Z] Received message: []
[2024-01-29T18:00:33.482Z] Received message: []
[2024-01-29T20:32:48.907Z] Received message: []
[2024-01-29T20:33:48.910Z] Received message: []
[2024-01-29T20:34:48.913Z] Received message: []
[2024-01-29T20:35:48.917Z] Received message: []
[2024-01-29T20:36:48.922Z] Received message: []
[2024-01-29T20:37:48.927Z] Received message: []
[2024-01-29T20:38:48.932Z] Received message: []
[2024-01-29T20:39:48.938Z] Received message: []
[2024-01-29T20:40:48.942Z] Received message: []
[2024-01-29T20:41:48.947Z] Received message: []
[2024-01-29T20:42:48.951Z] Received message: []
[2024-01-29T20:43:48.957Z] Received message: []
[2024-01-29T20:44:48.962Z] Received message: []
[2024-01-29T20:45:48.966Z] Received message: []
[2024-01-29T20:46:48.970Z] Received message: []
[2024-01-29T20:47:48.974Z] Received message: []
[2024-01-29T20:48:48.978Z] Received message: []
[2024-01-29T20:49:48.982Z] Received message: []
[2024-01-29T20:50:48.986Z] Received message: []
[2024-01-29T20:51:48.991Z] Received message: []
[2024-01-29T20:52:48.996Z] Received message: []
[2024-01-29T20:53:49.001Z] Received message: []
[2024-01-29T20:54:49.004Z] Received message: []
[2024-01-29T20:55:49.009Z] Received message: []
[2024-01-29T20:56:49.014Z] Received message: []
[2024-01-29T20:57:49.019Z] Received message: []
[2024-01-29T20:58:49.022Z] Received message: []
[2024-01-29T20:59:49.026Z] Received message: []
[2024-01-29T21:00:49.031Z] Received message: []
[2024-01-29T21:01:49.036Z] Received message: []
[2024-01-29T21:02:49.040Z] Received message: []
[2024-01-29T21:03:49.044Z] Received message: []
[2024-01-29T21:04:49.049Z] Received message: []
[2024-01-29T21:05:49.054Z] Received message: []
[2024-01-29T21:06:49.059Z] Received message: []
[2024-01-29T21:07:49.063Z] Received message: []
[2024-01-29T21:08:49.069Z] Received message: []
[2024-01-29T21:09:49.074Z] Received message: []
[2024-01-30T15:13:10.393Z] Received message: []
[2024-01-30T15:14:10.396Z] Received message: []
[2024-01-30T15:15:10.399Z] Received message: []
[2024-01-30T15:15:48.595Z] Error polling extension: Error: socket hang up
    at connResetException (node:internal/errors:717:14)
    at Socket.socketOnEnd (node:_http_client:526:23)
    at Socket.emit (node:events:525:35)
    at endReadableNT (node:internal/streams/readable:1359:12)
    at process.processTicksAndRejections (node:internal/process/task_queues:82:21)
[2024-01-30T15:15:48.609Z] Error polling extension: Error: read ECONNRESET
    at Pipe.onStreamRead (node:internal/stream_base_commons:217:20)
[2024-01-30T15:15:48.609Z] Error polling extension: Error: connect ECONNREFUSED /run/user/798000122/vscode-remote-containers-26a6765f-f259-42d9-a463-b1d825f7f374.sock
    at PipeConnectWrap.afterConnect [as oncomplete] (node:net:1494:16)
[2024-01-30T15:15:48.609Z] Cleaning up after 81015805 ms...
[2024-01-30T15:15:48.609Z] Delaying for 10000 ms.
