2024-01-31 13:01:38.310 [warning] Via 'product.json#extensionEnabledApiProposals' extension 'ms-python.python' wants API proposal 'registerIssueDataProvider' but that proposal DOES NOT EXIST. Likely, the proposal has been finalized (check 'vscode.d.ts') or was abandoned.
2024-01-31 13:01:38.546 [info] Started local extension host with pid 2266987.
2024-01-31 13:01:38.760 [info] Invoking resolveAuthority(dev-container)...
2024-01-31 13:01:38.760 [info] [LocalProcess0][resolveAuthority(dev-container,1)][0ms] obtaining proxy...
2024-01-31 13:01:38.761 [info] [LocalProcess0][resolveAuthority(dev-container,1)][0ms] invoking...
2024-01-31 13:01:39.743 [info] [LocalProcess0][resolveAuthority(dev-container,1)][1000ms] waiting...
2024-01-31 13:01:40.085 [info] [LocalProcess0][resolveAuthority(dev-container,1)][1342ms] returned WebSocket(127.0.0.1:37083)
2024-01-31 13:01:40.085 [info] resolveAuthority(dev-container) returned 'WebSocket(127.0.0.1:37083)' after 1343 ms
2024-01-31 13:01:40.085 [info] Creating a socket (renderer-Management-485c3e43-98c1-4504-91e3-af165e88c179)...
2024-01-31 13:01:40.086 [info] Creating a socket (renderer-ExtensionHost-768137f5-e036-49ee-995b-52bb1246b693)...
2024-01-31 13:01:40.207 [info] Creating a socket (renderer-Management-485c3e43-98c1-4504-91e3-af165e88c179) was successful after 121 ms.
2024-01-31 13:01:40.364 [warning] [twxs.cmake]: Cannot register 'cmake.cmakePath'. This property is already registered.
2024-01-31 13:01:40.498 [info] Creating a socket (renderer-ExtensionHost-768137f5-e036-49ee-995b-52bb1246b693) was successful after 411 ms.
2024-01-31 13:01:41.715 [warning] [cmake-tools]: Couldn't find message for key cmake-tools.configuration.cmake.options.advanced.statusBarVisibility.variant.description.
2024-01-31 13:01:43.223 [info] [perf] Render performance baseline is 18ms
2024-01-31 13:01:43.780 [error] [Extension Host] [CMakeTools] 2024-01-31T18:01:43.755Z [error] [cmake] Detected Multi-Config Generator. Project Binary dir: /workspaces/spotrflow/Build, Make program: /usr/bin/ninja
2024-01-31 14:39:25.505 [info] Extension host (Remote) is unresponsive.
2024-01-31 14:40:04.523 [info] Extension host (Remote) is responsive.
2024-01-31 15:31:01.645 [info] [remote-connection][ExtensionHost][76813…][reconnect] received socket close event (wasClean: false, code: 1006, reason: ).
2024-01-31 15:31:01.646 [error] {"isTrusted":true}
2024-01-31 15:31:01.646 [info] [remote-connection][ExtensionHost][76813…][reconnect] starting reconnecting loop. You can get more information with the trace log level.
2024-01-31 15:31:01.646 [info] [remote-connection][ExtensionHost][76813…][reconnect] resolving connection...
2024-01-31 15:31:01.646 [info] [remote-connection][ExtensionHost][76813…][reconnect] connecting to WebSocket(127.0.0.1:37083)...
2024-01-31 15:31:01.647 [info] Creating a socket (renderer-ExtensionHost-768137f5-e036-49ee-995b-52bb1246b693)...
2024-01-31 15:31:01.651 [info] [remote-connection][Management   ][485c3…][reconnect] received socket close event (wasClean: false, code: 1006, reason: ).
2024-01-31 15:31:01.651 [error] {"isTrusted":true}
2024-01-31 15:31:01.651 [info] [remote-connection][Management   ][485c3…][reconnect] starting reconnecting loop. You can get more information with the trace log level.
2024-01-31 15:31:01.653 [info] [remote-connection][Management   ][485c3…][reconnect] resolving connection...
2024-01-31 15:31:01.653 [info] Invoking resolveAuthority(dev-container)...
2024-01-31 15:31:01.653 [info] [LocalProcess0][resolveAuthority(dev-container,2)][0ms] obtaining proxy...
2024-01-31 15:31:01.654 [info] [LocalProcess0][resolveAuthority(dev-container,2)][0ms] invoking...
2024-01-31 15:31:01.686 [info] [LocalProcess0][resolveAuthority(dev-container,2)][32ms] returned WebSocket(127.0.0.1:37083)
2024-01-31 15:31:01.686 [info] resolveAuthority(dev-container) returned 'WebSocket(127.0.0.1:37083)' after 33 ms
2024-01-31 15:31:01.686 [info] [remote-connection][Management   ][485c3…][reconnect] connecting to WebSocket(127.0.0.1:37083)...
2024-01-31 15:31:01.686 [info] Creating a socket (renderer-Management-485c3e43-98c1-4504-91e3-af165e88c179)...
2024-01-31 15:31:01.773 [info] Creating a socket (renderer-ExtensionHost-768137f5-e036-49ee-995b-52bb1246b693) was successful after 127 ms.
2024-01-31 15:31:01.791 [info] [remote-connection][ExtensionHost][76813…][reconnect] reconnected!
2024-01-31 15:31:01.962 [info] Creating a socket (renderer-Management-485c3e43-98c1-4504-91e3-af165e88c179) was successful after 276 ms.
2024-01-31 15:31:01.973 [info] [remote-connection][Management   ][485c3…][reconnect] reconnected!
2024-01-31 21:12:08.504 [info] [remote-connection][Management   ][485c3…][reconnect] received socket close event (wasClean: false, code: 1006, reason: ).
2024-01-31 21:12:08.504 [error] {"isTrusted":true}
2024-01-31 21:12:08.504 [info] [remote-connection][Management   ][485c3…][reconnect] starting reconnecting loop. You can get more information with the trace log level.
2024-01-31 21:12:08.505 [info] [remote-connection][Management   ][485c3…][reconnect] resolving connection...
2024-01-31 21:12:08.505 [info] Invoking resolveAuthority(dev-container)...
2024-01-31 21:12:08.505 [info] [LocalProcess0][resolveAuthority(dev-container,3)][0ms] obtaining proxy...
2024-01-31 21:12:08.505 [info] [LocalProcess0][resolveAuthority(dev-container,3)][0ms] invoking...
2024-01-31 21:12:08.505 [info] [remote-connection][ExtensionHost][76813…][reconnect] received socket close event (wasClean: false, code: 1006, reason: ).
2024-01-31 21:12:08.505 [error] {"isTrusted":true}
2024-01-31 21:12:08.505 [info] [remote-connection][ExtensionHost][76813…][reconnect] starting reconnecting loop. You can get more information with the trace log level.
2024-01-31 21:12:08.506 [info] [remote-connection][ExtensionHost][76813…][reconnect] resolving connection...
2024-01-31 21:12:08.523 [info] [LocalProcess0][resolveAuthority(dev-container,3)][18ms] returned WebSocket(127.0.0.1:37083)
2024-01-31 21:12:08.523 [info] resolveAuthority(dev-container) returned 'WebSocket(127.0.0.1:37083)' after 18 ms
2024-01-31 21:12:08.524 [info] [remote-connection][Management   ][485c3…][reconnect] connecting to WebSocket(127.0.0.1:37083)...
2024-01-31 21:12:08.524 [info] Creating a socket (renderer-Management-485c3e43-98c1-4504-91e3-af165e88c179)...
2024-01-31 21:12:08.524 [info] [remote-connection][ExtensionHost][76813…][reconnect] connecting to WebSocket(127.0.0.1:37083)...
2024-01-31 21:12:08.524 [info] Creating a socket (renderer-ExtensionHost-768137f5-e036-49ee-995b-52bb1246b693)...
2024-01-31 21:12:08.576 [info] Creating a socket (renderer-Management-485c3e43-98c1-4504-91e3-af165e88c179) was successful after 52 ms.
2024-01-31 21:12:08.581 [info] [remote-connection][Management   ][485c3…][reconnect] reconnected!
2024-01-31 21:12:08.636 [info] Creating a socket (renderer-ExtensionHost-768137f5-e036-49ee-995b-52bb1246b693) was successful after 111 ms.
2024-01-31 21:12:08.642 [info] [remote-connection][ExtensionHost][76813…][reconnect] reconnected!
