2024-01-30 11:21:18.504 [warning] Via 'product.json#extensionEnabledApiProposals' extension 'ms-python.python' wants API proposal 'registerIssueDataProvider' but that proposal DOES NOT EXIST. Likely, the proposal has been finalized (check 'vscode.d.ts') or was abandoned.
2024-01-30 11:21:18.740 [info] Started local extension host with pid 355671.
2024-01-30 11:21:18.951 [info] Invoking resolveAuthority(dev-container)...
2024-01-30 11:21:18.951 [info] [LocalProcess0][resolveAuthority(dev-container,1)][0ms] obtaining proxy...
2024-01-30 11:21:18.951 [info] [LocalProcess0][resolveAuthority(dev-container,1)][0ms] invoking...
2024-01-30 11:21:19.933 [info] [LocalProcess0][resolveAuthority(dev-container,1)][1000ms] waiting...
2024-01-30 11:21:20.681 [info] [LocalProcess0][resolveAuthority(dev-container,1)][1748ms] returned WebSocket(127.0.0.1:41545)
2024-01-30 11:21:20.681 [info] resolveAuthority(dev-container) returned 'WebSocket(127.0.0.1:41545)' after 1749 ms
2024-01-30 11:21:20.682 [info] Creating a socket (renderer-Management-a352231b-cc61-416c-9444-4ba3b1a011c2)...
2024-01-30 11:21:20.683 [info] Creating a socket (renderer-ExtensionHost-3c8fee35-f0bd-43b8-b6b0-15572d15db75)...
2024-01-30 11:21:20.835 [info] Creating a socket (renderer-Management-a352231b-cc61-416c-9444-4ba3b1a011c2) was successful after 153 ms.
2024-01-30 11:21:21.016 [info] Creating a socket (renderer-ExtensionHost-3c8fee35-f0bd-43b8-b6b0-15572d15db75) was successful after 333 ms.
2024-01-30 11:21:21.058 [warning] [twxs.cmake]: Cannot register 'cmake.cmakePath'. This property is already registered.
2024-01-30 11:21:21.900 [warning] [cmake-tools]: Couldn't find message for key cmake-tools.configuration.cmake.options.advanced.statusBarVisibility.variant.description.
2024-01-30 11:21:23.361 [info] [perf] Render performance baseline is 17ms
2024-01-30 11:21:24.079 [error] [Extension Host] [CMakeTools] 2024-01-30T16:21:24.075Z [error] [cmake] Detected Multi-Config Generator. Project Binary dir: /workspaces/spotrflow/Build, Make program: /usr/bin/ninja
2024-01-30 13:56:42.551 [error] Command failed: /usr/share/code/code --ms-enable-electron-run-as-node /home/nmurray/.vscode/extensions/ms-vscode-remote.remote-containers-0.327.0/dist/spec-node/devContainersSpecCLI.js read-configuration --workspace-folder /home/nmurray/code/spotrflow --id-label devcontainer.local_folder=/home/nmurray/code/spotrflow --id-label devcontainer.config_file=/home/nmurray/code/spotrflow/.devcontainer/cuda122/devcontainer.json --container-id 4297a1e11e61ba0a317348ba8bf86ddf065550e8a7d8c14a8583dfcc45dfeeeb --log-level debug --log-format json --config /home/nmurray/code/spotrflow/.devcontainer/cuda122/devcontainer.json --mount-workspace-git-root
2024-01-30 13:56:43.684 [error] Command failed: /usr/share/code/code --ms-enable-electron-run-as-node /home/nmurray/.vscode/extensions/ms-vscode-remote.remote-containers-0.327.0/dist/spec-node/devContainersSpecCLI.js read-configuration --workspace-folder /home/nmurray/code/spotrflow --id-label devcontainer.local_folder=/home/nmurray/code/spotrflow --id-label devcontainer.config_file=/home/nmurray/code/spotrflow/.devcontainer/cuda122/devcontainer.json --container-id 4297a1e11e61ba0a317348ba8bf86ddf065550e8a7d8c14a8583dfcc45dfeeeb --log-level debug --log-format json --config /home/nmurray/code/spotrflow/.devcontainer/cuda122/devcontainer.json --mount-workspace-git-root
2024-01-30 17:44:19.231 [info] [remote-connection][Management   ][a3522…][reconnect] received socket close event (wasClean: false, code: 1006, reason: ).
2024-01-30 17:44:19.232 [error] {"isTrusted":true}
2024-01-30 17:44:19.232 [info] [remote-connection][Management   ][a3522…][reconnect] starting reconnecting loop. You can get more information with the trace log level.
2024-01-30 17:44:19.233 [info] [remote-connection][Management   ][a3522…][reconnect] resolving connection...
2024-01-30 17:44:19.234 [info] Invoking resolveAuthority(dev-container)...
2024-01-30 17:44:19.234 [info] [LocalProcess0][resolveAuthority(dev-container,2)][0ms] obtaining proxy...
2024-01-30 17:44:19.234 [info] [LocalProcess0][resolveAuthority(dev-container,2)][0ms] invoking...
2024-01-30 17:44:19.235 [info] [remote-connection][ExtensionHost][3c8fe…][reconnect] received socket close event (wasClean: false, code: 1006, reason: ).
2024-01-30 17:44:19.235 [error] {"isTrusted":true}
2024-01-30 17:44:19.236 [info] [remote-connection][ExtensionHost][3c8fe…][reconnect] starting reconnecting loop. You can get more information with the trace log level.
2024-01-30 17:44:19.236 [info] [remote-connection][ExtensionHost][3c8fe…][reconnect] resolving connection...
2024-01-30 17:44:19.268 [info] [LocalProcess0][resolveAuthority(dev-container,2)][34ms] returned WebSocket(127.0.0.1:41545)
2024-01-30 17:44:19.269 [info] resolveAuthority(dev-container) returned 'WebSocket(127.0.0.1:41545)' after 35 ms
2024-01-30 17:44:19.269 [info] [remote-connection][Management   ][a3522…][reconnect] connecting to WebSocket(127.0.0.1:41545)...
2024-01-30 17:44:19.269 [info] Creating a socket (renderer-Management-a352231b-cc61-416c-9444-4ba3b1a011c2)...
2024-01-30 17:44:19.271 [info] [remote-connection][ExtensionHost][3c8fe…][reconnect] connecting to WebSocket(127.0.0.1:41545)...
2024-01-30 17:44:19.271 [info] Creating a socket (renderer-ExtensionHost-3c8fee35-f0bd-43b8-b6b0-15572d15db75)...
2024-01-30 17:44:19.408 [info] Creating a socket (renderer-Management-a352231b-cc61-416c-9444-4ba3b1a011c2) was successful after 139 ms.
2024-01-30 17:44:19.431 [info] [remote-connection][Management   ][a3522…][reconnect] reconnected!
2024-01-30 17:44:19.567 [info] Creating a socket (renderer-ExtensionHost-3c8fee35-f0bd-43b8-b6b0-15572d15db75) was successful after 295 ms.
2024-01-30 17:44:19.580 [info] [remote-connection][ExtensionHost][3c8fe…][reconnect] reconnected!
2024-01-31 12:57:28.506 [error] [Extension Host] [CMakeTools] 2024-01-31T17:57:28.473Z [error] [build] Detected Multi-Config Generator. Project Binary dir: /workspaces/spotrflow/Build, Make program: /usr/bin/ninja
