2024-01-30 11:21:18.699 [info] Added views:workbench.panel.markers.view in workbench.panel.markers
2024-01-30 11:21:18.699 [info] Added views:workbench.panel.output in workbench.panel.output
2024-01-30 11:21:18.699 [info] Added views:outline in workbench.view.explorer
2024-01-30 11:21:18.699 [info] Added views:workbench.scm in workbench.view.scm
2024-01-30 11:21:18.699 [info] Added views:workbench.view.search in workbench.view.search
2024-01-30 11:21:18.699 [info] Added views:terminal in workbench.views.service.panel.2a30a20f-aa4a-4a07-81a8-879500bb43f9
2024-01-30 11:21:18.699 [info] Added views:timeline in workbench.view.explorer
2024-01-30 11:21:18.699 [info] Added views:workbench.explorer.fileView in workbench.view.explorer
2024-01-30 11:21:18.786 [info] Added views:workbench.debug.variablesView,workbench.debug.watchExpressionsView,workbench.debug.callStackView,workbench.debug.breakPointsView in workbench.view.debug
2024-01-30 11:21:20.710 [info] Added views:~remote.forwardedPorts in ~remote.forwardedPortsContainer
2024-01-30 11:21:21.131 [info] Added views:gitlens.views.home,gitlens.views.drafts,gitlens.views.workspaces,gitlens.views.account in workbench.view.extension.gitlens
2024-01-30 11:21:21.131 [info] Added views:gitlens.views.commitDetails,gitlens.views.lineHistory,gitlens.views.fileHistory,gitlens.views.searchAndCompare in workbench.view.extension.gitlensInspect
2024-01-30 11:21:21.131 [info] Added views:gitlens.views.commits,gitlens.views.branches,gitlens.views.remotes,gitlens.views.stashes,gitlens.views.tags,gitlens.views.contributors in workbench.view.scm
2024-01-30 11:21:21.132 [info] Added views:dockerContainers,dockerImages,dockerRegistries,dockerNetworks,dockerVolumes,vscode-docker.views.dockerContexts,vscode-docker.views.help in workbench.view.extension.dockerView
2024-01-30 11:21:21.132 [info] Added views:targetsContainers,devVolumes in workbench.view.remote
2024-01-30 11:21:21.357 [info] Removed views:workbench.debug.breakPointsView,workbench.debug.callStackView,workbench.debug.watchExpressionsView,workbench.debug.variablesView from workbench.view.debug
2024-01-30 11:21:21.358 [info] Added views:workbench.debug.welcome in workbench.view.debug
2024-01-30 11:21:21.962 [info] Added views:workbench.panel.repl.view in workbench.panel.repl
2024-01-30 11:21:21.966 [info] Removed views:workbench.debug.welcome from workbench.view.debug
2024-01-30 11:21:21.966 [info] Added views:workbench.debug.variablesView,workbench.debug.watchExpressionsView,workbench.debug.callStackView,workbench.debug.breakPointsView in workbench.view.debug
2024-01-30 11:21:23.537 [info] Added views:cmake.projectStatus,cmake.outline in workbench.view.extension.cmake-view
2024-01-30 11:21:24.359 [info] Added views:gitlens.views.graph,gitlens.views.graphDetails in workbench.view.extension.gitlensPanel
2024-01-30 11:21:24.360 [info] Added views:gitlens.views.timeline in workbench.view.extension.gitlensInspect
2024-01-30 11:21:24.361 [info] Added views:gitlens.views.worktrees in workbench.view.scm
2024-01-30 11:21:27.162 [info] Added views:workbench.view.testing in workbench.view.extension.test
2024-01-31 12:56:52.836 [info] Added views:go.explorer in workbench.view.explorer
2024-01-31 13:01:35.308 [info] Removed views:workbench.view.testing from workbench.view.extension.test
