2024-01-29 11:45:31.763 [info] Extension host with pid 469537 started
2024-01-29 11:45:31.763 [info] Skipping acquiring lock for /home/nmurray/.config/Code/User/workspaceStorage/49beb004b05951c1368ef4896b60da26.
2024-01-29 11:45:31.763 [info] $getCanonicalURI invoked for authority (dev-container)
2024-01-29 11:45:31.767 [info] ExtensionService#_doActivateExtension ms-vscode-remote.remote-containers, startup: false, activationEvent: 'onResolveRemoteAuthority:dev-container'
2024-01-29 11:45:31.802 [info] [resolveAuthority(dev-container,1)][0ms] activating remote resolvers dev-container+7b22686f737450617468223a222f686f6d652f6e6d75727261792f636f64652f73706f7472666c6f77222c226c6f63616c446f636b6572223a66616c73652c22636f6e66696746696c65223a7b22246d6964223a312c22667350617468223a222f686f6d652f6e6d75727261792f636f64652f73706f7472666c6f772f2e646576636f6e7461696e65722f637564613132322f646576636f6e7461696e65722e6a736f6e222c2270617468223a222f686f6d652f6e6d75727261792f636f64652f73706f7472666c6f772f2e646576636f6e7461696e65722f637564613132322f646576636f6e7461696e65722e6a736f6e222c22736368656d65223a2266696c65227d7d
2024-01-29 11:45:31.802 [info] [resolveAuthority(dev-container,1)][0ms] activating resolver for dev-container+7b22686f737450617468223a222f686f6d652f6e6d75727261792f636f64652f73706f7472666c6f77222c226c6f63616c446f636b6572223a66616c73652c22636f6e66696746696c65223a7b22246d6964223a312c22667350617468223a222f686f6d652f6e6d75727261792f636f64652f73706f7472666c6f772f2e646576636f6e7461696e65722f637564613132322f646576636f6e7461696e65722e6a736f6e222c2270617468223a222f686f6d652f6e6d75727261792f636f64652f73706f7472666c6f772f2e646576636f6e7461696e65722f637564613132322f646576636f6e7461696e65722e6a736f6e222c22736368656d65223a2266696c65227d7d...
2024-01-29 11:45:31.803 [info] [resolveAuthority(dev-container,1)][1ms] invoking final resolve()...
2024-01-29 11:45:32.803 [info] [resolveAuthority(dev-container,1)][1001ms] waiting...
2024-01-29 11:45:32.885 [info] [resolveAuthority(dev-container,1)][1083ms] setting tunnel factory...
2024-01-29 11:45:32.885 [info] [resolveAuthority(dev-container,1)][1083ms] returned 127.0.0.1:43889
2024-01-29 11:45:33.287 [info] Eager extensions activated
2024-01-29 11:45:33.336 [info] ExtensionService#_doActivateExtension vscodevim.vim, startup: false, activationEvent: 'onStartupFinished'
2024-01-29 13:00:45.838 [info] [resolveAuthority(dev-container,2)][0ms] activating remote resolvers dev-container+7b22686f737450617468223a222f686f6d652f6e6d75727261792f636f64652f73706f7472666c6f77222c226c6f63616c446f636b6572223a66616c73652c22636f6e66696746696c65223a7b22246d6964223a312c22667350617468223a222f686f6d652f6e6d75727261792f636f64652f73706f7472666c6f772f2e646576636f6e7461696e65722f637564613132322f646576636f6e7461696e65722e6a736f6e222c2270617468223a222f686f6d652f6e6d75727261792f636f64652f73706f7472666c6f772f2e646576636f6e7461696e65722f637564613132322f646576636f6e7461696e65722e6a736f6e222c22736368656d65223a2266696c65227d7d
2024-01-29 13:00:45.839 [info] [resolveAuthority(dev-container,2)][1ms] activating resolver for dev-container+7b22686f737450617468223a222f686f6d652f6e6d75727261792f636f64652f73706f7472666c6f77222c226c6f63616c446f636b6572223a66616c73652c22636f6e66696746696c65223a7b22246d6964223a312c22667350617468223a222f686f6d652f6e6d75727261792f636f64652f73706f7472666c6f772f2e646576636f6e7461696e65722f637564613132322f646576636f6e7461696e65722e6a736f6e222c2270617468223a222f686f6d652f6e6d75727261792f636f64652f73706f7472666c6f772f2e646576636f6e7461696e65722f637564613132322f646576636f6e7461696e65722e6a736f6e222c22736368656d65223a2266696c65227d7d...
2024-01-29 13:00:45.839 [info] [resolveAuthority(dev-container,2)][1ms] invoking final resolve()...
2024-01-29 13:00:45.857 [info] [resolveAuthority(dev-container,2)][19ms] setting tunnel factory...
2024-01-29 13:00:45.857 [info] [resolveAuthority(dev-container,2)][19ms] returned 127.0.0.1:43889
2024-01-29 16:10:42.637 [info] [resolveAuthority(dev-container,3)][0ms] activating remote resolvers dev-container+7b22686f737450617468223a222f686f6d652f6e6d75727261792f636f64652f73706f7472666c6f77222c226c6f63616c446f636b6572223a66616c73652c22636f6e66696746696c65223a7b22246d6964223a312c22667350617468223a222f686f6d652f6e6d75727261792f636f64652f73706f7472666c6f772f2e646576636f6e7461696e65722f637564613132322f646576636f6e7461696e65722e6a736f6e222c2270617468223a222f686f6d652f6e6d75727261792f636f64652f73706f7472666c6f772f2e646576636f6e7461696e65722f637564613132322f646576636f6e7461696e65722e6a736f6e222c22736368656d65223a2266696c65227d7d
2024-01-29 16:10:42.637 [info] [resolveAuthority(dev-container,3)][0ms] activating resolver for dev-container+7b22686f737450617468223a222f686f6d652f6e6d75727261792f636f64652f73706f7472666c6f77222c226c6f63616c446f636b6572223a66616c73652c22636f6e66696746696c65223a7b22246d6964223a312c22667350617468223a222f686f6d652f6e6d75727261792f636f64652f73706f7472666c6f772f2e646576636f6e7461696e65722f637564613132322f646576636f6e7461696e65722e6a736f6e222c2270617468223a222f686f6d652f6e6d75727261792f636f64652f73706f7472666c6f772f2e646576636f6e7461696e65722f637564613132322f646576636f6e7461696e65722e6a736f6e222c22736368656d65223a2266696c65227d7d...
2024-01-29 16:10:42.637 [info] [resolveAuthority(dev-container,3)][0ms] invoking final resolve()...
2024-01-29 16:10:42.653 [info] [resolveAuthority(dev-container,3)][16ms] setting tunnel factory...
2024-01-29 16:10:42.653 [info] [resolveAuthority(dev-container,3)][16ms] returned 127.0.0.1:43889
