2024-01-11 11:31:39.508 [info] Extension host with pid 1170787 started
2024-01-11 11:31:39.508 [info] Skipping acquiring lock for /home/nmurray/.config/Code/User/workspaceStorage/49beb004b05951c1368ef4896b60da26.
2024-01-11 11:31:39.509 [info] $getCanonicalURI invoked for authority (dev-container)
2024-01-11 11:31:39.510 [info] ExtensionService#_doActivateExtension ms-vscode-remote.remote-containers, startup: false, activationEvent: 'onResolveRemoteAuthority:dev-container'
2024-01-11 11:31:39.550 [info] [resolveAuthority(dev-container,1)][0ms] activating remote resolvers dev-container+7b22686f737450617468223a222f686f6d652f6e6d75727261792f636f64652f73706f7472666c6f77222c226c6f63616c446f636b6572223a66616c73652c22636f6e66696746696c65223a7b22246d6964223a312c22667350617468223a222f686f6d652f6e6d75727261792f636f64652f73706f7472666c6f772f2e646576636f6e7461696e65722f637564613132322f646576636f6e7461696e65722e6a736f6e222c2270617468223a222f686f6d652f6e6d75727261792f636f64652f73706f7472666c6f772f2e646576636f6e7461696e65722f637564613132322f646576636f6e7461696e65722e6a736f6e222c22736368656d65223a2266696c65227d7d
2024-01-11 11:31:39.550 [info] [resolveAuthority(dev-container,1)][0ms] activating resolver for dev-container+7b22686f737450617468223a222f686f6d652f6e6d75727261792f636f64652f73706f7472666c6f77222c226c6f63616c446f636b6572223a66616c73652c22636f6e66696746696c65223a7b22246d6964223a312c22667350617468223a222f686f6d652f6e6d75727261792f636f64652f73706f7472666c6f772f2e646576636f6e7461696e65722f637564613132322f646576636f6e7461696e65722e6a736f6e222c2270617468223a222f686f6d652f6e6d75727261792f636f64652f73706f7472666c6f772f2e646576636f6e7461696e65722f637564613132322f646576636f6e7461696e65722e6a736f6e222c22736368656d65223a2266696c65227d7d...
2024-01-11 11:31:39.550 [info] [resolveAuthority(dev-container,1)][0ms] invoking final resolve()...
2024-01-11 11:31:40.551 [info] [resolveAuthority(dev-container,1)][1001ms] waiting...
2024-01-11 11:31:40.990 [info] [resolveAuthority(dev-container,1)][1440ms] setting tunnel factory...
2024-01-11 11:31:40.990 [info] [resolveAuthority(dev-container,1)][1440ms] returned 127.0.0.1:34495
2024-01-11 11:31:41.705 [info] Eager extensions activated
2024-01-11 11:31:41.782 [info] ExtensionService#_doActivateExtension vscodevim.vim, startup: false, activationEvent: 'onStartupFinished'
2024-01-11 17:48:37.966 [info] [resolveAuthority(dev-container,2)][0ms] activating remote resolvers dev-container+7b22686f737450617468223a222f686f6d652f6e6d75727261792f636f64652f73706f7472666c6f77222c226c6f63616c446f636b6572223a66616c73652c22636f6e66696746696c65223a7b22246d6964223a312c22667350617468223a222f686f6d652f6e6d75727261792f636f64652f73706f7472666c6f772f2e646576636f6e7461696e65722f637564613132322f646576636f6e7461696e65722e6a736f6e222c2270617468223a222f686f6d652f6e6d75727261792f636f64652f73706f7472666c6f772f2e646576636f6e7461696e65722f637564613132322f646576636f6e7461696e65722e6a736f6e222c22736368656d65223a2266696c65227d7d
2024-01-11 17:48:37.967 [info] [resolveAuthority(dev-container,2)][1ms] activating resolver for dev-container+7b22686f737450617468223a222f686f6d652f6e6d75727261792f636f64652f73706f7472666c6f77222c226c6f63616c446f636b6572223a66616c73652c22636f6e66696746696c65223a7b22246d6964223a312c22667350617468223a222f686f6d652f6e6d75727261792f636f64652f73706f7472666c6f772f2e646576636f6e7461696e65722f637564613132322f646576636f6e7461696e65722e6a736f6e222c2270617468223a222f686f6d652f6e6d75727261792f636f64652f73706f7472666c6f772f2e646576636f6e7461696e65722f637564613132322f646576636f6e7461696e65722e6a736f6e222c22736368656d65223a2266696c65227d7d...
2024-01-11 17:48:37.967 [info] [resolveAuthority(dev-container,2)][1ms] invoking final resolve()...
2024-01-11 17:48:37.989 [info] [resolveAuthority(dev-container,2)][23ms] setting tunnel factory...
2024-01-11 17:48:37.989 [info] [resolveAuthority(dev-container,2)][23ms] returned 127.0.0.1:34495
2024-01-11 18:11:28.722 [info] [resolveAuthority(dev-container,3)][0ms] activating remote resolvers dev-container+7b22686f737450617468223a222f686f6d652f6e6d75727261792f636f64652f73706f7472666c6f77222c226c6f63616c446f636b6572223a66616c73652c22636f6e66696746696c65223a7b22246d6964223a312c22667350617468223a222f686f6d652f6e6d75727261792f636f64652f73706f7472666c6f772f2e646576636f6e7461696e65722f637564613132322f646576636f6e7461696e65722e6a736f6e222c2270617468223a222f686f6d652f6e6d75727261792f636f64652f73706f7472666c6f772f2e646576636f6e7461696e65722f637564613132322f646576636f6e7461696e65722e6a736f6e222c22736368656d65223a2266696c65227d7d
2024-01-11 18:11:28.722 [info] [resolveAuthority(dev-container,3)][0ms] activating resolver for dev-container+7b22686f737450617468223a222f686f6d652f6e6d75727261792f636f64652f73706f7472666c6f77222c226c6f63616c446f636b6572223a66616c73652c22636f6e66696746696c65223a7b22246d6964223a312c22667350617468223a222f686f6d652f6e6d75727261792f636f64652f73706f7472666c6f772f2e646576636f6e7461696e65722f637564613132322f646576636f6e7461696e65722e6a736f6e222c2270617468223a222f686f6d652f6e6d75727261792f636f64652f73706f7472666c6f772f2e646576636f6e7461696e65722f637564613132322f646576636f6e7461696e65722e6a736f6e222c22736368656d65223a2266696c65227d7d...
2024-01-11 18:11:28.722 [info] [resolveAuthority(dev-container,3)][0ms] invoking final resolve()...
2024-01-11 18:11:28.739 [info] [resolveAuthority(dev-container,3)][17ms] setting tunnel factory...
2024-01-11 18:11:28.740 [info] [resolveAuthority(dev-container,3)][18ms] returned 127.0.0.1:34495
2024-01-12 09:24:36.856 [info] Extension host terminating: renderer closed the MessagePort
2024-01-12 09:24:36.864 [info] Extension host with pid 1170787 exiting with code 0
