2024-01-31 13:01:40.699 [info] Configuration changed
2024-01-31 13:01:40.865 [info] Active editor: vscode-remote://dev-container%2B7b22686f737450617468223a222f686f6d652f6e6d75727261792f636f64652f73706f7472666c6f77222c226c6f63616c446f636b6572223a66616c73652c22636f6e66696746696c65223a7b22246d6964223a312c22667350617468223a222f686f6d652f6e6d75727261792f636f64652f73706f7472666c6f772f2e646576636f6e7461696e65722f637564613132322f646576636f6e7461696e65722e6a736f6e222c2270617468223a222f686f6d652f6e6d75727261792f636f64652f73706f7472666c6f772f2e646576636f6e7461696e65722f637564613132322f646576636f6e7461696e65722e6a736f6e222c22736368656d65223a2266696c65227d7d/workspaces/spotrflow/Deployment/Graphs/scripts/2024_01_15_large_image_ship_eo_reid_c.sh
2024-01-31 13:01:41.081 [info] Configuration changed
2024-01-31 13:01:41.087 [info] Configuration changed
2024-01-31 13:01:41.293 [info] Configuration changed
2024-01-31 13:01:41.460 [info] Configuration changed
2024-01-31 13:01:41.624 [info] Configuration changed
2024-01-31 13:01:41.827 [info] Configuration changed
2024-01-31 13:01:41.837 [info] Configuration changed
2024-01-31 13:01:42.722 [info] /workspaces/spotrflow/.vscode/c_cpp_properties.json closed
2024-01-31 13:01:43.800 [info] Active editor: output:extension-output-ms-vscode.cmake-tools-%231-CMake/Build
2024-01-31 13:01:45.325 [info] Active editor: vscode-remote://dev-container%2B7b22686f737450617468223a222f686f6d652f6e6d75727261792f636f64652f73706f7472666c6f77222c226c6f63616c446f636b6572223a66616c73652c22636f6e66696746696c65223a7b22246d6964223a312c22667350617468223a222f686f6d652f6e6d75727261792f636f64652f73706f7472666c6f772f2e646576636f6e7461696e65722f637564613132322f646576636f6e7461696e65722e6a736f6e222c2270617468223a222f686f6d652f6e6d75727261792f636f64652f73706f7472666c6f772f2e646576636f6e7461696e65722f637564613132322f646576636f6e7461696e65722e6a736f6e222c22736368656d65223a2266696c65227d7d/workspaces/spotrflow/Deployment/Graphs/scripts/2024_01_15_large_image_ship_eo_reid_c.sh
2024-01-31 13:01:45.331 [info] extension-output-ms-vscode.cmake-tools-#1-CMake/Build closed
2024-01-31 13:04:42.057 [info] /workspaces/spotrflow/.devcontainer/cuda102/devcontainer.json closed
2024-01-31 13:04:42.058 [info] /workspaces/spotrflow/.devcontainer/cuda122/devcontainer.json closed
2024-01-31 13:04:42.058 [info] /workspaces/spotrflow/.devcontainer/cuda114/devcontainer.json closed
2024-01-31 13:04:42.545 [info] /workspaces/spotrflow/.vscode/c_cpp_properties.json closed
2024-01-31 13:55:50.738 [info] Active editor: vscode-remote://dev-container%2B7b22686f737450617468223a222f686f6d652f6e6d75727261792f636f64652f73706f7472666c6f77222c226c6f63616c446f636b6572223a66616c73652c22636f6e66696746696c65223a7b22246d6964223a312c22667350617468223a222f686f6d652f6e6d75727261792f636f64652f73706f7472666c6f772f2e646576636f6e7461696e65722f637564613132322f646576636f6e7461696e65722e6a736f6e222c2270617468223a222f686f6d652f6e6d75727261792f636f64652f73706f7472666c6f772f2e646576636f6e7461696e65722f637564613132322f646576636f6e7461696e65722e6a736f6e222c22736368656d65223a2266696c65227d7d/workspaces/spotrflow/gen_graph.sh
2024-01-31 13:55:51.770 [info] Active editor: vscode-remote://dev-container%2B7b22686f737450617468223a222f686f6d652f6e6d75727261792f636f64652f73706f7472666c6f77222c226c6f63616c446f636b6572223a66616c73652c22636f6e66696746696c65223a7b22246d6964223a312c22667350617468223a222f686f6d652f6e6d75727261792f636f64652f73706f7472666c6f772f2e646576636f6e7461696e65722f637564613132322f646576636f6e7461696e65722e6a736f6e222c2270617468223a222f686f6d652f6e6d75727261792f636f64652f73706f7472666c6f772f2e646576636f6e7461696e65722f637564613132322f646576636f6e7461696e65722e6a736f6e222c22736368656d65223a2266696c65227d7d/workspaces/spotrflow/Deployment/Graphs/scripts/2024_01_16_large_image_aircraft.sh
2024-01-31 13:55:51.779 [info] /workspaces/spotrflow/gen_graph.sh.git closed
2024-01-31 13:55:52.409 [info] Active editor: vscode-remote://dev-container%2B7b22686f737450617468223a222f686f6d652f6e6d75727261792f636f64652f73706f7472666c6f77222c226c6f63616c446f636b6572223a66616c73652c22636f6e66696746696c65223a7b22246d6964223a312c22667350617468223a222f686f6d652f6e6d75727261792f636f64652f73706f7472666c6f772f2e646576636f6e7461696e65722f637564613132322f646576636f6e7461696e65722e6a736f6e222c2270617468223a222f686f6d652f6e6d75727261792f636f64652f73706f7472666c6f772f2e646576636f6e7461696e65722f637564613132322f646576636f6e7461696e65722e6a736f6e222c22736368656d65223a2266696c65227d7d/workspaces/spotrflow/gen_graph.sh
2024-01-31 13:55:52.420 [info] /workspaces/spotrflow/Deployment/Graphs/scripts/2024_01_16_large_image_aircraft.sh.git closed
2024-01-31 13:55:53.607 [info] Active editor: vscode-remote://dev-container%2B7b22686f737450617468223a222f686f6d652f6e6d75727261792f636f64652f73706f7472666c6f77222c226c6f63616c446f636b6572223a66616c73652c22636f6e66696746696c65223a7b22246d6964223a312c22667350617468223a222f686f6d652f6e6d75727261792f636f64652f73706f7472666c6f772f2e646576636f6e7461696e65722f637564613132322f646576636f6e7461696e65722e6a736f6e222c2270617468223a222f686f6d652f6e6d75727261792f636f64652f73706f7472666c6f772f2e646576636f6e7461696e65722f637564613132322f646576636f6e7461696e65722e6a736f6e222c22736368656d65223a2266696c65227d7d/workspaces/spotrflow/gen_graph.sh
2024-01-31 13:55:53.609 [info] /workspaces/spotrflow/Deployment/Graphs/scripts/2024_01_15_large_image_ship_eo_reid_c.sh.git closed
2024-01-31 13:55:56.082 [info] Active editor: vscode-remote://dev-container%2B7b22686f737450617468223a222f686f6d652f6e6d75727261792f636f64652f73706f7472666c6f77222c226c6f63616c446f636b6572223a66616c73652c22636f6e66696746696c65223a7b22246d6964223a312c22667350617468223a222f686f6d652f6e6d75727261792f636f64652f73706f7472666c6f772f2e646576636f6e7461696e65722f637564613132322f646576636f6e7461696e65722e6a736f6e222c2270617468223a222f686f6d652f6e6d75727261792f636f64652f73706f7472666c6f772f2e646576636f6e7461696e65722f637564613132322f646576636f6e7461696e65722e6a736f6e222c22736368656d65223a2266696c65227d7d/workspaces/spotrflow/Deployment/Graphs/scripts/2024_01_15_large_image_ship_eo_reid_c.sh
2024-01-31 13:56:16.028 [info] Active editor: vscode-remote://dev-container%2B7b22686f737450617468223a222f686f6d652f6e6d75727261792f636f64652f73706f7472666c6f77222c226c6f63616c446f636b6572223a66616c73652c22636f6e66696746696c65223a7b22246d6964223a312c22667350617468223a222f686f6d652f6e6d75727261792f636f64652f73706f7472666c6f772f2e646576636f6e7461696e65722f637564613132322f646576636f6e7461696e65722e6a736f6e222c2270617468223a222f686f6d652f6e6d75727261792f636f64652f73706f7472666c6f772f2e646576636f6e7461696e65722f637564613132322f646576636f6e7461696e65722e6a736f6e222c22736368656d65223a2266696c65227d7d/workspaces/spotrflow/cut_boron_image.sh
2024-01-31 13:56:16.034 [info] /workspaces/spotrflow/Deployment/Graphs/scripts/2024_01_15_large_image_ship_eo_reid_c.sh.git closed
