[2024-01-30T16:21:20.500Z] Starting monitor process...
[2024-01-30T16:21:20.522Z] Received message: [{"type":"configure","sequence":0,"options":{"cwd":"/home/nmurray/code/spotrflow","dockerCLI":"docker","env":{"BASHRC":"/home/nmurray/.config/bash/bashrc","CHROME_DESKTOP":"code-url-handler.desktop","DBUS_SESSION_BUS_ADDRESS":"unix:path=/run/user/798000122/bus","DESKTOP_SESSION":"ubuntu","DISPLAY":":1","EDITOR":"nvim","GDK_BACKEND":"x11","GDMSESSION":"ubuntu","GIO_LAUNCHED_DESKTOP_FILE":"/usr/share/applications/code.desktop","GIO_LAUNCHED_DESKTOP_FILE_PID":"355328","GJS_DEBUG_OUTPUT":"stderr","GJS_DEBUG_TOPICS":"JS ERROR;JS LOG","GNOME_DESKTOP_SESSION_ID":"this-is-deprecated","GNOME_SHELL_SESSION_MODE":"ubuntu","GPG_AGENT_INFO":"/run/user/798000122/gnupg/S.gpg-agent:0:1","GTK_IM_MODULE":"ibus","GTK_MODULES":"gail:atk-bridge","HISTCONTROL":"ignorespace:ignoredups","HISTFILE":"/home/nmurray/.local/state/bash/history","HISTFILESIZE":"200000","HISTSIZE":"10000","HISTTIMEFORMAT":"%h/%d - %H:%M:%S ","HOME":"/home/nmurray","IM_CONFIG_PHASE":"1","INPUTRC":"/home/nmurray/.config/readline/inputrc","INVOCATION_ID":"79b1ce68d9834d70a52ee39f61fbf1ad","JOURNAL_STREAM":"8:54264","KRB5CCNAME":"KEYRING:persistent:798000122","LANG":"en_US.UTF-8","LD_LIBRARY_PATH":"/usr/local/cuda-11.8/lib64:/usr/local/cuda-11.8/lib64","LESSCLOSE":"/usr/bin/lesspipe %s %s","LESSOPEN":"| /usr/bin/lesspipe %s","LOGNAME":"nmurray","LS_COLORS":"bd=38;5;68:ca=38;5;17:cd=38;5;113;1:di=33;01;31:do=38;5;127:ex=38;5;208;1:pi=38;5;126:fi=0:ln=target:mh=38;5;222;1:no=38;5;208;1:or=48;5;196;38;5;232;1:ow=38;5;220;1:sg=48;5;3;38;5;0:su=38;5;220;1;3;100;1:so=38;5;197:st=38;5;86;48;5;234:tw=48;5;235;38;5;139;3:*LS_COLORS=48;5;89;38;5;197;1;3;4;7:*.txt=38;5;253:","MANAGERPID":"4465","MANPAGER":"sh -c 'col -bx | bat --theme \"Solarized (dark)\" -l man -p'","NVM_BIN":"/home/nmurray/.config/nvm/versions/node/v20.4.0/bin","NVM_DIR":"/home/nmurray/.config/nvm","NVM_INC":"/home/nmurray/.config/nvm/versions/node/v20.4.0/include/node","ORIGINAL_XDG_CURRENT_DESKTOP":"ubuntu:GNOME","PATH":"/home/nmurray/.local/bin:/home/nmurray/.config/nvm/versions/node/v20.4.0/bin:/usr/local/cuda-11.8/bin:/home/nmurray/.cargo/bin:/home/nmurray/.local/bin:/usr/local/cuda-11.8/bin:/usr/local/sbin:/usr/local/bin:/usr/sbin:/usr/bin:/sbin:/bin:/usr/games:/usr/local/games:/snap/bin:/snap/bin:/home/nmurray/.local/share/python/bin:/home/nmurray/.local/bin:/home/nmurray/.local/share/python/bin:/home/nmurray/.local/share/python/bin","PS1":"\\[\\033[01;31m\\]\\d-\\t\\[\\033[00m\\]:\\[\\033[01;33m\\]\\w\\[\\033[35m\\] (`git branch --show-current 2>/dev/null`)\\[\\033[00m\\]\\n$ ","PWD":"/home/nmurray","PYTHONPYCACHEPREFIX":"/home/nmurray/.cache/python","PYTHONSTARTUP":"/home/nmurray/.config/python/site.py","PYTHONUSERBASE":"/home/nmurray/.local/share/python","QT_ACCESSIBILITY":"1","QT_IM_MODULE":"ibus","SESSION_MANAGER":"local/dev-nmurray02:@/tmp/.ICE-unix/5513,unix/dev-nmurray02:/tmp/.ICE-unix/5513","SHELL":"/bin/bash","SHLVL":"0","SSH_AGENT_LAUNCHER":"gnome-keyring","SSH_AUTH_SOCK":"/run/user/798000122/keyring/ssh","SYSTEMD_EXEC_PID":"5534","USER":"nmurray","USERNAME":"nmurray","VISUAL":"nvim-qt","VSCODE_AMD_ENTRYPOINT":"vs/workbench/api/node/extensionHostProcess","VSCODE_CODE_CACHE_PATH":"/home/nmurray/.config/Code/CachedData/0ee08df0cf4527e40edc9aa28f4b5bd38bbff2b2","VSCODE_CRASH_REPORTER_PROCESS_TYPE":"extensionHost","VSCODE_CWD":"/home/nmurray","VSCODE_HANDLES_UNCAUGHT_ERRORS":"true","VSCODE_IPC_HOOK":"/run/user/798000122/vscode-a395ce48-1.85-main.sock","VSCODE_NLS_CONFIG":"{\"locale\":\"en-us\",\"osLocale\":\"en-us\",\"availableLanguages\":{},\"_languagePackSupport\":true}","VSCODE_PID":"355328","WINDOWPATH":"2","XAUTHORITY":"/run/user/798000122/gdm/Xauthority","XDG_CACHE_HOME":"/home/nmurray/.cache","XDG_CONFIG_DIRS":"/etc/xdg/xdg-ubuntu:/etc/xdg","XDG_CONFIG_HOME":"/home/nmurray/.config","XDG_CURRENT_DESKTOP":"Unity","XDG_DATA_DIRS":"/usr/share/ubuntu:/usr/share/gnome:/usr/local/share/:/usr/share/:/var/lib/snapd/desktop","XDG_DATA_HOME":"/home/nmurray/.local/share","XDG_MENU_PREFIX":"gnome-","XDG_RUNTIME_DIR":"/run/user/798000122","XDG_SESSION_CLASS":"user","XDG_SESSION_DESKTOP":"ubuntu","XDG_SESSION_TYPE":"x11","XDG_STATE_HOME":"/home/nmurray/.local/state","XMODIFIERS":"@im=ibus","_":"/usr/share/code/code","ELECTRON_RUN_AS_NODE":"1","SSH_ASKPASS":"/home/nmurray/.vscode/extensions/ms-vscode-remote.remote-containers-0.327.0/scripts/ssh-askpass.sh","SSH_ASKPASS_REQUIRE":"force","VSCODE_SSH_ASKPASS_NODE":"/usr/share/code/code","VSCODE_SSH_ASKPASS_EXTRA_ARGS":"--ms-enable-electron-run-as-node","VSCODE_SSH_ASKPASS_MAIN":"/home/nmurray/.vscode/extensions/ms-vscode-remote.remote-containers-0.327.0/dist/common/sshAskpass.js","VSCODE_SSH_ASKPASS_HANDLE":"/run/user/798000122/ssh-askpass-4f65a53c-409d-4c44-b442-bcb610c72781.sock","DOCKER_CONTEXT":"default"},"containerId":"4297a1e11e61ba0a317348ba8bf86ddf065550e8a7d8c14a8583dfcc45dfeeeb","user":"developer","sessionId":"d4803baa-e34c-4769-a87b-e8ac5e58c9121706631678523","logLevel":2,"delay":10000}}]
[2024-01-30T16:21:21.078Z] Received message: [{"type":"configure","sequence":1,"options":{"cwd":"/home/nmurray/code/spotrflow","dockerCLI":"docker","env":{"BASHRC":"/home/nmurray/.config/bash/bashrc","CHROME_DESKTOP":"code-url-handler.desktop","DBUS_SESSION_BUS_ADDRESS":"unix:path=/run/user/798000122/bus","DESKTOP_SESSION":"ubuntu","DISPLAY":":1","EDITOR":"nvim","GDK_BACKEND":"x11","GDMSESSION":"ubuntu","GIO_LAUNCHED_DESKTOP_FILE":"/usr/share/applications/code.desktop","GIO_LAUNCHED_DESKTOP_FILE_PID":"355328","GJS_DEBUG_OUTPUT":"stderr","GJS_DEBUG_TOPICS":"JS ERROR;JS LOG","GNOME_DESKTOP_SESSION_ID":"this-is-deprecated","GNOME_SHELL_SESSION_MODE":"ubuntu","GPG_AGENT_INFO":"/run/user/798000122/gnupg/S.gpg-agent:0:1","GTK_IM_MODULE":"ibus","GTK_MODULES":"gail:atk-bridge","HISTCONTROL":"ignorespace:ignoredups","HISTFILE":"/home/nmurray/.local/state/bash/history","HISTFILESIZE":"200000","HISTSIZE":"10000","HISTTIMEFORMAT":"%h/%d - %H:%M:%S ","HOME":"/home/nmurray","IM_CONFIG_PHASE":"1","INPUTRC":"/home/nmurray/.config/readline/inputrc","INVOCATION_ID":"79b1ce68d9834d70a52ee39f61fbf1ad","JOURNAL_STREAM":"8:54264","KRB5CCNAME":"KEYRING:persistent:798000122","LANG":"en_US.UTF-8","LD_LIBRARY_PATH":"/usr/local/cuda-11.8/lib64:/usr/local/cuda-11.8/lib64","LESSCLOSE":"/usr/bin/lesspipe %s %s","LESSOPEN":"| /usr/bin/lesspipe %s","LOGNAME":"nmurray","LS_COLORS":"bd=38;5;68:ca=38;5;17:cd=38;5;113;1:di=33;01;31:do=38;5;127:ex=38;5;208;1:pi=38;5;126:fi=0:ln=target:mh=38;5;222;1:no=38;5;208;1:or=48;5;196;38;5;232;1:ow=38;5;220;1:sg=48;5;3;38;5;0:su=38;5;220;1;3;100;1:so=38;5;197:st=38;5;86;48;5;234:tw=48;5;235;38;5;139;3:*LS_COLORS=48;5;89;38;5;197;1;3;4;7:*.txt=38;5;253:","MANAGERPID":"4465","MANPAGER":"sh -c 'col -bx | bat --theme \"Solarized (dark)\" -l man -p'","NVM_BIN":"/home/nmurray/.config/nvm/versions/node/v20.4.0/bin","NVM_DIR":"/home/nmurray/.config/nvm","NVM_INC":"/home/nmurray/.config/nvm/versions/node/v20.4.0/include/node","ORIGINAL_XDG_CURRENT_DESKTOP":"ubuntu:GNOME","PATH":"/home/nmurray/.local/bin:/home/nmurray/.config/nvm/versions/node/v20.4.0/bin:/usr/local/cuda-11.8/bin:/home/nmurray/.cargo/bin:/home/nmurray/.local/bin:/usr/local/cuda-11.8/bin:/usr/local/sbin:/usr/local/bin:/usr/sbin:/usr/bin:/sbin:/bin:/usr/games:/usr/local/games:/snap/bin:/snap/bin:/home/nmurray/.local/share/python/bin:/home/nmurray/.local/bin:/home/nmurray/.local/share/python/bin:/home/nmurray/.local/share/python/bin","PS1":"\\[\\033[01;31m\\]\\d-\\t\\[\\033[00m\\]:\\[\\033[01;33m\\]\\w\\[\\033[35m\\] (`git branch --show-current 2>/dev/null`)\\[\\033[00m\\]\\n$ ","PWD":"/home/nmurray","PYTHONPYCACHEPREFIX":"/home/nmurray/.cache/python","PYTHONSTARTUP":"/home/nmurray/.config/python/site.py","PYTHONUSERBASE":"/home/nmurray/.local/share/python","QT_ACCESSIBILITY":"1","QT_IM_MODULE":"ibus","SESSION_MANAGER":"local/dev-nmurray02:@/tmp/.ICE-unix/5513,unix/dev-nmurray02:/tmp/.ICE-unix/5513","SHELL":"/bin/bash","SHLVL":"0","SSH_AGENT_LAUNCHER":"gnome-keyring","SSH_AUTH_SOCK":"/run/user/798000122/keyring/ssh","SYSTEMD_EXEC_PID":"5534","USER":"nmurray","USERNAME":"nmurray","VISUAL":"nvim-qt","VSCODE_AMD_ENTRYPOINT":"vs/workbench/api/node/extensionHostProcess","VSCODE_CODE_CACHE_PATH":"/home/nmurray/.config/Code/CachedData/0ee08df0cf4527e40edc9aa28f4b5bd38bbff2b2","VSCODE_CRASH_REPORTER_PROCESS_TYPE":"extensionHost","VSCODE_CWD":"/home/nmurray","VSCODE_HANDLES_UNCAUGHT_ERRORS":"true","VSCODE_IPC_HOOK":"/run/user/798000122/vscode-a395ce48-1.85-main.sock","VSCODE_NLS_CONFIG":"{\"locale\":\"en-us\",\"osLocale\":\"en-us\",\"availableLanguages\":{},\"_languagePackSupport\":true}","VSCODE_PID":"355328","WINDOWPATH":"2","XAUTHORITY":"/run/user/798000122/gdm/Xauthority","XDG_CACHE_HOME":"/home/nmurray/.cache","XDG_CONFIG_DIRS":"/etc/xdg/xdg-ubuntu:/etc/xdg","XDG_CONFIG_HOME":"/home/nmurray/.config","XDG_CURRENT_DESKTOP":"Unity","XDG_DATA_DIRS":"/usr/share/ubuntu:/usr/share/gnome:/usr/local/share/:/usr/share/:/var/lib/snapd/desktop","XDG_DATA_HOME":"/home/nmurray/.local/share","XDG_MENU_PREFIX":"gnome-","XDG_RUNTIME_DIR":"/run/user/798000122","XDG_SESSION_CLASS":"user","XDG_SESSION_DESKTOP":"ubuntu","XDG_SESSION_TYPE":"x11","XDG_STATE_HOME":"/home/nmurray/.local/state","XMODIFIERS":"@im=ibus","_":"/usr/share/code/code","ELECTRON_RUN_AS_NODE":"1","SSH_ASKPASS":"/home/nmurray/.vscode/extensions/ms-vscode-remote.remote-containers-0.327.0/scripts/ssh-askpass.sh","SSH_ASKPASS_REQUIRE":"force","VSCODE_SSH_ASKPASS_NODE":"/usr/share/code/code","VSCODE_SSH_ASKPASS_EXTRA_ARGS":"--ms-enable-electron-run-as-node","VSCODE_SSH_ASKPASS_MAIN":"/home/nmurray/.vscode/extensions/ms-vscode-remote.remote-containers-0.327.0/dist/common/sshAskpass.js","VSCODE_SSH_ASKPASS_HANDLE":"/run/user/798000122/ssh-askpass-4f65a53c-409d-4c44-b442-bcb610c72781.sock","DOCKER_CONTEXT":"default"},"containerId":"4297a1e11e61ba0a317348ba8bf86ddf065550e8a7d8c14a8583dfcc45dfeeeb","user":"developer","sessionId":"d4803baa-e34c-4769-a87b-e8ac5e58c9121706631678523","logLevel":2,"delay":10000}}]
[2024-01-30T16:22:21.082Z] Received message: []
[2024-01-30T16:23:21.088Z] Received message: []
[2024-01-30T16:24:21.093Z] Received message: []
[2024-01-30T16:25:21.098Z] Received message: []
[2024-01-30T16:26:21.105Z] Received message: []
[2024-01-30T16:27:21.111Z] Received message: []
[2024-01-30T16:28:21.116Z] Received message: []
[2024-01-30T16:29:21.121Z] Received message: []
[2024-01-30T16:30:21.127Z] Received message: []
[2024-01-30T16:31:21.131Z] Received message: []
[2024-01-30T16:32:21.136Z] Received message: []
[2024-01-30T16:33:21.139Z] Received message: []
[2024-01-30T16:34:21.145Z] Received message: []
[2024-01-30T16:35:21.150Z] Received message: []
[2024-01-30T16:36:21.154Z] Received message: []
[2024-01-30T16:37:21.159Z] Received message: []
[2024-01-30T16:38:21.164Z] Received message: []
[2024-01-30T16:39:21.169Z] Received message: []
[2024-01-30T16:40:21.173Z] Received message: []
[2024-01-30T16:41:21.177Z] Received message: []
[2024-01-30T16:42:21.181Z] Received message: []
[2024-01-30T16:43:21.184Z] Received message: []
[2024-01-30T16:44:21.185Z] Received message: []
[2024-01-30T16:45:21.188Z] Received message: []
[2024-01-30T16:46:21.192Z] Received message: []
[2024-01-30T16:47:21.199Z] Received message: []
[2024-01-30T16:48:21.203Z] Received message: []
[2024-01-30T16:49:21.206Z] Received message: []
[2024-01-30T16:50:21.209Z] Received message: []
[2024-01-30T16:51:21.213Z] Received message: []
[2024-01-30T16:52:21.216Z] Received message: []
[2024-01-30T16:53:21.220Z] Received message: []
[2024-01-30T16:54:21.225Z] Received message: []
[2024-01-30T16:55:21.228Z] Received message: []
[2024-01-30T16:56:21.231Z] Received message: []
[2024-01-30T16:57:21.232Z] Received message: []
[2024-01-30T16:58:21.236Z] Received message: []
[2024-01-30T16:59:21.240Z] Received message: []
[2024-01-30T17:00:21.244Z] Received message: []
[2024-01-30T17:01:21.248Z] Received message: []
[2024-01-30T17:02:21.251Z] Received message: []
[2024-01-30T17:03:21.255Z] Received message: []
[2024-01-30T17:04:21.259Z] Received message: []
[2024-01-30T17:05:21.262Z] Received message: []
[2024-01-30T17:06:21.267Z] Received message: []
[2024-01-30T17:07:21.271Z] Received message: []
[2024-01-30T17:08:21.275Z] Received message: []
[2024-01-30T17:09:21.278Z] Received message: []
[2024-01-30T17:10:21.281Z] Received message: []
[2024-01-30T17:11:21.285Z] Received message: []
[2024-01-30T17:12:21.288Z] Received message: []
[2024-01-30T17:13:21.292Z] Received message: []
[2024-01-30T17:14:21.296Z] Received message: []
[2024-01-30T17:15:21.300Z] Received message: []
[2024-01-30T17:16:21.303Z] Received message: []
[2024-01-30T17:17:21.308Z] Received message: []
[2024-01-30T17:18:21.313Z] Received message: []
[2024-01-30T17:19:21.317Z] Received message: []
[2024-01-30T17:20:21.322Z] Received message: []
[2024-01-30T17:21:21.327Z] Received message: []
[2024-01-30T17:22:21.331Z] Received message: []
[2024-01-30T17:23:21.334Z] Received message: []
[2024-01-30T17:24:21.337Z] Received message: []
[2024-01-30T17:25:21.342Z] Received message: []
[2024-01-30T17:26:21.347Z] Received message: []
[2024-01-30T17:27:21.351Z] Received message: []
[2024-01-30T17:28:21.356Z] Received message: []
[2024-01-30T17:29:21.360Z] Received message: []
[2024-01-30T17:30:21.365Z] Received message: []
[2024-01-30T17:31:21.368Z] Received message: []
[2024-01-30T17:32:21.370Z] Received message: []
[2024-01-30T17:33:21.371Z] Received message: []
[2024-01-30T17:34:21.372Z] Received message: []
[2024-01-30T17:35:21.373Z] Received message: []
[2024-01-30T17:36:21.374Z] Received message: []
[2024-01-30T17:37:21.376Z] Received message: []
[2024-01-30T17:38:21.379Z] Received message: []
[2024-01-30T17:39:21.384Z] Received message: []
[2024-01-30T17:40:21.388Z] Received message: []
[2024-01-30T17:41:21.391Z] Received message: []
[2024-01-30T17:42:21.393Z] Received message: []
[2024-01-30T17:43:21.396Z] Received message: []
[2024-01-30T17:44:21.397Z] Received message: []
[2024-01-30T17:45:21.398Z] Received message: []
[2024-01-30T17:46:21.400Z] Received message: []
[2024-01-30T17:47:21.402Z] Received message: []
[2024-01-30T17:48:21.403Z] Received message: []
[2024-01-30T17:49:21.407Z] Received message: []
[2024-01-30T17:50:21.415Z] Received message: []
[2024-01-30T17:51:21.418Z] Received message: []
[2024-01-30T17:52:21.423Z] Received message: []
[2024-01-30T17:53:21.426Z] Received message: []
[2024-01-30T17:54:21.431Z] Received message: []
[2024-01-30T17:55:21.436Z] Received message: []
[2024-01-30T17:56:21.439Z] Received message: []
[2024-01-30T17:57:21.443Z] Received message: []
[2024-01-30T17:58:21.448Z] Received message: []
[2024-01-30T17:59:21.453Z] Received message: []
[2024-01-30T18:00:21.459Z] Received message: []
[2024-01-30T18:01:21.463Z] Received message: []
[2024-01-30T18:02:21.468Z] Received message: []
[2024-01-30T18:03:21.472Z] Received message: []
[2024-01-30T18:04:21.475Z] Received message: []
[2024-01-30T18:05:21.479Z] Received message: []
[2024-01-30T18:06:21.483Z] Received message: []
[2024-01-30T18:07:21.486Z] Received message: []
[2024-01-30T18:08:21.490Z] Received message: []
[2024-01-30T18:09:21.494Z] Received message: []
[2024-01-30T18:10:21.498Z] Received message: []
[2024-01-30T18:11:21.502Z] Received message: []
[2024-01-30T18:12:21.507Z] Received message: []
[2024-01-30T18:13:21.511Z] Received message: []
[2024-01-30T18:14:21.515Z] Received message: []
[2024-01-30T18:15:21.519Z] Received message: []
[2024-01-30T18:16:21.522Z] Received message: []
[2024-01-30T18:17:21.526Z] Received message: []
[2024-01-30T18:18:21.530Z] Received message: []
[2024-01-30T18:19:21.533Z] Received message: []
[2024-01-30T18:20:21.536Z] Received message: []
[2024-01-30T18:21:21.540Z] Received message: []
[2024-01-30T18:22:21.544Z] Received message: []
[2024-01-30T18:23:21.547Z] Received message: []
[2024-01-30T18:24:21.551Z] Received message: []
[2024-01-30T18:25:21.555Z] Received message: []
[2024-01-30T18:26:21.559Z] Received message: []
[2024-01-30T18:27:21.562Z] Received message: []
[2024-01-30T18:28:21.567Z] Received message: []
[2024-01-30T18:29:21.571Z] Received message: []
[2024-01-30T18:30:21.578Z] Received message: []
[2024-01-30T18:31:21.581Z] Received message: []
[2024-01-30T18:32:21.585Z] Received message: []
[2024-01-30T18:33:21.588Z] Received message: []
[2024-01-30T18:34:21.592Z] Received message: []
[2024-01-30T18:35:21.596Z] Received message: []
[2024-01-30T18:36:21.600Z] Received message: []
[2024-01-30T18:37:21.604Z] Received message: []
[2024-01-30T18:38:21.608Z] Received message: []
[2024-01-30T18:39:21.613Z] Received message: []
[2024-01-30T18:40:21.617Z] Received message: []
[2024-01-30T18:41:21.619Z] Received message: []
[2024-01-30T18:42:21.623Z] Received message: []
[2024-01-30T18:43:21.627Z] Received message: []
[2024-01-30T18:44:21.634Z] Received message: []
[2024-01-30T18:45:21.638Z] Received message: []
[2024-01-30T18:46:21.641Z] Received message: []
[2024-01-30T18:47:21.645Z] Received message: []
[2024-01-30T18:48:21.649Z] Received message: []
[2024-01-30T18:49:21.652Z] Received message: []
[2024-01-30T18:50:21.656Z] Received message: []
[2024-01-30T18:51:21.660Z] Received message: []
[2024-01-30T18:52:21.664Z] Received message: []
[2024-01-30T18:53:21.667Z] Received message: []
[2024-01-30T18:54:21.669Z] Received message: []
[2024-01-30T18:55:21.672Z] Received message: []
[2024-01-30T18:56:21.676Z] Received message: []
[2024-01-30T18:57:21.679Z] Received message: []
[2024-01-30T18:58:21.681Z] Received message: []
[2024-01-30T18:59:21.683Z] Received message: []
[2024-01-30T19:00:21.685Z] Received message: []
[2024-01-30T19:01:21.686Z] Received message: []
[2024-01-30T19:02:21.687Z] Received message: []
[2024-01-30T19:03:21.689Z] Received message: []
[2024-01-30T19:04:21.691Z] Received message: []
[2024-01-30T19:05:21.695Z] Received message: []
[2024-01-30T19:06:21.699Z] Received message: []
[2024-01-30T19:07:21.703Z] Received message: []
[2024-01-30T19:08:21.707Z] Received message: []
[2024-01-30T19:09:21.712Z] Received message: []
[2024-01-30T19:10:21.717Z] Received message: []
[2024-01-30T19:11:21.722Z] Received message: []
[2024-01-30T19:12:21.726Z] Received message: []
[2024-01-30T19:13:21.729Z] Received message: []
[2024-01-30T19:14:21.733Z] Received message: []
[2024-01-30T19:15:21.739Z] Received message: []
[2024-01-30T19:16:21.743Z] Received message: []
[2024-01-30T19:17:21.747Z] Received message: []
[2024-01-30T19:18:21.751Z] Received message: []
[2024-01-30T19:19:21.755Z] Received message: []
[2024-01-30T19:20:21.757Z] Received message: []
[2024-01-30T19:21:21.759Z] Received message: []
[2024-01-30T19:22:21.762Z] Received message: []
[2024-01-30T19:23:21.766Z] Received message: []
[2024-01-30T19:24:21.769Z] Received message: []
[2024-01-30T19:25:21.771Z] Received message: []
[2024-01-30T19:26:21.774Z] Received message: []
[2024-01-30T19:27:21.778Z] Received message: []
[2024-01-30T19:28:21.782Z] Received message: []
[2024-01-30T19:29:21.785Z] Received message: []
[2024-01-30T19:30:21.788Z] Received message: []
[2024-01-30T19:31:21.793Z] Received message: []
[2024-01-30T19:32:21.797Z] Received message: []
[2024-01-30T19:33:21.802Z] Received message: []
[2024-01-30T19:34:21.806Z] Received message: []
[2024-01-30T19:35:21.809Z] Received message: []
[2024-01-30T19:36:21.812Z] Received message: []
[2024-01-30T19:37:21.816Z] Received message: []
[2024-01-30T19:38:21.820Z] Received message: []
[2024-01-30T19:39:21.825Z] Received message: []
[2024-01-30T19:40:21.830Z] Received message: []
[2024-01-30T19:41:21.834Z] Received message: []
[2024-01-30T19:42:21.839Z] Received message: []
[2024-01-30T19:43:21.842Z] Received message: []
[2024-01-30T19:44:21.845Z] Received message: []
[2024-01-30T19:45:21.850Z] Received message: []
[2024-01-30T19:46:21.853Z] Received message: []
[2024-01-30T19:47:21.857Z] Received message: []
[2024-01-30T19:48:21.862Z] Received message: []
[2024-01-30T19:49:21.866Z] Received message: []
[2024-01-30T19:50:21.870Z] Received message: []
[2024-01-30T19:51:21.874Z] Received message: []
[2024-01-30T19:52:21.877Z] Received message: []
[2024-01-30T19:53:21.880Z] Received message: []
[2024-01-30T19:54:21.883Z] Received message: []
[2024-01-30T19:55:21.886Z] Received message: []
[2024-01-30T19:56:21.890Z] Received message: []
[2024-01-30T19:57:21.897Z] Received message: []
[2024-01-30T19:58:21.900Z] Received message: []
[2024-01-30T19:59:21.903Z] Received message: []
[2024-01-30T20:00:21.907Z] Received message: []
[2024-01-30T20:01:21.910Z] Received message: []
[2024-01-30T20:02:21.914Z] Received message: []
[2024-01-30T20:03:21.917Z] Received message: []
[2024-01-30T20:04:21.921Z] Received message: []
[2024-01-30T20:05:21.923Z] Received message: []
[2024-01-30T20:06:21.924Z] Received message: []
[2024-01-30T20:07:21.926Z] Received message: []
[2024-01-30T20:08:21.931Z] Received message: []
[2024-01-30T20:09:21.935Z] Received message: []
[2024-01-30T20:10:21.942Z] Received message: []
[2024-01-30T20:11:21.946Z] Received message: []
[2024-01-30T20:12:21.948Z] Received message: []
[2024-01-30T20:13:21.952Z] Received message: []
[2024-01-30T20:14:21.955Z] Received message: []
[2024-01-30T20:15:21.958Z] Received message: []
[2024-01-30T20:16:21.963Z] Received message: []
[2024-01-30T20:17:21.966Z] Received message: []
[2024-01-30T20:18:21.969Z] Received message: []
[2024-01-30T20:19:21.973Z] Received message: []
[2024-01-30T20:20:21.976Z] Received message: []
[2024-01-30T20:21:21.980Z] Received message: []
[2024-01-30T20:22:21.984Z] Received message: []
[2024-01-30T20:23:21.988Z] Received message: []
[2024-01-30T20:24:21.991Z] Received message: []
[2024-01-30T20:25:21.994Z] Received message: []
[2024-01-30T20:26:21.998Z] Received message: []
[2024-01-30T20:27:22.002Z] Received message: []
[2024-01-30T20:28:22.005Z] Received message: []
[2024-01-30T20:29:22.008Z] Received message: []
[2024-01-30T20:30:22.012Z] Received message: []
[2024-01-30T20:31:22.017Z] Received message: []
[2024-01-30T20:32:22.021Z] Received message: []
[2024-01-30T20:33:22.026Z] Received message: []
[2024-01-30T20:34:22.035Z] Received message: []
[2024-01-30T20:35:22.040Z] Received message: []
[2024-01-30T20:36:22.046Z] Received message: []
[2024-01-30T20:37:22.053Z] Received message: []
[2024-01-30T20:38:22.059Z] Received message: []
[2024-01-30T20:39:22.066Z] Received message: []
[2024-01-30T20:40:22.074Z] Received message: []
[2024-01-30T20:41:22.078Z] Received message: []
[2024-01-30T20:42:22.085Z] Received message: []
[2024-01-30T20:43:22.095Z] Received message: []
[2024-01-30T20:44:22.102Z] Received message: []
[2024-01-30T20:45:22.107Z] Received message: []
[2024-01-30T20:46:22.110Z] Received message: []
[2024-01-30T20:47:22.114Z] Received message: []
[2024-01-30T20:48:22.120Z] Received message: []
[2024-01-30T20:49:22.124Z] Received message: []
[2024-01-30T20:50:22.125Z] Received message: []
[2024-01-30T20:51:22.128Z] Received message: []
[2024-01-30T20:52:22.130Z] Received message: []
[2024-01-30T20:53:22.134Z] Received message: []
[2024-01-30T20:54:22.139Z] Received message: []
[2024-01-30T20:55:22.145Z] Received message: []
[2024-01-30T20:56:22.153Z] Received message: []
[2024-01-30T20:57:22.159Z] Received message: []
[2024-01-30T20:58:22.163Z] Received message: []
[2024-01-30T20:59:22.169Z] Received message: []
[2024-01-30T21:00:22.176Z] Received message: []
[2024-01-30T21:01:22.182Z] Received message: []
[2024-01-30T21:02:22.188Z] Received message: []
[2024-01-30T21:03:22.194Z] Received message: []
[2024-01-30T21:04:22.198Z] Received message: []
[2024-01-30T21:05:22.202Z] Received message: []
[2024-01-30T21:06:22.208Z] Received message: []
[2024-01-30T21:07:22.214Z] Received message: []
[2024-01-30T21:08:22.222Z] Received message: []
[2024-01-30T21:09:22.230Z] Received message: []
[2024-01-30T21:10:22.237Z] Received message: []
[2024-01-30T21:11:22.245Z] Received message: []
[2024-01-30T21:12:22.250Z] Received message: []
[2024-01-30T21:13:22.255Z] Received message: []
[2024-01-30T21:14:22.259Z] Received message: []
[2024-01-30T21:15:22.263Z] Received message: []
[2024-01-30T21:16:22.266Z] Received message: []
[2024-01-30T21:17:22.273Z] Received message: []
[2024-01-30T21:18:22.279Z] Received message: []
[2024-01-30T21:19:22.285Z] Received message: []
[2024-01-30T21:20:22.290Z] Received message: []
[2024-01-30T21:21:22.294Z] Received message: []
[2024-01-30T21:22:22.301Z] Received message: []
[2024-01-30T21:23:22.309Z] Received message: []
[2024-01-30T21:24:22.315Z] Received message: []
[2024-01-30T21:25:22.322Z] Received message: []
[2024-01-30T21:26:22.328Z] Received message: []
[2024-01-30T21:27:22.335Z] Received message: []
[2024-01-30T21:28:22.339Z] Received message: []
[2024-01-30T21:29:22.345Z] Received message: []
[2024-01-30T21:30:22.350Z] Received message: []
[2024-01-30T21:31:22.354Z] Received message: []
[2024-01-30T21:32:22.362Z] Received message: []
[2024-01-30T21:33:22.368Z] Received message: []
[2024-01-30T21:34:22.374Z] Received message: []
[2024-01-30T21:35:22.381Z] Received message: []
[2024-01-30T21:36:22.387Z] Received message: []
[2024-01-30T21:37:22.394Z] Received message: []
[2024-01-30T21:38:22.401Z] Received message: []
[2024-01-30T21:39:22.407Z] Received message: []
[2024-01-30T21:40:22.413Z] Received message: []
[2024-01-30T21:41:22.420Z] Received message: []
[2024-01-30T21:42:22.426Z] Received message: []
[2024-01-30T21:43:22.433Z] Received message: []
[2024-01-30T21:44:22.438Z] Received message: []
[2024-01-30T21:45:22.442Z] Received message: []
[2024-01-30T21:46:22.451Z] Received message: []
[2024-01-30T21:47:22.454Z] Received message: []
[2024-01-30T21:48:22.458Z] Received message: []
[2024-01-30T21:49:22.464Z] Received message: []
[2024-01-30T21:50:22.471Z] Received message: []
[2024-01-30T21:51:22.474Z] Received message: []
[2024-01-30T21:52:22.478Z] Received message: []
[2024-01-30T21:53:22.482Z] Received message: []
[2024-01-30T21:54:22.488Z] Received message: []
[2024-01-30T21:55:22.495Z] Received message: []
[2024-01-30T21:56:22.501Z] Received message: []
[2024-01-30T21:57:22.507Z] Received message: []
[2024-01-30T21:58:22.512Z] Received message: []
[2024-01-30T21:59:22.517Z] Received message: []
[2024-01-30T22:00:22.523Z] Received message: []
[2024-01-30T22:01:22.526Z] Received message: []
[2024-01-30T22:02:22.531Z] Received message: []
[2024-01-30T22:03:22.536Z] Received message: []
[2024-01-30T22:04:22.543Z] Received message: []
[2024-01-30T22:05:22.550Z] Received message: []
[2024-01-30T22:06:22.553Z] Received message: []
[2024-01-30T22:07:22.558Z] Received message: []
[2024-01-30T22:08:22.565Z] Received message: []
[2024-01-30T22:09:22.571Z] Received message: []
[2024-01-30T22:10:22.575Z] Received message: []
[2024-01-30T22:11:22.578Z] Received message: []
[2024-01-30T22:12:22.585Z] Received message: []
[2024-01-30T22:13:22.590Z] Received message: []
[2024-01-30T22:14:22.595Z] Received message: []
[2024-01-30T22:15:22.598Z] Received message: []
[2024-01-30T22:16:22.603Z] Received message: []
[2024-01-30T22:17:22.610Z] Received message: []
[2024-01-30T22:18:22.616Z] Received message: []
[2024-01-30T22:19:22.624Z] Received message: []
[2024-01-30T22:20:22.631Z] Received message: []
[2024-01-30T22:21:22.635Z] Received message: []
[2024-01-30T22:22:22.638Z] Received message: []
[2024-01-30T22:23:22.645Z] Received message: []
[2024-01-30T22:24:22.649Z] Received message: []
[2024-01-30T22:25:22.652Z] Received message: []
[2024-01-30T22:26:22.657Z] Received message: []
[2024-01-30T22:27:22.662Z] Received message: []
[2024-01-30T22:28:22.669Z] Received message: []
[2024-01-30T22:29:22.675Z] Received message: []
[2024-01-30T22:30:22.678Z] Received message: []
[2024-01-30T22:31:22.683Z] Received message: []
[2024-01-30T22:32:22.687Z] Received message: []
[2024-01-30T22:33:22.691Z] Received message: []
[2024-01-30T22:34:22.697Z] Received message: []
[2024-01-30T22:35:22.703Z] Received message: []
[2024-01-30T22:36:22.709Z] Received message: []
[2024-01-30T22:37:22.715Z] Received message: []
[2024-01-30T22:38:22.717Z] Received message: []
[2024-01-30T22:39:22.722Z] Received message: []
[2024-01-30T22:40:22.727Z] Received message: []
[2024-01-30T22:41:22.730Z] Received message: []
[2024-01-30T22:42:22.734Z] Received message: []
[2024-01-30T22:43:22.740Z] Received message: []
[2024-01-30T22:44:22.744Z] Received message: []
[2024-01-31T14:30:50.170Z] Received message: []
[2024-01-31T14:31:50.172Z] Received message: []
[2024-01-31T14:32:50.174Z] Received message: []
[2024-01-31T14:33:50.178Z] Received message: []
[2024-01-31T14:34:50.180Z] Received message: []
[2024-01-31T14:35:50.182Z] Received message: []
[2024-01-31T14:36:50.184Z] Received message: []
[2024-01-31T14:37:50.188Z] Received message: []
[2024-01-31T14:38:50.189Z] Received message: []
[2024-01-31T14:39:50.191Z] Received message: []
[2024-01-31T14:40:50.193Z] Received message: []
[2024-01-31T14:41:50.197Z] Received message: []
[2024-01-31T14:42:50.199Z] Received message: []
[2024-01-31T14:43:50.201Z] Received message: []
[2024-01-31T14:44:50.202Z] Received message: []
[2024-01-31T14:45:50.205Z] Received message: []
[2024-01-31T14:46:50.206Z] Received message: []
[2024-01-31T14:47:50.208Z] Received message: []
[2024-01-31T14:48:50.209Z] Received message: []
[2024-01-31T14:49:50.210Z] Received message: []
[2024-01-31T14:50:50.212Z] Received message: []
[2024-01-31T14:51:50.214Z] Received message: []
[2024-01-31T14:52:50.217Z] Received message: []
[2024-01-31T14:53:50.221Z] Received message: []
[2024-01-31T14:54:50.228Z] Received message: []
[2024-01-31T14:55:50.233Z] Received message: []
[2024-01-31T14:56:50.237Z] Received message: []
[2024-01-31T14:57:50.239Z] Received message: []
[2024-01-31T14:58:50.242Z] Received message: []
[2024-01-31T14:59:50.245Z] Received message: []
[2024-01-31T15:00:50.249Z] Received message: []
[2024-01-31T15:01:50.254Z] Received message: []
[2024-01-31T15:02:50.258Z] Received message: []
[2024-01-31T15:03:50.262Z] Received message: []
[2024-01-31T15:04:50.266Z] Received message: []
[2024-01-31T15:05:50.269Z] Received message: []
[2024-01-31T15:06:50.273Z] Received message: []
[2024-01-31T15:07:50.276Z] Received message: []
[2024-01-31T15:08:50.279Z] Received message: []
[2024-01-31T15:09:50.282Z] Received message: []
[2024-01-31T15:10:50.286Z] Received message: []
[2024-01-31T15:11:50.292Z] Received message: []
[2024-01-31T15:12:50.295Z] Received message: []
[2024-01-31T15:13:50.300Z] Received message: []
[2024-01-31T15:14:50.308Z] Received message: []
[2024-01-31T15:15:50.311Z] Received message: []
[2024-01-31T15:16:50.315Z] Received message: []
[2024-01-31T15:17:50.319Z] Received message: []
[2024-01-31T15:18:50.322Z] Received message: []
[2024-01-31T15:19:50.327Z] Received message: []
[2024-01-31T15:20:50.330Z] Received message: []
[2024-01-31T15:21:50.333Z] Received message: []
[2024-01-31T15:22:50.337Z] Received message: []
[2024-01-31T15:23:50.340Z] Received message: []
[2024-01-31T15:24:50.343Z] Received message: []
[2024-01-31T15:25:50.347Z] Received message: []
[2024-01-31T15:26:50.349Z] Received message: []
[2024-01-31T15:27:50.355Z] Received message: []
[2024-01-31T15:28:50.357Z] Received message: []
[2024-01-31T15:29:50.361Z] Received message: []
[2024-01-31T15:30:50.364Z] Received message: []
[2024-01-31T15:31:50.368Z] Received message: []
[2024-01-31T15:32:50.372Z] Received message: []
[2024-01-31T15:33:50.380Z] Received message: []
[2024-01-31T15:34:50.384Z] Received message: []
[2024-01-31T15:35:50.387Z] Received message: []
[2024-01-31T15:36:50.391Z] Received message: []
[2024-01-31T15:37:50.394Z] Received message: []
[2024-01-31T15:38:50.398Z] Received message: []
[2024-01-31T15:39:50.402Z] Received message: []
[2024-01-31T15:40:50.406Z] Received message: []
[2024-01-31T15:41:50.410Z] Received message: []
[2024-01-31T15:42:50.413Z] Received message: []
[2024-01-31T15:43:50.416Z] Received message: []
[2024-01-31T15:44:50.419Z] Received message: []
[2024-01-31T15:45:50.423Z] Received message: []
[2024-01-31T15:46:50.426Z] Received message: []
[2024-01-31T15:47:50.430Z] Received message: []
[2024-01-31T15:48:50.438Z] Received message: []
[2024-01-31T15:49:50.441Z] Received message: []
[2024-01-31T15:50:50.442Z] Received message: []
[2024-01-31T15:51:50.445Z] Received message: []
[2024-01-31T15:52:50.448Z] Received message: []
[2024-01-31T15:53:50.452Z] Received message: []
[2024-01-31T15:54:50.455Z] Received message: []
[2024-01-31T15:55:50.458Z] Received message: []
[2024-01-31T15:56:50.462Z] Received message: []
[2024-01-31T15:57:50.469Z] Received message: []
[2024-01-31T15:58:50.473Z] Received message: []
[2024-01-31T15:59:50.478Z] Received message: []
[2024-01-31T16:00:50.482Z] Received message: []
[2024-01-31T16:01:50.487Z] Received message: []
[2024-01-31T16:02:50.490Z] Received message: []
[2024-01-31T16:03:50.497Z] Received message: []
[2024-01-31T16:04:50.515Z] Received message: []
[2024-01-31T16:05:50.528Z] Received message: []
[2024-01-31T16:06:50.532Z] Received message: []
[2024-01-31T16:07:50.537Z] Received message: []
[2024-01-31T16:08:50.541Z] Received message: []
[2024-01-31T16:09:50.544Z] Received message: []
[2024-01-31T16:10:50.548Z] Received message: []
[2024-01-31T16:11:50.552Z] Received message: []
[2024-01-31T16:12:50.556Z] Received message: []
[2024-01-31T16:13:50.560Z] Received message: []
[2024-01-31T16:14:50.564Z] Received message: []
[2024-01-31T16:15:50.567Z] Received message: []
[2024-01-31T16:16:50.570Z] Received message: []
[2024-01-31T16:17:50.574Z] Received message: []
[2024-01-31T16:18:50.577Z] Received message: []
[2024-01-31T16:19:50.579Z] Received message: []
[2024-01-31T16:20:50.583Z] Received message: []
[2024-01-31T16:21:50.588Z] Received message: []
[2024-01-31T16:22:50.592Z] Received message: []
[2024-01-31T16:23:50.596Z] Received message: []
[2024-01-31T16:24:50.599Z] Received message: []
[2024-01-31T16:25:50.601Z] Received message: []
[2024-01-31T16:26:50.602Z] Received message: []
[2024-01-31T16:27:50.604Z] Received message: []
[2024-01-31T16:28:50.605Z] Received message: []
[2024-01-31T16:29:50.607Z] Received message: []
[2024-01-31T16:30:50.609Z] Received message: []
[2024-01-31T16:31:50.610Z] Received message: []
[2024-01-31T16:32:50.613Z] Received message: []
[2024-01-31T16:33:50.615Z] Received message: []
[2024-01-31T16:34:50.618Z] Received message: []
[2024-01-31T16:35:50.625Z] Received message: []
[2024-01-31T16:36:50.629Z] Received message: []
[2024-01-31T16:37:50.634Z] Received message: []
[2024-01-31T16:38:50.638Z] Received message: []
[2024-01-31T16:39:50.642Z] Received message: []
[2024-01-31T16:40:50.649Z] Received message: []
[2024-01-31T16:41:50.652Z] Received message: []
[2024-01-31T16:42:50.657Z] Received message: []
[2024-01-31T16:43:50.661Z] Received message: []
[2024-01-31T16:44:50.666Z] Received message: []
[2024-01-31T16:45:50.671Z] Received message: []
[2024-01-31T16:46:50.675Z] Received message: []
[2024-01-31T16:47:50.681Z] Received message: []
[2024-01-31T16:48:50.685Z] Received message: []
[2024-01-31T16:49:50.686Z] Received message: []
[2024-01-31T16:50:50.688Z] Received message: []
[2024-01-31T16:51:50.690Z] Received message: []
[2024-01-31T16:52:50.695Z] Received message: []
[2024-01-31T16:53:50.697Z] Received message: []
[2024-01-31T16:54:50.699Z] Received message: []
[2024-01-31T16:55:50.700Z] Received message: []
[2024-01-31T16:56:50.704Z] Received message: []
[2024-01-31T16:57:50.708Z] Received message: []
[2024-01-31T16:58:50.711Z] Received message: []
[2024-01-31T16:59:50.715Z] Received message: []
[2024-01-31T17:00:50.719Z] Received message: []
[2024-01-31T17:01:50.723Z] Received message: []
[2024-01-31T17:02:50.727Z] Received message: []
[2024-01-31T17:03:50.731Z] Received message: []
[2024-01-31T17:04:50.736Z] Received message: []
[2024-01-31T17:05:50.741Z] Received message: []
[2024-01-31T17:06:50.747Z] Received message: []
[2024-01-31T17:07:50.753Z] Received message: []
[2024-01-31T17:08:50.759Z] Received message: []
[2024-01-31T17:09:50.765Z] Received message: []
[2024-01-31T17:10:50.771Z] Received message: []
[2024-01-31T17:11:50.776Z] Received message: []
[2024-01-31T17:12:50.781Z] Received message: []
[2024-01-31T17:13:50.786Z] Received message: []
[2024-01-31T17:14:50.791Z] Received message: []
[2024-01-31T17:15:50.797Z] Received message: []
[2024-01-31T17:16:50.801Z] Received message: []
[2024-01-31T17:17:50.808Z] Received message: []
[2024-01-31T17:18:50.812Z] Received message: []
[2024-01-31T17:19:50.816Z] Received message: []
[2024-01-31T17:20:50.819Z] Received message: []
[2024-01-31T17:21:50.823Z] Received message: []
[2024-01-31T17:22:50.830Z] Received message: []
[2024-01-31T17:23:50.834Z] Received message: []
[2024-01-31T17:24:50.837Z] Received message: []
[2024-01-31T17:25:50.842Z] Received message: []
[2024-01-31T17:26:50.846Z] Received message: []
[2024-01-31T17:27:50.849Z] Received message: []
[2024-01-31T17:28:50.856Z] Received message: []
[2024-01-31T17:29:50.862Z] Received message: []
[2024-01-31T17:30:50.866Z] Received message: []
[2024-01-31T17:31:50.870Z] Received message: []
[2024-01-31T17:32:50.874Z] Received message: []
[2024-01-31T17:33:50.877Z] Received message: []
[2024-01-31T17:34:50.881Z] Received message: []
[2024-01-31T17:35:50.886Z] Received message: []
[2024-01-31T17:36:50.890Z] Received message: []
[2024-01-31T17:37:50.899Z] Received message: []
[2024-01-31T17:38:50.903Z] Received message: []
[2024-01-31T17:39:50.906Z] Received message: []
[2024-01-31T17:40:50.910Z] Received message: []
[2024-01-31T17:41:50.914Z] Received message: []
[2024-01-31T17:42:50.918Z] Received message: []
[2024-01-31T17:43:50.921Z] Received message: []
[2024-01-31T17:44:50.925Z] Received message: []
[2024-01-31T17:45:50.928Z] Received message: []
[2024-01-31T17:46:50.929Z] Received message: []
[2024-01-31T17:47:50.941Z] Received message: []
[2024-01-31T17:48:50.945Z] Received message: []
[2024-01-31T17:49:50.947Z] Received message: []
[2024-01-31T17:50:50.952Z] Received message: []
[2024-01-31T17:51:50.957Z] Received message: []
[2024-01-31T17:52:50.962Z] Received message: []
[2024-01-31T17:53:50.967Z] Received message: []
[2024-01-31T17:54:50.971Z] Received message: []
[2024-01-31T17:55:50.981Z] Received message: []
[2024-01-31T17:56:50.983Z] Received message: []
[2024-01-31T17:57:50.986Z] Received message: []
[2024-01-31T17:58:50.989Z] Received message: []
[2024-01-31T17:59:50.991Z] Received message: []
[2024-01-31T18:00:50.995Z] Received message: []
[2024-01-31T18:01:35.344Z] Received message: [{"type":"cleanup"}]
[2024-01-31T18:01:35.345Z] Cleaning up after 92414832 ms...
[2024-01-31T18:01:35.345Z] Delaying for 10000 ms.
[2024-01-31T18:01:45.358Z] Start: Run in container: /bin/sh
[2024-01-31T18:01:45.364Z] Start: Run in container: for pid in `cd /proc && ls -d [0-9]*`; do { echo $pid ; readlink /proc/$pid/cwd || echo ; readlink /proc/$pid/ns/mnt || echo ; cat /proc/$pid/stat | tr "
[2024-01-31T18:01:45.518Z] Stop (154 ms): Run in container: for pid in `cd /proc && ls -d [0-9]*`; do { echo $pid ; readlink /proc/$pid/cwd || echo ; readlink /proc/$pid/ns/mnt || echo ; cat /proc/$pid/stat | tr "
[2024-01-31T18:01:45.521Z] Done.
[2024-01-31T18:01:45.523Z] Error confirming to extension: Error: connect ENOENT /run/user/798000122/vscode-remote-containers-5dc345a3-855e-4097-8ee6-bdb1dfe4fd33.sock
    at PipeConnectWrap.afterConnect [as oncomplete] (node:net:1494:16)
