2024-01-30 11:21:21.432 [info] Configuration changed
2024-01-30 11:21:21.636 [info] Configuration changed
2024-01-30 11:21:21.641 [info] Configuration changed
2024-01-30 11:21:23.111 [info] /workspaces/spotrflow/.vscode/c_cpp_properties.json closed
2024-01-30 11:24:22.534 [info] /workspaces/spotrflow/.devcontainer/cuda122/devcontainer.json closed
2024-01-30 11:24:22.534 [info] /workspaces/spotrflow/.devcontainer/cuda102/devcontainer.json closed
2024-01-30 11:24:22.535 [info] /workspaces/spotrflow/.devcontainer/cuda114/devcontainer.json closed
2024-01-30 11:24:22.945 [info] /workspaces/spotrflow/.vscode/c_cpp_properties.json closed
2024-01-30 13:56:29.286 [info] extension-output-ms-vscode.cmake-tools-#1-CMake/Build closed
2024-01-30 13:56:40.673 [info] Configuration changed
2024-01-30 13:56:43.396 [info] Configuration changed
2024-01-31 12:56:11.018 [info] Active editor: vscode-remote://dev-container%2B7b22686f737450617468223a222f686f6d652f6e6d75727261792f636f64652f73706f7472666c6f77222c226c6f63616c446f636b6572223a66616c73652c22636f6e66696746696c65223a7b22246d6964223a312c22667350617468223a222f686f6d652f6e6d75727261792f636f64652f73706f7472666c6f772f2e646576636f6e7461696e65722f637564613132322f646576636f6e7461696e65722e6a736f6e222c2270617468223a222f686f6d652f6e6d75727261792f636f64652f73706f7472666c6f772f2e646576636f6e7461696e65722f637564613132322f646576636f6e7461696e65722e6a736f6e222c22736368656d65223a2266696c65227d7d/workspaces/spotrflow/Deployment/Graphs/scripts/2024_01_15_large_image_ship_eo_reid_c.sh
2024-01-31 12:56:30.673 [info] Executing :w
2024-01-31 12:56:56.760 [info] Configuration changed
2024-01-31 12:57:19.289 [info] Active editor: vscode-remote://dev-container%2B7b22686f737450617468223a222f686f6d652f6e6d75727261792f636f64652f73706f7472666c6f77222c226c6f63616c446f636b6572223a66616c73652c22636f6e66696746696c65223a7b22246d6964223a312c22667350617468223a222f686f6d652f6e6d75727261792f636f64652f73706f7472666c6f772f2e646576636f6e7461696e65722f637564613132322f646576636f6e7461696e65722e6a736f6e222c2270617468223a222f686f6d652f6e6d75727261792f636f64652f73706f7472666c6f772f2e646576636f6e7461696e65722f637564613132322f646576636f6e7461696e65722e6a736f6e222c22736368656d65223a2266696c65227d7d/workspaces/spotrflow/gen_graph.sh
2024-01-31 12:57:19.303 [info] /workspaces/spotrflow/Deployment/Graphs/scripts/2024_01_15_large_image_ship_eo_reid_c.sh.git closed
2024-01-31 12:59:41.499 [info] Active editor: output:extension-output-ms-vscode.cmake-tools-%231-CMake/Build
2024-01-31 13:00:17.662 [info] Active editor: vscode-remote://dev-container%2B7b22686f737450617468223a222f686f6d652f6e6d75727261792f636f64652f73706f7472666c6f77222c226c6f63616c446f636b6572223a66616c73652c22636f6e66696746696c65223a7b22246d6964223a312c22667350617468223a222f686f6d652f6e6d75727261792f636f64652f73706f7472666c6f772f2e646576636f6e7461696e65722f637564613132322f646576636f6e7461696e65722e6a736f6e222c2270617468223a222f686f6d652f6e6d75727261792f636f64652f73706f7472666c6f772f2e646576636f6e7461696e65722f637564613132322f646576636f6e7461696e65722e6a736f6e222c22736368656d65223a2266696c65227d7d/workspaces/spotrflow/gen_graph.sh
2024-01-31 13:00:17.680 [info] extension-output-ms-vscode.cmake-tools-#1-CMake/Build closed
2024-01-31 13:00:25.150 [info] Active editor: vscode-remote://dev-container%2B7b22686f737450617468223a222f686f6d652f6e6d75727261792f636f64652f73706f7472666c6f77222c226c6f63616c446f636b6572223a66616c73652c22636f6e66696746696c65223a7b22246d6964223a312c22667350617468223a222f686f6d652f6e6d75727261792f636f64652f73706f7472666c6f772f2e646576636f6e7461696e65722f637564613132322f646576636f6e7461696e65722e6a736f6e222c2270617468223a222f686f6d652f6e6d75727261792f636f64652f73706f7472666c6f772f2e646576636f6e7461696e65722f637564613132322f646576636f6e7461696e65722e6a736f6e222c22736368656d65223a2266696c65227d7d/workspaces/spotrflow/Deployment/Graphs/scripts/2024_01_15_large_image_ship_eo_reid_c.sh
