2024-01-22 16:13:11.012 [warning] Via 'product.json#extensionEnabledApiProposals' extension 'ms-python.python' wants API proposal 'registerIssueDataProvider' but that proposal DOES NOT EXIST. Likely, the proposal has been finalized (check 'vscode.d.ts') or was abandoned.
2024-01-22 16:13:11.249 [info] Started local extension host with pid 128868.
2024-01-22 16:13:11.468 [info] Invoking resolveAuthority(dev-container)...
2024-01-22 16:13:11.468 [info] [LocalProcess0][resolveAuthority(dev-container,1)][0ms] obtaining proxy...
2024-01-22 16:13:11.468 [info] [LocalProcess0][resolveAuthority(dev-container,1)][1ms] invoking...
2024-01-22 16:13:12.457 [info] [LocalProcess0][resolveAuthority(dev-container,1)][1001ms] waiting...
2024-01-22 16:13:12.788 [info] [LocalProcess0][resolveAuthority(dev-container,1)][1331ms] returned WebSocket(127.0.0.1:42251)
2024-01-22 16:13:12.788 [info] resolveAuthority(dev-container) returned 'WebSocket(127.0.0.1:42251)' after 1331 ms
2024-01-22 16:13:12.788 [info] Creating a socket (renderer-Management-cc526be2-071b-43c3-b6c6-a7585c06e376)...
2024-01-22 16:13:12.789 [info] Creating a socket (renderer-ExtensionHost-0650fa21-e256-4232-9774-08df566fb07b)...
2024-01-22 16:13:12.916 [info] Creating a socket (renderer-Management-cc526be2-071b-43c3-b6c6-a7585c06e376) was successful after 127 ms.
2024-01-22 16:13:13.181 [info] Creating a socket (renderer-ExtensionHost-0650fa21-e256-4232-9774-08df566fb07b) was successful after 391 ms.
2024-01-22 16:13:13.256 [warning] [twxs.cmake]: Cannot register 'cmake.cmakePath'. This property is already registered.
2024-01-22 16:13:14.442 [warning] [cmake-tools]: Couldn't find message for key cmake-tools.configuration.cmake.options.advanced.statusBarVisibility.variant.description.
2024-01-22 16:13:17.951 [info] [perf] Render performance baseline is 45ms
2024-01-22 16:13:19.284 [error] [Extension Host] [CMakeTools] 2024-01-22T21:13:19.252Z [error] [cmake] Detected Multi-Config Generator. Project Binary dir: /workspaces/spotrflow/Build, Make program: /usr/bin/ninja
2024-01-22 16:13:25.479 [info] [remote-connection][ExtensionHost][0650f…][reconnect] received socket close event (wasClean: false, code: 1006, reason: ).
2024-01-22 16:13:25.480 [error] {"isTrusted":true}
2024-01-22 16:13:25.480 [info] [remote-connection][ExtensionHost][0650f…][reconnect] starting reconnecting loop. You can get more information with the trace log level.
2024-01-22 16:13:25.480 [info] [remote-connection][ExtensionHost][0650f…][reconnect] resolving connection...
2024-01-22 16:13:25.481 [info] [remote-connection][ExtensionHost][0650f…][reconnect] connecting to WebSocket(127.0.0.1:42251)...
2024-01-22 16:13:25.481 [info] Creating a socket (renderer-ExtensionHost-0650fa21-e256-4232-9774-08df566fb07b)...
2024-01-22 16:13:25.482 [info] [remote-connection][Management   ][cc526…][reconnect] received socket close event (wasClean: false, code: 1006, reason: ).
2024-01-22 16:13:25.482 [error] {"isTrusted":true}
2024-01-22 16:13:25.483 [info] [remote-connection][Management   ][cc526…][reconnect] starting reconnecting loop. You can get more information with the trace log level.
2024-01-22 16:13:25.484 [info] [remote-connection][Management   ][cc526…][reconnect] resolving connection...
2024-01-22 16:13:25.485 [info] Invoking resolveAuthority(dev-container)...
2024-01-22 16:13:25.485 [info] [LocalProcess0][resolveAuthority(dev-container,2)][0ms] obtaining proxy...
2024-01-22 16:13:25.485 [info] [LocalProcess0][resolveAuthority(dev-container,2)][1ms] invoking...
2024-01-22 16:13:25.558 [info] [LocalProcess0][resolveAuthority(dev-container,2)][73ms] returned WebSocket(127.0.0.1:42251)
2024-01-22 16:13:25.559 [info] resolveAuthority(dev-container) returned 'WebSocket(127.0.0.1:42251)' after 74 ms
2024-01-22 16:13:25.559 [info] [remote-connection][Management   ][cc526…][reconnect] connecting to WebSocket(127.0.0.1:42251)...
2024-01-22 16:13:25.559 [info] Creating a socket (renderer-Management-cc526be2-071b-43c3-b6c6-a7585c06e376)...
2024-01-22 16:13:25.629 [info] Creating a socket (renderer-ExtensionHost-0650fa21-e256-4232-9774-08df566fb07b) was successful after 149 ms.
2024-01-22 16:13:25.652 [info] [remote-connection][ExtensionHost][0650f…][reconnect] reconnected!
2024-01-22 16:13:25.792 [info] Creating a socket (renderer-Management-cc526be2-071b-43c3-b6c6-a7585c06e376) was successful after 234 ms.
2024-01-22 16:13:25.803 [info] [remote-connection][Management   ][cc526…][reconnect] reconnected!
2024-01-22 16:14:20.492 [info] [remote-connection][ExtensionHost][0650f…][reconnect] received socket close event (wasClean: false, code: 1006, reason: ).
2024-01-22 16:14:20.493 [error] {"isTrusted":true}
2024-01-22 16:14:20.493 [info] [remote-connection][ExtensionHost][0650f…][reconnect] starting reconnecting loop. You can get more information with the trace log level.
2024-01-22 16:14:20.493 [info] [remote-connection][ExtensionHost][0650f…][reconnect] resolving connection...
2024-01-22 16:14:20.493 [info] [remote-connection][ExtensionHost][0650f…][reconnect] connecting to WebSocket(127.0.0.1:42251)...
2024-01-22 16:14:20.493 [info] Creating a socket (renderer-ExtensionHost-0650fa21-e256-4232-9774-08df566fb07b)...
2024-01-22 16:14:20.494 [info] [remote-connection][Management   ][cc526…][reconnect] received socket close event (wasClean: false, code: 1006, reason: ).
2024-01-22 16:14:20.494 [error] {"isTrusted":true}
2024-01-22 16:14:20.495 [info] [remote-connection][Management   ][cc526…][reconnect] starting reconnecting loop. You can get more information with the trace log level.
2024-01-22 16:14:20.495 [info] [remote-connection][Management   ][cc526…][reconnect] resolving connection...
2024-01-22 16:14:20.496 [info] Invoking resolveAuthority(dev-container)...
2024-01-22 16:14:20.496 [info] [LocalProcess0][resolveAuthority(dev-container,3)][0ms] obtaining proxy...
2024-01-22 16:14:20.496 [info] [LocalProcess0][resolveAuthority(dev-container,3)][1ms] invoking...
2024-01-22 16:14:20.527 [info] [LocalProcess0][resolveAuthority(dev-container,3)][31ms] returned WebSocket(127.0.0.1:42251)
2024-01-22 16:14:20.527 [info] resolveAuthority(dev-container) returned 'WebSocket(127.0.0.1:42251)' after 31 ms
2024-01-22 16:14:20.527 [info] [remote-connection][Management   ][cc526…][reconnect] connecting to WebSocket(127.0.0.1:42251)...
2024-01-22 16:14:20.527 [info] Creating a socket (renderer-Management-cc526be2-071b-43c3-b6c6-a7585c06e376)...
2024-01-22 16:14:20.619 [info] Creating a socket (renderer-ExtensionHost-0650fa21-e256-4232-9774-08df566fb07b) was successful after 126 ms.
2024-01-22 16:14:20.637 [info] [remote-connection][ExtensionHost][0650f…][reconnect] reconnected!
2024-01-22 16:14:40.768 [info] Creating a socket (renderer-Management-cc526be2-071b-43c3-b6c6-a7585c06e376) was successful after 20241 ms.
2024-01-22 16:14:40.779 [info] [remote-connection][Management   ][cc526…][reconnect] reconnected!
2024-01-22 16:15:09.457 [info] [remote-connection][Management   ][cc526…][reconnect] received socket close event (wasClean: false, code: 1006, reason: ).
2024-01-22 16:15:09.488 [error] {"isTrusted":true}
2024-01-22 16:15:09.488 [info] [remote-connection][Management   ][cc526…][reconnect] starting reconnecting loop. You can get more information with the trace log level.
2024-01-22 16:15:09.489 [info] [remote-connection][Management   ][cc526…][reconnect] resolving connection...
2024-01-22 16:15:09.489 [info] Invoking resolveAuthority(dev-container)...
2024-01-22 16:15:09.489 [info] [LocalProcess0][resolveAuthority(dev-container,4)][0ms] obtaining proxy...
2024-01-22 16:15:09.489 [info] [LocalProcess0][resolveAuthority(dev-container,4)][1ms] invoking...
2024-01-22 16:15:09.493 [info] [remote-connection][ExtensionHost][0650f…][reconnect] received socket close event (wasClean: false, code: 1006, reason: ).
2024-01-22 16:15:09.494 [error] {"isTrusted":true}
2024-01-22 16:15:09.494 [info] [remote-connection][ExtensionHost][0650f…][reconnect] starting reconnecting loop. You can get more information with the trace log level.
2024-01-22 16:15:09.494 [info] [remote-connection][ExtensionHost][0650f…][reconnect] resolving connection...
2024-01-22 16:15:09.515 [info] [LocalProcess0][resolveAuthority(dev-container,4)][26ms] returned WebSocket(127.0.0.1:42251)
2024-01-22 16:15:09.515 [info] resolveAuthority(dev-container) returned 'WebSocket(127.0.0.1:42251)' after 26 ms
2024-01-22 16:15:09.515 [info] [remote-connection][Management   ][cc526…][reconnect] connecting to WebSocket(127.0.0.1:42251)...
2024-01-22 16:15:09.516 [info] Creating a socket (renderer-Management-cc526be2-071b-43c3-b6c6-a7585c06e376)...
2024-01-22 16:15:09.516 [info] [remote-connection][ExtensionHost][0650f…][reconnect] connecting to WebSocket(127.0.0.1:42251)...
2024-01-22 16:15:09.516 [info] Creating a socket (renderer-ExtensionHost-0650fa21-e256-4232-9774-08df566fb07b)...
2024-01-22 16:15:09.615 [info] Creating a socket (renderer-Management-cc526be2-071b-43c3-b6c6-a7585c06e376) was successful after 99 ms.
2024-01-22 16:15:09.633 [info] [remote-connection][Management   ][cc526…][reconnect] reconnected!
2024-01-22 16:15:29.713 [info] Extension host (Remote) is unresponsive.
2024-01-22 16:15:29.768 [info] Creating a socket (renderer-ExtensionHost-0650fa21-e256-4232-9774-08df566fb07b) was successful after 20252 ms.
2024-01-22 16:15:29.777 [info] [remote-connection][ExtensionHost][0650f…][reconnect] reconnected!
2024-01-22 16:15:29.820 [info] Extension host (Remote) is responsive.
2024-01-22 16:15:59.458 [info] [remote-connection][ExtensionHost][0650f…][reconnect] received socket close event (wasClean: false, code: 1006, reason: ).
2024-01-22 16:15:59.490 [error] {"isTrusted":true}
2024-01-22 16:15:59.490 [info] [remote-connection][ExtensionHost][0650f…][reconnect] starting reconnecting loop. You can get more information with the trace log level.
2024-01-22 16:15:59.491 [info] [remote-connection][ExtensionHost][0650f…][reconnect] resolving connection...
2024-01-22 16:15:59.491 [info] [remote-connection][ExtensionHost][0650f…][reconnect] connecting to WebSocket(127.0.0.1:42251)...
2024-01-22 16:15:59.491 [info] Creating a socket (renderer-ExtensionHost-0650fa21-e256-4232-9774-08df566fb07b)...
2024-01-22 16:15:59.492 [info] [remote-connection][Management   ][cc526…][reconnect] received socket close event (wasClean: false, code: 1006, reason: ).
2024-01-22 16:15:59.492 [error] {"isTrusted":true}
2024-01-22 16:15:59.492 [info] [remote-connection][Management   ][cc526…][reconnect] starting reconnecting loop. You can get more information with the trace log level.
2024-01-22 16:15:59.492 [info] [remote-connection][Management   ][cc526…][reconnect] resolving connection...
2024-01-22 16:15:59.493 [info] Invoking resolveAuthority(dev-container)...
2024-01-22 16:15:59.493 [info] [LocalProcess0][resolveAuthority(dev-container,5)][0ms] obtaining proxy...
2024-01-22 16:15:59.493 [info] [LocalProcess0][resolveAuthority(dev-container,5)][0ms] invoking...
2024-01-22 16:15:59.516 [info] [LocalProcess0][resolveAuthority(dev-container,5)][24ms] returned WebSocket(127.0.0.1:42251)
2024-01-22 16:15:59.516 [info] resolveAuthority(dev-container) returned 'WebSocket(127.0.0.1:42251)' after 25 ms
2024-01-22 16:15:59.517 [info] [remote-connection][Management   ][cc526…][reconnect] connecting to WebSocket(127.0.0.1:42251)...
2024-01-22 16:15:59.517 [info] Creating a socket (renderer-Management-cc526be2-071b-43c3-b6c6-a7585c06e376)...
2024-01-22 16:15:59.572 [info] Creating a socket (renderer-ExtensionHost-0650fa21-e256-4232-9774-08df566fb07b) was successful after 81 ms.
2024-01-22 16:15:59.592 [info] [remote-connection][ExtensionHost][0650f…][reconnect] reconnected!
2024-01-22 16:16:19.635 [info] Extension host (Remote) is unresponsive.
2024-01-22 16:16:19.664 [info] Extension host (Remote) is responsive.
2024-01-22 16:16:19.803 [info] Creating a socket (renderer-Management-cc526be2-071b-43c3-b6c6-a7585c06e376) was successful after 20286 ms.
2024-01-22 16:16:19.812 [info] [remote-connection][Management   ][cc526…][reconnect] reconnected!
2024-01-22 20:08:29.570 [info] [remote-connection][Management   ][cc526…][reconnect] received socket close event (wasClean: false, code: 1006, reason: ).
2024-01-22 20:08:29.570 [error] {"isTrusted":true}
2024-01-22 20:08:29.570 [info] [remote-connection][Management   ][cc526…][reconnect] starting reconnecting loop. You can get more information with the trace log level.
2024-01-22 20:08:29.571 [info] [remote-connection][Management   ][cc526…][reconnect] resolving connection...
2024-01-22 20:08:29.571 [info] Invoking resolveAuthority(dev-container)...
2024-01-22 20:08:29.571 [info] [LocalProcess0][resolveAuthority(dev-container,6)][0ms] obtaining proxy...
2024-01-22 20:08:29.571 [info] [LocalProcess0][resolveAuthority(dev-container,6)][0ms] invoking...
2024-01-22 20:08:29.576 [info] [remote-connection][ExtensionHost][0650f…][reconnect] received socket close event (wasClean: false, code: 1006, reason: ).
2024-01-22 20:08:29.576 [error] {"isTrusted":true}
2024-01-22 20:08:29.576 [info] [remote-connection][ExtensionHost][0650f…][reconnect] starting reconnecting loop. You can get more information with the trace log level.
2024-01-22 20:08:29.576 [info] [remote-connection][ExtensionHost][0650f…][reconnect] resolving connection...
2024-01-22 20:08:29.605 [info] [LocalProcess0][resolveAuthority(dev-container,6)][35ms] returned WebSocket(127.0.0.1:42251)
2024-01-22 20:08:29.606 [info] resolveAuthority(dev-container) returned 'WebSocket(127.0.0.1:42251)' after 35 ms
2024-01-22 20:08:29.606 [info] [remote-connection][Management   ][cc526…][reconnect] connecting to WebSocket(127.0.0.1:42251)...
2024-01-22 20:08:29.606 [info] Creating a socket (renderer-Management-cc526be2-071b-43c3-b6c6-a7585c06e376)...
2024-01-22 20:08:29.606 [info] [remote-connection][ExtensionHost][0650f…][reconnect] connecting to WebSocket(127.0.0.1:42251)...
2024-01-22 20:08:29.606 [info] Creating a socket (renderer-ExtensionHost-0650fa21-e256-4232-9774-08df566fb07b)...
2024-01-22 20:08:29.753 [info] Creating a socket (renderer-Management-cc526be2-071b-43c3-b6c6-a7585c06e376) was successful after 147 ms.
2024-01-22 20:08:29.764 [info] [remote-connection][Management   ][cc526…][reconnect] reconnected!
2024-01-22 20:08:29.903 [info] Creating a socket (renderer-ExtensionHost-0650fa21-e256-4232-9774-08df566fb07b) was successful after 297 ms.
2024-01-22 20:08:29.912 [info] [remote-connection][ExtensionHost][0650f…][reconnect] reconnected!
2024-01-22 20:08:56.453 [info] [remote-connection][ExtensionHost][0650f…][reconnect] received socket close event (wasClean: false, code: 1006, reason: ).
2024-01-22 20:08:56.479 [error] {"isTrusted":true}
2024-01-22 20:08:56.479 [info] [remote-connection][ExtensionHost][0650f…][reconnect] starting reconnecting loop. You can get more information with the trace log level.
2024-01-22 20:08:56.479 [info] [remote-connection][ExtensionHost][0650f…][reconnect] resolving connection...
2024-01-22 20:08:56.479 [info] [remote-connection][ExtensionHost][0650f…][reconnect] connecting to WebSocket(127.0.0.1:42251)...
2024-01-22 20:08:56.479 [info] Creating a socket (renderer-ExtensionHost-0650fa21-e256-4232-9774-08df566fb07b)...
2024-01-22 20:08:56.479 [info] [remote-connection][Management   ][cc526…][reconnect] received socket close event (wasClean: false, code: 1006, reason: ).
2024-01-22 20:08:56.479 [error] {"isTrusted":true}
2024-01-22 20:08:56.479 [info] [remote-connection][Management   ][cc526…][reconnect] starting reconnecting loop. You can get more information with the trace log level.
2024-01-22 20:08:56.480 [info] [remote-connection][Management   ][cc526…][reconnect] resolving connection...
2024-01-22 20:08:56.480 [info] Invoking resolveAuthority(dev-container)...
2024-01-22 20:08:56.480 [info] [LocalProcess0][resolveAuthority(dev-container,7)][0ms] obtaining proxy...
2024-01-22 20:08:56.480 [info] [LocalProcess0][resolveAuthority(dev-container,7)][0ms] invoking...
2024-01-22 20:08:56.499 [info] [LocalProcess0][resolveAuthority(dev-container,7)][19ms] returned WebSocket(127.0.0.1:42251)
2024-01-22 20:08:56.500 [info] resolveAuthority(dev-container) returned 'WebSocket(127.0.0.1:42251)' after 19 ms
2024-01-22 20:08:56.500 [info] [remote-connection][Management   ][cc526…][reconnect] connecting to WebSocket(127.0.0.1:42251)...
2024-01-22 20:08:56.500 [info] Creating a socket (renderer-Management-cc526be2-071b-43c3-b6c6-a7585c06e376)...
2024-01-22 20:08:56.558 [info] Creating a socket (renderer-ExtensionHost-0650fa21-e256-4232-9774-08df566fb07b) was successful after 78 ms.
2024-01-22 20:08:56.566 [info] [remote-connection][ExtensionHost][0650f…][reconnect] reconnected!
2024-01-22 20:08:56.621 [info] Creating a socket (renderer-Management-cc526be2-071b-43c3-b6c6-a7585c06e376) was successful after 121 ms.
2024-01-22 20:08:56.628 [info] [remote-connection][Management   ][cc526…][reconnect] reconnected!
2024-01-22 20:09:47.454 [info] [remote-connection][ExtensionHost][0650f…][reconnect] received socket close event (wasClean: false, code: 1006, reason: ).
2024-01-22 20:09:47.482 [error] {"isTrusted":true}
2024-01-22 20:09:47.482 [info] [remote-connection][ExtensionHost][0650f…][reconnect] starting reconnecting loop. You can get more information with the trace log level.
2024-01-22 20:09:47.483 [info] [remote-connection][ExtensionHost][0650f…][reconnect] resolving connection...
2024-01-22 20:09:47.483 [info] [remote-connection][ExtensionHost][0650f…][reconnect] connecting to WebSocket(127.0.0.1:42251)...
2024-01-22 20:09:47.483 [info] Creating a socket (renderer-ExtensionHost-0650fa21-e256-4232-9774-08df566fb07b)...
2024-01-22 20:09:47.483 [info] [remote-connection][Management   ][cc526…][reconnect] received socket close event (wasClean: false, code: 1006, reason: ).
2024-01-22 20:09:47.484 [error] {"isTrusted":true}
2024-01-22 20:09:47.484 [info] [remote-connection][Management   ][cc526…][reconnect] starting reconnecting loop. You can get more information with the trace log level.
2024-01-22 20:09:47.484 [info] [remote-connection][Management   ][cc526…][reconnect] resolving connection...
2024-01-22 20:09:47.484 [info] Invoking resolveAuthority(dev-container)...
2024-01-22 20:09:47.485 [info] [LocalProcess0][resolveAuthority(dev-container,8)][0ms] obtaining proxy...
2024-01-22 20:09:47.485 [info] [LocalProcess0][resolveAuthority(dev-container,8)][0ms] invoking...
2024-01-22 20:09:47.507 [info] [LocalProcess0][resolveAuthority(dev-container,8)][24ms] returned WebSocket(127.0.0.1:42251)
2024-01-22 20:09:47.508 [info] resolveAuthority(dev-container) returned 'WebSocket(127.0.0.1:42251)' after 24 ms
2024-01-22 20:09:47.508 [info] [remote-connection][Management   ][cc526…][reconnect] connecting to WebSocket(127.0.0.1:42251)...
2024-01-22 20:09:47.508 [info] Creating a socket (renderer-Management-cc526be2-071b-43c3-b6c6-a7585c06e376)...
2024-01-22 20:09:47.604 [info] Creating a socket (renderer-ExtensionHost-0650fa21-e256-4232-9774-08df566fb07b) was successful after 121 ms.
2024-01-22 20:09:47.622 [info] [remote-connection][ExtensionHost][0650f…][reconnect] reconnected!
2024-01-22 20:09:47.774 [info] Creating a socket (renderer-Management-cc526be2-071b-43c3-b6c6-a7585c06e376) was successful after 267 ms.
2024-01-22 20:09:47.784 [info] [remote-connection][Management   ][cc526…][reconnect] reconnected!
2024-01-22 20:10:37.455 [info] [remote-connection][Management   ][cc526…][reconnect] received socket close event (wasClean: false, code: 1006, reason: ).
2024-01-22 20:10:37.487 [error] {"isTrusted":true}
2024-01-22 20:10:37.487 [info] [remote-connection][Management   ][cc526…][reconnect] starting reconnecting loop. You can get more information with the trace log level.
2024-01-22 20:10:37.488 [info] [remote-connection][Management   ][cc526…][reconnect] resolving connection...
2024-01-22 20:10:37.488 [info] Invoking resolveAuthority(dev-container)...
2024-01-22 20:10:37.488 [info] [LocalProcess0][resolveAuthority(dev-container,9)][0ms] obtaining proxy...
2024-01-22 20:10:37.488 [info] [LocalProcess0][resolveAuthority(dev-container,9)][1ms] invoking...
2024-01-22 20:10:37.493 [info] [remote-connection][ExtensionHost][0650f…][reconnect] received socket close event (wasClean: false, code: 1006, reason: ).
2024-01-22 20:10:37.493 [error] {"isTrusted":true}
2024-01-22 20:10:37.493 [info] [remote-connection][ExtensionHost][0650f…][reconnect] starting reconnecting loop. You can get more information with the trace log level.
2024-01-22 20:10:37.493 [info] [remote-connection][ExtensionHost][0650f…][reconnect] resolving connection...
2024-01-22 20:10:37.511 [info] [LocalProcess0][resolveAuthority(dev-container,9)][23ms] returned WebSocket(127.0.0.1:42251)
2024-01-22 20:10:37.511 [info] resolveAuthority(dev-container) returned 'WebSocket(127.0.0.1:42251)' after 23 ms
2024-01-22 20:10:37.511 [info] [remote-connection][Management   ][cc526…][reconnect] connecting to WebSocket(127.0.0.1:42251)...
2024-01-22 20:10:37.511 [info] Creating a socket (renderer-Management-cc526be2-071b-43c3-b6c6-a7585c06e376)...
2024-01-22 20:10:37.511 [info] [remote-connection][ExtensionHost][0650f…][reconnect] connecting to WebSocket(127.0.0.1:42251)...
2024-01-22 20:10:37.511 [info] Creating a socket (renderer-ExtensionHost-0650fa21-e256-4232-9774-08df566fb07b)...
2024-01-22 20:10:37.649 [info] Creating a socket (renderer-Management-cc526be2-071b-43c3-b6c6-a7585c06e376) was successful after 139 ms.
2024-01-22 20:10:37.668 [info] [remote-connection][Management   ][cc526…][reconnect] reconnected!
2024-01-22 20:10:37.780 [info] Creating a socket (renderer-ExtensionHost-0650fa21-e256-4232-9774-08df566fb07b) was successful after 268 ms.
2024-01-22 20:10:37.791 [info] [remote-connection][ExtensionHost][0650f…][reconnect] reconnected!
2024-01-22 20:11:18.760 [info] [remote-connection][ExtensionHost][0650f…][reconnect] received socket close event (wasClean: false, code: 1006, reason: ).
2024-01-22 20:11:18.786 [error] {"isTrusted":true}
2024-01-22 20:11:18.786 [info] [remote-connection][ExtensionHost][0650f…][reconnect] starting reconnecting loop. You can get more information with the trace log level.
2024-01-22 20:11:18.786 [info] [remote-connection][ExtensionHost][0650f…][reconnect] resolving connection...
2024-01-22 20:11:18.787 [info] [remote-connection][ExtensionHost][0650f…][reconnect] connecting to WebSocket(127.0.0.1:42251)...
2024-01-22 20:11:18.787 [info] Creating a socket (renderer-ExtensionHost-0650fa21-e256-4232-9774-08df566fb07b)...
2024-01-22 20:11:18.787 [info] [remote-connection][Management   ][cc526…][reconnect] received socket close event (wasClean: false, code: 1006, reason: ).
2024-01-22 20:11:18.787 [error] {"isTrusted":true}
2024-01-22 20:11:18.787 [info] [remote-connection][Management   ][cc526…][reconnect] starting reconnecting loop. You can get more information with the trace log level.
2024-01-22 20:11:18.787 [info] [remote-connection][Management   ][cc526…][reconnect] resolving connection...
2024-01-22 20:11:18.788 [info] Invoking resolveAuthority(dev-container)...
2024-01-22 20:11:18.788 [info] [LocalProcess0][resolveAuthority(dev-container,10)][0ms] obtaining proxy...
2024-01-22 20:11:18.788 [info] [LocalProcess0][resolveAuthority(dev-container,10)][0ms] invoking...
2024-01-22 20:11:18.814 [info] [LocalProcess0][resolveAuthority(dev-container,10)][27ms] returned WebSocket(127.0.0.1:42251)
2024-01-22 20:11:18.814 [info] resolveAuthority(dev-container) returned 'WebSocket(127.0.0.1:42251)' after 27 ms
2024-01-22 20:11:18.814 [info] [remote-connection][Management   ][cc526…][reconnect] connecting to WebSocket(127.0.0.1:42251)...
2024-01-22 20:11:18.815 [info] Creating a socket (renderer-Management-cc526be2-071b-43c3-b6c6-a7585c06e376)...
2024-01-22 20:11:18.850 [info] Creating a socket (renderer-ExtensionHost-0650fa21-e256-4232-9774-08df566fb07b) was successful after 63 ms.
2024-01-22 20:11:18.858 [info] [remote-connection][ExtensionHost][0650f…][reconnect] reconnected!
2024-01-22 20:11:18.968 [info] Creating a socket (renderer-Management-cc526be2-071b-43c3-b6c6-a7585c06e376) was successful after 153 ms.
2024-01-22 20:11:18.975 [info] [remote-connection][Management   ][cc526…][reconnect] reconnected!
2024-01-22 20:12:01.602 [info] [remote-connection][Management   ][cc526…][reconnect] received socket close event (wasClean: false, code: 1006, reason: ).
2024-01-22 20:12:01.626 [error] {"isTrusted":true}
2024-01-22 20:12:01.627 [info] [remote-connection][Management   ][cc526…][reconnect] starting reconnecting loop. You can get more information with the trace log level.
2024-01-22 20:12:01.627 [info] [remote-connection][Management   ][cc526…][reconnect] resolving connection...
2024-01-22 20:12:01.627 [info] Invoking resolveAuthority(dev-container)...
2024-01-22 20:12:01.627 [info] [LocalProcess0][resolveAuthority(dev-container,11)][0ms] obtaining proxy...
2024-01-22 20:12:01.627 [info] [LocalProcess0][resolveAuthority(dev-container,11)][0ms] invoking...
2024-01-22 20:12:01.628 [info] [remote-connection][ExtensionHost][0650f…][reconnect] received socket close event (wasClean: false, code: 1006, reason: ).
2024-01-22 20:12:01.628 [error] {"isTrusted":true}
2024-01-22 20:12:01.628 [info] [remote-connection][ExtensionHost][0650f…][reconnect] starting reconnecting loop. You can get more information with the trace log level.
2024-01-22 20:12:01.628 [info] [remote-connection][ExtensionHost][0650f…][reconnect] resolving connection...
2024-01-22 20:12:01.646 [info] [LocalProcess0][resolveAuthority(dev-container,11)][18ms] returned WebSocket(127.0.0.1:42251)
2024-01-22 20:12:01.646 [info] resolveAuthority(dev-container) returned 'WebSocket(127.0.0.1:42251)' after 18 ms
2024-01-22 20:12:01.646 [info] [remote-connection][Management   ][cc526…][reconnect] connecting to WebSocket(127.0.0.1:42251)...
2024-01-22 20:12:01.646 [info] Creating a socket (renderer-Management-cc526be2-071b-43c3-b6c6-a7585c06e376)...
2024-01-22 20:12:01.646 [info] [remote-connection][ExtensionHost][0650f…][reconnect] connecting to WebSocket(127.0.0.1:42251)...
2024-01-22 20:12:01.646 [info] Creating a socket (renderer-ExtensionHost-0650fa21-e256-4232-9774-08df566fb07b)...
2024-01-22 20:12:01.704 [info] Creating a socket (renderer-Management-cc526be2-071b-43c3-b6c6-a7585c06e376) was successful after 59 ms.
2024-01-22 20:12:01.712 [info] [remote-connection][Management   ][cc526…][reconnect] reconnected!
2024-01-22 20:12:01.767 [info] Creating a socket (renderer-ExtensionHost-0650fa21-e256-4232-9774-08df566fb07b) was successful after 120 ms.
2024-01-22 20:12:01.775 [info] [remote-connection][ExtensionHost][0650f…][reconnect] reconnected!
2024-01-22 20:12:47.450 [info] [remote-connection][ExtensionHost][0650f…][reconnect] received socket close event (wasClean: false, code: 1006, reason: ).
2024-01-22 20:12:47.478 [error] {"isTrusted":true}
2024-01-22 20:12:47.478 [info] [remote-connection][ExtensionHost][0650f…][reconnect] starting reconnecting loop. You can get more information with the trace log level.
2024-01-22 20:12:47.478 [info] [remote-connection][ExtensionHost][0650f…][reconnect] resolving connection...
2024-01-22 20:12:47.478 [info] [remote-connection][ExtensionHost][0650f…][reconnect] connecting to WebSocket(127.0.0.1:42251)...
2024-01-22 20:12:47.479 [info] Creating a socket (renderer-ExtensionHost-0650fa21-e256-4232-9774-08df566fb07b)...
2024-01-22 20:12:47.479 [info] [remote-connection][Management   ][cc526…][reconnect] received socket close event (wasClean: false, code: 1006, reason: ).
2024-01-22 20:12:47.479 [error] {"isTrusted":true}
2024-01-22 20:12:47.479 [info] [remote-connection][Management   ][cc526…][reconnect] starting reconnecting loop. You can get more information with the trace log level.
2024-01-22 20:12:47.479 [info] [remote-connection][Management   ][cc526…][reconnect] resolving connection...
2024-01-22 20:12:47.479 [info] Invoking resolveAuthority(dev-container)...
2024-01-22 20:12:47.480 [info] [LocalProcess0][resolveAuthority(dev-container,12)][0ms] obtaining proxy...
2024-01-22 20:12:47.480 [info] [LocalProcess0][resolveAuthority(dev-container,12)][0ms] invoking...
2024-01-22 20:12:47.500 [info] [LocalProcess0][resolveAuthority(dev-container,12)][21ms] returned WebSocket(127.0.0.1:42251)
2024-01-22 20:12:47.500 [info] resolveAuthority(dev-container) returned 'WebSocket(127.0.0.1:42251)' after 21 ms
2024-01-22 20:12:47.501 [info] [remote-connection][Management   ][cc526…][reconnect] connecting to WebSocket(127.0.0.1:42251)...
2024-01-22 20:12:47.501 [info] Creating a socket (renderer-Management-cc526be2-071b-43c3-b6c6-a7585c06e376)...
2024-01-22 20:12:47.552 [info] Creating a socket (renderer-ExtensionHost-0650fa21-e256-4232-9774-08df566fb07b) was successful after 73 ms.
2024-01-22 20:12:47.559 [info] [remote-connection][ExtensionHost][0650f…][reconnect] reconnected!
2024-01-22 20:12:47.619 [info] Creating a socket (renderer-Management-cc526be2-071b-43c3-b6c6-a7585c06e376) was successful after 118 ms.
2024-01-22 20:12:47.625 [info] [remote-connection][Management   ][cc526…][reconnect] reconnected!
2024-01-22 20:13:33.325 [info] [remote-connection][Management   ][cc526…][reconnect] received socket close event (wasClean: false, code: 1006, reason: ).
2024-01-22 20:13:33.349 [error] {"isTrusted":true}
2024-01-22 20:13:33.349 [info] [remote-connection][Management   ][cc526…][reconnect] starting reconnecting loop. You can get more information with the trace log level.
2024-01-22 20:13:33.350 [info] [remote-connection][Management   ][cc526…][reconnect] resolving connection...
2024-01-22 20:13:33.350 [info] Invoking resolveAuthority(dev-container)...
2024-01-22 20:13:33.350 [info] [LocalProcess0][resolveAuthority(dev-container,13)][0ms] obtaining proxy...
2024-01-22 20:13:33.350 [info] [LocalProcess0][resolveAuthority(dev-container,13)][1ms] invoking...
2024-01-22 20:13:33.350 [info] [remote-connection][ExtensionHost][0650f…][reconnect] received socket close event (wasClean: false, code: 1006, reason: ).
2024-01-22 20:13:33.350 [error] {"isTrusted":true}
2024-01-22 20:13:33.350 [info] [remote-connection][ExtensionHost][0650f…][reconnect] starting reconnecting loop. You can get more information with the trace log level.
2024-01-22 20:13:33.350 [info] [remote-connection][ExtensionHost][0650f…][reconnect] resolving connection...
2024-01-22 20:13:33.369 [info] [LocalProcess0][resolveAuthority(dev-container,13)][20ms] returned WebSocket(127.0.0.1:42251)
2024-01-22 20:13:33.370 [info] resolveAuthority(dev-container) returned 'WebSocket(127.0.0.1:42251)' after 20 ms
2024-01-22 20:13:33.370 [info] [remote-connection][Management   ][cc526…][reconnect] connecting to WebSocket(127.0.0.1:42251)...
2024-01-22 20:13:33.370 [info] Creating a socket (renderer-Management-cc526be2-071b-43c3-b6c6-a7585c06e376)...
2024-01-22 20:13:33.370 [info] [remote-connection][ExtensionHost][0650f…][reconnect] connecting to WebSocket(127.0.0.1:42251)...
2024-01-22 20:13:33.370 [info] Creating a socket (renderer-ExtensionHost-0650fa21-e256-4232-9774-08df566fb07b)...
2024-01-22 20:13:33.429 [info] Creating a socket (renderer-Management-cc526be2-071b-43c3-b6c6-a7585c06e376) was successful after 60 ms.
2024-01-22 20:13:33.509 [info] [remote-connection][Management   ][cc526…][reconnect] reconnected!
2024-01-22 20:13:33.525 [info] Creating a socket (renderer-ExtensionHost-0650fa21-e256-4232-9774-08df566fb07b) was successful after 156 ms.
2024-01-22 20:13:33.533 [info] [remote-connection][ExtensionHost][0650f…][reconnect] reconnected!
2024-01-22 20:14:56.454 [info] [remote-connection][ExtensionHost][0650f…][reconnect] received socket close event (wasClean: false, code: 1006, reason: ).
2024-01-22 20:14:56.481 [error] {"isTrusted":true}
2024-01-22 20:14:56.481 [info] [remote-connection][ExtensionHost][0650f…][reconnect] starting reconnecting loop. You can get more information with the trace log level.
2024-01-22 20:14:56.481 [info] [remote-connection][ExtensionHost][0650f…][reconnect] resolving connection...
2024-01-22 20:14:56.481 [info] [remote-connection][ExtensionHost][0650f…][reconnect] connecting to WebSocket(127.0.0.1:42251)...
2024-01-22 20:14:56.481 [info] Creating a socket (renderer-ExtensionHost-0650fa21-e256-4232-9774-08df566fb07b)...
2024-01-22 20:14:56.481 [info] [remote-connection][Management   ][cc526…][reconnect] received socket close event (wasClean: false, code: 1006, reason: ).
2024-01-22 20:14:56.481 [error] {"isTrusted":true}
2024-01-22 20:14:56.481 [info] [remote-connection][Management   ][cc526…][reconnect] starting reconnecting loop. You can get more information with the trace log level.
2024-01-22 20:14:56.482 [info] [remote-connection][Management   ][cc526…][reconnect] resolving connection...
2024-01-22 20:14:56.482 [info] Invoking resolveAuthority(dev-container)...
2024-01-22 20:14:56.482 [info] [LocalProcess0][resolveAuthority(dev-container,14)][0ms] obtaining proxy...
2024-01-22 20:14:56.482 [info] [LocalProcess0][resolveAuthority(dev-container,14)][0ms] invoking...
2024-01-22 20:14:56.503 [info] [LocalProcess0][resolveAuthority(dev-container,14)][20ms] returned WebSocket(127.0.0.1:42251)
2024-01-22 20:14:56.503 [info] resolveAuthority(dev-container) returned 'WebSocket(127.0.0.1:42251)' after 20 ms
2024-01-22 20:14:56.503 [info] [remote-connection][Management   ][cc526…][reconnect] connecting to WebSocket(127.0.0.1:42251)...
2024-01-22 20:14:56.503 [info] Creating a socket (renderer-Management-cc526be2-071b-43c3-b6c6-a7585c06e376)...
2024-01-22 20:14:56.558 [info] Creating a socket (renderer-ExtensionHost-0650fa21-e256-4232-9774-08df566fb07b) was successful after 77 ms.
2024-01-22 20:14:56.564 [info] [remote-connection][ExtensionHost][0650f…][reconnect] reconnected!
2024-01-22 20:14:56.623 [info] Creating a socket (renderer-Management-cc526be2-071b-43c3-b6c6-a7585c06e376) was successful after 120 ms.
2024-01-22 20:14:56.632 [info] [remote-connection][Management   ][cc526…][reconnect] reconnected!
