2024-01-16 12:59:41.615 [info] Extension host with pid 883974 started
2024-01-16 12:59:41.647 [info] ExtensionService#_doActivateExtension vscode.git-base, startup: true, activationEvent: '*', root cause: vscode.git
2024-01-16 12:59:41.662 [info] ExtensionService#_doActivateExtension vscode.git, startup: true, activationEvent: '*'
2024-01-16 12:59:41.679 [info] ExtensionService#_doActivateExtension vscode.github, startup: true, activationEvent: '*'
2024-01-16 12:59:41.780 [info] Eager extensions activated
2024-01-16 12:59:41.822 [info] ExtensionService#_doActivateExtension vscode.debug-auto-launch, startup: false, activationEvent: 'onStartupFinished'
2024-01-16 12:59:41.830 [info] ExtensionService#_doActivateExtension vscode.merge-conflict, startup: false, activationEvent: 'onStartupFinished'
2024-01-16 12:59:41.835 [info] ExtensionService#_doActivateExtension ms-vscode-remote.remote-containers, startup: false, activationEvent: 'onStartupFinished'
2024-01-16 12:59:41.858 [info] ExtensionService#_doActivateExtension vscodevim.vim, startup: false, activationEvent: 'onStartupFinished'
2024-01-16 12:59:43.478 [info] Extension host terminating: renderer closed the MessagePort
2024-01-16 12:59:43.494 [error] ProxyResolver#resolveProxy DIRECT Canceled: Canceled
	at new g (/usr/share/code/resources/app/out/vs/workbench/api/node/extensionHostProcess.js:141:110274)
	at l.U (/usr/share/code/resources/app/out/vs/workbench/api/node/extensionHostProcess.js:150:10866)
	at P.<computed>.j.charCodeAt.P.<computed> (/usr/share/code/resources/app/out/vs/workbench/api/node/extensionHostProcess.js:150:8317)
	at A.resolveProxy (/usr/share/code/resources/app/out/vs/workbench/api/node/extensionHostProcess.js:151:38973)
	at Object.resolveProxy (/usr/share/code/resources/app/out/vs/workbench/api/node/extensionHostProcess.js:133:33289)
	at useProxySettings (/usr/share/code/resources/app/node_modules.asar/@vscode/proxy-agent/out/index.js:165:16)
	at /usr/share/code/resources/app/node_modules.asar/@vscode/proxy-agent/out/index.js:113:13
	at /usr/share/code/resources/app/node_modules.asar/@vscode/proxy-agent/out/index.js:459:13 
2024-01-16 12:59:43.501 [info] Extension host with pid 883974 exiting with code 0
