2024-01-30 11:21:18.888 [info] Extension host with pid 355671 started
2024-01-30 11:21:18.888 [info] Skipping acquiring lock for /home/nmurray/.config/Code/User/workspaceStorage/49beb004b05951c1368ef4896b60da26.
2024-01-30 11:21:18.888 [info] $getCanonicalURI invoked for authority (dev-container)
2024-01-30 11:21:18.892 [info] ExtensionService#_doActivateExtension ms-vscode-remote.remote-containers, startup: false, activationEvent: 'onResolveRemoteAuthority:dev-container'
2024-01-30 11:21:18.932 [info] [resolveAuthority(dev-container,1)][0ms] activating remote resolvers dev-container+7b22686f737450617468223a222f686f6d652f6e6d75727261792f636f64652f73706f7472666c6f77222c226c6f63616c446f636b6572223a66616c73652c22636f6e66696746696c65223a7b22246d6964223a312c22667350617468223a222f686f6d652f6e6d75727261792f636f64652f73706f7472666c6f772f2e646576636f6e7461696e65722f637564613132322f646576636f6e7461696e65722e6a736f6e222c2270617468223a222f686f6d652f6e6d75727261792f636f64652f73706f7472666c6f772f2e646576636f6e7461696e65722f637564613132322f646576636f6e7461696e65722e6a736f6e222c22736368656d65223a2266696c65227d7d
2024-01-30 11:21:18.932 [info] [resolveAuthority(dev-container,1)][0ms] activating resolver for dev-container+7b22686f737450617468223a222f686f6d652f6e6d75727261792f636f64652f73706f7472666c6f77222c226c6f63616c446f636b6572223a66616c73652c22636f6e66696746696c65223a7b22246d6964223a312c22667350617468223a222f686f6d652f6e6d75727261792f636f64652f73706f7472666c6f772f2e646576636f6e7461696e65722f637564613132322f646576636f6e7461696e65722e6a736f6e222c2270617468223a222f686f6d652f6e6d75727261792f636f64652f73706f7472666c6f772f2e646576636f6e7461696e65722f637564613132322f646576636f6e7461696e65722e6a736f6e222c22736368656d65223a2266696c65227d7d...
2024-01-30 11:21:18.933 [info] [resolveAuthority(dev-container,1)][1ms] invoking final resolve()...
2024-01-30 11:21:19.933 [info] [resolveAuthority(dev-container,1)][1001ms] waiting...
2024-01-30 11:21:20.678 [info] [resolveAuthority(dev-container,1)][1746ms] setting tunnel factory...
2024-01-30 11:21:20.678 [info] [resolveAuthority(dev-container,1)][1746ms] returned 127.0.0.1:41545
2024-01-30 11:21:21.170 [info] Eager extensions activated
2024-01-30 11:21:21.358 [info] ExtensionService#_doActivateExtension vscodevim.vim, startup: false, activationEvent: 'onStartupFinished'
2024-01-30 13:56:42.543 [error] {"message":"Command failed: /usr/share/code/code --ms-enable-electron-run-as-node /home/nmurray/.vscode/extensions/ms-vscode-remote.remote-containers-0.327.0/dist/spec-node/devContainersSpecCLI.js read-configuration --workspace-folder /home/nmurray/code/spotrflow --id-label devcontainer.local_folder=/home/nmurray/code/spotrflow --id-label devcontainer.config_file=/home/nmurray/code/spotrflow/.devcontainer/cuda122/devcontainer.json --container-id 4297a1e11e61ba0a317348ba8bf86ddf065550e8a7d8c14a8583dfcc45dfeeeb --log-level debug --log-format json --config /home/nmurray/code/spotrflow/.devcontainer/cuda122/devcontainer.json --mount-workspace-git-root","code":1}
2024-01-30 13:56:43.683 [error] {"message":"Command failed: /usr/share/code/code --ms-enable-electron-run-as-node /home/nmurray/.vscode/extensions/ms-vscode-remote.remote-containers-0.327.0/dist/spec-node/devContainersSpecCLI.js read-configuration --workspace-folder /home/nmurray/code/spotrflow --id-label devcontainer.local_folder=/home/nmurray/code/spotrflow --id-label devcontainer.config_file=/home/nmurray/code/spotrflow/.devcontainer/cuda122/devcontainer.json --container-id 4297a1e11e61ba0a317348ba8bf86ddf065550e8a7d8c14a8583dfcc45dfeeeb --log-level debug --log-format json --config /home/nmurray/code/spotrflow/.devcontainer/cuda122/devcontainer.json --mount-workspace-git-root","code":1}
2024-01-30 17:44:19.235 [info] [resolveAuthority(dev-container,2)][0ms] activating remote resolvers dev-container+7b22686f737450617468223a222f686f6d652f6e6d75727261792f636f64652f73706f7472666c6f77222c226c6f63616c446f636b6572223a66616c73652c22636f6e66696746696c65223a7b22246d6964223a312c22667350617468223a222f686f6d652f6e6d75727261792f636f64652f73706f7472666c6f772f2e646576636f6e7461696e65722f637564613132322f646576636f6e7461696e65722e6a736f6e222c2270617468223a222f686f6d652f6e6d75727261792f636f64652f73706f7472666c6f772f2e646576636f6e7461696e65722f637564613132322f646576636f6e7461696e65722e6a736f6e222c22736368656d65223a2266696c65227d7d
2024-01-30 17:44:19.235 [info] [resolveAuthority(dev-container,2)][0ms] activating resolver for dev-container+7b22686f737450617468223a222f686f6d652f6e6d75727261792f636f64652f73706f7472666c6f77222c226c6f63616c446f636b6572223a66616c73652c22636f6e66696746696c65223a7b22246d6964223a312c22667350617468223a222f686f6d652f6e6d75727261792f636f64652f73706f7472666c6f772f2e646576636f6e7461696e65722f637564613132322f646576636f6e7461696e65722e6a736f6e222c2270617468223a222f686f6d652f6e6d75727261792f636f64652f73706f7472666c6f772f2e646576636f6e7461696e65722f637564613132322f646576636f6e7461696e65722e6a736f6e222c22736368656d65223a2266696c65227d7d...
2024-01-30 17:44:19.236 [info] [resolveAuthority(dev-container,2)][1ms] invoking final resolve()...
2024-01-30 17:44:19.266 [info] [resolveAuthority(dev-container,2)][31ms] setting tunnel factory...
2024-01-30 17:44:19.267 [info] [resolveAuthority(dev-container,2)][32ms] returned 127.0.0.1:41545
2024-01-31 13:01:35.319 [info] Extension host terminating: renderer closed the MessagePort
2024-01-31 13:01:35.346 [info] Extension host with pid 355671 exiting with code 0
