2024-01-29 11:07:58.168 [info] Configuration changed
2024-01-29 11:07:58.172 [info] Configuration changed
2024-01-29 11:07:59.139 [info] /workspaces/spotrflow/.vscode/c_cpp_properties.json closed
2024-01-29 11:08:08.256 [info] Active editor: vscode-remote://dev-container%2B7b22686f737450617468223a222f686f6d652f6e6d75727261792f636f64652f73706f7472666c6f77222c226c6f63616c446f636b6572223a66616c73652c22636f6e66696746696c65223a7b22246d6964223a312c22667350617468223a222f686f6d652f6e6d75727261792f636f64652f73706f7472666c6f772f2e646576636f6e7461696e65722f637564613132322f646576636f6e7461696e65722e6a736f6e222c2270617468223a222f686f6d652f6e6d75727261792f636f64652f73706f7472666c6f772f2e646576636f6e7461696e65722f637564613132322f646576636f6e7461696e65722e6a736f6e222c22736368656d65223a2266696c65227d7d/workspaces/spotrflow/gen_graph.sh
2024-01-29 11:08:08.263 [info] /workspaces/spotrflow/Source/cc/ops/tensorrt/reid_attribute.cc.git closed
2024-01-29 11:08:10.061 [info] Active editor: vscode-remote://dev-container%2B7b22686f737450617468223a222f686f6d652f6e6d75727261792f636f64652f73706f7472666c6f77222c226c6f63616c446f636b6572223a66616c73652c22636f6e66696746696c65223a7b22246d6964223a312c22667350617468223a222f686f6d652f6e6d75727261792f636f64652f73706f7472666c6f772f2e646576636f6e7461696e65722f637564613132322f646576636f6e7461696e65722e6a736f6e222c2270617468223a222f686f6d652f6e6d75727261792f636f64652f73706f7472666c6f772f2e646576636f6e7461696e65722f637564613132322f646576636f6e7461696e65722e6a736f6e222c22736368656d65223a2266696c65227d7d/workspaces/spotrflow/Source/cc/apps/chip-processing-service.cc
2024-01-29 11:08:10.072 [info] /workspaces/spotrflow/gen_graph.sh.git closed
2024-01-29 11:08:11.247 [info] Active editor: vscode-remote://dev-container%2B7b22686f737450617468223a222f686f6d652f6e6d75727261792f636f64652f73706f7472666c6f77222c226c6f63616c446f636b6572223a66616c73652c22636f6e66696746696c65223a7b22246d6964223a312c22667350617468223a222f686f6d652f6e6d75727261792f636f64652f73706f7472666c6f772f2e646576636f6e7461696e65722f637564613132322f646576636f6e7461696e65722e6a736f6e222c2270617468223a222f686f6d652f6e6d75727261792f636f64652f73706f7472666c6f772f2e646576636f6e7461696e65722f637564613132322f646576636f6e7461696e65722e6a736f6e222c22736368656d65223a2266696c65227d7d/workspaces/spotrflow/gen_graph.sh
2024-01-29 11:08:11.260 [info] /workspaces/spotrflow/Source/cc/apps/chip-processing-service.cc.git closed
2024-01-29 11:08:11.589 [info] /workspaces/spotrflow/Source/cc/apps/chip-processing-service.cc closed
2024-01-29 11:08:12.557 [info] Active editor: vscode-remote://dev-container%2B7b22686f737450617468223a222f686f6d652f6e6d75727261792f636f64652f73706f7472666c6f77222c226c6f63616c446f636b6572223a66616c73652c22636f6e66696746696c65223a7b22246d6964223a312c22667350617468223a222f686f6d652f6e6d75727261792f636f64652f73706f7472666c6f772f2e646576636f6e7461696e65722f637564613132322f646576636f6e7461696e65722e6a736f6e222c2270617468223a222f686f6d652f6e6d75727261792f636f64652f73706f7472666c6f772f2e646576636f6e7461696e65722f637564613132322f646576636f6e7461696e65722e6a736f6e222c22736368656d65223a2266696c65227d7d/workspaces/spotrflow/Source/cc/ops/tensorrt/reid_attribute.cc
2024-01-29 11:08:12.564 [info] /workspaces/spotrflow/gen_graph.sh.git closed
2024-01-29 11:08:13.339 [info] /workspaces/spotrflow/Source/cc/ops/tensorrt/reid_attribute.cc closed
2024-01-29 11:08:13.343 [info] Active editor: vscode-remote://dev-container%2B7b22686f737450617468223a222f686f6d652f6e6d75727261792f636f64652f73706f7472666c6f77222c226c6f63616c446f636b6572223a66616c73652c22636f6e66696746696c65223a7b22246d6964223a312c22667350617468223a222f686f6d652f6e6d75727261792f636f64652f73706f7472666c6f772f2e646576636f6e7461696e65722f637564613132322f646576636f6e7461696e65722e6a736f6e222c2270617468223a222f686f6d652f6e6d75727261792f636f64652f73706f7472666c6f772f2e646576636f6e7461696e65722f637564613132322f646576636f6e7461696e65722e6a736f6e222c22736368656d65223a2266696c65227d7d/workspaces/spotrflow/gen_graph.sh
2024-01-29 11:08:13.356 [info] /workspaces/spotrflow/Source/cc/ops/tensorrt/reid_attribute.cc.git closed
2024-01-29 11:08:14.438 [info] Active editor: vscode-remote://dev-container%2B7b22686f737450617468223a222f686f6d652f6e6d75727261792f636f64652f73706f7472666c6f77222c226c6f63616c446f636b6572223a66616c73652c22636f6e66696746696c65223a7b22246d6964223a312c22667350617468223a222f686f6d652f6e6d75727261792f636f64652f73706f7472666c6f772f2e646576636f6e7461696e65722f637564613132322f646576636f6e7461696e65722e6a736f6e222c2270617468223a222f686f6d652f6e6d75727261792f636f64652f73706f7472666c6f772f2e646576636f6e7461696e65722f637564613132322f646576636f6e7461696e65722e6a736f6e222c22736368656d65223a2266696c65227d7d/workspaces/spotrflow/Subrepos/leap-apis/proto/av-roots/newcoke-repo/av/newcoke/model.proto
2024-01-29 11:08:14.442 [info] /workspaces/spotrflow/gen_graph.sh.git closed
2024-01-29 11:08:15.116 [info] /workspaces/spotrflow/Subrepos/leap-apis/proto/av-roots/newcoke-repo/av/newcoke/model.proto closed
2024-01-29 11:08:15.119 [info] Active editor: vscode-remote://dev-container%2B7b22686f737450617468223a222f686f6d652f6e6d75727261792f636f64652f73706f7472666c6f77222c226c6f63616c446f636b6572223a66616c73652c22636f6e66696746696c65223a7b22246d6964223a312c22667350617468223a222f686f6d652f6e6d75727261792f636f64652f73706f7472666c6f772f2e646576636f6e7461696e65722f637564613132322f646576636f6e7461696e65722e6a736f6e222c2270617468223a222f686f6d652f6e6d75727261792f636f64652f73706f7472666c6f772f2e646576636f6e7461696e65722f637564613132322f646576636f6e7461696e65722e6a736f6e222c22736368656d65223a2266696c65227d7d/workspaces/spotrflow/gen_graph.sh
2024-01-29 11:08:15.124 [info] /workspaces/spotrflow/Subrepos/leap-apis/proto/av-roots/newcoke-repo/av/newcoke/model.proto.git closed
2024-01-29 11:08:16.345 [info] Active editor: vscode-remote://dev-container%2B7b22686f737450617468223a222f686f6d652f6e6d75727261792f636f64652f73706f7472666c6f77222c226c6f63616c446f636b6572223a66616c73652c22636f6e66696746696c65223a7b22246d6964223a312c22667350617468223a222f686f6d652f6e6d75727261792f636f64652f73706f7472666c6f772f2e646576636f6e7461696e65722f637564613132322f646576636f6e7461696e65722e6a736f6e222c2270617468223a222f686f6d652f6e6d75727261792f636f64652f73706f7472666c6f772f2e646576636f6e7461696e65722f637564613132322f646576636f6e7461696e65722e6a736f6e222c22736368656d65223a2266696c65227d7d/workspaces/spotrflow/Deployment/Graphs/scripts/2024_01_16_large_image_aircraft.sh
2024-01-29 11:08:16.351 [info] /workspaces/spotrflow/gen_graph.sh.git closed
2024-01-29 11:08:21.496 [info] Executing :w
2024-01-29 11:08:23.588 [info] Executing :w
2024-01-29 11:08:25.168 [info] extension-output-ms-vscode.cmake-tools-#1-CMake/Build closed
