2024-01-23 10:40:56.935 [info] Extension host with pid 14512 started
2024-01-23 10:40:56.935 [info] Skipping acquiring lock for /home/nmurray/.config/Code/User/workspaceStorage/49beb004b05951c1368ef4896b60da26.
2024-01-23 10:40:56.935 [info] $getCanonicalURI invoked for authority (dev-container)
2024-01-23 10:40:56.937 [info] ExtensionService#_doActivateExtension ms-vscode-remote.remote-containers, startup: false, activationEvent: 'onResolveRemoteAuthority:dev-container'
2024-01-23 10:40:56.977 [info] [resolveAuthority(dev-container,1)][0ms] activating remote resolvers dev-container+7b22686f737450617468223a222f686f6d652f6e6d75727261792f636f64652f73706f7472666c6f77222c226c6f63616c446f636b6572223a66616c73652c22636f6e66696746696c65223a7b22246d6964223a312c22667350617468223a222f686f6d652f6e6d75727261792f636f64652f73706f7472666c6f772f2e646576636f6e7461696e65722f637564613132322f646576636f6e7461696e65722e6a736f6e222c2270617468223a222f686f6d652f6e6d75727261792f636f64652f73706f7472666c6f772f2e646576636f6e7461696e65722f637564613132322f646576636f6e7461696e65722e6a736f6e222c22736368656d65223a2266696c65227d7d
2024-01-23 10:40:56.977 [info] [resolveAuthority(dev-container,1)][0ms] activating resolver for dev-container+7b22686f737450617468223a222f686f6d652f6e6d75727261792f636f64652f73706f7472666c6f77222c226c6f63616c446f636b6572223a66616c73652c22636f6e66696746696c65223a7b22246d6964223a312c22667350617468223a222f686f6d652f6e6d75727261792f636f64652f73706f7472666c6f772f2e646576636f6e7461696e65722f637564613132322f646576636f6e7461696e65722e6a736f6e222c2270617468223a222f686f6d652f6e6d75727261792f636f64652f73706f7472666c6f772f2e646576636f6e7461696e65722f637564613132322f646576636f6e7461696e65722e6a736f6e222c22736368656d65223a2266696c65227d7d...
2024-01-23 10:40:56.977 [info] [resolveAuthority(dev-container,1)][0ms] invoking final resolve()...
2024-01-23 10:40:57.977 [info] [resolveAuthority(dev-container,1)][1000ms] waiting...
2024-01-23 10:40:58.547 [info] [resolveAuthority(dev-container,1)][1570ms] setting tunnel factory...
2024-01-23 10:40:58.547 [info] [resolveAuthority(dev-container,1)][1570ms] returned 127.0.0.1:46841
2024-01-23 10:40:59.171 [info] Eager extensions activated
2024-01-23 10:40:59.296 [info] ExtensionService#_doActivateExtension vscodevim.vim, startup: false, activationEvent: 'onStartupFinished'
2024-01-23 17:36:53.698 [info] [resolveAuthority(dev-container,2)][1ms] activating remote resolvers dev-container+7b22686f737450617468223a222f686f6d652f6e6d75727261792f636f64652f73706f7472666c6f77222c226c6f63616c446f636b6572223a66616c73652c22636f6e66696746696c65223a7b22246d6964223a312c22667350617468223a222f686f6d652f6e6d75727261792f636f64652f73706f7472666c6f772f2e646576636f6e7461696e65722f637564613132322f646576636f6e7461696e65722e6a736f6e222c2270617468223a222f686f6d652f6e6d75727261792f636f64652f73706f7472666c6f772f2e646576636f6e7461696e65722f637564613132322f646576636f6e7461696e65722e6a736f6e222c22736368656d65223a2266696c65227d7d
2024-01-23 17:36:53.698 [info] [resolveAuthority(dev-container,2)][1ms] activating resolver for dev-container+7b22686f737450617468223a222f686f6d652f6e6d75727261792f636f64652f73706f7472666c6f77222c226c6f63616c446f636b6572223a66616c73652c22636f6e66696746696c65223a7b22246d6964223a312c22667350617468223a222f686f6d652f6e6d75727261792f636f64652f73706f7472666c6f772f2e646576636f6e7461696e65722f637564613132322f646576636f6e7461696e65722e6a736f6e222c2270617468223a222f686f6d652f6e6d75727261792f636f64652f73706f7472666c6f772f2e646576636f6e7461696e65722f637564613132322f646576636f6e7461696e65722e6a736f6e222c22736368656d65223a2266696c65227d7d...
2024-01-23 17:36:53.699 [info] [resolveAuthority(dev-container,2)][2ms] invoking final resolve()...
2024-01-23 17:36:53.723 [info] [resolveAuthority(dev-container,2)][26ms] setting tunnel factory...
2024-01-23 17:36:53.724 [info] [resolveAuthority(dev-container,2)][27ms] returned 127.0.0.1:46841
2024-01-24 12:47:44.672 [info] [resolveAuthority(dev-container,3)][0ms] activating remote resolvers dev-container+7b22686f737450617468223a222f686f6d652f6e6d75727261792f636f64652f73706f7472666c6f77222c226c6f63616c446f636b6572223a66616c73652c22636f6e66696746696c65223a7b22246d6964223a312c22667350617468223a222f686f6d652f6e6d75727261792f636f64652f73706f7472666c6f772f2e646576636f6e7461696e65722f637564613132322f646576636f6e7461696e65722e6a736f6e222c2270617468223a222f686f6d652f6e6d75727261792f636f64652f73706f7472666c6f772f2e646576636f6e7461696e65722f637564613132322f646576636f6e7461696e65722e6a736f6e222c22736368656d65223a2266696c65227d7d
2024-01-24 12:47:44.675 [info] [resolveAuthority(dev-container,3)][3ms] activating resolver for dev-container+7b22686f737450617468223a222f686f6d652f6e6d75727261792f636f64652f73706f7472666c6f77222c226c6f63616c446f636b6572223a66616c73652c22636f6e66696746696c65223a7b22246d6964223a312c22667350617468223a222f686f6d652f6e6d75727261792f636f64652f73706f7472666c6f772f2e646576636f6e7461696e65722f637564613132322f646576636f6e7461696e65722e6a736f6e222c2270617468223a222f686f6d652f6e6d75727261792f636f64652f73706f7472666c6f772f2e646576636f6e7461696e65722f637564613132322f646576636f6e7461696e65722e6a736f6e222c22736368656d65223a2266696c65227d7d...
2024-01-24 12:47:44.675 [info] [resolveAuthority(dev-container,3)][3ms] invoking final resolve()...
2024-01-24 12:47:44.693 [info] [resolveAuthority(dev-container,3)][21ms] setting tunnel factory...
2024-01-24 12:47:44.693 [info] [resolveAuthority(dev-container,3)][21ms] returned 127.0.0.1:46841
