2024-01-11 11:31:42.093 [info] Configuration changed
2024-01-11 11:31:42.966 [info] Configuration changed
2024-01-11 11:31:43.186 [info] Configuration changed
2024-01-11 11:31:43.196 [info] Configuration changed
2024-01-11 11:31:43.252 [info] Configuration changed
2024-01-11 11:31:43.892 [info] /workspaces/spotrflow/.vscode/c_cpp_properties.json closed
2024-01-11 11:31:45.502 [info] Active editor: output:extension-output-ms-vscode.cmake-tools-%231-CMake/Build
2024-01-11 11:31:47.118 [info] Active editor: vscode-remote://dev-container%2B7b22686f737450617468223a222f686f6d652f6e6d75727261792f636f64652f73706f7472666c6f77222c226c6f63616c446f636b6572223a66616c73652c22636f6e66696746696c65223a7b22246d6964223a312c22667350617468223a222f686f6d652f6e6d75727261792f636f64652f73706f7472666c6f772f2e646576636f6e7461696e65722f637564613132322f646576636f6e7461696e65722e6a736f6e222c2270617468223a222f686f6d652f6e6d75727261792f636f64652f73706f7472666c6f772f2e646576636f6e7461696e65722f637564613132322f646576636f6e7461696e65722e6a736f6e222c22736368656d65223a2266696c65227d7d/workspaces/spotrflow/gen_graph.sh
2024-01-11 11:31:47.125 [info] extension-output-ms-vscode.cmake-tools-#1-CMake/Build closed
2024-01-11 11:34:42.871 [info] /workspaces/spotrflow/.devcontainer/cuda122/devcontainer.json closed
2024-01-11 11:34:42.899 [info] /workspaces/spotrflow/.devcontainer/cuda102/devcontainer.json closed
2024-01-11 11:34:42.899 [info] /workspaces/spotrflow/.devcontainer/cuda114/devcontainer.json closed
2024-01-11 11:34:43.665 [info] /workspaces/spotrflow/.vscode/c_cpp_properties.json closed
2024-01-11 11:34:44.476 [info] /settings/machine closed
2024-01-11 11:34:44.942 [info] /settings/resourceLanguage closed
2024-01-11 11:34:45.013 [info] /launch closed
2024-01-11 11:34:45.030 [info] /token-styling closed
2024-01-11 11:34:45.031 [info] /textmate-colors closed
2024-01-11 11:34:45.038 [info] /workbench-colors closed
2024-01-11 12:02:21.799 [info] Executing :w
2024-01-11 12:02:22.661 [info] Executing :w
2024-01-11 12:05:02.446 [info] Executing :w
