2024-01-23 10:40:56.557 [warning] Via 'product.json#extensionEnabledApiProposals' extension 'ms-python.python' wants API proposal 'registerIssueDataProvider' but that proposal DOES NOT EXIST. Likely, the proposal has been finalized (check 'vscode.d.ts') or was abandoned.
2024-01-23 10:40:56.779 [info] Started local extension host with pid 14512.
2024-01-23 10:40:56.992 [info] Invoking resolveAuthority(dev-container)...
2024-01-23 10:40:56.992 [info] [LocalProcess0][resolveAuthority(dev-container,1)][1ms] obtaining proxy...
2024-01-23 10:40:56.992 [info] [LocalProcess0][resolveAuthority(dev-container,1)][1ms] invoking...
2024-01-23 10:40:57.977 [info] [LocalProcess0][resolveAuthority(dev-container,1)][1001ms] waiting...
2024-01-23 10:40:58.547 [info] [LocalProcess0][resolveAuthority(dev-container,1)][1571ms] returned WebSocket(127.0.0.1:46841)
2024-01-23 10:40:58.548 [info] resolveAuthority(dev-container) returned 'WebSocket(127.0.0.1:46841)' after 1571 ms
2024-01-23 10:40:58.548 [info] Creating a socket (renderer-Management-0036af48-6e10-468a-88ef-bccca29f4f92)...
2024-01-23 10:40:58.549 [info] Creating a socket (renderer-ExtensionHost-76fa9fe4-9303-4022-bd3c-ad8742d8912f)...
2024-01-23 10:40:58.736 [info] Creating a socket (renderer-Management-0036af48-6e10-468a-88ef-bccca29f4f92) was successful after 186 ms.
2024-01-23 10:40:58.808 [info] Creating a socket (renderer-ExtensionHost-76fa9fe4-9303-4022-bd3c-ad8742d8912f) was successful after 259 ms.
2024-01-23 10:40:59.041 [warning] [twxs.cmake]: Cannot register 'cmake.cmakePath'. This property is already registered.
2024-01-23 10:40:59.859 [warning] [cmake-tools]: Couldn't find message for key cmake-tools.configuration.cmake.options.advanced.statusBarVisibility.variant.description.
2024-01-23 10:41:01.403 [info] [perf] Render performance baseline is 15ms
2024-01-23 10:41:02.095 [error] [Extension Host] [CMakeTools] 2024-01-23T15:41:02.088Z [error] [cmake] Detected Multi-Config Generator. Project Binary dir: /workspaces/spotrflow/Build, Make program: /usr/bin/ninja
2024-01-23 17:36:53.684 [info] [remote-connection][ExtensionHost][76fa9…][reconnect] received socket close event (wasClean: false, code: 1006, reason: ).
2024-01-23 17:36:53.685 [error] {"isTrusted":true}
2024-01-23 17:36:53.685 [info] [remote-connection][ExtensionHost][76fa9…][reconnect] starting reconnecting loop. You can get more information with the trace log level.
2024-01-23 17:36:53.685 [info] [remote-connection][ExtensionHost][76fa9…][reconnect] resolving connection...
2024-01-23 17:36:53.686 [info] [remote-connection][ExtensionHost][76fa9…][reconnect] connecting to WebSocket(127.0.0.1:46841)...
2024-01-23 17:36:53.686 [info] Creating a socket (renderer-ExtensionHost-76fa9fe4-9303-4022-bd3c-ad8742d8912f)...
2024-01-23 17:36:53.688 [info] [remote-connection][Management   ][0036a…][reconnect] received socket close event (wasClean: false, code: 1006, reason: ).
2024-01-23 17:36:53.688 [error] {"isTrusted":true}
2024-01-23 17:36:53.688 [info] [remote-connection][Management   ][0036a…][reconnect] starting reconnecting loop. You can get more information with the trace log level.
2024-01-23 17:36:53.689 [info] [remote-connection][Management   ][0036a…][reconnect] resolving connection...
2024-01-23 17:36:53.690 [info] Invoking resolveAuthority(dev-container)...
2024-01-23 17:36:53.690 [info] [LocalProcess0][resolveAuthority(dev-container,2)][0ms] obtaining proxy...
2024-01-23 17:36:53.690 [info] [LocalProcess0][resolveAuthority(dev-container,2)][0ms] invoking...
2024-01-23 17:36:53.725 [info] [LocalProcess0][resolveAuthority(dev-container,2)][35ms] returned WebSocket(127.0.0.1:46841)
2024-01-23 17:36:53.726 [info] resolveAuthority(dev-container) returned 'WebSocket(127.0.0.1:46841)' after 36 ms
2024-01-23 17:36:53.726 [info] [remote-connection][Management   ][0036a…][reconnect] connecting to WebSocket(127.0.0.1:46841)...
2024-01-23 17:36:53.726 [info] Creating a socket (renderer-Management-0036af48-6e10-468a-88ef-bccca29f4f92)...
2024-01-23 17:36:53.876 [info] Creating a socket (renderer-ExtensionHost-76fa9fe4-9303-4022-bd3c-ad8742d8912f) was successful after 191 ms.
2024-01-23 17:36:53.894 [info] [remote-connection][ExtensionHost][76fa9…][reconnect] reconnected!
2024-01-23 17:36:54.011 [info] Creating a socket (renderer-Management-0036af48-6e10-468a-88ef-bccca29f4f92) was successful after 285 ms.
2024-01-23 17:36:54.027 [info] [remote-connection][Management   ][0036a…][reconnect] reconnected!
2024-01-24 12:47:44.665 [info] [remote-connection][Management   ][0036a…][reconnect] received socket close event (wasClean: false, code: 1006, reason: ).
2024-01-24 12:47:44.668 [error] {"isTrusted":true}
2024-01-24 12:47:44.668 [info] [remote-connection][Management   ][0036a…][reconnect] starting reconnecting loop. You can get more information with the trace log level.
2024-01-24 12:47:44.671 [info] [remote-connection][Management   ][0036a…][reconnect] resolving connection...
2024-01-24 12:47:44.671 [info] Invoking resolveAuthority(dev-container)...
2024-01-24 12:47:44.671 [info] [LocalProcess0][resolveAuthority(dev-container,3)][0ms] obtaining proxy...
2024-01-24 12:47:44.672 [info] [LocalProcess0][resolveAuthority(dev-container,3)][1ms] invoking...
2024-01-24 12:47:44.672 [info] [remote-connection][ExtensionHost][76fa9…][reconnect] received socket close event (wasClean: false, code: 1006, reason: ).
2024-01-24 12:47:44.672 [error] {"isTrusted":true}
2024-01-24 12:47:44.672 [info] [remote-connection][ExtensionHost][76fa9…][reconnect] starting reconnecting loop. You can get more information with the trace log level.
2024-01-24 12:47:44.672 [info] [remote-connection][ExtensionHost][76fa9…][reconnect] resolving connection...
2024-01-24 12:47:44.694 [info] [LocalProcess0][resolveAuthority(dev-container,3)][22ms] returned WebSocket(127.0.0.1:46841)
2024-01-24 12:47:44.694 [info] resolveAuthority(dev-container) returned 'WebSocket(127.0.0.1:46841)' after 23 ms
2024-01-24 12:47:44.694 [info] [remote-connection][Management   ][0036a…][reconnect] connecting to WebSocket(127.0.0.1:46841)...
2024-01-24 12:47:44.694 [info] Creating a socket (renderer-Management-0036af48-6e10-468a-88ef-bccca29f4f92)...
2024-01-24 12:47:44.715 [info] [remote-connection][ExtensionHost][76fa9…][reconnect] connecting to WebSocket(127.0.0.1:46841)...
2024-01-24 12:47:44.715 [info] Creating a socket (renderer-ExtensionHost-76fa9fe4-9303-4022-bd3c-ad8742d8912f)...
2024-01-24 12:47:44.785 [info] Creating a socket (renderer-Management-0036af48-6e10-468a-88ef-bccca29f4f92) was successful after 91 ms.
2024-01-24 12:47:44.793 [info] [remote-connection][Management   ][0036a…][reconnect] reconnected!
2024-01-24 12:47:44.865 [info] Creating a socket (renderer-ExtensionHost-76fa9fe4-9303-4022-bd3c-ad8742d8912f) was successful after 158 ms.
2024-01-24 12:47:44.872 [info] [remote-connection][ExtensionHost][76fa9…][reconnect] reconnected!
