2024-01-23 10:40:56.745 [info] Added views:workbench.panel.markers.view in workbench.panel.markers
2024-01-23 10:40:56.745 [info] Added views:workbench.panel.output in workbench.panel.output
2024-01-23 10:40:56.745 [info] Added views:outline in workbench.view.explorer
2024-01-23 10:40:56.745 [info] Added views:workbench.scm in workbench.view.scm
2024-01-23 10:40:56.745 [info] Added views:workbench.view.search in workbench.view.search
2024-01-23 10:40:56.745 [info] Added views:terminal in workbench.views.service.panel.2a30a20f-aa4a-4a07-81a8-879500bb43f9
2024-01-23 10:40:56.745 [info] Added views:timeline in workbench.view.explorer
2024-01-23 10:40:56.745 [info] Added views:workbench.explorer.fileView in workbench.view.explorer
2024-01-23 10:40:56.828 [info] Added views:workbench.debug.variablesView,workbench.debug.watchExpressionsView,workbench.debug.callStackView,workbench.debug.breakPointsView in workbench.view.debug
2024-01-23 10:40:58.792 [info] Added views:~remote.forwardedPorts in ~remote.forwardedPortsContainer
2024-01-23 10:40:59.130 [info] Added views:gitlens.views.home,gitlens.views.drafts,gitlens.views.workspaces,gitlens.views.account in workbench.view.extension.gitlens
2024-01-23 10:40:59.130 [info] Added views:gitlens.views.commitDetails,gitlens.views.lineHistory,gitlens.views.fileHistory,gitlens.views.searchAndCompare in workbench.view.extension.gitlensInspect
2024-01-23 10:40:59.130 [info] Added views:gitlens.views.commits,gitlens.views.branches,gitlens.views.remotes,gitlens.views.stashes,gitlens.views.tags,gitlens.views.contributors in workbench.view.scm
2024-01-23 10:40:59.131 [info] Added views:dockerContainers,dockerImages,dockerRegistries,dockerNetworks,dockerVolumes,vscode-docker.views.dockerContexts,vscode-docker.views.help in workbench.view.extension.dockerView
2024-01-23 10:40:59.131 [info] Added views:targetsContainers,devVolumes in workbench.view.remote
2024-01-23 10:40:59.295 [info] Removed views:workbench.debug.breakPointsView,workbench.debug.callStackView,workbench.debug.watchExpressionsView,workbench.debug.variablesView from workbench.view.debug
2024-01-23 10:40:59.295 [info] Added views:workbench.debug.welcome in workbench.view.debug
2024-01-23 10:40:59.692 [info] Added views:workbench.panel.repl.view in workbench.panel.repl
2024-01-23 10:40:59.696 [info] Removed views:workbench.debug.welcome from workbench.view.debug
2024-01-23 10:40:59.697 [info] Added views:workbench.debug.variablesView,workbench.debug.watchExpressionsView,workbench.debug.callStackView,workbench.debug.breakPointsView in workbench.view.debug
2024-01-23 10:41:01.364 [info] Added views:cmake.projectStatus,cmake.outline in workbench.view.extension.cmake-view
2024-01-23 10:41:02.217 [info] Added views:gitlens.views.graph,gitlens.views.graphDetails in workbench.view.extension.gitlensPanel
2024-01-23 10:41:02.217 [info] Added views:gitlens.views.timeline in workbench.view.extension.gitlensInspect
2024-01-23 10:41:02.219 [info] Added views:gitlens.views.worktrees in workbench.view.scm
2024-01-23 10:41:05.339 [info] Added views:workbench.view.testing in workbench.view.extension.test
