[2024-01-29T16:44:46.474Z] Start: Resolving Remote
[2024-01-29T16:44:46.474Z] Dev Containers 0.327.0 in VS Code 1.85.1 (0ee08df0cf4527e40edc9aa28f4b5bd38bbff2b2).
[2024-01-29T16:44:46.485Z] Setting up container for folder or workspace: /home/nmurray/code/spotrflow
[2024-01-29T16:44:46.487Z] Start: Check Docker is running
[2024-01-29T16:44:46.487Z] Start: Run: docker version --format {{.Server.APIVersion}}
[2024-01-29T16:44:46.507Z] Stop (20 ms): Run: docker version --format {{.Server.APIVersion}}
[2024-01-29T16:44:46.508Z] Server API version: 1.43
[2024-01-29T16:44:46.508Z] Stop (21 ms): Check Docker is running
[2024-01-29T16:44:46.508Z] Start: Run: docker volume ls -q
[2024-01-29T16:44:46.519Z] Stop (11 ms): Run: docker volume ls -q
[2024-01-29T16:44:46.519Z] Start: Run: docker ps -q -a --filter label=vsch.local.folder=/home/nmurray/code/spotrflow --filter label=vsch.quality=stable
[2024-01-29T16:44:46.530Z] Stop (11 ms): Run: docker ps -q -a --filter label=vsch.local.folder=/home/nmurray/code/spotrflow --filter label=vsch.quality=stable
[2024-01-29T16:44:46.530Z] Start: Run: docker ps -q -a --filter label=devcontainer.local_folder=/home/nmurray/code/spotrflow --filter label=devcontainer.config_file=/home/nmurray/code/spotrflow/.devcontainer/cuda122/devcontainer.json
[2024-01-29T16:44:46.543Z] Stop (13 ms): Run: docker ps -q -a --filter label=devcontainer.local_folder=/home/nmurray/code/spotrflow --filter label=devcontainer.config_file=/home/nmurray/code/spotrflow/.devcontainer/cuda122/devcontainer.json
[2024-01-29T16:44:46.543Z] Start: Run: docker inspect --type container 4297a1e11e61
[2024-01-29T16:44:46.556Z] Stop (13 ms): Run: docker inspect --type container 4297a1e11e61
[2024-01-29T16:44:46.557Z] Start: Run: docker ps -q -a --filter label=devcontainer.local_folder=/home/nmurray/code/spotrflow
[2024-01-29T16:44:46.569Z] Stop (12 ms): Run: docker ps -q -a --filter label=devcontainer.local_folder=/home/nmurray/code/spotrflow
[2024-01-29T16:44:46.569Z] Start: Run: docker inspect --type container 4297a1e11e61
[2024-01-29T16:44:46.581Z] Stop (12 ms): Run: docker inspect --type container 4297a1e11e61
[2024-01-29T16:44:46.581Z] Start: Run: docker exec -i -u root 4297a1e11e61ba0a317348ba8bf86ddf065550e8a7d8c14a8583dfcc45dfeeeb /bin/sh -c echo "Container already running. Keep-alive process started." ; export VSCODE_REMOTE_CONTAINERS_SESSION=5c2360d0-743e-4679-b828-1e27d3fe18fc1706546686083 ; /bin/sh
[2024-01-29T16:44:46.584Z] Start: Run: /usr/share/code/code --ms-enable-electron-run-as-node /home/nmurray/.vscode/extensions/ms-vscode-remote.remote-containers-0.327.0/dist/spec-node/devContainersSpecCLI.js read-configuration --workspace-folder /home/nmurray/code/spotrflow --id-label devcontainer.local_folder=/home/nmurray/code/spotrflow --id-label devcontainer.config_file=/home/nmurray/code/spotrflow/.devcontainer/cuda122/devcontainer.json --log-level debug --log-format json --config /home/nmurray/code/spotrflow/.devcontainer/cuda122/devcontainer.json --mount-workspace-git-root
[2024-01-29T16:44:46.691Z] Container already running. Keep-alive process started.
[2024-01-29T16:44:46.719Z] @devcontainers/cli 0.54.1. Node.js v18.15.0. linux 6.2.0-33-generic x64.
[2024-01-29T16:44:46.719Z] Start: Run: git rev-parse --show-cdup
[2024-01-29T16:44:46.724Z] Stop (5 ms): Run: git rev-parse --show-cdup
[2024-01-29T16:44:46.725Z] Start: Run: docker ps -q -a --filter label=devcontainer.local_folder=/home/nmurray/code/spotrflow --filter label=devcontainer.config_file=/home/nmurray/code/spotrflow/.devcontainer/cuda122/devcontainer.json
[2024-01-29T16:44:46.735Z] Stop (10 ms): Run: docker ps -q -a --filter label=devcontainer.local_folder=/home/nmurray/code/spotrflow --filter label=devcontainer.config_file=/home/nmurray/code/spotrflow/.devcontainer/cuda122/devcontainer.json
[2024-01-29T16:44:46.735Z] Start: Run: docker inspect --type container 4297a1e11e61
[2024-01-29T16:44:46.752Z] Stop (17 ms): Run: docker inspect --type container 4297a1e11e61
[2024-01-29T16:44:46.756Z] Stop (172 ms): Run: /usr/share/code/code --ms-enable-electron-run-as-node /home/nmurray/.vscode/extensions/ms-vscode-remote.remote-containers-0.327.0/dist/spec-node/devContainersSpecCLI.js read-configuration --workspace-folder /home/nmurray/code/spotrflow --id-label devcontainer.local_folder=/home/nmurray/code/spotrflow --id-label devcontainer.config_file=/home/nmurray/code/spotrflow/.devcontainer/cuda122/devcontainer.json --log-level debug --log-format json --config /home/nmurray/code/spotrflow/.devcontainer/cuda122/devcontainer.json --mount-workspace-git-root
[2024-01-29T16:44:46.795Z] Start: Run: /usr/share/code/code --ms-enable-electron-run-as-node /home/nmurray/.vscode/extensions/ms-vscode-remote.remote-containers-0.327.0/dist/spec-node/devContainersSpecCLI.js up --user-data-folder /home/nmurray/.config/Code/User/globalStorage/ms-vscode-remote.remote-containers/data --container-session-data-folder /tmp/devcontainers-5c2360d0-743e-4679-b828-1e27d3fe18fc1706546686083 --workspace-folder /home/nmurray/code/spotrflow --workspace-mount-consistency cached --id-label devcontainer.local_folder=/home/nmurray/code/spotrflow --id-label devcontainer.config_file=/home/nmurray/code/spotrflow/.devcontainer/cuda122/devcontainer.json --log-level debug --log-format json --config /home/nmurray/code/spotrflow/.devcontainer/cuda122/devcontainer.json --default-user-env-probe loginInteractiveShell --mount type=volume,source=vscode,target=/vscode,external=true --skip-post-create --update-remote-user-uid-default on --mount-workspace-git-root
[2024-01-29T16:44:46.932Z] @devcontainers/cli 0.54.1. Node.js v18.15.0. linux 6.2.0-33-generic x64.
[2024-01-29T16:44:46.932Z] Start: Run: docker buildx version
[2024-01-29T16:44:46.982Z] Stop (50 ms): Run: docker buildx version
[2024-01-29T16:44:46.983Z] github.com/docker/buildx v0.11.2 9872040
[2024-01-29T16:44:46.983Z] 
[2024-01-29T16:44:46.983Z] Start: Resolving Remote
[2024-01-29T16:44:46.985Z] Start: Run: git rev-parse --show-cdup
[2024-01-29T16:44:46.988Z] Stop (3 ms): Run: git rev-parse --show-cdup
[2024-01-29T16:44:47.026Z] Start: Run: docker ps -q -a --filter label=devcontainer.local_folder=/home/nmurray/code/spotrflow --filter label=devcontainer.config_file=/home/nmurray/code/spotrflow/.devcontainer/cuda122/devcontainer.json
[2024-01-29T16:44:47.038Z] Stop (12 ms): Run: docker ps -q -a --filter label=devcontainer.local_folder=/home/nmurray/code/spotrflow --filter label=devcontainer.config_file=/home/nmurray/code/spotrflow/.devcontainer/cuda122/devcontainer.json
[2024-01-29T16:44:47.038Z] Start: Run: docker inspect --type container 4297a1e11e61
[2024-01-29T16:44:47.049Z] Stop (11 ms): Run: docker inspect --type container 4297a1e11e61
[2024-01-29T16:44:47.050Z] Start: Inspecting container
[2024-01-29T16:44:47.050Z] Start: Run: docker inspect --type container 4297a1e11e61ba0a317348ba8bf86ddf065550e8a7d8c14a8583dfcc45dfeeeb
[2024-01-29T16:44:47.061Z] Stop (11 ms): Run: docker inspect --type container 4297a1e11e61ba0a317348ba8bf86ddf065550e8a7d8c14a8583dfcc45dfeeeb
[2024-01-29T16:44:47.061Z] Stop (11 ms): Inspecting container
[2024-01-29T16:44:47.062Z] Start: Run in container: /bin/sh
[2024-01-29T16:44:47.065Z] Start: Run in container: uname -m
[2024-01-29T16:44:47.170Z] x86_64
[2024-01-29T16:44:47.170Z] 
[2024-01-29T16:44:47.170Z] Stop (105 ms): Run in container: uname -m
[2024-01-29T16:44:47.171Z] Start: Run in container: (cat /etc/os-release || cat /usr/lib/os-release) 2>/dev/null
[2024-01-29T16:44:47.173Z] NAME="Ubuntu"
VERSION="20.04.6 LTS (Focal Fossa)"
ID=ubuntu
ID_LIKE=debian
PRETTY_NAME="Ubuntu 20.04.6 LTS"
VERSION_ID="20.04"
HOME_URL="https://www.ubuntu.com/"
SUPPORT_URL="https://help.ubuntu.com/"
BUG_REPORT_URL="https://bugs.launchpad.net/ubuntu/"
PRIVACY_POLICY_URL="https://www.ubuntu.com/legal/terms-and-policies/privacy-policy"
VERSION_CODENAME=focal
UBUNTU_CODENAME=focal
[2024-01-29T16:44:47.173Z] 
[2024-01-29T16:44:47.173Z] Stop (2 ms): Run in container: (cat /etc/os-release || cat /usr/lib/os-release) 2>/dev/null
[2024-01-29T16:44:47.174Z] Start: Run in container:  (command -v getent >/dev/null 2>&1 && getent passwd 'developer' || grep -E '^developer|^[^:]*:[^:]*:developer:' /etc/passwd || true)
[2024-01-29T16:44:47.178Z] Stop (4 ms): Run in container:  (command -v getent >/dev/null 2>&1 && getent passwd 'developer' || grep -E '^developer|^[^:]*:[^:]*:developer:' /etc/passwd || true)
[2024-01-29T16:44:47.179Z] Start: Run in container: test -f '/var/devcontainer/.patchEtcEnvironmentMarker'
[2024-01-29T16:44:47.181Z] 
[2024-01-29T16:44:47.181Z] 
[2024-01-29T16:44:47.181Z] Stop (2 ms): Run in container: test -f '/var/devcontainer/.patchEtcEnvironmentMarker'
[2024-01-29T16:44:47.181Z] Start: Run in container: test -f '/var/devcontainer/.patchEtcProfileMarker'
[2024-01-29T16:44:47.182Z] 
[2024-01-29T16:44:47.182Z] 
[2024-01-29T16:44:47.182Z] Stop (1 ms): Run in container: test -f '/var/devcontainer/.patchEtcProfileMarker'
[2024-01-29T16:44:47.182Z] Stop (199 ms): Resolving Remote
[2024-01-29T16:44:47.191Z] Stop (396 ms): Run: /usr/share/code/code --ms-enable-electron-run-as-node /home/nmurray/.vscode/extensions/ms-vscode-remote.remote-containers-0.327.0/dist/spec-node/devContainersSpecCLI.js up --user-data-folder /home/nmurray/.config/Code/User/globalStorage/ms-vscode-remote.remote-containers/data --container-session-data-folder /tmp/devcontainers-5c2360d0-743e-4679-b828-1e27d3fe18fc1706546686083 --workspace-folder /home/nmurray/code/spotrflow --workspace-mount-consistency cached --id-label devcontainer.local_folder=/home/nmurray/code/spotrflow --id-label devcontainer.config_file=/home/nmurray/code/spotrflow/.devcontainer/cuda122/devcontainer.json --log-level debug --log-format json --config /home/nmurray/code/spotrflow/.devcontainer/cuda122/devcontainer.json --default-user-env-probe loginInteractiveShell --mount type=volume,source=vscode,target=/vscode,external=true --skip-post-create --update-remote-user-uid-default on --mount-workspace-git-root
[2024-01-29T16:44:47.191Z] Start: Run: docker inspect --type container 4297a1e11e61ba0a317348ba8bf86ddf065550e8a7d8c14a8583dfcc45dfeeeb
[2024-01-29T16:44:47.204Z] Stop (13 ms): Run: docker inspect --type container 4297a1e11e61ba0a317348ba8bf86ddf065550e8a7d8c14a8583dfcc45dfeeeb
[2024-01-29T16:44:47.206Z] Start: Run: /usr/share/code/code --ms-enable-electron-run-as-node /home/nmurray/.vscode/extensions/ms-vscode-remote.remote-containers-0.327.0/dist/spec-node/devContainersSpecCLI.js read-configuration --workspace-folder /home/nmurray/code/spotrflow --id-label devcontainer.local_folder=/home/nmurray/code/spotrflow --id-label devcontainer.config_file=/home/nmurray/code/spotrflow/.devcontainer/cuda122/devcontainer.json --container-id 4297a1e11e61ba0a317348ba8bf86ddf065550e8a7d8c14a8583dfcc45dfeeeb --log-level debug --log-format json --config /home/nmurray/code/spotrflow/.devcontainer/cuda122/devcontainer.json --include-merged-configuration --mount-workspace-git-root
[2024-01-29T16:44:47.340Z] @devcontainers/cli 0.54.1. Node.js v18.15.0. linux 6.2.0-33-generic x64.
[2024-01-29T16:44:47.340Z] Start: Run: git rev-parse --show-cdup
[2024-01-29T16:44:47.346Z] Stop (6 ms): Run: git rev-parse --show-cdup
[2024-01-29T16:44:47.347Z] Start: Run: docker inspect --type container 4297a1e11e61ba0a317348ba8bf86ddf065550e8a7d8c14a8583dfcc45dfeeeb
[2024-01-29T16:44:47.358Z] Stop (11 ms): Run: docker inspect --type container 4297a1e11e61ba0a317348ba8bf86ddf065550e8a7d8c14a8583dfcc45dfeeeb
[2024-01-29T16:44:47.364Z] Stop (158 ms): Run: /usr/share/code/code --ms-enable-electron-run-as-node /home/nmurray/.vscode/extensions/ms-vscode-remote.remote-containers-0.327.0/dist/spec-node/devContainersSpecCLI.js read-configuration --workspace-folder /home/nmurray/code/spotrflow --id-label devcontainer.local_folder=/home/nmurray/code/spotrflow --id-label devcontainer.config_file=/home/nmurray/code/spotrflow/.devcontainer/cuda122/devcontainer.json --container-id 4297a1e11e61ba0a317348ba8bf86ddf065550e8a7d8c14a8583dfcc45dfeeeb --log-level debug --log-format json --config /home/nmurray/code/spotrflow/.devcontainer/cuda122/devcontainer.json --include-merged-configuration --mount-workspace-git-root
[2024-01-29T16:44:47.364Z] Start: Inspecting container
[2024-01-29T16:44:47.365Z] Start: Run: docker inspect --type container 4297a1e11e61ba0a317348ba8bf86ddf065550e8a7d8c14a8583dfcc45dfeeeb
[2024-01-29T16:44:47.378Z] Stop (13 ms): Run: docker inspect --type container 4297a1e11e61ba0a317348ba8bf86ddf065550e8a7d8c14a8583dfcc45dfeeeb
[2024-01-29T16:44:47.378Z] Stop (14 ms): Inspecting container
[2024-01-29T16:44:47.379Z] Start: Run in container: /bin/sh
[2024-01-29T16:44:47.383Z] Start: Run in container: uname -m
[2024-01-29T16:44:47.462Z] x86_64
[2024-01-29T16:44:47.463Z] 
[2024-01-29T16:44:47.463Z] Stop (80 ms): Run in container: uname -m
[2024-01-29T16:44:47.464Z] Start: Run in container: (cat /etc/os-release || cat /usr/lib/os-release) 2>/dev/null
[2024-01-29T16:44:47.466Z] NAME="Ubuntu"
VERSION="20.04.6 LTS (Focal Fossa)"
ID=ubuntu
ID_LIKE=debian
PRETTY_NAME="Ubuntu 20.04.6 LTS"
VERSION_ID="20.04"
HOME_URL="https://www.ubuntu.com/"
SUPPORT_URL="https://help.ubuntu.com/"
BUG_REPORT_URL="https://bugs.launchpad.net/ubuntu/"
PRIVACY_POLICY_URL="https://www.ubuntu.com/legal/terms-and-policies/privacy-policy"
VERSION_CODENAME=focal
UBUNTU_CODENAME=focal
[2024-01-29T16:44:47.466Z] 
[2024-01-29T16:44:47.467Z] Stop (3 ms): Run in container: (cat /etc/os-release || cat /usr/lib/os-release) 2>/dev/null
[2024-01-29T16:44:47.467Z] Start: Run in container:  (command -v getent >/dev/null 2>&1 && getent passwd 'developer' || grep -E '^developer|^[^:]*:[^:]*:developer:' /etc/passwd || true)
[2024-01-29T16:44:47.470Z] Stop (3 ms): Run in container:  (command -v getent >/dev/null 2>&1 && getent passwd 'developer' || grep -E '^developer|^[^:]*:[^:]*:developer:' /etc/passwd || true)
[2024-01-29T16:44:47.472Z] Start: Setup shutdown monitor
[2024-01-29T16:44:47.473Z] Forking shutdown monitor: /home/nmurray/.vscode/extensions/ms-vscode-remote.remote-containers-0.327.0/dist/shutdown/shutdownMonitorProcess /run/user/798000122/vscode-remote-containers-03a94dd6-bb6d-423f-ad78-9f2a0c286344.sock singleContainer Debug /home/nmurray/.config/Code/logs/20240129T114445/window1/exthost/ms-vscode-remote.remote-containers 1706546686458
[2024-01-29T16:44:47.479Z] Stop (7 ms): Setup shutdown monitor
[2024-01-29T16:44:47.480Z] Start: Run in container: test -d /home/developer/.vscode-server
[2024-01-29T16:44:47.481Z] 
[2024-01-29T16:44:47.481Z] 
[2024-01-29T16:44:47.481Z] Stop (1 ms): Run in container: test -d /home/developer/.vscode-server
[2024-01-29T16:44:47.482Z] Start: Run in container: test ! -f '/home/developer/.vscode-server/data/Machine/.writeMachineSettingsMarker' && set -o noclobber && mkdir -p '/home/developer/.vscode-server/data/Machine' && { > '/home/developer/.vscode-server/data/Machine/.writeMachineSettingsMarker' ; } 2> /dev/null
[2024-01-29T16:44:47.483Z] 
[2024-01-29T16:44:47.483Z] 
[2024-01-29T16:44:47.483Z] Exit code 1
[2024-01-29T16:44:47.483Z] Stop (1 ms): Run in container: test ! -f '/home/developer/.vscode-server/data/Machine/.writeMachineSettingsMarker' && set -o noclobber && mkdir -p '/home/developer/.vscode-server/data/Machine' && { > '/home/developer/.vscode-server/data/Machine/.writeMachineSettingsMarker' ; } 2> /dev/null
[2024-01-29T16:44:47.483Z] Start: Run in container: cat /home/developer/.vscode-server/data/Machine/settings.json
[2024-01-29T16:44:47.485Z] {
	"terminal.integrated.profiles.linux": {
		"bash": {
			"path": "bash"
		}
	},
	"terminal.integrated.defaultProfile.linux": "bash",
	"remote.autoForwardPorts": false
}
[2024-01-29T16:44:47.485Z] 
[2024-01-29T16:44:47.485Z] Stop (2 ms): Run in container: cat /home/developer/.vscode-server/data/Machine/settings.json
[2024-01-29T16:44:47.485Z] Start: Run in container: test -d /home/developer/.vscode-server/bin/0ee08df0cf4527e40edc9aa28f4b5bd38bbff2b2
[2024-01-29T16:44:47.485Z] 
[2024-01-29T16:44:47.485Z] 
[2024-01-29T16:44:47.485Z] Stop (0 ms): Run in container: test -d /home/developer/.vscode-server/bin/0ee08df0cf4527e40edc9aa28f4b5bd38bbff2b2
[2024-01-29T16:44:47.486Z] Start: Run in container: test -d /vscode/vscode-server/bin/linux-x64/0ee08df0cf4527e40edc9aa28f4b5bd38bbff2b2
[2024-01-29T16:44:47.486Z] 
[2024-01-29T16:44:47.486Z] 
[2024-01-29T16:44:47.486Z] Stop (0 ms): Run in container: test -d /vscode/vscode-server/bin/linux-x64/0ee08df0cf4527e40edc9aa28f4b5bd38bbff2b2
[2024-01-29T16:44:47.486Z] Start: Run in container: /bin/sh
[2024-01-29T16:44:47.489Z] Start: Launching Dev Containers helper.
[2024-01-29T16:44:47.490Z] ssh-agent: SSH_AUTH_SOCK in container (/tmp/vscode-ssh-auth-d63efaa8-629e-4868-ba33-5e1a30281cf5.sock) forwarded to local host (/run/user/798000122/keyring/ssh).
[2024-01-29T16:44:47.490Z] Start: Run in container: test -e /tmp/.X11-unix/X0
[2024-01-29T16:44:47.490Z] Start: Run in container: touch '/vscode/vscode-server/bin/linux-x64/0ee08df0cf4527e40edc9aa28f4b5bd38bbff2b2'
[2024-01-29T16:44:47.491Z] 
[2024-01-29T16:44:47.492Z] 
[2024-01-29T16:44:47.492Z] Stop (2 ms): Run in container: test -e /tmp/.X11-unix/X0
[2024-01-29T16:44:47.492Z] Start: Run in container: test -e /tmp/.X11-unix/X1
[2024-01-29T16:44:47.492Z] 
[2024-01-29T16:44:47.492Z] 
[2024-01-29T16:44:47.492Z] Stop (0 ms): Run in container: test -e /tmp/.X11-unix/X1
[2024-01-29T16:44:47.492Z] Start: Run in container: test -e /tmp/.X11-unix/X2
[2024-01-29T16:44:47.493Z] 
[2024-01-29T16:44:47.493Z] 
[2024-01-29T16:44:47.493Z] Stop (1 ms): Run in container: test -e /tmp/.X11-unix/X2
[2024-01-29T16:44:47.493Z] Start: Run in container: test -e /tmp/.X11-unix/X3
[2024-01-29T16:44:47.494Z] 
[2024-01-29T16:44:47.494Z] 
[2024-01-29T16:44:47.494Z] Exit code 1
[2024-01-29T16:44:47.494Z] Stop (1 ms): Run in container: test -e /tmp/.X11-unix/X3
[2024-01-29T16:44:47.494Z] Start: Run in container: mkdir -p '/tmp/.X11-unix'
[2024-01-29T16:44:47.502Z] 
[2024-01-29T16:44:47.502Z] 
[2024-01-29T16:44:47.502Z] Stop (8 ms): Run in container: mkdir -p '/tmp/.X11-unix'
[2024-01-29T16:44:47.502Z] X11 forwarding: DISPLAY in container (:3) forwarded to local host (:1).
[2024-01-29T16:44:47.502Z] Start: Run in container: gpgconf --list-dir agent-socket
[2024-01-29T16:44:47.504Z] /home/developer/.gnupg/S.gpg-agent
[2024-01-29T16:44:47.504Z] 
[2024-01-29T16:44:47.504Z] Stop (2 ms): Run in container: gpgconf --list-dir agent-socket
[2024-01-29T16:44:47.504Z] Start: Run in container: gpgconf --list-dir homedir
[2024-01-29T16:44:47.505Z] /home/developer/.gnupg
[2024-01-29T16:44:47.505Z] 
[2024-01-29T16:44:47.505Z] Stop (1 ms): Run in container: gpgconf --list-dir homedir
[2024-01-29T16:44:47.505Z] Start: Run in container: ls '/home/developer/.gnupg/private-keys-v1.d' 2>/dev/null
[2024-01-29T16:44:47.507Z] 
[2024-01-29T16:44:47.507Z] 
[2024-01-29T16:44:47.507Z] Exit code 2
[2024-01-29T16:44:47.507Z] Stop (2 ms): Run in container: ls '/home/developer/.gnupg/private-keys-v1.d' 2>/dev/null
[2024-01-29T16:44:47.508Z] Start: Run: gpgconf --list-dir agent-extra-socket
[2024-01-29T16:44:47.512Z] Stop (4 ms): Run: gpgconf --list-dir agent-extra-socket
[2024-01-29T16:44:47.512Z] /run/user/798000122/gnupg/S.gpg-agent.extra
[2024-01-29T16:44:47.512Z] 
[2024-01-29T16:44:47.513Z] Start: Run in container: mkdir -p -m 700 '/home/developer/.gnupg'
[2024-01-29T16:44:47.513Z] gpg-agent: Socket in container (/home/developer/.gnupg/S.gpg-agent) forwarded to local host (/run/user/798000122/gnupg/S.gpg-agent.extra).
[2024-01-29T16:44:47.513Z] Start: Run in container: /bin/sh
[2024-01-29T16:44:47.514Z] Stop (25 ms): Launching Dev Containers helper.
[2024-01-29T16:44:47.517Z] userEnvProbe: loginInteractiveShell (default)
[2024-01-29T16:44:47.518Z] Start: Run in container: echo ~
[2024-01-29T16:44:47.518Z] 
[2024-01-29T16:44:47.519Z] 
[2024-01-29T16:44:47.519Z] Stop (6 ms): Run in container: mkdir -p -m 700 '/home/developer/.gnupg'
[2024-01-29T16:44:47.519Z] Start: Run in container: test -f '/tmp/devcontainers-5c2360d0-743e-4679-b828-1e27d3fe18fc1706546686083/env-loginInteractiveShell.json'
[2024-01-29T16:44:47.519Z] Start: Run: gpgconf --list-dir homedir
[2024-01-29T16:44:47.522Z] 
[2024-01-29T16:44:47.522Z] 
[2024-01-29T16:44:47.522Z] Exit code 1
[2024-01-29T16:44:47.523Z] Stop (4 ms): Run in container: test -f '/tmp/devcontainers-5c2360d0-743e-4679-b828-1e27d3fe18fc1706546686083/env-loginInteractiveShell.json'
[2024-01-29T16:44:47.523Z] userEnvProbe: not found in cache
[2024-01-29T16:44:47.523Z] userEnvProbe shell: /bin/bash
[2024-01-29T16:44:47.523Z] Stop (4 ms): Run: gpgconf --list-dir homedir
[2024-01-29T16:44:47.523Z] /home/nmurray/.gnupg
[2024-01-29T16:44:47.523Z] 
[2024-01-29T16:44:47.524Z] Start: Run in container: gpgconf --list-dir homedir
[2024-01-29T16:44:47.525Z] /home/developer/.gnupg
[2024-01-29T16:44:47.525Z] 
[2024-01-29T16:44:47.525Z] Stop (1 ms): Run in container: gpgconf --list-dir homedir
[2024-01-29T16:44:47.525Z] Start: Run in container: # Test for /home/developer/.ssh/known_hosts and ssh
[2024-01-29T16:44:47.526Z] /home/developer/.ssh/known_hosts exists
[2024-01-29T16:44:47.526Z] 
[2024-01-29T16:44:47.526Z] Exit code 1
[2024-01-29T16:44:47.526Z] Stop (1 ms): Run in container: # Test for /home/developer/.ssh/known_hosts and ssh
[2024-01-29T16:44:47.526Z] Start: Run in container: # Test for /home/developer/.gnupg/pubring.kbx and gpg
[2024-01-29T16:44:47.527Z] /home/developer/.gnupg/pubring.kbx exists
[2024-01-29T16:44:47.527Z] 
[2024-01-29T16:44:47.527Z] Exit code 1
[2024-01-29T16:44:47.527Z] Stop (1 ms): Run in container: # Test for /home/developer/.gnupg/pubring.kbx and gpg
[2024-01-29T16:44:47.527Z] Start: Run in container: # Test for /home/developer/.gnupg/trustdb.gpg and gpg
[2024-01-29T16:44:47.528Z] /home/developer/.gnupg/trustdb.gpg exists
[2024-01-29T16:44:47.528Z] 
[2024-01-29T16:44:47.528Z] Exit code 1
[2024-01-29T16:44:47.528Z] Stop (1 ms): Run in container: # Test for /home/developer/.gnupg/trustdb.gpg and gpg
[2024-01-29T16:44:47.528Z] Start: Run: gpg-connect-agent updatestartuptty /bye
[2024-01-29T16:44:47.536Z] Stop (8 ms): Run: gpg-connect-agent updatestartuptty /bye
[2024-01-29T16:44:47.581Z] 
[2024-01-29T16:44:47.581Z] 
[2024-01-29T16:44:47.582Z] Stop (92 ms): Run in container: touch '/vscode/vscode-server/bin/linux-x64/0ee08df0cf4527e40edc9aa28f4b5bd38bbff2b2'
[2024-01-29T16:44:47.582Z] Start: Run in container: command -v git >/dev/null 2>&1 && git config --system --replace-all credential.helper '!f() { /home/developer/.vscode-server/bin/0ee08df0cf4527e40edc9aa28f4b5bd38bbff2b2/node /tmp/vscode-remote-containers-d63efaa8-629e-4868-ba33-5e1a30281cf5.js git-credential-helper $*; }; f' || true
[2024-01-29T16:44:47.588Z] 
[2024-01-29T16:44:47.588Z] 
[2024-01-29T16:44:47.588Z] Stop (6 ms): Run in container: command -v git >/dev/null 2>&1 && git config --system --replace-all credential.helper '!f() { /home/developer/.vscode-server/bin/0ee08df0cf4527e40edc9aa28f4b5bd38bbff2b2/node /tmp/vscode-remote-containers-d63efaa8-629e-4868-ba33-5e1a30281cf5.js git-credential-helper $*; }; f' || true
[2024-01-29T16:44:47.588Z] Start: Run in container: for pid in `cd /proc && ls -d [0-9]*`; do { echo $pid ; readlink /proc/$pid/cwd || echo ; readlink /proc/$pid/ns/mnt || echo ; cat /proc/$pid/stat | tr "
[2024-01-29T16:44:47.592Z] /home/developer
[2024-01-29T16:44:47.592Z] 
[2024-01-29T16:44:47.592Z] Stop (74 ms): Run in container: echo ~
[2024-01-29T16:44:47.592Z] Start: Run in container: cat <<'EOF-/tmp/vscode-remote-containers-d63efaa8-629e-4868-ba33-5e1a30281cf5.js' >/tmp/vscode-remote-containers-d63efaa8-629e-4868-ba33-5e1a30281cf5.js
[2024-01-29T16:44:47.593Z] 
[2024-01-29T16:44:47.593Z] 
[2024-01-29T16:44:47.593Z] Stop (1 ms): Run in container: cat <<'EOF-/tmp/vscode-remote-containers-d63efaa8-629e-4868-ba33-5e1a30281cf5.js' >/tmp/vscode-remote-containers-d63efaa8-629e-4868-ba33-5e1a30281cf5.js
[2024-01-29T16:44:47.593Z] Start: Run in container: cat <<'EOF-/tmp/vscode-remote-containers-server-d63efaa8-629e-4868-ba33-5e1a30281cf5.js' >/tmp/vscode-remote-containers-server-d63efaa8-629e-4868-ba33-5e1a30281cf5.js_1706546687593
[2024-01-29T16:44:47.596Z] 
[2024-01-29T16:44:47.596Z] 
[2024-01-29T16:44:47.596Z] Stop (3 ms): Run in container: cat <<'EOF-/tmp/vscode-remote-containers-server-d63efaa8-629e-4868-ba33-5e1a30281cf5.js' >/tmp/vscode-remote-containers-server-d63efaa8-629e-4868-ba33-5e1a30281cf5.js_1706546687593
[2024-01-29T16:44:47.636Z] Stop (48 ms): Run in container: for pid in `cd /proc && ls -d [0-9]*`; do { echo $pid ; readlink /proc/$pid/cwd || echo ; readlink /proc/$pid/ns/mnt || echo ; cat /proc/$pid/stat | tr "
[2024-01-29T16:44:47.637Z] Start: Run in container: cat '/home/developer/.vscode-server/bin/0ee08df0cf4527e40edc9aa28f4b5bd38bbff2b2/product.json'
[2024-01-29T16:44:47.638Z] Stop (1 ms): Run in container: cat '/home/developer/.vscode-server/bin/0ee08df0cf4527e40edc9aa28f4b5bd38bbff2b2/product.json'
[2024-01-29T16:44:47.639Z] Extension host agent is already running.
[2024-01-29T16:44:47.639Z] Start: Run in container: cat '/home/developer/.vscode-server/data/Machine/.devport-0ee08df0cf4527e40edc9aa28f4b5bd38bbff2b2' 2>/dev/null
[2024-01-29T16:44:47.640Z] 45119
[2024-01-29T16:44:47.640Z] 
[2024-01-29T16:44:47.640Z] Stop (1 ms): Run in container: cat '/home/developer/.vscode-server/data/Machine/.devport-0ee08df0cf4527e40edc9aa28f4b5bd38bbff2b2' 2>/dev/null
[2024-01-29T16:44:47.640Z] Start: Run in container: cat '/home/developer/.vscode-server/data/Machine/.connection-token-0ee08df0cf4527e40edc9aa28f4b5bd38bbff2b2'
[2024-01-29T16:44:47.641Z] e7eb9bd5-dfd8-49be-a848-aa24deb11403
[2024-01-29T16:44:47.641Z] 
[2024-01-29T16:44:47.641Z] Stop (1 ms): Run in container: cat '/home/developer/.vscode-server/data/Machine/.connection-token-0ee08df0cf4527e40edc9aa28f4b5bd38bbff2b2'
[2024-01-29T16:44:47.642Z] Port forwarding for container port 45119 starts listening on local port.
[2024-01-29T16:44:47.642Z] Port forwarding local port 46541 to container port 45119
[2024-01-29T16:44:47.642Z] Start: Run: /usr/share/code/code --ms-enable-electron-run-as-node /home/nmurray/.vscode/extensions/ms-vscode-remote.remote-containers-0.327.0/dist/spec-node/devContainersSpecCLI.js run-user-commands --user-data-folder /home/nmurray/.config/Code/User/globalStorage/ms-vscode-remote.remote-containers/data --container-session-data-folder /tmp/devcontainers-5c2360d0-743e-4679-b828-1e27d3fe18fc1706546686083 --workspace-folder /home/nmurray/code/spotrflow --id-label devcontainer.local_folder=/home/nmurray/code/spotrflow --id-label devcontainer.config_file=/home/nmurray/code/spotrflow/.devcontainer/cuda122/devcontainer.json --container-id 4297a1e11e61ba0a317348ba8bf86ddf065550e8a7d8c14a8583dfcc45dfeeeb --log-level debug --log-format json --config /home/nmurray/code/spotrflow/.devcontainer/cuda122/devcontainer.json --default-user-env-probe loginInteractiveShell --skip-non-blocking-commands false --prebuild false --stop-for-personalization true --remote-env REMOTE_CONTAINERS_IPC=/tmp/vscode-remote-containers-ipc-d63efaa8-629e-4868-ba33-5e1a30281cf5.sock --remote-env SSH_AUTH_SOCK=/tmp/vscode-ssh-auth-d63efaa8-629e-4868-ba33-5e1a30281cf5.sock --remote-env REMOTE_CONTAINERS_DISPLAY_SOCK=/tmp/.X11-unix/X3 --remote-env REMOTE_CONTAINERS=true --mount-workspace-git-root --dotfiles-target-path ~/dotfiles
[2024-01-29T16:44:47.655Z] userEnvProbe PATHs:
Probe:     '/home/developer/.local/bin:/home/developer/git-subrepo/lib:/usr/local/nvidia/bin:/usr/local/cuda/bin:/usr/local/sbin:/usr/local/bin:/usr/sbin:/usr/bin:/sbin:/bin:/usr/local/go/bin:/usr/local/go/bin:/home/developer/go/bin'
Container: '/usr/local/nvidia/bin:/usr/local/cuda/bin:/usr/local/sbin:/usr/local/bin:/usr/sbin:/usr/bin:/sbin:/bin:/usr/local/go/bin:/usr/local/go/bin:/home/developer/go/bin'
[2024-01-29T16:44:47.655Z] Start: Run in container: mkdir -p '/tmp/devcontainers-5c2360d0-743e-4679-b828-1e27d3fe18fc1706546686083' && cat > '/tmp/devcontainers-5c2360d0-743e-4679-b828-1e27d3fe18fc1706546686083/env-loginInteractiveShell.json' << 'envJSON'
[2024-01-29T16:44:47.657Z] 
[2024-01-29T16:44:47.657Z] 
[2024-01-29T16:44:47.657Z] Stop (2 ms): Run in container: mkdir -p '/tmp/devcontainers-5c2360d0-743e-4679-b828-1e27d3fe18fc1706546686083' && cat > '/tmp/devcontainers-5c2360d0-743e-4679-b828-1e27d3fe18fc1706546686083/env-loginInteractiveShell.json' << 'envJSON'
[2024-01-29T16:44:47.659Z] Stop (1185 ms): Resolving Remote
[2024-01-29T16:44:47.664Z] Port forwarding connection from 48922 > 46541 > 45119 in the container.
[2024-01-29T16:44:47.664Z] Start: Run in container: /home/developer/.vscode-server/bin/0ee08df0cf4527e40edc9aa28f4b5bd38bbff2b2/node -e 
[2024-01-29T16:44:47.795Z] Port forwarding 48922 > 46541 > 45119 stderr: Connection established
[2024-01-29T16:44:47.800Z] @devcontainers/cli 0.54.1. Node.js v18.15.0. linux 6.2.0-33-generic x64.
[2024-01-29T16:44:47.800Z] Start: Run: docker buildx version
[2024-01-29T16:44:47.808Z] Port forwarding connection from 48938 > 46541 > 45119 in the container.
[2024-01-29T16:44:47.808Z] Start: Run in container: /home/developer/.vscode-server/bin/0ee08df0cf4527e40edc9aa28f4b5bd38bbff2b2/node -e 
[2024-01-29T16:44:47.850Z] Stop (50 ms): Run: docker buildx version
[2024-01-29T16:44:47.850Z] github.com/docker/buildx v0.11.2 9872040
[2024-01-29T16:44:47.850Z] 
[2024-01-29T16:44:47.852Z] Start: Run: git rev-parse --show-cdup
[2024-01-29T16:44:47.855Z] Stop (3 ms): Run: git rev-parse --show-cdup
[2024-01-29T16:44:47.856Z] Start: Run: docker inspect --type container 4297a1e11e61ba0a317348ba8bf86ddf065550e8a7d8c14a8583dfcc45dfeeeb
[2024-01-29T16:44:47.900Z] Stop (44 ms): Run: docker inspect --type container 4297a1e11e61ba0a317348ba8bf86ddf065550e8a7d8c14a8583dfcc45dfeeeb
[2024-01-29T16:44:47.903Z] Start: Inspecting container
[2024-01-29T16:44:47.903Z] Start: Run: docker inspect --type container 4297a1e11e61ba0a317348ba8bf86ddf065550e8a7d8c14a8583dfcc45dfeeeb
[2024-01-29T16:44:47.919Z] Port forwarding 48938 > 46541 > 45119 stderr: Connection established
[2024-01-29T16:44:47.919Z] Stop (16 ms): Run: docker inspect --type container 4297a1e11e61ba0a317348ba8bf86ddf065550e8a7d8c14a8583dfcc45dfeeeb
[2024-01-29T16:44:47.919Z] Stop (16 ms): Inspecting container
[2024-01-29T16:44:47.920Z] Start: Run in container: /bin/sh
[2024-01-29T16:44:47.923Z] Start: Run in container: uname -m
[2024-01-29T16:44:48.009Z] Port forwarding connection from 48942 > 46541 > 45119 in the container.
[2024-01-29T16:44:48.010Z] Start: Run in container: /home/developer/.vscode-server/bin/0ee08df0cf4527e40edc9aa28f4b5bd38bbff2b2/node -e 
[2024-01-29T16:44:48.019Z] x86_64
[2024-01-29T16:44:48.019Z] 
[2024-01-29T16:44:48.019Z] Stop (96 ms): Run in container: uname -m
[2024-01-29T16:44:48.019Z] Start: Run in container: (cat /etc/os-release || cat /usr/lib/os-release) 2>/dev/null
[2024-01-29T16:44:48.021Z] NAME="Ubuntu"
VERSION="20.04.6 LTS (Focal Fossa)"
ID=ubuntu
ID_LIKE=debian
PRETTY_NAME="Ubuntu 20.04.6 LTS"
VERSION_ID="20.04"
HOME_URL="https://www.ubuntu.com/"
SUPPORT_URL="https://help.ubuntu.com/"
BUG_REPORT_URL="https://bugs.launchpad.net/ubuntu/"
PRIVACY_POLICY_URL="https://www.ubuntu.com/legal/terms-and-policies/privacy-policy"
VERSION_CODENAME=focal
UBUNTU_CODENAME=focal
[2024-01-29T16:44:48.021Z] 
[2024-01-29T16:44:48.021Z] Stop (2 ms): Run in container: (cat /etc/os-release || cat /usr/lib/os-release) 2>/dev/null
[2024-01-29T16:44:48.021Z] Start: Run in container:  (command -v getent >/dev/null 2>&1 && getent passwd 'developer' || grep -E '^developer|^[^:]*:[^:]*:developer:' /etc/passwd || true)
[2024-01-29T16:44:48.022Z] Stop (1 ms): Run in container:  (command -v getent >/dev/null 2>&1 && getent passwd 'developer' || grep -E '^developer|^[^:]*:[^:]*:developer:' /etc/passwd || true)
[2024-01-29T16:44:48.022Z] userEnvProbe: loginInteractiveShell (default)
[2024-01-29T16:44:48.023Z] Start: Run in container: test -f '/tmp/devcontainers-5c2360d0-743e-4679-b828-1e27d3fe18fc1706546686083/env-loginInteractiveShell.json'
[2024-01-29T16:44:48.023Z] 
[2024-01-29T16:44:48.023Z] 
[2024-01-29T16:44:48.023Z] Stop (0 ms): Run in container: test -f '/tmp/devcontainers-5c2360d0-743e-4679-b828-1e27d3fe18fc1706546686083/env-loginInteractiveShell.json'
[2024-01-29T16:44:48.023Z] Start: Run in container: mkdir -p '/home/developer/.devcontainer' && CONTENT="$(cat '/home/developer/.devcontainer/.onCreateCommandMarker' 2>/dev/null || echo ENOENT)" && [ "${CONTENT:-2024-01-10T22:00:07.409741455Z}" != '2024-01-10T22:00:07.409741455Z' ] && echo '2024-01-10T22:00:07.409741455Z' > '/home/developer/.devcontainer/.onCreateCommandMarker'
[2024-01-29T16:44:48.025Z] 
[2024-01-29T16:44:48.025Z] 
[2024-01-29T16:44:48.025Z] Exit code 1
[2024-01-29T16:44:48.025Z] Stop (2 ms): Run in container: mkdir -p '/home/developer/.devcontainer' && CONTENT="$(cat '/home/developer/.devcontainer/.onCreateCommandMarker' 2>/dev/null || echo ENOENT)" && [ "${CONTENT:-2024-01-10T22:00:07.409741455Z}" != '2024-01-10T22:00:07.409741455Z' ] && echo '2024-01-10T22:00:07.409741455Z' > '/home/developer/.devcontainer/.onCreateCommandMarker'
[2024-01-29T16:44:48.026Z] Start: Run in container: cat '/tmp/devcontainers-5c2360d0-743e-4679-b828-1e27d3fe18fc1706546686083/env-loginInteractiveShell.json'
[2024-01-29T16:44:48.026Z] {
	"NV_LIBCUBLAS_VERSION": "12.2.5.6-1",
	"NVIDIA_VISIBLE_DEVICES": "all",
	"NV_NVML_DEV_VERSION": "12.2.140-1",
	"NV_CUDNN_PACKAGE_NAME": "libcudnn8",
	"NV_LIBNCCL_DEV_PACKAGE": "libnccl-dev=2.18.5-1+cuda12.2",
	"NV_LIBNCCL_DEV_PACKAGE_VERSION": "2.18.5-1",
	"HOSTNAME": "dev-nmurray02",
	"NVIDIA_REQUIRE_CUDA": "cuda>=12.2 brand=tesla,driver>=450,driver<451 brand=tesla,driver>=470,driver<471 brand=unknown,driver>=470,driver<471 brand=nvidia,driver>=470,driver<471 brand=nvidiartx,driver>=470,driver<471 brand=geforce,driver>=470,driver<471 brand=geforcertx,driver>=470,driver<471 brand=quadro,driver>=470,driver<471 brand=quadrortx,driver>=470,driver<471 brand=titan,driver>=470,driver<471 brand=titanrtx,driver>=470,driver<471 brand=tesla,driver>=525,driver<526 brand=unknown,driver>=525,driver<526 brand=nvidia,driver>=525,driver<526 brand=nvidiartx,driver>=525,driver<526 brand=geforce,driver>=525,driver<526 brand=geforcertx,driver>=525,driver<526 brand=quadro,driver>=525,driver<526 brand=quadrortx,driver>=525,driver<526 brand=titan,driver>=525,driver<526 brand=titanrtx,driver>=525,driver<526",
	"NV_LIBCUBLAS_DEV_PACKAGE": "libcublas-dev-12-2=12.2.5.6-1",
	"NV_NVTX_VERSION": "12.2.140-1",
	"NV_CUDA_CUDART_DEV_VERSION": "12.2.140-1",
	"NV_LIBCUSPARSE_VERSION": "12.1.2.141-1",
	"REMOTE_CONTAINERS_IPC": "/tmp/vscode-remote-containers-ipc-d63efaa8-629e-4868-ba33-5e1a30281cf5.sock",
	"NV_LIBNPP_VERSION": "12.2.1.4-1",
	"NCCL_VERSION": "2.18.5-1",
	"GOBIN": "/home/developer/go/bin",
	"NV_CUDNN_PACKAGE": "libcudnn8=8.9.4.25-1+cuda12.2",
	"GIT_SUBREPO_ROOT": "/home/developer/git-subrepo",
	"NVIDIA_DRIVER_CAPABILITIES": "compute,utility",
	"MANPATH": "/home/developer/git-subrepo/man:",
	"NV_NVPROF_DEV_PACKAGE": "cuda-nvprof-12-2=12.2.142-1",
	"NV_LIBNPP_PACKAGE": "libnpp-12-2=12.2.1.4-1",
	"NV_LIBNCCL_DEV_PACKAGE_NAME": "libnccl-dev",
	"NV_LIBCUBLAS_DEV_VERSION": "12.2.5.6-1",
	"NVIDIA_PRODUCT_NAME": "CUDA",
	"NV_LIBCUBLAS_DEV_PACKAGE_NAME": "libcublas-dev-12-2",
	"NV_CUDA_CUDART_VERSION": "12.2.140-1",
	"HOME": "/home/developer",
	"LS_COLORS": "",
	"CUDA_VERSION": "12.2.2",
	"NV_LIBCUBLAS_PACKAGE": "libcublas-12-2=12.2.5.6-1",
	"NV_CUDA_NSIGHT_COMPUTE_DEV_PACKAGE": "cuda-nsight-compute-12-2=12.2.2-1",
	"NV_LIBNPP_DEV_PACKAGE": "libnpp-dev-12-2=12.2.1.4-1",
	"GOROOT": "/usr/local/go",
	"NV_LIBCUBLAS_PACKAGE_NAME": "libcublas-12-2",
	"NV_LIBNPP_DEV_VERSION": "12.2.1.4-1",
	"LESSCLOSE": "/usr/bin/lesspipe %s %s",
	"NV_LIBCUSPARSE_DEV_VERSION": "12.1.2.141-1",
	"REMOTE_CONTAINERS_SOCKETS": "[\"/tmp/vscode-ssh-auth-d63efaa8-629e-4868-ba33-5e1a30281cf5.sock\",\"/tmp/.X11-unix/X3\",\"/home/developer/.gnupg/S.gpg-agent\"]",
	"LESSOPEN": "| /usr/bin/lesspipe %s",
	"LIBRARY_PATH": "/usr/local/cuda/lib64/stubs",
	"NV_CUDNN_VERSION": "8.9.4.25",
	"DISPLAY": ":1",
	"SHLVL": "1",
	"NV_CUDA_LIB_VERSION": "12.2.2-1",
	"NVARCH": "x86_64",
	"NV_CUDNN_PACKAGE_DEV": "libcudnn8-dev=8.9.4.25-1+cuda12.2",
	"NV_CUDA_COMPAT_PACKAGE": "cuda-compat-12-2",
	"NV_LIBNCCL_PACKAGE": "libnccl2=2.18.5-1+cuda12.2",
	"LD_LIBRARY_PATH": "/usr/local/nvidia/lib:/usr/local/nvidia/lib64:/usr/local/lib64:/usr/local/lib:/usr/local/cuda/lib64:/usr/local/3rdparty/fast-dds/install/lib",
	"NV_CUDA_NSIGHT_COMPUTE_VERSION": "12.2.2-1",
	"NV_NVPROF_VERSION": "12.2.142-1",
	"PATH": "/home/developer/.local/bin:/home/developer/git-subrepo/lib:/usr/local/nvidia/bin:/usr/local/cuda/bin:/usr/local/sbin:/usr/local/bin:/usr/sbin:/usr/bin:/sbin:/bin:/usr/local/go/bin:/usr/local/go/bin:/home/developer/go/bin",
	"NV_LIBNCCL_PACKAGE_NAME": "libnccl2",
	"NV_LIBNCCL_PACKAGE_VERSION": "2.18.5-1",
	"HOST_WORKSPACE_DIR": "/home/nmurray/code/spotrflow",
	"DEBIAN_FRONTEND": "noninteractive",
	"GOPATH": "/home/developer/go",
	"_": "/usr/bin/cat"
}
[2024-01-29T16:44:48.026Z] 
[2024-01-29T16:44:48.027Z] Stop (1 ms): Run in container: cat '/tmp/devcontainers-5c2360d0-743e-4679-b828-1e27d3fe18fc1706546686083/env-loginInteractiveShell.json'
[2024-01-29T16:44:48.027Z] Start: Run in container: mkdir -p '/home/developer/.devcontainer' && CONTENT="$(cat '/home/developer/.devcontainer/.updateContentCommandMarker' 2>/dev/null || echo ENOENT)" && [ "${CONTENT:-2024-01-10T22:00:07.409741455Z}" != '2024-01-10T22:00:07.409741455Z' ] && echo '2024-01-10T22:00:07.409741455Z' > '/home/developer/.devcontainer/.updateContentCommandMarker'
[2024-01-29T16:44:48.029Z] 
[2024-01-29T16:44:48.029Z] 
[2024-01-29T16:44:48.029Z] Exit code 1
[2024-01-29T16:44:48.029Z] Stop (2 ms): Run in container: mkdir -p '/home/developer/.devcontainer' && CONTENT="$(cat '/home/developer/.devcontainer/.updateContentCommandMarker' 2>/dev/null || echo ENOENT)" && [ "${CONTENT:-2024-01-10T22:00:07.409741455Z}" != '2024-01-10T22:00:07.409741455Z' ] && echo '2024-01-10T22:00:07.409741455Z' > '/home/developer/.devcontainer/.updateContentCommandMarker'
[2024-01-29T16:44:48.029Z] Start: Run in container: mkdir -p '/home/developer/.devcontainer' && CONTENT="$(cat '/home/developer/.devcontainer/.postCreateCommandMarker' 2>/dev/null || echo ENOENT)" && [ "${CONTENT:-2024-01-10T22:00:07.409741455Z}" != '2024-01-10T22:00:07.409741455Z' ] && echo '2024-01-10T22:00:07.409741455Z' > '/home/developer/.devcontainer/.postCreateCommandMarker'
[2024-01-29T16:44:48.031Z] 
[2024-01-29T16:44:48.031Z] 
[2024-01-29T16:44:48.031Z] Exit code 1
[2024-01-29T16:44:48.031Z] Stop (2 ms): Run in container: mkdir -p '/home/developer/.devcontainer' && CONTENT="$(cat '/home/developer/.devcontainer/.postCreateCommandMarker' 2>/dev/null || echo ENOENT)" && [ "${CONTENT:-2024-01-10T22:00:07.409741455Z}" != '2024-01-10T22:00:07.409741455Z' ] && echo '2024-01-10T22:00:07.409741455Z' > '/home/developer/.devcontainer/.postCreateCommandMarker'
[2024-01-29T16:44:48.053Z] Stop (411 ms): Run: /usr/share/code/code --ms-enable-electron-run-as-node /home/nmurray/.vscode/extensions/ms-vscode-remote.remote-containers-0.327.0/dist/spec-node/devContainersSpecCLI.js run-user-commands --user-data-folder /home/nmurray/.config/Code/User/globalStorage/ms-vscode-remote.remote-containers/data --container-session-data-folder /tmp/devcontainers-5c2360d0-743e-4679-b828-1e27d3fe18fc1706546686083 --workspace-folder /home/nmurray/code/spotrflow --id-label devcontainer.local_folder=/home/nmurray/code/spotrflow --id-label devcontainer.config_file=/home/nmurray/code/spotrflow/.devcontainer/cuda122/devcontainer.json --container-id 4297a1e11e61ba0a317348ba8bf86ddf065550e8a7d8c14a8583dfcc45dfeeeb --log-level debug --log-format json --config /home/nmurray/code/spotrflow/.devcontainer/cuda122/devcontainer.json --default-user-env-probe loginInteractiveShell --skip-non-blocking-commands false --prebuild false --stop-for-personalization true --remote-env REMOTE_CONTAINERS_IPC=/tmp/vscode-remote-containers-ipc-d63efaa8-629e-4868-ba33-5e1a30281cf5.sock --remote-env SSH_AUTH_SOCK=/tmp/vscode-ssh-auth-d63efaa8-629e-4868-ba33-5e1a30281cf5.sock --remote-env REMOTE_CONTAINERS_DISPLAY_SOCK=/tmp/.X11-unix/X3 --remote-env REMOTE_CONTAINERS=true --mount-workspace-git-root --dotfiles-target-path ~/dotfiles
[2024-01-29T16:44:48.056Z] Start: Run in container: # Test for /home/developer/.gitconfig and git
[2024-01-29T16:44:48.058Z] /home/developer/.gitconfig exists
[2024-01-29T16:44:48.058Z] 
[2024-01-29T16:44:48.058Z] Exit code 1
[2024-01-29T16:44:48.058Z] Stop (2 ms): Run in container: # Test for /home/developer/.gitconfig and git
[2024-01-29T16:44:48.060Z] Start: Run in container: # Test for /home/developer/.config/git/config and git
[2024-01-29T16:44:48.060Z] /home/developer/.config/git/config exists
[2024-01-29T16:44:48.060Z] 
[2024-01-29T16:44:48.061Z] Exit code 1
[2024-01-29T16:44:48.061Z] Stop (1 ms): Run in container: # Test for /home/developer/.config/git/config and git
[2024-01-29T16:44:48.061Z] Start: Run in container: # Cleaning up git config
[2024-01-29T16:44:48.062Z] Port forwarding 48942 > 46541 > 45119 stderr: Connection established
[2024-01-29T16:44:48.067Z] 
[2024-01-29T16:44:48.067Z] 
[2024-01-29T16:44:48.067Z] Stop (6 ms): Run in container: # Cleaning up git config
[2024-01-29T16:44:48.067Z] Start: Run in container: command -v git >/dev/null 2>&1 && git config --global --replace-all credential.helper '!f() { /home/developer/.vscode-server/bin/0ee08df0cf4527e40edc9aa28f4b5bd38bbff2b2/node /tmp/vscode-remote-containers-d63efaa8-629e-4868-ba33-5e1a30281cf5.js git-credential-helper $*; }; f' || true
[2024-01-29T16:44:48.069Z] 
[2024-01-29T16:44:48.070Z] error: could not write config file /home/developer/.gitconfig: Device or resource busy
[2024-01-29T16:44:48.070Z] Stop (3 ms): Run in container: command -v git >/dev/null 2>&1 && git config --global --replace-all credential.helper '!f() { /home/developer/.vscode-server/bin/0ee08df0cf4527e40edc9aa28f4b5bd38bbff2b2/node /tmp/vscode-remote-containers-d63efaa8-629e-4868-ba33-5e1a30281cf5.js git-credential-helper $*; }; f' || true
[2024-01-29T16:44:48.071Z] Port forwarding connection from 48946 > 46541 > 45119 in the container.
[2024-01-29T16:44:48.071Z] Start: Run in container: /home/developer/.vscode-server/bin/0ee08df0cf4527e40edc9aa28f4b5bd38bbff2b2/node -e 
[2024-01-29T16:44:48.231Z] Port forwarding 48946 > 46541 > 45119 stderr: Connection established
[2024-01-29T16:44:49.924Z] Start: Run in container: cat /proc/5546/environ
[2024-01-29T16:44:49.925Z] Stop (1 ms): Run in container: cat /proc/5546/environ
[2024-01-29T16:44:49.926Z] Start: Run in container: rm '/tmp/vscode-remote-containers-ipc-366352af-dcdf-4cdb-bd83-067824d00ece.sock' && ln -s '/tmp/vscode-remote-containers-ipc-d63efaa8-629e-4868-ba33-5e1a30281cf5.sock' '/tmp/vscode-remote-containers-ipc-366352af-dcdf-4cdb-bd83-067824d00ece.sock'
[2024-01-29T16:44:49.928Z] 
[2024-01-29T16:44:49.928Z] 
[2024-01-29T16:44:49.928Z] Stop (2 ms): Run in container: rm '/tmp/vscode-remote-containers-ipc-366352af-dcdf-4cdb-bd83-067824d00ece.sock' && ln -s '/tmp/vscode-remote-containers-ipc-d63efaa8-629e-4868-ba33-5e1a30281cf5.sock' '/tmp/vscode-remote-containers-ipc-366352af-dcdf-4cdb-bd83-067824d00ece.sock'
[2024-01-29T16:44:49.929Z] Start: Run in container: rm '/tmp/vscode-ssh-auth-366352af-dcdf-4cdb-bd83-067824d00ece.sock' && ln -s '/tmp/vscode-ssh-auth-d63efaa8-629e-4868-ba33-5e1a30281cf5.sock' '/tmp/vscode-ssh-auth-366352af-dcdf-4cdb-bd83-067824d00ece.sock'
[2024-01-29T16:44:49.930Z] 
[2024-01-29T16:44:49.930Z] 
[2024-01-29T16:44:49.931Z] Stop (2 ms): Run in container: rm '/tmp/vscode-ssh-auth-366352af-dcdf-4cdb-bd83-067824d00ece.sock' && ln -s '/tmp/vscode-ssh-auth-d63efaa8-629e-4868-ba33-5e1a30281cf5.sock' '/tmp/vscode-ssh-auth-366352af-dcdf-4cdb-bd83-067824d00ece.sock'
[2024-01-29T16:44:49.931Z] Start: Run in container: rm '/tmp/.X11-unix/X0' && ln -s '/tmp/.X11-unix/X3' '/tmp/.X11-unix/X0'
[2024-01-29T16:44:49.932Z] 
[2024-01-29T16:44:49.932Z] 
[2024-01-29T16:44:49.933Z] Stop (2 ms): Run in container: rm '/tmp/.X11-unix/X0' && ln -s '/tmp/.X11-unix/X3' '/tmp/.X11-unix/X0'
[2024-01-29T16:44:53.087Z] Port forwarding 48942 > 46541 > 45119 stderr: Remote close
[2024-01-29T16:44:53.091Z] Stop (5081 ms): Run in container: /home/developer/.vscode-server/bin/0ee08df0cf4527e40edc9aa28f4b5bd38bbff2b2/node -e 
[2024-01-29T16:44:53.091Z] Port forwarding 48942 > 46541 > 45119 terminated with code 0 and signal null.
[2024-01-29T16:44:55.464Z] Port forwarding 48946 > 46541 > 45119 stderr: Remote close
[2024-01-29T16:44:55.468Z] Stop (7397 ms): Run in container: /home/developer/.vscode-server/bin/0ee08df0cf4527e40edc9aa28f4b5bd38bbff2b2/node -e 
[2024-01-29T16:44:55.468Z] Port forwarding 48946 > 46541 > 45119 terminated with code 0 and signal null.
