2024-01-29 11:45:31.389 [warning] Via 'product.json#extensionEnabledApiProposals' extension 'ms-python.python' wants API proposal 'registerIssueDataProvider' but that proposal DOES NOT EXIST. Likely, the proposal has been finalized (check 'vscode.d.ts') or was abandoned.
2024-01-29 11:45:31.614 [info] Started local extension host with pid 469537.
2024-01-29 11:45:31.810 [info] Invoking resolveAuthority(dev-container)...
2024-01-29 11:45:31.811 [info] [LocalProcess0][resolveAuthority(dev-container,1)][0ms] obtaining proxy...
2024-01-29 11:45:31.811 [info] [LocalProcess0][resolveAuthority(dev-container,1)][0ms] invoking...
2024-01-29 11:45:32.803 [info] [LocalProcess0][resolveAuthority(dev-container,1)][1000ms] waiting...
2024-01-29 11:45:32.886 [info] [LocalProcess0][resolveAuthority(dev-container,1)][1084ms] returned WebSocket(127.0.0.1:43889)
2024-01-29 11:45:32.886 [info] resolveAuthority(dev-container) returned 'WebSocket(127.0.0.1:43889)' after 1084 ms
2024-01-29 11:45:32.887 [info] Creating a socket (renderer-Management-6670cb1d-c9fb-41fd-bd1b-ff53f4411fd5)...
2024-01-29 11:45:32.888 [info] Creating a socket (renderer-ExtensionHost-67eab36a-bb87-481e-a38c-933bfb1be49e)...
2024-01-29 11:45:33.001 [info] Creating a socket (renderer-Management-6670cb1d-c9fb-41fd-bd1b-ff53f4411fd5) was successful after 113 ms.
2024-01-29 11:45:33.116 [info] Creating a socket (renderer-ExtensionHost-67eab36a-bb87-481e-a38c-933bfb1be49e) was successful after 227 ms.
2024-01-29 11:45:33.169 [warning] [twxs.cmake]: Cannot register 'cmake.cmakePath'. This property is already registered.
2024-01-29 11:45:34.797 [warning] [cmake-tools]: Couldn't find message for key cmake-tools.configuration.cmake.options.advanced.statusBarVisibility.variant.description.
2024-01-29 11:45:36.238 [error] [Extension Host] [CMakeTools] 2024-01-29T16:45:36.203Z [error] [cmake] Detected Multi-Config Generator. Project Binary dir: /workspaces/spotrflow/Build, Make program: /usr/bin/ninja
2024-01-29 11:45:36.273 [info] [perf] Render performance baseline is 19ms
2024-01-29 13:00:45.837 [info] [remote-connection][Management   ][6670c…][reconnect] received socket close event (wasClean: false, code: 1006, reason: ).
2024-01-29 13:00:45.837 [error] {"isTrusted":true}
2024-01-29 13:00:45.837 [info] [remote-connection][Management   ][6670c…][reconnect] starting reconnecting loop. You can get more information with the trace log level.
2024-01-29 13:00:45.838 [info] [remote-connection][Management   ][6670c…][reconnect] resolving connection...
2024-01-29 13:00:45.838 [info] Invoking resolveAuthority(dev-container)...
2024-01-29 13:00:45.839 [info] [LocalProcess0][resolveAuthority(dev-container,2)][0ms] obtaining proxy...
2024-01-29 13:00:45.839 [info] [LocalProcess0][resolveAuthority(dev-container,2)][0ms] invoking...
2024-01-29 13:00:45.839 [info] [remote-connection][ExtensionHost][67eab…][reconnect] received socket close event (wasClean: false, code: 1006, reason: ).
2024-01-29 13:00:45.839 [error] {"isTrusted":true}
2024-01-29 13:00:45.840 [info] [remote-connection][ExtensionHost][67eab…][reconnect] starting reconnecting loop. You can get more information with the trace log level.
2024-01-29 13:00:45.840 [info] [remote-connection][ExtensionHost][67eab…][reconnect] resolving connection...
2024-01-29 13:00:45.859 [info] [LocalProcess0][resolveAuthority(dev-container,2)][20ms] returned WebSocket(127.0.0.1:43889)
2024-01-29 13:00:45.859 [info] resolveAuthority(dev-container) returned 'WebSocket(127.0.0.1:43889)' after 20 ms
2024-01-29 13:00:45.859 [info] [remote-connection][Management   ][6670c…][reconnect] connecting to WebSocket(127.0.0.1:43889)...
2024-01-29 13:00:45.859 [info] Creating a socket (renderer-Management-6670cb1d-c9fb-41fd-bd1b-ff53f4411fd5)...
2024-01-29 13:00:45.860 [info] [remote-connection][ExtensionHost][67eab…][reconnect] connecting to WebSocket(127.0.0.1:43889)...
2024-01-29 13:00:45.860 [info] Creating a socket (renderer-ExtensionHost-67eab36a-bb87-481e-a38c-933bfb1be49e)...
2024-01-29 13:00:45.943 [info] Creating a socket (renderer-Management-6670cb1d-c9fb-41fd-bd1b-ff53f4411fd5) was successful after 84 ms.
2024-01-29 13:00:45.962 [info] [remote-connection][Management   ][6670c…][reconnect] reconnected!
2024-01-29 13:00:46.095 [info] Creating a socket (renderer-ExtensionHost-67eab36a-bb87-481e-a38c-933bfb1be49e) was successful after 235 ms.
2024-01-29 13:00:46.106 [info] [remote-connection][ExtensionHost][67eab…][reconnect] reconnected!
2024-01-29 16:10:42.630 [info] [remote-connection][ExtensionHost][67eab…][reconnect] received socket close event (wasClean: false, code: 1006, reason: ).
2024-01-29 16:10:42.631 [error] {"isTrusted":true}
2024-01-29 16:10:42.631 [info] [remote-connection][ExtensionHost][67eab…][reconnect] starting reconnecting loop. You can get more information with the trace log level.
2024-01-29 16:10:42.631 [info] [remote-connection][ExtensionHost][67eab…][reconnect] resolving connection...
2024-01-29 16:10:42.631 [info] [remote-connection][ExtensionHost][67eab…][reconnect] connecting to WebSocket(127.0.0.1:43889)...
2024-01-29 16:10:42.631 [info] Creating a socket (renderer-ExtensionHost-67eab36a-bb87-481e-a38c-933bfb1be49e)...
2024-01-29 16:10:42.631 [info] [remote-connection][Management   ][6670c…][reconnect] received socket close event (wasClean: false, code: 1006, reason: ).
2024-01-29 16:10:42.632 [error] {"isTrusted":true}
2024-01-29 16:10:42.632 [info] [remote-connection][Management   ][6670c…][reconnect] starting reconnecting loop. You can get more information with the trace log level.
2024-01-29 16:10:42.632 [info] [remote-connection][Management   ][6670c…][reconnect] resolving connection...
2024-01-29 16:10:42.632 [info] Invoking resolveAuthority(dev-container)...
2024-01-29 16:10:42.632 [info] [LocalProcess0][resolveAuthority(dev-container,3)][0ms] obtaining proxy...
2024-01-29 16:10:42.633 [info] [LocalProcess0][resolveAuthority(dev-container,3)][0ms] invoking...
2024-01-29 16:10:42.654 [info] [LocalProcess0][resolveAuthority(dev-container,3)][21ms] returned WebSocket(127.0.0.1:43889)
2024-01-29 16:10:42.654 [info] resolveAuthority(dev-container) returned 'WebSocket(127.0.0.1:43889)' after 21 ms
2024-01-29 16:10:42.654 [info] [remote-connection][Management   ][6670c…][reconnect] connecting to WebSocket(127.0.0.1:43889)...
2024-01-29 16:10:42.654 [info] Creating a socket (renderer-Management-6670cb1d-c9fb-41fd-bd1b-ff53f4411fd5)...
2024-01-29 16:10:42.716 [info] Creating a socket (renderer-ExtensionHost-67eab36a-bb87-481e-a38c-933bfb1be49e) was successful after 84 ms.
2024-01-29 16:10:42.721 [info] [remote-connection][ExtensionHost][67eab…][reconnect] reconnected!
2024-01-29 16:10:42.809 [info] Creating a socket (renderer-Management-6670cb1d-c9fb-41fd-bd1b-ff53f4411fd5) was successful after 155 ms.
2024-01-29 16:10:42.814 [info] [remote-connection][Management   ][6670c…][reconnect] reconnected!
