2024-01-12 09:41:01.770 [info] Extension host with pid 2641431 started
2024-01-12 09:41:01.770 [info] Skipping acquiring lock for /home/nmurray/.config/Code/User/workspaceStorage/49beb004b05951c1368ef4896b60da26.
2024-01-12 09:41:01.770 [info] $getCanonicalURI invoked for authority (dev-container)
2024-01-12 09:41:01.777 [info] ExtensionService#_doActivateExtension ms-vscode-remote.remote-containers, startup: false, activationEvent: 'onResolveRemoteAuthority:dev-container'
2024-01-12 09:41:01.821 [info] [resolveAuthority(dev-container,1)][0ms] activating remote resolvers dev-container+7b22686f737450617468223a222f686f6d652f6e6d75727261792f636f64652f73706f7472666c6f77222c226c6f63616c446f636b6572223a66616c73652c22636f6e66696746696c65223a7b22246d6964223a312c22667350617468223a222f686f6d652f6e6d75727261792f636f64652f73706f7472666c6f772f2e646576636f6e7461696e65722f637564613132322f646576636f6e7461696e65722e6a736f6e222c2270617468223a222f686f6d652f6e6d75727261792f636f64652f73706f7472666c6f772f2e646576636f6e7461696e65722f637564613132322f646576636f6e7461696e65722e6a736f6e222c22736368656d65223a2266696c65227d7d
2024-01-12 09:41:01.821 [info] [resolveAuthority(dev-container,1)][0ms] activating resolver for dev-container+7b22686f737450617468223a222f686f6d652f6e6d75727261792f636f64652f73706f7472666c6f77222c226c6f63616c446f636b6572223a66616c73652c22636f6e66696746696c65223a7b22246d6964223a312c22667350617468223a222f686f6d652f6e6d75727261792f636f64652f73706f7472666c6f772f2e646576636f6e7461696e65722f637564613132322f646576636f6e7461696e65722e6a736f6e222c2270617468223a222f686f6d652f6e6d75727261792f636f64652f73706f7472666c6f772f2e646576636f6e7461696e65722f637564613132322f646576636f6e7461696e65722e6a736f6e222c22736368656d65223a2266696c65227d7d...
2024-01-12 09:41:01.821 [info] [resolveAuthority(dev-container,1)][0ms] invoking final resolve()...
2024-01-12 09:41:02.821 [info] [resolveAuthority(dev-container,1)][1000ms] waiting...
2024-01-12 09:41:03.578 [info] [resolveAuthority(dev-container,1)][1757ms] setting tunnel factory...
2024-01-12 09:41:03.578 [info] [resolveAuthority(dev-container,1)][1757ms] returned 127.0.0.1:39243
2024-01-12 09:41:04.166 [info] Eager extensions activated
2024-01-12 09:41:04.231 [info] ExtensionService#_doActivateExtension vscodevim.vim, startup: false, activationEvent: 'onStartupFinished'
2024-01-12 15:24:04.389 [info] [resolveAuthority(dev-container,2)][0ms] activating remote resolvers dev-container+7b22686f737450617468223a222f686f6d652f6e6d75727261792f636f64652f73706f7472666c6f77222c226c6f63616c446f636b6572223a66616c73652c22636f6e66696746696c65223a7b22246d6964223a312c22667350617468223a222f686f6d652f6e6d75727261792f636f64652f73706f7472666c6f772f2e646576636f6e7461696e65722f637564613132322f646576636f6e7461696e65722e6a736f6e222c2270617468223a222f686f6d652f6e6d75727261792f636f64652f73706f7472666c6f772f2e646576636f6e7461696e65722f637564613132322f646576636f6e7461696e65722e6a736f6e222c22736368656d65223a2266696c65227d7d
2024-01-12 15:24:04.392 [info] [resolveAuthority(dev-container,2)][3ms] activating resolver for dev-container+7b22686f737450617468223a222f686f6d652f6e6d75727261792f636f64652f73706f7472666c6f77222c226c6f63616c446f636b6572223a66616c73652c22636f6e66696746696c65223a7b22246d6964223a312c22667350617468223a222f686f6d652f6e6d75727261792f636f64652f73706f7472666c6f772f2e646576636f6e7461696e65722f637564613132322f646576636f6e7461696e65722e6a736f6e222c2270617468223a222f686f6d652f6e6d75727261792f636f64652f73706f7472666c6f772f2e646576636f6e7461696e65722f637564613132322f646576636f6e7461696e65722e6a736f6e222c22736368656d65223a2266696c65227d7d...
2024-01-12 15:24:04.392 [info] [resolveAuthority(dev-container,2)][3ms] invoking final resolve()...
2024-01-12 15:24:04.421 [info] [resolveAuthority(dev-container,2)][32ms] setting tunnel factory...
2024-01-12 15:24:04.421 [info] [resolveAuthority(dev-container,2)][32ms] returned 127.0.0.1:39243
2024-01-12 17:11:46.152 [info] [resolveAuthority(dev-container,3)][0ms] activating remote resolvers dev-container+7b22686f737450617468223a222f686f6d652f6e6d75727261792f636f64652f73706f7472666c6f77222c226c6f63616c446f636b6572223a66616c73652c22636f6e66696746696c65223a7b22246d6964223a312c22667350617468223a222f686f6d652f6e6d75727261792f636f64652f73706f7472666c6f772f2e646576636f6e7461696e65722f637564613132322f646576636f6e7461696e65722e6a736f6e222c2270617468223a222f686f6d652f6e6d75727261792f636f64652f73706f7472666c6f772f2e646576636f6e7461696e65722f637564613132322f646576636f6e7461696e65722e6a736f6e222c22736368656d65223a2266696c65227d7d
2024-01-12 17:11:46.152 [info] [resolveAuthority(dev-container,3)][0ms] activating resolver for dev-container+7b22686f737450617468223a222f686f6d652f6e6d75727261792f636f64652f73706f7472666c6f77222c226c6f63616c446f636b6572223a66616c73652c22636f6e66696746696c65223a7b22246d6964223a312c22667350617468223a222f686f6d652f6e6d75727261792f636f64652f73706f7472666c6f772f2e646576636f6e7461696e65722f637564613132322f646576636f6e7461696e65722e6a736f6e222c2270617468223a222f686f6d652f6e6d75727261792f636f64652f73706f7472666c6f772f2e646576636f6e7461696e65722f637564613132322f646576636f6e7461696e65722e6a736f6e222c22736368656d65223a2266696c65227d7d...
2024-01-12 17:11:46.153 [info] [resolveAuthority(dev-container,3)][1ms] invoking final resolve()...
2024-01-12 17:11:46.220 [info] [resolveAuthority(dev-container,3)][68ms] setting tunnel factory...
2024-01-12 17:11:46.221 [info] [resolveAuthority(dev-container,3)][69ms] returned 127.0.0.1:39243
2024-01-15 12:51:14.887 [info] [resolveAuthority(dev-container,4)][0ms] activating remote resolvers dev-container+7b22686f737450617468223a222f686f6d652f6e6d75727261792f636f64652f73706f7472666c6f77222c226c6f63616c446f636b6572223a66616c73652c22636f6e66696746696c65223a7b22246d6964223a312c22667350617468223a222f686f6d652f6e6d75727261792f636f64652f73706f7472666c6f772f2e646576636f6e7461696e65722f637564613132322f646576636f6e7461696e65722e6a736f6e222c2270617468223a222f686f6d652f6e6d75727261792f636f64652f73706f7472666c6f772f2e646576636f6e7461696e65722f637564613132322f646576636f6e7461696e65722e6a736f6e222c22736368656d65223a2266696c65227d7d
2024-01-15 12:51:14.890 [info] [resolveAuthority(dev-container,4)][3ms] activating resolver for dev-container+7b22686f737450617468223a222f686f6d652f6e6d75727261792f636f64652f73706f7472666c6f77222c226c6f63616c446f636b6572223a66616c73652c22636f6e66696746696c65223a7b22246d6964223a312c22667350617468223a222f686f6d652f6e6d75727261792f636f64652f73706f7472666c6f772f2e646576636f6e7461696e65722f637564613132322f646576636f6e7461696e65722e6a736f6e222c2270617468223a222f686f6d652f6e6d75727261792f636f64652f73706f7472666c6f772f2e646576636f6e7461696e65722f637564613132322f646576636f6e7461696e65722e6a736f6e222c22736368656d65223a2266696c65227d7d...
2024-01-15 12:51:14.890 [info] [resolveAuthority(dev-container,4)][3ms] invoking final resolve()...
2024-01-15 12:51:14.926 [info] [resolveAuthority(dev-container,4)][39ms] setting tunnel factory...
2024-01-15 12:51:14.926 [info] [resolveAuthority(dev-container,4)][39ms] returned 127.0.0.1:39243
2024-01-15 19:10:41.156 [info] [resolveAuthority(dev-container,5)][0ms] activating remote resolvers dev-container+7b22686f737450617468223a222f686f6d652f6e6d75727261792f636f64652f73706f7472666c6f77222c226c6f63616c446f636b6572223a66616c73652c22636f6e66696746696c65223a7b22246d6964223a312c22667350617468223a222f686f6d652f6e6d75727261792f636f64652f73706f7472666c6f772f2e646576636f6e7461696e65722f637564613132322f646576636f6e7461696e65722e6a736f6e222c2270617468223a222f686f6d652f6e6d75727261792f636f64652f73706f7472666c6f772f2e646576636f6e7461696e65722f637564613132322f646576636f6e7461696e65722e6a736f6e222c22736368656d65223a2266696c65227d7d
2024-01-15 19:10:41.156 [info] [resolveAuthority(dev-container,5)][0ms] activating resolver for dev-container+7b22686f737450617468223a222f686f6d652f6e6d75727261792f636f64652f73706f7472666c6f77222c226c6f63616c446f636b6572223a66616c73652c22636f6e66696746696c65223a7b22246d6964223a312c22667350617468223a222f686f6d652f6e6d75727261792f636f64652f73706f7472666c6f772f2e646576636f6e7461696e65722f637564613132322f646576636f6e7461696e65722e6a736f6e222c2270617468223a222f686f6d652f6e6d75727261792f636f64652f73706f7472666c6f772f2e646576636f6e7461696e65722f637564613132322f646576636f6e7461696e65722e6a736f6e222c22736368656d65223a2266696c65227d7d...
2024-01-15 19:10:41.156 [info] [resolveAuthority(dev-container,5)][0ms] invoking final resolve()...
2024-01-15 19:10:41.174 [info] [resolveAuthority(dev-container,5)][18ms] setting tunnel factory...
2024-01-15 19:10:41.174 [info] [resolveAuthority(dev-container,5)][18ms] returned 127.0.0.1:39243
2024-01-16 18:38:24.068 [info] [resolveAuthority(dev-container,6)][0ms] activating remote resolvers dev-container+7b22686f737450617468223a222f686f6d652f6e6d75727261792f636f64652f73706f7472666c6f77222c226c6f63616c446f636b6572223a66616c73652c22636f6e66696746696c65223a7b22246d6964223a312c22667350617468223a222f686f6d652f6e6d75727261792f636f64652f73706f7472666c6f772f2e646576636f6e7461696e65722f637564613132322f646576636f6e7461696e65722e6a736f6e222c2270617468223a222f686f6d652f6e6d75727261792f636f64652f73706f7472666c6f772f2e646576636f6e7461696e65722f637564613132322f646576636f6e7461696e65722e6a736f6e222c22736368656d65223a2266696c65227d7d
2024-01-16 18:38:24.071 [info] [resolveAuthority(dev-container,6)][3ms] activating resolver for dev-container+7b22686f737450617468223a222f686f6d652f6e6d75727261792f636f64652f73706f7472666c6f77222c226c6f63616c446f636b6572223a66616c73652c22636f6e66696746696c65223a7b22246d6964223a312c22667350617468223a222f686f6d652f6e6d75727261792f636f64652f73706f7472666c6f772f2e646576636f6e7461696e65722f637564613132322f646576636f6e7461696e65722e6a736f6e222c2270617468223a222f686f6d652f6e6d75727261792f636f64652f73706f7472666c6f772f2e646576636f6e7461696e65722f637564613132322f646576636f6e7461696e65722e6a736f6e222c22736368656d65223a2266696c65227d7d...
2024-01-16 18:38:24.071 [info] [resolveAuthority(dev-container,6)][3ms] invoking final resolve()...
2024-01-16 18:38:24.095 [info] [resolveAuthority(dev-container,6)][27ms] setting tunnel factory...
2024-01-16 18:38:24.095 [info] [resolveAuthority(dev-container,6)][27ms] returned 127.0.0.1:39243
2024-01-17 12:46:39.872 [warning] TextEditor is closed/disposed
2024-01-17 12:46:39.959 [warning] TextEditor is closed/disposed
2024-01-17 12:46:40.043 [warning] TextEditor is closed/disposed
2024-01-17 12:46:40.189 [warning] TextEditor is closed/disposed
2024-01-17 12:46:40.251 [warning] TextEditor is closed/disposed
2024-01-17 12:46:40.472 [warning] TextEditor is closed/disposed
2024-01-17 17:16:54.773 [info] [resolveAuthority(dev-container,7)][1ms] activating remote resolvers dev-container+7b22686f737450617468223a222f686f6d652f6e6d75727261792f636f64652f73706f7472666c6f77222c226c6f63616c446f636b6572223a66616c73652c22636f6e66696746696c65223a7b22246d6964223a312c22667350617468223a222f686f6d652f6e6d75727261792f636f64652f73706f7472666c6f772f2e646576636f6e7461696e65722f637564613132322f646576636f6e7461696e65722e6a736f6e222c2270617468223a222f686f6d652f6e6d75727261792f636f64652f73706f7472666c6f772f2e646576636f6e7461696e65722f637564613132322f646576636f6e7461696e65722e6a736f6e222c22736368656d65223a2266696c65227d7d
2024-01-17 17:16:54.773 [info] [resolveAuthority(dev-container,7)][1ms] activating resolver for dev-container+7b22686f737450617468223a222f686f6d652f6e6d75727261792f636f64652f73706f7472666c6f77222c226c6f63616c446f636b6572223a66616c73652c22636f6e66696746696c65223a7b22246d6964223a312c22667350617468223a222f686f6d652f6e6d75727261792f636f64652f73706f7472666c6f772f2e646576636f6e7461696e65722f637564613132322f646576636f6e7461696e65722e6a736f6e222c2270617468223a222f686f6d652f6e6d75727261792f636f64652f73706f7472666c6f772f2e646576636f6e7461696e65722f637564613132322f646576636f6e7461696e65722e6a736f6e222c22736368656d65223a2266696c65227d7d...
2024-01-17 17:16:54.773 [info] [resolveAuthority(dev-container,7)][1ms] invoking final resolve()...
2024-01-17 17:16:54.801 [info] [resolveAuthority(dev-container,7)][29ms] setting tunnel factory...
2024-01-17 17:16:54.801 [info] [resolveAuthority(dev-container,7)][29ms] returned 127.0.0.1:39243
2024-01-18 18:25:44.115 [info] [resolveAuthority(dev-container,8)][0ms] activating remote resolvers dev-container+7b22686f737450617468223a222f686f6d652f6e6d75727261792f636f64652f73706f7472666c6f77222c226c6f63616c446f636b6572223a66616c73652c22636f6e66696746696c65223a7b22246d6964223a312c22667350617468223a222f686f6d652f6e6d75727261792f636f64652f73706f7472666c6f772f2e646576636f6e7461696e65722f637564613132322f646576636f6e7461696e65722e6a736f6e222c2270617468223a222f686f6d652f6e6d75727261792f636f64652f73706f7472666c6f772f2e646576636f6e7461696e65722f637564613132322f646576636f6e7461696e65722e6a736f6e222c22736368656d65223a2266696c65227d7d
2024-01-18 18:25:44.115 [info] [resolveAuthority(dev-container,8)][0ms] activating resolver for dev-container+7b22686f737450617468223a222f686f6d652f6e6d75727261792f636f64652f73706f7472666c6f77222c226c6f63616c446f636b6572223a66616c73652c22636f6e66696746696c65223a7b22246d6964223a312c22667350617468223a222f686f6d652f6e6d75727261792f636f64652f73706f7472666c6f772f2e646576636f6e7461696e65722f637564613132322f646576636f6e7461696e65722e6a736f6e222c2270617468223a222f686f6d652f6e6d75727261792f636f64652f73706f7472666c6f772f2e646576636f6e7461696e65722f637564613132322f646576636f6e7461696e65722e6a736f6e222c22736368656d65223a2266696c65227d7d...
2024-01-18 18:25:44.116 [info] [resolveAuthority(dev-container,8)][1ms] invoking final resolve()...
2024-01-18 18:25:44.130 [info] [resolveAuthority(dev-container,8)][15ms] setting tunnel factory...
2024-01-18 18:25:44.130 [info] [resolveAuthority(dev-container,8)][15ms] returned 127.0.0.1:39243
2024-01-22 16:13:08.364 [info] Extension host terminating: renderer closed the MessagePort
2024-01-22 16:13:08.375 [error] TypeError: r.some is not a function
	at d.saveToDisk (/home/nmurray/.vscode/extensions/vscodevim.vim-1.27.2/out/extension.js:2:675367)
	at t.deactivate (/home/nmurray/.vscode/extensions/vscodevim.vim-1.27.2/out/extension.js:2:213749)
	at f.cb (/usr/share/code/resources/app/out/vs/workbench/api/node/extensionHostProcess.js:154:9678)
	at /usr/share/code/resources/app/out/vs/workbench/api/node/extensionHostProcess.js:154:7808
	at Array.map (<anonymous>)
	at f.Y (/usr/share/code/resources/app/out/vs/workbench/api/node/extensionHostProcess.js:154:7795)
	at f.terminate (/usr/share/code/resources/app/out/vs/workbench/api/node/extensionHostProcess.js:154:8068)
	at s.terminate (/usr/share/code/resources/app/out/vs/workbench/api/node/extensionHostProcess.js:158:1513)
	at a (/usr/share/code/resources/app/out/vs/workbench/api/node/extensionHostProcess.js:171:9802)
	at MessagePortMain.<anonymous> (/usr/share/code/resources/app/out/vs/workbench/api/node/extensionHostProcess.js:171:6227)
	at MessagePortMain.emit (node:events:513:28)
	at MessagePortMain._internalPort.emit (node:electron/js2c/utility_init:2:367)
2024-01-22 16:13:08.375 [info] Extension host with pid 2641431 exiting with code 0
