[2024-01-23T15:40:58.397Z] Starting monitor process...
[2024-01-23T15:40:58.404Z] Received message: [{"type":"configure","sequence":0,"options":{"cwd":"/home/nmurray/code/spotrflow","dockerCLI":"docker","env":{"BASHRC":"/home/nmurray/.config/bash/bashrc","CHROME_DESKTOP":"code-url-handler.desktop","DBUS_SESSION_BUS_ADDRESS":"unix:path=/run/user/798000122/bus","DESKTOP_SESSION":"ubuntu","DISPLAY":":1","EDITOR":"nvim","GDK_BACKEND":"x11","GDMSESSION":"ubuntu","GIO_LAUNCHED_DESKTOP_FILE":"/usr/share/applications/code.desktop","GIO_LAUNCHED_DESKTOP_FILE_PID":"14166","GJS_DEBUG_OUTPUT":"stderr","GJS_DEBUG_TOPICS":"JS ERROR;JS LOG","GNOME_DESKTOP_SESSION_ID":"this-is-deprecated","GNOME_SHELL_SESSION_MODE":"ubuntu","GPG_AGENT_INFO":"/run/user/798000122/gnupg/S.gpg-agent:0:1","GTK_IM_MODULE":"ibus","GTK_MODULES":"gail:atk-bridge","HISTCONTROL":"ignorespace:ignoredups","HISTFILE":"/home/nmurray/.local/state/bash/history","HISTFILESIZE":"200000","HISTSIZE":"10000","HISTTIMEFORMAT":"%h/%d - %H:%M:%S ","HOME":"/home/nmurray","IM_CONFIG_PHASE":"1","INPUTRC":"/home/nmurray/.config/readline/inputrc","INVOCATION_ID":"e20deec31f924173bdedfab336eec238","JOURNAL_STREAM":"8:178915","KRB5CCNAME":"KEYRING:persistent:798000122","LANG":"en_US.UTF-8","LD_LIBRARY_PATH":"/usr/local/cuda-11.8/lib64:/usr/local/cuda-11.8/lib64","LESSCLOSE":"/usr/bin/lesspipe %s %s","LESSOPEN":"| /usr/bin/lesspipe %s","LOGNAME":"nmurray","LS_COLORS":"bd=38;5;68:ca=38;5;17:cd=38;5;113;1:di=33;01;31:do=38;5;127:ex=38;5;208;1:pi=38;5;126:fi=0:ln=target:mh=38;5;222;1:no=38;5;208;1:or=48;5;196;38;5;232;1:ow=38;5;220;1:sg=48;5;3;38;5;0:su=38;5;220;1;3;100;1:so=38;5;197:st=38;5;86;48;5;234:tw=48;5;235;38;5;139;3:*LS_COLORS=48;5;89;38;5;197;1;3;4;7:*.txt=38;5;253:","MANAGERPID":"6922","MANPAGER":"sh -c 'col -bx | bat --theme \"Solarized (dark)\" -l man -p'","NVM_BIN":"/home/nmurray/.config/nvm/versions/node/v20.4.0/bin","NVM_DIR":"/home/nmurray/.config/nvm","NVM_INC":"/home/nmurray/.config/nvm/versions/node/v20.4.0/include/node","ORIGINAL_XDG_CURRENT_DESKTOP":"ubuntu:GNOME","PATH":"/home/nmurray/.local/bin:/home/nmurray/.config/nvm/versions/node/v20.4.0/bin:/usr/local/cuda-11.8/bin:/home/nmurray/.cargo/bin:/home/nmurray/.local/bin:/usr/local/cuda-11.8/bin:/usr/local/sbin:/usr/local/bin:/usr/sbin:/usr/bin:/sbin:/bin:/usr/games:/usr/local/games:/snap/bin:/snap/bin:/home/nmurray/.local/share/python/bin:/home/nmurray/.local/bin:/home/nmurray/.local/share/python/bin:/home/nmurray/.local/share/python/bin","PS1":"\\[\\033[01;31m\\]\\d-\\t\\[\\033[00m\\]:\\[\\033[01;33m\\]\\w\\[\\033[35m\\] (`git branch --show-current 2>/dev/null`)\\[\\033[00m\\]\\n$ ","PWD":"/home/nmurray","PYTHONPYCACHEPREFIX":"/home/nmurray/.cache/python","PYTHONSTARTUP":"/home/nmurray/.config/python/site.py","PYTHONUSERBASE":"/home/nmurray/.local/share/python","QT_ACCESSIBILITY":"1","QT_IM_MODULE":"ibus","SESSION_MANAGER":"local/dev-nmurray02:@/tmp/.ICE-unix/8140,unix/dev-nmurray02:/tmp/.ICE-unix/8140","SHELL":"/bin/bash","SHLVL":"0","SSH_AGENT_LAUNCHER":"gnome-keyring","SSH_AUTH_SOCK":"/run/user/798000122/keyring/ssh","SYSTEMD_EXEC_PID":"8184","USER":"nmurray","USERNAME":"nmurray","VISUAL":"nvim-qt","VSCODE_AMD_ENTRYPOINT":"vs/workbench/api/node/extensionHostProcess","VSCODE_CODE_CACHE_PATH":"/home/nmurray/.config/Code/CachedData/0ee08df0cf4527e40edc9aa28f4b5bd38bbff2b2","VSCODE_CRASH_REPORTER_PROCESS_TYPE":"extensionHost","VSCODE_CWD":"/home/nmurray","VSCODE_HANDLES_UNCAUGHT_ERRORS":"true","VSCODE_IPC_HOOK":"/run/user/798000122/vscode-a395ce48-1.85-main.sock","VSCODE_NLS_CONFIG":"{\"locale\":\"en-us\",\"osLocale\":\"en-us\",\"availableLanguages\":{},\"_languagePackSupport\":true}","VSCODE_PID":"14166","WINDOWPATH":"2","XAUTHORITY":"/run/user/798000122/gdm/Xauthority","XDG_CACHE_HOME":"/home/nmurray/.cache","XDG_CONFIG_DIRS":"/etc/xdg/xdg-ubuntu:/etc/xdg","XDG_CONFIG_HOME":"/home/nmurray/.config","XDG_CURRENT_DESKTOP":"Unity","XDG_DATA_DIRS":"/usr/share/ubuntu:/usr/share/gnome:/usr/local/share/:/usr/share/:/var/lib/snapd/desktop","XDG_DATA_HOME":"/home/nmurray/.local/share","XDG_MENU_PREFIX":"gnome-","XDG_RUNTIME_DIR":"/run/user/798000122","XDG_SESSION_CLASS":"user","XDG_SESSION_DESKTOP":"ubuntu","XDG_SESSION_TYPE":"x11","XDG_STATE_HOME":"/home/nmurray/.local/state","XMODIFIERS":"@im=ibus","_":"/usr/share/code/code","ELECTRON_RUN_AS_NODE":"1","SSH_ASKPASS":"/home/nmurray/.vscode/extensions/ms-vscode-remote.remote-containers-0.327.0/scripts/ssh-askpass.sh","SSH_ASKPASS_REQUIRE":"force","VSCODE_SSH_ASKPASS_NODE":"/usr/share/code/code","VSCODE_SSH_ASKPASS_EXTRA_ARGS":"--ms-enable-electron-run-as-node","VSCODE_SSH_ASKPASS_MAIN":"/home/nmurray/.vscode/extensions/ms-vscode-remote.remote-containers-0.327.0/dist/common/sshAskpass.js","VSCODE_SSH_ASKPASS_HANDLE":"/run/user/798000122/ssh-askpass-2dc50f89-16ba-478f-8357-c9788918bd4b.sock","DOCKER_CONTEXT":"default"},"containerId":"4297a1e11e61ba0a317348ba8bf86ddf065550e8a7d8c14a8583dfcc45dfeeeb","user":"developer","sessionId":"0e572f00-c562-42da-a562-f7e5956168501706024456574","logLevel":2,"delay":10000}}]
[2024-01-23T15:40:59.077Z] Received message: [{"type":"configure","sequence":1,"options":{"cwd":"/home/nmurray/code/spotrflow","dockerCLI":"docker","env":{"BASHRC":"/home/nmurray/.config/bash/bashrc","CHROME_DESKTOP":"code-url-handler.desktop","DBUS_SESSION_BUS_ADDRESS":"unix:path=/run/user/798000122/bus","DESKTOP_SESSION":"ubuntu","DISPLAY":":1","EDITOR":"nvim","GDK_BACKEND":"x11","GDMSESSION":"ubuntu","GIO_LAUNCHED_DESKTOP_FILE":"/usr/share/applications/code.desktop","GIO_LAUNCHED_DESKTOP_FILE_PID":"14166","GJS_DEBUG_OUTPUT":"stderr","GJS_DEBUG_TOPICS":"JS ERROR;JS LOG","GNOME_DESKTOP_SESSION_ID":"this-is-deprecated","GNOME_SHELL_SESSION_MODE":"ubuntu","GPG_AGENT_INFO":"/run/user/798000122/gnupg/S.gpg-agent:0:1","GTK_IM_MODULE":"ibus","GTK_MODULES":"gail:atk-bridge","HISTCONTROL":"ignorespace:ignoredups","HISTFILE":"/home/nmurray/.local/state/bash/history","HISTFILESIZE":"200000","HISTSIZE":"10000","HISTTIMEFORMAT":"%h/%d - %H:%M:%S ","HOME":"/home/nmurray","IM_CONFIG_PHASE":"1","INPUTRC":"/home/nmurray/.config/readline/inputrc","INVOCATION_ID":"e20deec31f924173bdedfab336eec238","JOURNAL_STREAM":"8:178915","KRB5CCNAME":"KEYRING:persistent:798000122","LANG":"en_US.UTF-8","LD_LIBRARY_PATH":"/usr/local/cuda-11.8/lib64:/usr/local/cuda-11.8/lib64","LESSCLOSE":"/usr/bin/lesspipe %s %s","LESSOPEN":"| /usr/bin/lesspipe %s","LOGNAME":"nmurray","LS_COLORS":"bd=38;5;68:ca=38;5;17:cd=38;5;113;1:di=33;01;31:do=38;5;127:ex=38;5;208;1:pi=38;5;126:fi=0:ln=target:mh=38;5;222;1:no=38;5;208;1:or=48;5;196;38;5;232;1:ow=38;5;220;1:sg=48;5;3;38;5;0:su=38;5;220;1;3;100;1:so=38;5;197:st=38;5;86;48;5;234:tw=48;5;235;38;5;139;3:*LS_COLORS=48;5;89;38;5;197;1;3;4;7:*.txt=38;5;253:","MANAGERPID":"6922","MANPAGER":"sh -c 'col -bx | bat --theme \"Solarized (dark)\" -l man -p'","NVM_BIN":"/home/nmurray/.config/nvm/versions/node/v20.4.0/bin","NVM_DIR":"/home/nmurray/.config/nvm","NVM_INC":"/home/nmurray/.config/nvm/versions/node/v20.4.0/include/node","ORIGINAL_XDG_CURRENT_DESKTOP":"ubuntu:GNOME","PATH":"/home/nmurray/.local/bin:/home/nmurray/.config/nvm/versions/node/v20.4.0/bin:/usr/local/cuda-11.8/bin:/home/nmurray/.cargo/bin:/home/nmurray/.local/bin:/usr/local/cuda-11.8/bin:/usr/local/sbin:/usr/local/bin:/usr/sbin:/usr/bin:/sbin:/bin:/usr/games:/usr/local/games:/snap/bin:/snap/bin:/home/nmurray/.local/share/python/bin:/home/nmurray/.local/bin:/home/nmurray/.local/share/python/bin:/home/nmurray/.local/share/python/bin","PS1":"\\[\\033[01;31m\\]\\d-\\t\\[\\033[00m\\]:\\[\\033[01;33m\\]\\w\\[\\033[35m\\] (`git branch --show-current 2>/dev/null`)\\[\\033[00m\\]\\n$ ","PWD":"/home/nmurray","PYTHONPYCACHEPREFIX":"/home/nmurray/.cache/python","PYTHONSTARTUP":"/home/nmurray/.config/python/site.py","PYTHONUSERBASE":"/home/nmurray/.local/share/python","QT_ACCESSIBILITY":"1","QT_IM_MODULE":"ibus","SESSION_MANAGER":"local/dev-nmurray02:@/tmp/.ICE-unix/8140,unix/dev-nmurray02:/tmp/.ICE-unix/8140","SHELL":"/bin/bash","SHLVL":"0","SSH_AGENT_LAUNCHER":"gnome-keyring","SSH_AUTH_SOCK":"/run/user/798000122/keyring/ssh","SYSTEMD_EXEC_PID":"8184","USER":"nmurray","USERNAME":"nmurray","VISUAL":"nvim-qt","VSCODE_AMD_ENTRYPOINT":"vs/workbench/api/node/extensionHostProcess","VSCODE_CODE_CACHE_PATH":"/home/nmurray/.config/Code/CachedData/0ee08df0cf4527e40edc9aa28f4b5bd38bbff2b2","VSCODE_CRASH_REPORTER_PROCESS_TYPE":"extensionHost","VSCODE_CWD":"/home/nmurray","VSCODE_HANDLES_UNCAUGHT_ERRORS":"true","VSCODE_IPC_HOOK":"/run/user/798000122/vscode-a395ce48-1.85-main.sock","VSCODE_NLS_CONFIG":"{\"locale\":\"en-us\",\"osLocale\":\"en-us\",\"availableLanguages\":{},\"_languagePackSupport\":true}","VSCODE_PID":"14166","WINDOWPATH":"2","XAUTHORITY":"/run/user/798000122/gdm/Xauthority","XDG_CACHE_HOME":"/home/nmurray/.cache","XDG_CONFIG_DIRS":"/etc/xdg/xdg-ubuntu:/etc/xdg","XDG_CONFIG_HOME":"/home/nmurray/.config","XDG_CURRENT_DESKTOP":"Unity","XDG_DATA_DIRS":"/usr/share/ubuntu:/usr/share/gnome:/usr/local/share/:/usr/share/:/var/lib/snapd/desktop","XDG_DATA_HOME":"/home/nmurray/.local/share","XDG_MENU_PREFIX":"gnome-","XDG_RUNTIME_DIR":"/run/user/798000122","XDG_SESSION_CLASS":"user","XDG_SESSION_DESKTOP":"ubuntu","XDG_SESSION_TYPE":"x11","XDG_STATE_HOME":"/home/nmurray/.local/state","XMODIFIERS":"@im=ibus","_":"/usr/share/code/code","ELECTRON_RUN_AS_NODE":"1","SSH_ASKPASS":"/home/nmurray/.vscode/extensions/ms-vscode-remote.remote-containers-0.327.0/scripts/ssh-askpass.sh","SSH_ASKPASS_REQUIRE":"force","VSCODE_SSH_ASKPASS_NODE":"/usr/share/code/code","VSCODE_SSH_ASKPASS_EXTRA_ARGS":"--ms-enable-electron-run-as-node","VSCODE_SSH_ASKPASS_MAIN":"/home/nmurray/.vscode/extensions/ms-vscode-remote.remote-containers-0.327.0/dist/common/sshAskpass.js","VSCODE_SSH_ASKPASS_HANDLE":"/run/user/798000122/ssh-askpass-2dc50f89-16ba-478f-8357-c9788918bd4b.sock","DOCKER_CONTEXT":"default"},"containerId":"4297a1e11e61ba0a317348ba8bf86ddf065550e8a7d8c14a8583dfcc45dfeeeb","user":"developer","sessionId":"0e572f00-c562-42da-a562-f7e5956168501706024456574","logLevel":2,"delay":10000}}]
[2024-01-23T15:41:59.078Z] Received message: []
[2024-01-23T15:42:59.079Z] Received message: []
[2024-01-23T15:43:59.081Z] Received message: []
[2024-01-23T15:44:59.082Z] Received message: []
[2024-01-23T15:45:59.084Z] Received message: []
[2024-01-23T15:46:59.087Z] Received message: []
[2024-01-23T15:47:59.090Z] Received message: []
[2024-01-23T15:48:59.092Z] Received message: []
[2024-01-23T15:49:59.093Z] Received message: []
[2024-01-23T15:50:59.096Z] Received message: []
[2024-01-23T15:51:59.101Z] Received message: []
[2024-01-23T15:52:59.105Z] Received message: []
[2024-01-23T15:53:59.106Z] Received message: []
[2024-01-23T15:54:59.107Z] Received message: []
[2024-01-23T15:55:59.111Z] Received message: []
[2024-01-23T15:56:59.116Z] Received message: []
[2024-01-23T15:57:59.124Z] Received message: []
[2024-01-23T15:58:59.127Z] Received message: []
[2024-01-23T15:59:59.131Z] Received message: []
[2024-01-23T16:00:59.133Z] Received message: []
[2024-01-23T16:01:59.134Z] Received message: []
[2024-01-23T16:02:59.136Z] Received message: []
[2024-01-23T16:03:59.136Z] Received message: []
[2024-01-23T16:04:59.142Z] Received message: []
[2024-01-23T16:05:59.145Z] Received message: []
[2024-01-23T16:06:59.146Z] Received message: []
[2024-01-23T16:07:59.147Z] Received message: []
[2024-01-23T16:08:59.149Z] Received message: []
[2024-01-23T16:09:59.156Z] Received message: []
[2024-01-23T16:10:59.158Z] Received message: []
[2024-01-23T16:11:59.161Z] Received message: []
[2024-01-23T16:12:59.166Z] Received message: []
[2024-01-23T16:13:59.169Z] Received message: []
[2024-01-23T16:14:59.172Z] Received message: []
[2024-01-23T16:15:59.176Z] Received message: []
[2024-01-23T16:16:59.178Z] Received message: []
[2024-01-23T16:17:59.179Z] Received message: []
[2024-01-23T16:18:59.182Z] Received message: []
[2024-01-23T16:19:59.185Z] Received message: []
[2024-01-23T16:20:59.187Z] Received message: []
[2024-01-23T16:21:59.196Z] Received message: []
[2024-01-23T16:22:59.197Z] Received message: []
[2024-01-23T16:23:59.204Z] Received message: []
[2024-01-23T16:24:59.205Z] Received message: []
[2024-01-23T16:25:59.207Z] Received message: []
[2024-01-23T16:26:59.209Z] Received message: []
[2024-01-23T16:27:59.212Z] Received message: []
[2024-01-23T16:28:59.215Z] Received message: []
[2024-01-23T16:29:59.254Z] Received message: []
[2024-01-23T16:30:59.258Z] Received message: []
[2024-01-23T16:31:59.262Z] Received message: []
[2024-01-23T16:32:59.266Z] Received message: []
[2024-01-23T16:33:59.268Z] Received message: []
[2024-01-23T16:34:59.273Z] Received message: []
[2024-01-23T16:35:59.278Z] Received message: []
[2024-01-23T16:36:59.282Z] Received message: []
[2024-01-23T16:37:59.330Z] Received message: []
[2024-01-23T16:38:59.336Z] Received message: []
[2024-01-23T16:39:59.342Z] Received message: []
[2024-01-23T16:40:59.346Z] Received message: []
[2024-01-23T16:41:59.349Z] Received message: []
[2024-01-23T16:42:59.352Z] Received message: []
[2024-01-23T16:43:59.356Z] Received message: []
[2024-01-23T16:44:59.359Z] Received message: []
[2024-01-23T16:45:59.361Z] Received message: []
[2024-01-23T16:46:59.363Z] Received message: []
[2024-01-23T16:47:59.367Z] Received message: []
[2024-01-23T16:48:59.370Z] Received message: []
[2024-01-23T16:49:59.373Z] Received message: []
[2024-01-23T16:50:59.375Z] Received message: []
[2024-01-23T16:51:59.377Z] Received message: []
[2024-01-23T16:52:59.381Z] Received message: []
[2024-01-23T16:53:59.383Z] Received message: []
[2024-01-23T16:54:59.387Z] Received message: []
[2024-01-23T16:55:59.388Z] Received message: []
[2024-01-23T16:56:59.392Z] Received message: []
[2024-01-23T16:57:59.395Z] Received message: []
[2024-01-23T16:58:59.398Z] Received message: []
[2024-01-23T16:59:59.401Z] Received message: []
[2024-01-23T17:00:59.404Z] Received message: []
[2024-01-23T17:01:59.407Z] Received message: []
[2024-01-23T17:02:59.411Z] Received message: []
[2024-01-23T17:03:59.414Z] Received message: []
[2024-01-23T17:04:59.417Z] Received message: []
[2024-01-23T17:05:59.420Z] Received message: []
[2024-01-23T17:06:59.422Z] Received message: []
[2024-01-23T17:07:59.423Z] Received message: []
[2024-01-23T17:08:59.425Z] Received message: []
[2024-01-23T17:09:59.428Z] Received message: []
[2024-01-23T17:10:59.430Z] Received message: []
[2024-01-23T17:11:59.432Z] Received message: []
[2024-01-23T17:12:59.436Z] Received message: []
[2024-01-23T17:13:59.438Z] Received message: []
[2024-01-23T17:14:59.441Z] Received message: []
[2024-01-23T17:15:59.444Z] Received message: []
[2024-01-23T17:16:59.445Z] Received message: []
[2024-01-23T17:17:59.449Z] Received message: []
[2024-01-23T17:18:59.452Z] Received message: []
[2024-01-23T17:19:59.456Z] Received message: []
[2024-01-23T17:20:59.458Z] Received message: []
[2024-01-23T17:21:59.460Z] Received message: []
[2024-01-23T17:22:59.461Z] Received message: []
[2024-01-23T17:23:59.463Z] Received message: []
[2024-01-23T17:24:59.464Z] Received message: []
[2024-01-23T17:25:59.466Z] Received message: []
[2024-01-23T17:26:59.468Z] Received message: []
[2024-01-23T17:27:59.469Z] Received message: []
[2024-01-23T17:28:59.471Z] Received message: []
[2024-01-23T17:29:59.474Z] Received message: []
[2024-01-23T17:30:59.477Z] Received message: []
[2024-01-23T17:31:59.481Z] Received message: []
[2024-01-23T17:32:59.520Z] Received message: []
[2024-01-23T17:33:59.525Z] Received message: []
[2024-01-23T17:34:59.528Z] Received message: []
[2024-01-23T17:35:59.532Z] Received message: []
[2024-01-23T17:36:59.535Z] Received message: []
[2024-01-23T17:37:59.537Z] Received message: []
[2024-01-23T17:38:59.539Z] Received message: []
[2024-01-23T17:39:59.540Z] Received message: []
[2024-01-23T17:40:59.543Z] Received message: []
[2024-01-23T17:41:59.547Z] Received message: []
[2024-01-23T17:42:59.551Z] Received message: []
[2024-01-23T17:43:59.554Z] Received message: []
[2024-01-23T17:44:59.558Z] Received message: []
[2024-01-23T17:45:59.562Z] Received message: []
[2024-01-23T17:46:59.566Z] Received message: []
[2024-01-23T17:47:59.570Z] Received message: []
[2024-01-23T17:48:59.572Z] Received message: []
[2024-01-23T17:49:59.574Z] Received message: []
[2024-01-23T17:50:59.577Z] Received message: []
[2024-01-23T17:51:59.579Z] Received message: []
[2024-01-23T17:52:59.582Z] Received message: []
[2024-01-23T17:53:59.584Z] Received message: []
[2024-01-23T17:54:59.585Z] Received message: []
[2024-01-23T17:55:59.588Z] Received message: []
[2024-01-23T17:56:59.590Z] Received message: []
[2024-01-23T17:57:59.592Z] Received message: []
[2024-01-23T17:58:59.594Z] Received message: []
[2024-01-23T17:59:59.597Z] Received message: []
[2024-01-23T18:00:59.599Z] Received message: []
[2024-01-23T18:01:59.602Z] Received message: []
[2024-01-23T18:02:59.604Z] Received message: []
[2024-01-23T18:03:59.607Z] Received message: []
[2024-01-23T18:04:59.611Z] Received message: []
[2024-01-23T18:05:59.614Z] Received message: []
[2024-01-23T18:06:59.616Z] Received message: []
[2024-01-23T18:07:59.619Z] Received message: []
[2024-01-23T18:08:59.622Z] Received message: []
[2024-01-23T18:09:59.623Z] Received message: []
[2024-01-23T18:10:59.626Z] Received message: []
[2024-01-23T18:11:59.628Z] Received message: []
[2024-01-23T18:12:59.631Z] Received message: []
[2024-01-23T18:13:59.633Z] Received message: []
[2024-01-23T18:14:59.634Z] Received message: []
[2024-01-23T18:15:59.635Z] Received message: []
[2024-01-23T18:16:59.638Z] Received message: []
[2024-01-23T18:17:59.648Z] Received message: []
[2024-01-23T18:18:59.652Z] Received message: []
[2024-01-23T18:19:59.654Z] Received message: []
[2024-01-23T18:20:59.658Z] Received message: []
[2024-01-23T18:21:59.661Z] Received message: []
[2024-01-23T18:22:59.665Z] Received message: []
[2024-01-23T18:23:59.674Z] Received message: []
[2024-01-23T18:24:59.677Z] Received message: []
[2024-01-23T18:25:59.680Z] Received message: []
[2024-01-23T18:26:59.688Z] Received message: []
[2024-01-23T18:27:59.694Z] Received message: []
[2024-01-23T18:28:59.698Z] Received message: []
[2024-01-23T18:29:59.704Z] Received message: []
[2024-01-23T18:30:59.707Z] Received message: []
[2024-01-23T18:31:59.712Z] Received message: []
[2024-01-23T18:32:59.716Z] Received message: []
[2024-01-23T18:33:59.725Z] Received message: []
[2024-01-23T18:34:59.727Z] Received message: []
[2024-01-23T18:35:59.730Z] Received message: []
[2024-01-23T18:36:59.733Z] Received message: []
[2024-01-23T18:37:59.734Z] Received message: []
[2024-01-23T18:38:59.736Z] Received message: []
[2024-01-23T18:39:59.737Z] Received message: []
[2024-01-23T18:40:59.739Z] Received message: []
[2024-01-23T18:41:59.741Z] Received message: []
[2024-01-23T18:42:59.742Z] Received message: []
[2024-01-23T18:43:59.745Z] Received message: []
[2024-01-23T18:44:59.747Z] Received message: []
[2024-01-23T18:45:59.750Z] Received message: []
[2024-01-23T18:46:59.754Z] Received message: []
[2024-01-23T18:47:59.758Z] Received message: []
[2024-01-23T18:48:59.761Z] Received message: []
[2024-01-23T18:49:59.765Z] Received message: []
[2024-01-23T18:50:59.768Z] Received message: []
[2024-01-23T18:51:59.772Z] Received message: []
[2024-01-23T18:52:59.777Z] Received message: []
[2024-01-23T18:53:59.782Z] Received message: []
[2024-01-23T18:54:59.786Z] Received message: []
[2024-01-23T18:55:59.789Z] Received message: []
[2024-01-23T18:56:59.793Z] Received message: []
[2024-01-23T18:57:59.796Z] Received message: []
[2024-01-23T18:58:59.799Z] Received message: []
[2024-01-23T18:59:59.801Z] Received message: []
[2024-01-23T19:00:59.804Z] Received message: []
[2024-01-23T19:01:59.808Z] Received message: []
[2024-01-23T19:02:59.809Z] Received message: []
[2024-01-23T19:03:59.811Z] Received message: []
[2024-01-23T19:04:59.815Z] Received message: []
[2024-01-23T19:05:59.819Z] Received message: []
[2024-01-23T19:06:59.822Z] Received message: []
[2024-01-23T19:07:59.833Z] Received message: []
[2024-01-23T19:08:59.836Z] Received message: []
[2024-01-23T19:09:59.839Z] Received message: []
[2024-01-23T19:10:59.840Z] Received message: []
[2024-01-23T19:11:59.843Z] Received message: []
[2024-01-23T19:12:59.847Z] Received message: []
[2024-01-23T19:13:59.850Z] Received message: []
[2024-01-23T19:14:59.853Z] Received message: []
[2024-01-23T19:15:59.855Z] Received message: []
[2024-01-23T19:16:59.858Z] Received message: []
[2024-01-23T19:17:59.862Z] Received message: []
[2024-01-23T19:18:59.866Z] Received message: []
[2024-01-23T19:19:59.871Z] Received message: []
[2024-01-23T19:20:59.874Z] Received message: []
[2024-01-23T19:21:59.877Z] Received message: []
[2024-01-23T19:22:59.879Z] Received message: []
[2024-01-23T19:23:59.882Z] Received message: []
[2024-01-23T19:24:59.884Z] Received message: []
[2024-01-23T19:25:59.888Z] Received message: []
[2024-01-23T19:26:59.898Z] Received message: []
[2024-01-23T19:27:59.902Z] Received message: []
[2024-01-23T19:28:59.904Z] Received message: []
[2024-01-23T19:29:59.907Z] Received message: []
[2024-01-23T19:30:59.909Z] Received message: []
[2024-01-23T19:31:59.911Z] Received message: []
[2024-01-23T19:32:59.914Z] Received message: []
[2024-01-23T19:33:59.918Z] Received message: []
[2024-01-23T19:34:59.922Z] Received message: []
[2024-01-23T19:35:59.926Z] Received message: []
[2024-01-23T19:36:59.929Z] Received message: []
[2024-01-23T19:37:59.933Z] Received message: []
[2024-01-23T19:38:59.938Z] Received message: []
[2024-01-23T19:39:59.942Z] Received message: []
[2024-01-23T19:40:59.946Z] Received message: []
[2024-01-23T19:41:59.950Z] Received message: []
[2024-01-23T19:42:59.953Z] Received message: []
[2024-01-23T19:43:59.957Z] Received message: []
[2024-01-23T19:44:59.960Z] Received message: []
[2024-01-23T19:45:59.963Z] Received message: []
[2024-01-23T19:46:59.966Z] Received message: []
[2024-01-23T19:47:59.969Z] Received message: []
[2024-01-23T19:48:59.975Z] Received message: []
[2024-01-23T19:49:59.979Z] Received message: []
[2024-01-23T19:50:59.983Z] Received message: []
[2024-01-23T19:51:59.986Z] Received message: []
[2024-01-23T19:52:59.990Z] Received message: []
[2024-01-23T19:53:59.993Z] Received message: []
[2024-01-23T19:54:59.998Z] Received message: []
[2024-01-23T19:56:00.002Z] Received message: []
[2024-01-23T19:57:00.007Z] Received message: []
[2024-01-23T19:58:00.011Z] Received message: []
[2024-01-23T19:59:00.014Z] Received message: []
[2024-01-23T20:00:00.017Z] Received message: []
[2024-01-23T20:01:00.021Z] Received message: []
[2024-01-23T20:02:00.024Z] Received message: []
[2024-01-23T20:03:00.028Z] Received message: []
[2024-01-23T20:04:00.033Z] Received message: []
[2024-01-23T20:05:00.037Z] Received message: []
[2024-01-23T20:06:00.042Z] Received message: []
[2024-01-23T20:07:00.046Z] Received message: []
[2024-01-23T20:08:00.050Z] Received message: []
[2024-01-23T20:09:00.055Z] Received message: []
[2024-01-23T20:10:00.058Z] Received message: []
[2024-01-23T20:11:00.062Z] Received message: []
[2024-01-23T20:12:00.066Z] Received message: []
[2024-01-23T20:13:00.069Z] Received message: []
[2024-01-23T20:14:00.073Z] Received message: []
[2024-01-23T20:15:00.077Z] Received message: []
[2024-01-23T20:16:00.080Z] Received message: []
[2024-01-23T20:17:00.086Z] Received message: []
[2024-01-23T20:18:00.091Z] Received message: []
[2024-01-23T20:19:00.096Z] Received message: []
[2024-01-23T20:20:00.101Z] Received message: []
[2024-01-23T20:21:00.106Z] Received message: []
[2024-01-23T20:22:00.109Z] Received message: []
[2024-01-23T20:23:00.115Z] Received message: []
[2024-01-23T20:24:00.120Z] Received message: []
[2024-01-23T20:25:00.123Z] Received message: []
[2024-01-23T20:26:00.127Z] Received message: []
[2024-01-23T20:27:00.131Z] Received message: []
[2024-01-23T20:28:00.134Z] Received message: []
[2024-01-23T20:29:00.136Z] Received message: []
[2024-01-23T20:30:00.140Z] Received message: []
[2024-01-23T20:31:00.144Z] Received message: []
[2024-01-23T20:32:00.147Z] Received message: []
[2024-01-23T20:33:00.150Z] Received message: []
[2024-01-23T20:34:00.154Z] Received message: []
[2024-01-23T20:35:00.161Z] Received message: []
[2024-01-23T20:36:00.163Z] Received message: []
[2024-01-23T20:37:00.167Z] Received message: []
[2024-01-23T20:38:00.171Z] Received message: []
[2024-01-23T20:39:00.175Z] Received message: []
[2024-01-23T20:40:00.179Z] Received message: []
[2024-01-23T20:41:00.181Z] Received message: []
[2024-01-23T20:42:00.185Z] Received message: []
[2024-01-23T20:43:00.190Z] Received message: []
[2024-01-23T20:44:00.194Z] Received message: []
[2024-01-23T20:45:00.200Z] Received message: []
[2024-01-23T20:46:00.204Z] Received message: []
[2024-01-23T20:47:00.209Z] Received message: []
[2024-01-23T20:48:00.214Z] Received message: []
[2024-01-23T20:49:00.218Z] Received message: []
[2024-01-23T20:50:00.223Z] Received message: []
[2024-01-23T20:51:00.229Z] Received message: []
[2024-01-23T20:52:00.235Z] Received message: []
[2024-01-23T20:53:00.241Z] Received message: []
[2024-01-23T20:54:00.246Z] Received message: []
[2024-01-23T20:55:00.250Z] Received message: []
[2024-01-23T20:56:00.256Z] Received message: []
[2024-01-23T20:57:00.261Z] Received message: []
[2024-01-23T20:58:00.265Z] Received message: []
[2024-01-23T20:59:00.271Z] Received message: []
[2024-01-23T21:00:00.276Z] Received message: []
[2024-01-23T21:01:00.279Z] Received message: []
[2024-01-23T21:02:00.283Z] Received message: []
[2024-01-23T21:03:00.288Z] Received message: []
[2024-01-23T21:04:00.294Z] Received message: []
[2024-01-23T21:05:00.299Z] Received message: []
[2024-01-23T21:06:00.303Z] Received message: []
[2024-01-23T21:07:00.307Z] Received message: []
[2024-01-23T21:08:00.311Z] Received message: []
[2024-01-23T21:09:00.316Z] Received message: []
[2024-01-23T21:10:00.321Z] Received message: []
[2024-01-23T21:11:00.326Z] Received message: []
[2024-01-23T21:12:00.329Z] Received message: []
[2024-01-23T21:13:00.332Z] Received message: []
[2024-01-23T21:14:00.337Z] Received message: []
[2024-01-23T21:15:00.342Z] Received message: []
[2024-01-23T21:16:00.346Z] Received message: []
[2024-01-23T21:17:00.387Z] Received message: []
[2024-01-23T21:18:00.392Z] Received message: []
[2024-01-23T21:19:00.398Z] Received message: []
[2024-01-23T21:20:00.403Z] Received message: []
[2024-01-23T21:21:00.408Z] Received message: []
[2024-01-23T21:22:00.414Z] Received message: []
[2024-01-23T21:23:00.419Z] Received message: []
[2024-01-23T21:24:00.425Z] Received message: []
[2024-01-23T21:25:00.429Z] Received message: []
[2024-01-23T21:26:00.434Z] Received message: []
[2024-01-23T21:27:00.440Z] Received message: []
[2024-01-23T21:28:00.443Z] Received message: []
[2024-01-23T21:29:00.446Z] Received message: []
[2024-01-23T21:30:00.451Z] Received message: []
[2024-01-23T21:31:00.456Z] Received message: []
[2024-01-23T21:32:00.460Z] Received message: []
[2024-01-23T21:33:00.465Z] Received message: []
[2024-01-23T21:34:00.470Z] Received message: []
[2024-01-23T21:35:00.474Z] Received message: []
[2024-01-23T21:36:00.478Z] Received message: []
[2024-01-23T21:37:00.482Z] Received message: []
[2024-01-23T21:38:00.486Z] Received message: []
[2024-01-23T21:39:00.493Z] Received message: []
[2024-01-23T21:40:00.497Z] Received message: []
[2024-01-23T21:41:00.501Z] Received message: []
[2024-01-23T21:42:00.504Z] Received message: []
[2024-01-23T21:43:00.508Z] Received message: []
[2024-01-23T21:44:00.511Z] Received message: []
[2024-01-23T21:45:00.516Z] Received message: []
[2024-01-23T21:46:00.520Z] Received message: []
[2024-01-23T21:47:00.525Z] Received message: []
[2024-01-23T21:48:00.528Z] Received message: []
[2024-01-23T21:49:00.532Z] Received message: []
[2024-01-23T21:50:00.535Z] Received message: []
[2024-01-23T21:51:00.540Z] Received message: []
[2024-01-23T21:52:00.542Z] Received message: []
[2024-01-23T21:53:00.546Z] Received message: []
[2024-01-23T21:54:00.550Z] Received message: []
[2024-01-23T21:55:00.556Z] Received message: []
[2024-01-23T21:56:00.558Z] Received message: []
[2024-01-23T21:57:00.562Z] Received message: []
[2024-01-23T21:58:00.566Z] Received message: []
[2024-01-23T21:59:00.570Z] Received message: []
[2024-01-23T22:00:00.576Z] Received message: []
[2024-01-23T22:01:00.582Z] Received message: []
[2024-01-23T22:02:00.586Z] Received message: []
[2024-01-23T22:03:00.595Z] Received message: []
[2024-01-23T22:04:00.599Z] Received message: []
[2024-01-23T22:05:00.602Z] Received message: []
[2024-01-23T22:06:00.606Z] Received message: []
[2024-01-23T22:07:00.609Z] Received message: []
[2024-01-23T22:08:00.613Z] Received message: []
[2024-01-23T22:09:00.617Z] Received message: []
[2024-01-23T22:10:00.621Z] Received message: []
[2024-01-23T22:11:00.625Z] Received message: []
[2024-01-23T22:12:00.628Z] Received message: []
[2024-01-23T22:13:00.632Z] Received message: []
[2024-01-23T22:14:00.636Z] Received message: []
[2024-01-23T22:15:00.639Z] Received message: []
[2024-01-23T22:16:00.643Z] Received message: []
[2024-01-23T22:17:00.647Z] Received message: []
[2024-01-23T22:18:00.651Z] Received message: []
[2024-01-23T22:19:00.656Z] Received message: []
[2024-01-23T22:20:00.662Z] Received message: []
[2024-01-23T22:21:00.665Z] Received message: []
[2024-01-23T22:22:00.669Z] Received message: []
[2024-01-23T22:23:00.674Z] Received message: []
[2024-01-23T22:24:00.676Z] Received message: []
[2024-01-23T22:25:00.679Z] Received message: []
[2024-01-23T22:26:00.683Z] Received message: []
[2024-01-23T22:27:00.687Z] Received message: []
[2024-01-23T22:28:00.691Z] Received message: []
[2024-01-23T22:29:00.697Z] Received message: []
[2024-01-23T22:30:00.703Z] Received message: []
[2024-01-23T22:31:00.708Z] Received message: []
[2024-01-23T22:32:00.714Z] Received message: []
[2024-01-23T22:33:00.719Z] Received message: []
[2024-01-23T22:34:00.724Z] Received message: []
[2024-01-23T22:35:00.730Z] Received message: []
[2024-01-23T22:36:00.736Z] Received message: []
[2024-01-24T14:36:38.356Z] Received message: []
[2024-01-24T14:37:38.358Z] Received message: []
[2024-01-24T14:38:38.361Z] Received message: []
[2024-01-24T14:39:38.362Z] Received message: []
[2024-01-24T14:40:38.364Z] Received message: []
[2024-01-24T14:41:38.366Z] Received message: []
[2024-01-24T14:42:38.368Z] Received message: []
[2024-01-24T14:43:38.371Z] Received message: []
[2024-01-24T14:44:38.373Z] Received message: []
[2024-01-24T14:45:38.376Z] Received message: []
[2024-01-24T14:46:38.379Z] Received message: []
[2024-01-24T14:47:38.381Z] Received message: []
[2024-01-24T14:48:38.384Z] Received message: []
[2024-01-24T14:49:38.385Z] Received message: []
[2024-01-24T14:50:38.388Z] Received message: []
[2024-01-24T14:51:38.389Z] Received message: []
[2024-01-24T14:52:38.392Z] Received message: []
[2024-01-24T14:53:38.393Z] Received message: []
[2024-01-24T14:54:38.395Z] Received message: []
[2024-01-24T14:55:38.397Z] Received message: []
[2024-01-24T14:56:38.399Z] Received message: []
[2024-01-24T14:57:38.402Z] Received message: []
[2024-01-24T14:58:38.405Z] Received message: []
[2024-01-24T14:59:38.415Z] Received message: []
[2024-01-24T15:00:38.417Z] Received message: []
[2024-01-24T15:01:38.420Z] Received message: []
[2024-01-24T15:02:38.423Z] Received message: []
[2024-01-24T15:03:38.425Z] Received message: []
[2024-01-24T15:04:38.427Z] Received message: []
[2024-01-24T15:05:38.429Z] Received message: []
[2024-01-24T15:06:38.431Z] Received message: []
[2024-01-24T15:07:38.434Z] Received message: []
[2024-01-24T15:08:38.437Z] Received message: []
[2024-01-24T15:09:38.440Z] Received message: []
[2024-01-24T15:10:38.443Z] Received message: []
[2024-01-24T15:11:38.445Z] Received message: []
[2024-01-24T15:12:38.447Z] Received message: []
[2024-01-24T15:13:38.450Z] Received message: []
[2024-01-24T15:14:38.454Z] Received message: []
[2024-01-24T15:15:38.459Z] Received message: []
[2024-01-24T15:16:38.463Z] Received message: []
[2024-01-24T15:17:38.467Z] Received message: []
[2024-01-24T15:18:38.473Z] Received message: []
[2024-01-24T15:19:38.478Z] Received message: []
[2024-01-24T15:20:38.482Z] Received message: []
[2024-01-24T15:21:38.486Z] Received message: []
[2024-01-24T15:22:38.489Z] Received message: []
[2024-01-24T15:23:38.493Z] Received message: []
[2024-01-24T15:24:38.497Z] Received message: []
[2024-01-24T15:25:38.502Z] Received message: []
[2024-01-24T15:26:38.506Z] Received message: []
[2024-01-24T15:27:38.509Z] Received message: []
[2024-01-24T15:28:38.512Z] Received message: []
[2024-01-24T15:29:38.516Z] Received message: []
[2024-01-24T15:30:38.520Z] Received message: []
[2024-01-24T15:31:38.523Z] Received message: []
[2024-01-24T15:32:38.525Z] Received message: []
[2024-01-24T15:33:38.530Z] Received message: []
[2024-01-24T15:34:38.534Z] Received message: []
[2024-01-24T15:35:38.538Z] Received message: []
[2024-01-24T15:36:38.543Z] Received message: []
[2024-01-24T15:37:38.547Z] Received message: []
[2024-01-24T15:38:38.552Z] Received message: []
[2024-01-24T15:39:38.567Z] Received message: []
[2024-01-24T15:40:38.572Z] Received message: []
[2024-01-24T15:41:38.577Z] Received message: []
[2024-01-24T15:42:38.581Z] Received message: []
[2024-01-24T15:43:38.585Z] Received message: []
[2024-01-24T15:44:38.589Z] Received message: []
[2024-01-24T15:45:38.593Z] Received message: []
[2024-01-24T15:46:38.597Z] Received message: []
[2024-01-24T15:47:38.600Z] Received message: []
[2024-01-24T15:48:38.604Z] Received message: []
[2024-01-24T15:49:38.609Z] Received message: []
[2024-01-24T15:50:38.614Z] Received message: []
[2024-01-24T15:51:38.618Z] Received message: []
[2024-01-24T15:52:38.624Z] Received message: []
[2024-01-24T15:53:38.629Z] Received message: []
[2024-01-24T15:54:38.635Z] Received message: []
[2024-01-24T15:55:38.638Z] Received message: []
[2024-01-24T15:56:38.643Z] Received message: []
[2024-01-24T15:57:38.646Z] Received message: []
[2024-01-24T15:58:38.650Z] Received message: []
[2024-01-24T15:59:38.655Z] Received message: []
[2024-01-24T16:00:38.660Z] Received message: []
[2024-01-24T16:01:38.665Z] Received message: []
[2024-01-24T16:02:38.670Z] Received message: []
[2024-01-24T16:03:38.674Z] Received message: []
[2024-01-24T16:04:38.679Z] Received message: []
[2024-01-24T16:05:38.684Z] Received message: []
[2024-01-24T16:06:38.723Z] Received message: []
[2024-01-24T16:07:38.728Z] Received message: []
[2024-01-24T16:08:38.734Z] Received message: []
[2024-01-24T16:09:38.739Z] Received message: []
[2024-01-24T16:10:38.743Z] Received message: []
[2024-01-24T16:11:38.750Z] Received message: []
[2024-01-24T16:12:38.755Z] Received message: []
[2024-01-24T16:13:38.760Z] Received message: []
[2024-01-24T16:14:38.774Z] Received message: []
[2024-01-24T16:15:38.778Z] Received message: []
[2024-01-24T16:16:38.784Z] Received message: []
[2024-01-24T16:17:38.789Z] Received message: []
[2024-01-24T16:18:38.794Z] Received message: []
[2024-01-24T16:19:38.799Z] Received message: []
[2024-01-24T16:20:38.805Z] Received message: []
[2024-01-24T16:21:38.810Z] Received message: []
[2024-01-24T16:22:38.816Z] Received message: []
[2024-01-24T16:23:38.821Z] Received message: []
[2024-01-24T16:24:38.826Z] Received message: []
[2024-01-24T16:25:38.831Z] Received message: []
[2024-01-24T16:26:38.836Z] Received message: []
[2024-01-24T16:27:38.841Z] Received message: []
[2024-01-24T16:28:38.848Z] Received message: []
[2024-01-24T16:29:38.853Z] Received message: []
[2024-01-24T16:30:38.858Z] Received message: []
[2024-01-24T16:31:38.864Z] Received message: []
[2024-01-24T16:32:38.869Z] Received message: []
[2024-01-24T16:33:38.874Z] Received message: []
[2024-01-24T16:34:38.878Z] Received message: []
[2024-01-24T16:35:38.883Z] Received message: []
[2024-01-24T16:36:38.888Z] Received message: []
[2024-01-24T16:37:38.893Z] Received message: []
[2024-01-24T16:38:38.898Z] Received message: []
[2024-01-24T16:39:38.903Z] Received message: []
[2024-01-24T16:40:38.908Z] Received message: []
[2024-01-24T16:41:38.913Z] Received message: []
[2024-01-24T16:42:38.917Z] Received message: []
[2024-01-24T16:43:38.922Z] Received message: []
[2024-01-24T16:44:38.927Z] Received message: []
[2024-01-24T16:45:38.932Z] Received message: []
[2024-01-24T16:46:38.937Z] Received message: []
[2024-01-24T16:47:38.942Z] Received message: []
[2024-01-24T16:48:38.947Z] Received message: []
[2024-01-24T16:49:38.952Z] Received message: []
[2024-01-24T16:50:38.959Z] Received message: []
[2024-01-24T16:51:38.964Z] Received message: []
[2024-01-24T16:52:38.969Z] Received message: []
[2024-01-24T16:53:38.974Z] Received message: []
[2024-01-24T16:54:38.979Z] Received message: []
[2024-01-24T16:55:38.984Z] Received message: []
[2024-01-24T16:56:38.990Z] Received message: []
[2024-01-24T16:57:38.996Z] Received message: []
[2024-01-24T16:58:39.002Z] Received message: []
[2024-01-24T16:59:39.008Z] Received message: []
[2024-01-24T17:00:39.013Z] Received message: []
[2024-01-24T17:01:39.018Z] Received message: []
[2024-01-24T17:02:39.023Z] Received message: []
[2024-01-24T17:03:39.029Z] Received message: []
[2024-01-24T17:04:39.034Z] Received message: []
[2024-01-24T17:05:39.039Z] Received message: []
[2024-01-24T17:06:39.043Z] Received message: []
[2024-01-24T17:07:39.048Z] Received message: []
[2024-01-24T17:08:39.053Z] Received message: []
[2024-01-24T17:09:39.058Z] Received message: []
[2024-01-24T17:10:39.064Z] Received message: []
[2024-01-24T17:11:39.069Z] Received message: []
[2024-01-24T17:12:39.074Z] Received message: []
[2024-01-24T17:13:39.081Z] Received message: []
[2024-01-24T17:14:39.086Z] Received message: []
[2024-01-24T17:15:39.091Z] Received message: []
[2024-01-24T17:16:39.096Z] Received message: []
[2024-01-24T17:17:39.101Z] Received message: []
[2024-01-24T17:18:39.106Z] Received message: []
[2024-01-24T17:19:39.111Z] Received message: []
[2024-01-24T17:20:39.115Z] Received message: []
[2024-01-24T17:21:39.120Z] Received message: []
[2024-01-24T17:22:39.124Z] Received message: []
[2024-01-24T17:23:39.130Z] Received message: []
[2024-01-24T17:24:39.134Z] Received message: []
[2024-01-24T17:25:39.139Z] Received message: []
[2024-01-24T17:26:39.144Z] Received message: []
[2024-01-24T17:27:39.149Z] Received message: []
[2024-01-24T17:28:39.152Z] Received message: []
[2024-01-24T17:29:39.156Z] Received message: []
[2024-01-24T17:30:39.162Z] Received message: []
[2024-01-24T17:31:39.167Z] Received message: []
[2024-01-24T17:32:39.171Z] Received message: []
[2024-01-24T17:33:39.176Z] Received message: []
[2024-01-24T17:34:39.183Z] Received message: []
[2024-01-24T17:35:39.188Z] Received message: []
[2024-01-24T17:36:39.192Z] Received message: []
[2024-01-24T17:37:39.196Z] Received message: []
[2024-01-24T17:38:39.202Z] Received message: []
[2024-01-24T17:39:39.207Z] Received message: []
[2024-01-24T17:40:39.210Z] Received message: []
[2024-01-24T17:41:39.214Z] Received message: []
[2024-01-24T17:42:39.217Z] Received message: []
[2024-01-24T17:43:39.222Z] Received message: []
[2024-01-24T17:44:39.228Z] Received message: []
[2024-01-24T17:45:39.234Z] Received message: []
[2024-01-24T17:46:39.238Z] Received message: []
[2024-01-24T17:47:39.243Z] Received message: []
[2024-01-24T18:49:26.915Z] Received message: []
[2024-01-24T18:50:26.919Z] Received message: []
[2024-01-24T18:51:26.921Z] Received message: []
[2024-01-24T18:52:26.927Z] Received message: []
[2024-01-24T18:53:26.931Z] Received message: []
[2024-01-24T18:54:26.936Z] Received message: []
[2024-01-24T18:55:26.940Z] Received message: []
[2024-01-24T18:56:26.944Z] Received message: []
[2024-01-24T18:57:26.948Z] Received message: []
[2024-01-24T18:58:23.205Z] Error polling extension: Error: socket hang up
    at connResetException (node:internal/errors:717:14)
    at Socket.socketOnEnd (node:_http_client:526:23)
    at Socket.emit (node:events:525:35)
    at endReadableNT (node:internal/streams/readable:1359:12)
    at process.processTicksAndRejections (node:internal/process/task_queues:82:21)
[2024-01-24T18:58:23.209Z] Error polling extension: Error: connect ECONNREFUSED /run/user/798000122/vscode-remote-containers-259820c0-813d-4a86-aec9-1f90b5e40ef4.sock
    at PipeConnectWrap.afterConnect [as oncomplete] (node:net:1494:16)
[2024-01-24T18:58:23.210Z] Cleaning up after 98244812 ms...
[2024-01-24T18:58:23.210Z] Delaying for 10000 ms.
