2024-01-11 11:31:39.130 [warning] Via 'product.json#extensionEnabledApiProposals' extension 'ms-python.python' wants API proposal 'registerIssueDataProvider' but that proposal DOES NOT EXIST. Likely, the proposal has been finalized (check 'vscode.d.ts') or was abandoned.
2024-01-11 11:31:39.356 [info] Started local extension host with pid 1170787.
2024-01-11 11:31:39.563 [info] Invoking resolveAuthority(dev-container)...
2024-01-11 11:31:39.563 [info] [LocalProcess0][resolveAuthority(dev-container,1)][0ms] obtaining proxy...
2024-01-11 11:31:39.563 [info] [LocalProcess0][resolveAuthority(dev-container,1)][0ms] invoking...
2024-01-11 11:31:40.550 [info] [LocalProcess0][resolveAuthority(dev-container,1)][1001ms] waiting...
2024-01-11 11:31:40.992 [info] [LocalProcess0][resolveAuthority(dev-container,1)][1443ms] returned WebSocket(127.0.0.1:34495)
2024-01-11 11:31:40.992 [info] resolveAuthority(dev-container) returned 'WebSocket(127.0.0.1:34495)' after 1443 ms
2024-01-11 11:31:40.993 [info] Creating a socket (renderer-Management-b6e83c52-fbc4-4e16-8110-1b0c09d6a536)...
2024-01-11 11:31:40.994 [info] Creating a socket (renderer-ExtensionHost-0c5e34dc-ab6c-4faa-91d7-0b865e11a6f9)...
2024-01-11 11:31:41.153 [info] Creating a socket (renderer-Management-b6e83c52-fbc4-4e16-8110-1b0c09d6a536) was successful after 159 ms.
2024-01-11 11:31:41.343 [info] Creating a socket (renderer-ExtensionHost-0c5e34dc-ab6c-4faa-91d7-0b865e11a6f9) was successful after 349 ms.
2024-01-11 11:31:41.572 [warning] [twxs.cmake]: Cannot register 'cmake.cmakePath'. This property is already registered.
2024-01-11 11:31:42.474 [warning] [cmake-tools]: Couldn't find message for key cmake-tools.configuration.cmake.options.advanced.statusBarVisibility.variant.description.
2024-01-11 11:31:43.974 [info] [perf] Render performance baseline is 23ms
2024-01-11 11:31:45.443 [error] [Extension Host] [CMakeTools] 2024-01-11T16:31:45.440Z [error] [cmake] Detected Multi-Config Generator. Project Binary dir: /workspaces/spotrflow/Build, Make program: /usr/bin/ninja
2024-01-11 17:48:37.963 [info] [remote-connection][ExtensionHost][0c5e3…][reconnect] received socket close event (wasClean: false, code: 1006, reason: ).
2024-01-11 17:48:37.964 [error] {"isTrusted":true}
2024-01-11 17:48:37.964 [info] [remote-connection][ExtensionHost][0c5e3…][reconnect] starting reconnecting loop. You can get more information with the trace log level.
2024-01-11 17:48:37.964 [info] [remote-connection][ExtensionHost][0c5e3…][reconnect] resolving connection...
2024-01-11 17:48:37.964 [info] [remote-connection][ExtensionHost][0c5e3…][reconnect] connecting to WebSocket(127.0.0.1:34495)...
2024-01-11 17:48:37.964 [info] Creating a socket (renderer-ExtensionHost-0c5e34dc-ab6c-4faa-91d7-0b865e11a6f9)...
2024-01-11 17:48:37.965 [info] [remote-connection][Management   ][b6e83…][reconnect] received socket close event (wasClean: false, code: 1006, reason: ).
2024-01-11 17:48:37.965 [error] {"isTrusted":true}
2024-01-11 17:48:37.965 [info] [remote-connection][Management   ][b6e83…][reconnect] starting reconnecting loop. You can get more information with the trace log level.
2024-01-11 17:48:37.966 [info] [remote-connection][Management   ][b6e83…][reconnect] resolving connection...
2024-01-11 17:48:37.966 [info] Invoking resolveAuthority(dev-container)...
2024-01-11 17:48:37.966 [info] [LocalProcess0][resolveAuthority(dev-container,2)][0ms] obtaining proxy...
2024-01-11 17:48:37.966 [info] [LocalProcess0][resolveAuthority(dev-container,2)][0ms] invoking...
2024-01-11 17:48:37.990 [info] [LocalProcess0][resolveAuthority(dev-container,2)][23ms] returned WebSocket(127.0.0.1:34495)
2024-01-11 17:48:37.990 [info] resolveAuthority(dev-container) returned 'WebSocket(127.0.0.1:34495)' after 25 ms
2024-01-11 17:48:37.990 [info] [remote-connection][Management   ][b6e83…][reconnect] connecting to WebSocket(127.0.0.1:34495)...
2024-01-11 17:48:37.990 [info] Creating a socket (renderer-Management-b6e83c52-fbc4-4e16-8110-1b0c09d6a536)...
2024-01-11 17:48:38.055 [info] Creating a socket (renderer-ExtensionHost-0c5e34dc-ab6c-4faa-91d7-0b865e11a6f9) was successful after 92 ms.
2024-01-11 17:48:38.065 [info] [remote-connection][ExtensionHost][0c5e3…][reconnect] reconnected!
2024-01-11 17:48:38.181 [info] Creating a socket (renderer-Management-b6e83c52-fbc4-4e16-8110-1b0c09d6a536) was successful after 191 ms.
2024-01-11 17:48:38.187 [info] [remote-connection][Management   ][b6e83…][reconnect] reconnected!
2024-01-11 17:48:41.746 [info] Extension host (Remote) is unresponsive.
2024-01-11 17:48:41.749 [info] Extension host (Remote) is responsive.
2024-01-11 18:11:28.718 [info] [remote-connection][Management   ][b6e83…][reconnect] received socket close event (wasClean: false, code: 1006, reason: ).
2024-01-11 18:11:28.719 [error] {"isTrusted":true}
2024-01-11 18:11:28.720 [info] [remote-connection][Management   ][b6e83…][reconnect] starting reconnecting loop. You can get more information with the trace log level.
2024-01-11 18:11:28.721 [info] [remote-connection][Management   ][b6e83…][reconnect] resolving connection...
2024-01-11 18:11:28.721 [info] Invoking resolveAuthority(dev-container)...
2024-01-11 18:11:28.722 [info] [LocalProcess0][resolveAuthority(dev-container,3)][0ms] obtaining proxy...
2024-01-11 18:11:28.722 [info] [LocalProcess0][resolveAuthority(dev-container,3)][1ms] invoking...
2024-01-11 18:11:28.727 [info] [remote-connection][ExtensionHost][0c5e3…][reconnect] received socket close event (wasClean: false, code: 1006, reason: ).
2024-01-11 18:11:28.727 [error] {"isTrusted":true}
2024-01-11 18:11:28.727 [info] [remote-connection][ExtensionHost][0c5e3…][reconnect] starting reconnecting loop. You can get more information with the trace log level.
2024-01-11 18:11:28.727 [info] [remote-connection][ExtensionHost][0c5e3…][reconnect] resolving connection...
2024-01-11 18:11:28.740 [info] [LocalProcess0][resolveAuthority(dev-container,3)][20ms] returned WebSocket(127.0.0.1:34495)
2024-01-11 18:11:28.741 [info] resolveAuthority(dev-container) returned 'WebSocket(127.0.0.1:34495)' after 20 ms
2024-01-11 18:11:28.741 [info] [remote-connection][Management   ][b6e83…][reconnect] connecting to WebSocket(127.0.0.1:34495)...
2024-01-11 18:11:28.741 [info] Creating a socket (renderer-Management-b6e83c52-fbc4-4e16-8110-1b0c09d6a536)...
2024-01-11 18:11:28.741 [info] [remote-connection][ExtensionHost][0c5e3…][reconnect] connecting to WebSocket(127.0.0.1:34495)...
2024-01-11 18:11:28.741 [info] Creating a socket (renderer-ExtensionHost-0c5e34dc-ab6c-4faa-91d7-0b865e11a6f9)...
2024-01-11 18:11:28.815 [info] Creating a socket (renderer-Management-b6e83c52-fbc4-4e16-8110-1b0c09d6a536) was successful after 74 ms.
2024-01-11 18:11:28.824 [info] [remote-connection][Management   ][b6e83…][reconnect] reconnected!
2024-01-11 18:11:28.918 [info] Creating a socket (renderer-ExtensionHost-0c5e34dc-ab6c-4faa-91d7-0b865e11a6f9) was successful after 176 ms.
2024-01-11 18:11:28.923 [info] [remote-connection][ExtensionHost][0c5e3…][reconnect] reconnected!
