[2024-01-29T16:09:13.953Z] Start: Resolving Remote
[2024-01-29T16:09:13.953Z] Dev Containers 0.327.0 in VS Code 1.85.1 (0ee08df0cf4527e40edc9aa28f4b5bd38bbff2b2).
[2024-01-29T16:09:13.957Z] Setting up container for folder or workspace: /home/nmurray/code/spotrflow
[2024-01-29T16:09:13.958Z] Start: Check Docker is running
[2024-01-29T16:09:13.958Z] Start: Run: docker version --format {{.Server.APIVersion}}
[2024-01-29T16:09:13.987Z] Stop (29 ms): Run: docker version --format {{.Server.APIVersion}}
[2024-01-29T16:09:13.987Z] Server API version: 1.43
[2024-01-29T16:09:13.987Z] Stop (29 ms): Check Docker is running
[2024-01-29T16:09:13.987Z] Start: Run: docker volume ls -q
[2024-01-29T16:09:13.999Z] Stop (12 ms): Run: docker volume ls -q
[2024-01-29T16:09:13.999Z] Start: Run: docker ps -q -a --filter label=vsch.local.folder=/home/nmurray/code/spotrflow --filter label=vsch.quality=stable
[2024-01-29T16:09:14.011Z] Stop (12 ms): Run: docker ps -q -a --filter label=vsch.local.folder=/home/nmurray/code/spotrflow --filter label=vsch.quality=stable
[2024-01-29T16:09:14.011Z] Start: Run: docker ps -q -a --filter label=devcontainer.local_folder=/home/nmurray/code/spotrflow --filter label=devcontainer.config_file=/home/nmurray/code/spotrflow/.devcontainer/cuda122/devcontainer.json
[2024-01-29T16:09:14.022Z] Stop (11 ms): Run: docker ps -q -a --filter label=devcontainer.local_folder=/home/nmurray/code/spotrflow --filter label=devcontainer.config_file=/home/nmurray/code/spotrflow/.devcontainer/cuda122/devcontainer.json
[2024-01-29T16:09:14.023Z] Start: Run: docker inspect --type container 4297a1e11e61
[2024-01-29T16:09:14.034Z] Stop (11 ms): Run: docker inspect --type container 4297a1e11e61
[2024-01-29T16:09:14.034Z] Start: Run: docker ps -q -a --filter label=devcontainer.local_folder=/home/nmurray/code/spotrflow
[2024-01-29T16:09:14.046Z] Stop (12 ms): Run: docker ps -q -a --filter label=devcontainer.local_folder=/home/nmurray/code/spotrflow
[2024-01-29T16:09:14.046Z] Start: Run: docker inspect --type container 4297a1e11e61
[2024-01-29T16:09:14.057Z] Stop (11 ms): Run: docker inspect --type container 4297a1e11e61
[2024-01-29T16:09:14.058Z] Start: Run: docker exec -i -u root 4297a1e11e61ba0a317348ba8bf86ddf065550e8a7d8c14a8583dfcc45dfeeeb /bin/sh -c echo "Container already running. Keep-alive process started." ; export VSCODE_REMOTE_CONTAINERS_SESSION=3c9188c6-ae2d-458e-909c-575a9ef9bfe61706544553563 ; /bin/sh
[2024-01-29T16:09:14.061Z] Start: Run: /usr/share/code/code --ms-enable-electron-run-as-node /home/nmurray/.vscode/extensions/ms-vscode-remote.remote-containers-0.327.0/dist/spec-node/devContainersSpecCLI.js read-configuration --workspace-folder /home/nmurray/code/spotrflow --id-label devcontainer.local_folder=/home/nmurray/code/spotrflow --id-label devcontainer.config_file=/home/nmurray/code/spotrflow/.devcontainer/cuda122/devcontainer.json --log-level debug --log-format json --config /home/nmurray/code/spotrflow/.devcontainer/cuda122/devcontainer.json --mount-workspace-git-root
[2024-01-29T16:09:14.139Z] Container already running. Keep-alive process started.
[2024-01-29T16:09:14.199Z] @devcontainers/cli 0.54.1. Node.js v18.15.0. linux 6.2.0-33-generic x64.
[2024-01-29T16:09:14.199Z] Start: Run: git rev-parse --show-cdup
[2024-01-29T16:09:14.204Z] Stop (5 ms): Run: git rev-parse --show-cdup
[2024-01-29T16:09:14.204Z] Start: Run: docker ps -q -a --filter label=devcontainer.local_folder=/home/nmurray/code/spotrflow --filter label=devcontainer.config_file=/home/nmurray/code/spotrflow/.devcontainer/cuda122/devcontainer.json
[2024-01-29T16:09:14.222Z] Stop (18 ms): Run: docker ps -q -a --filter label=devcontainer.local_folder=/home/nmurray/code/spotrflow --filter label=devcontainer.config_file=/home/nmurray/code/spotrflow/.devcontainer/cuda122/devcontainer.json
[2024-01-29T16:09:14.222Z] Start: Run: docker inspect --type container 4297a1e11e61
[2024-01-29T16:09:14.233Z] Stop (11 ms): Run: docker inspect --type container 4297a1e11e61
[2024-01-29T16:09:14.236Z] Stop (175 ms): Run: /usr/share/code/code --ms-enable-electron-run-as-node /home/nmurray/.vscode/extensions/ms-vscode-remote.remote-containers-0.327.0/dist/spec-node/devContainersSpecCLI.js read-configuration --workspace-folder /home/nmurray/code/spotrflow --id-label devcontainer.local_folder=/home/nmurray/code/spotrflow --id-label devcontainer.config_file=/home/nmurray/code/spotrflow/.devcontainer/cuda122/devcontainer.json --log-level debug --log-format json --config /home/nmurray/code/spotrflow/.devcontainer/cuda122/devcontainer.json --mount-workspace-git-root
[2024-01-29T16:09:14.237Z] Start: Run: /usr/share/code/code --ms-enable-electron-run-as-node /home/nmurray/.vscode/extensions/ms-vscode-remote.remote-containers-0.327.0/dist/spec-node/devContainersSpecCLI.js up --user-data-folder /home/nmurray/.config/Code/User/globalStorage/ms-vscode-remote.remote-containers/data --container-session-data-folder /tmp/devcontainers-3c9188c6-ae2d-458e-909c-575a9ef9bfe61706544553563 --workspace-folder /home/nmurray/code/spotrflow --workspace-mount-consistency cached --id-label devcontainer.local_folder=/home/nmurray/code/spotrflow --id-label devcontainer.config_file=/home/nmurray/code/spotrflow/.devcontainer/cuda122/devcontainer.json --log-level debug --log-format json --config /home/nmurray/code/spotrflow/.devcontainer/cuda122/devcontainer.json --default-user-env-probe loginInteractiveShell --mount type=volume,source=vscode,target=/vscode,external=true --skip-post-create --update-remote-user-uid-default on --mount-workspace-git-root
[2024-01-29T16:09:14.372Z] @devcontainers/cli 0.54.1. Node.js v18.15.0. linux 6.2.0-33-generic x64.
[2024-01-29T16:09:14.372Z] Start: Run: docker buildx version
[2024-01-29T16:09:14.422Z] Stop (50 ms): Run: docker buildx version
[2024-01-29T16:09:14.422Z] github.com/docker/buildx v0.11.2 9872040
[2024-01-29T16:09:14.422Z] 
[2024-01-29T16:09:14.422Z] Start: Resolving Remote
[2024-01-29T16:09:14.425Z] Start: Run: git rev-parse --show-cdup
[2024-01-29T16:09:14.428Z] Stop (3 ms): Run: git rev-parse --show-cdup
[2024-01-29T16:09:14.431Z] Start: Run: docker ps -q -a --filter label=devcontainer.local_folder=/home/nmurray/code/spotrflow --filter label=devcontainer.config_file=/home/nmurray/code/spotrflow/.devcontainer/cuda122/devcontainer.json
[2024-01-29T16:09:14.442Z] Stop (11 ms): Run: docker ps -q -a --filter label=devcontainer.local_folder=/home/nmurray/code/spotrflow --filter label=devcontainer.config_file=/home/nmurray/code/spotrflow/.devcontainer/cuda122/devcontainer.json
[2024-01-29T16:09:14.442Z] Start: Run: docker inspect --type container 4297a1e11e61
[2024-01-29T16:09:14.456Z] Stop (14 ms): Run: docker inspect --type container 4297a1e11e61
[2024-01-29T16:09:14.457Z] Start: Inspecting container
[2024-01-29T16:09:14.457Z] Start: Run: docker inspect --type container 4297a1e11e61ba0a317348ba8bf86ddf065550e8a7d8c14a8583dfcc45dfeeeb
[2024-01-29T16:09:14.467Z] Stop (10 ms): Run: docker inspect --type container 4297a1e11e61ba0a317348ba8bf86ddf065550e8a7d8c14a8583dfcc45dfeeeb
[2024-01-29T16:09:14.467Z] Stop (10 ms): Inspecting container
[2024-01-29T16:09:14.468Z] Start: Run in container: /bin/sh
[2024-01-29T16:09:14.470Z] Start: Run in container: uname -m
[2024-01-29T16:09:14.598Z] x86_64
[2024-01-29T16:09:14.598Z] 
[2024-01-29T16:09:14.598Z] Stop (128 ms): Run in container: uname -m
[2024-01-29T16:09:14.598Z] Start: Run in container: (cat /etc/os-release || cat /usr/lib/os-release) 2>/dev/null
[2024-01-29T16:09:14.603Z] NAME="Ubuntu"
VERSION="20.04.6 LTS (Focal Fossa)"
ID=ubuntu
ID_LIKE=debian
PRETTY_NAME="Ubuntu 20.04.6 LTS"
VERSION_ID="20.04"
HOME_URL="https://www.ubuntu.com/"
SUPPORT_URL="https://help.ubuntu.com/"
BUG_REPORT_URL="https://bugs.launchpad.net/ubuntu/"
PRIVACY_POLICY_URL="https://www.ubuntu.com/legal/terms-and-policies/privacy-policy"
VERSION_CODENAME=focal
UBUNTU_CODENAME=focal
[2024-01-29T16:09:14.603Z] 
[2024-01-29T16:09:14.603Z] Stop (5 ms): Run in container: (cat /etc/os-release || cat /usr/lib/os-release) 2>/dev/null
[2024-01-29T16:09:14.604Z] Start: Run in container:  (command -v getent >/dev/null 2>&1 && getent passwd 'developer' || grep -E '^developer|^[^:]*:[^:]*:developer:' /etc/passwd || true)
[2024-01-29T16:09:14.615Z] Stop (11 ms): Run in container:  (command -v getent >/dev/null 2>&1 && getent passwd 'developer' || grep -E '^developer|^[^:]*:[^:]*:developer:' /etc/passwd || true)
[2024-01-29T16:09:14.616Z] Start: Run in container: test -f '/var/devcontainer/.patchEtcEnvironmentMarker'
[2024-01-29T16:09:14.618Z] 
[2024-01-29T16:09:14.618Z] 
[2024-01-29T16:09:14.618Z] Stop (2 ms): Run in container: test -f '/var/devcontainer/.patchEtcEnvironmentMarker'
[2024-01-29T16:09:14.618Z] Start: Run in container: test -f '/var/devcontainer/.patchEtcProfileMarker'
[2024-01-29T16:09:14.620Z] 
[2024-01-29T16:09:14.620Z] 
[2024-01-29T16:09:14.620Z] Stop (2 ms): Run in container: test -f '/var/devcontainer/.patchEtcProfileMarker'
[2024-01-29T16:09:14.620Z] Stop (198 ms): Resolving Remote
[2024-01-29T16:09:14.628Z] Stop (391 ms): Run: /usr/share/code/code --ms-enable-electron-run-as-node /home/nmurray/.vscode/extensions/ms-vscode-remote.remote-containers-0.327.0/dist/spec-node/devContainersSpecCLI.js up --user-data-folder /home/nmurray/.config/Code/User/globalStorage/ms-vscode-remote.remote-containers/data --container-session-data-folder /tmp/devcontainers-3c9188c6-ae2d-458e-909c-575a9ef9bfe61706544553563 --workspace-folder /home/nmurray/code/spotrflow --workspace-mount-consistency cached --id-label devcontainer.local_folder=/home/nmurray/code/spotrflow --id-label devcontainer.config_file=/home/nmurray/code/spotrflow/.devcontainer/cuda122/devcontainer.json --log-level debug --log-format json --config /home/nmurray/code/spotrflow/.devcontainer/cuda122/devcontainer.json --default-user-env-probe loginInteractiveShell --mount type=volume,source=vscode,target=/vscode,external=true --skip-post-create --update-remote-user-uid-default on --mount-workspace-git-root
[2024-01-29T16:09:14.629Z] Start: Run: docker inspect --type container 4297a1e11e61ba0a317348ba8bf86ddf065550e8a7d8c14a8583dfcc45dfeeeb
[2024-01-29T16:09:14.640Z] Stop (11 ms): Run: docker inspect --type container 4297a1e11e61ba0a317348ba8bf86ddf065550e8a7d8c14a8583dfcc45dfeeeb
[2024-01-29T16:09:14.641Z] Start: Run: /usr/share/code/code --ms-enable-electron-run-as-node /home/nmurray/.vscode/extensions/ms-vscode-remote.remote-containers-0.327.0/dist/spec-node/devContainersSpecCLI.js read-configuration --workspace-folder /home/nmurray/code/spotrflow --id-label devcontainer.local_folder=/home/nmurray/code/spotrflow --id-label devcontainer.config_file=/home/nmurray/code/spotrflow/.devcontainer/cuda122/devcontainer.json --container-id 4297a1e11e61ba0a317348ba8bf86ddf065550e8a7d8c14a8583dfcc45dfeeeb --log-level debug --log-format json --config /home/nmurray/code/spotrflow/.devcontainer/cuda122/devcontainer.json --include-merged-configuration --mount-workspace-git-root
[2024-01-29T16:09:14.775Z] @devcontainers/cli 0.54.1. Node.js v18.15.0. linux 6.2.0-33-generic x64.
[2024-01-29T16:09:14.775Z] Start: Run: git rev-parse --show-cdup
[2024-01-29T16:09:14.780Z] Stop (5 ms): Run: git rev-parse --show-cdup
[2024-01-29T16:09:14.781Z] Start: Run: docker inspect --type container 4297a1e11e61ba0a317348ba8bf86ddf065550e8a7d8c14a8583dfcc45dfeeeb
[2024-01-29T16:09:14.792Z] Stop (11 ms): Run: docker inspect --type container 4297a1e11e61ba0a317348ba8bf86ddf065550e8a7d8c14a8583dfcc45dfeeeb
[2024-01-29T16:09:14.797Z] Stop (156 ms): Run: /usr/share/code/code --ms-enable-electron-run-as-node /home/nmurray/.vscode/extensions/ms-vscode-remote.remote-containers-0.327.0/dist/spec-node/devContainersSpecCLI.js read-configuration --workspace-folder /home/nmurray/code/spotrflow --id-label devcontainer.local_folder=/home/nmurray/code/spotrflow --id-label devcontainer.config_file=/home/nmurray/code/spotrflow/.devcontainer/cuda122/devcontainer.json --container-id 4297a1e11e61ba0a317348ba8bf86ddf065550e8a7d8c14a8583dfcc45dfeeeb --log-level debug --log-format json --config /home/nmurray/code/spotrflow/.devcontainer/cuda122/devcontainer.json --include-merged-configuration --mount-workspace-git-root
[2024-01-29T16:09:14.797Z] Start: Inspecting container
[2024-01-29T16:09:14.797Z] Start: Run: docker inspect --type container 4297a1e11e61ba0a317348ba8bf86ddf065550e8a7d8c14a8583dfcc45dfeeeb
[2024-01-29T16:09:14.809Z] Stop (12 ms): Run: docker inspect --type container 4297a1e11e61ba0a317348ba8bf86ddf065550e8a7d8c14a8583dfcc45dfeeeb
[2024-01-29T16:09:14.810Z] Stop (13 ms): Inspecting container
[2024-01-29T16:09:14.810Z] Start: Run in container: /bin/sh
[2024-01-29T16:09:14.814Z] Start: Run in container: uname -m
[2024-01-29T16:09:14.910Z] x86_64
[2024-01-29T16:09:14.911Z] 
[2024-01-29T16:09:14.911Z] Stop (97 ms): Run in container: uname -m
[2024-01-29T16:09:14.911Z] Start: Run in container: (cat /etc/os-release || cat /usr/lib/os-release) 2>/dev/null
[2024-01-29T16:09:14.913Z] NAME="Ubuntu"
VERSION="20.04.6 LTS (Focal Fossa)"
ID=ubuntu
ID_LIKE=debian
PRETTY_NAME="Ubuntu 20.04.6 LTS"
VERSION_ID="20.04"
HOME_URL="https://www.ubuntu.com/"
SUPPORT_URL="https://help.ubuntu.com/"
BUG_REPORT_URL="https://bugs.launchpad.net/ubuntu/"
PRIVACY_POLICY_URL="https://www.ubuntu.com/legal/terms-and-policies/privacy-policy"
VERSION_CODENAME=focal
UBUNTU_CODENAME=focal
[2024-01-29T16:09:14.913Z] 
[2024-01-29T16:09:14.913Z] Stop (2 ms): Run in container: (cat /etc/os-release || cat /usr/lib/os-release) 2>/dev/null
[2024-01-29T16:09:14.914Z] Start: Run in container:  (command -v getent >/dev/null 2>&1 && getent passwd 'developer' || grep -E '^developer|^[^:]*:[^:]*:developer:' /etc/passwd || true)
[2024-01-29T16:09:14.916Z] Stop (2 ms): Run in container:  (command -v getent >/dev/null 2>&1 && getent passwd 'developer' || grep -E '^developer|^[^:]*:[^:]*:developer:' /etc/passwd || true)
[2024-01-29T16:09:14.918Z] Start: Setup shutdown monitor
[2024-01-29T16:09:14.919Z] Forking shutdown monitor: /home/nmurray/.vscode/extensions/ms-vscode-remote.remote-containers-0.327.0/dist/shutdown/shutdownMonitorProcess /run/user/798000122/vscode-remote-containers-a7bc6b39-581c-486d-9767-2694105f2b68.sock singleContainer Debug /home/nmurray/.config/Code/logs/20240129T110913/window1/exthost/ms-vscode-remote.remote-containers 1706544553938
[2024-01-29T16:09:14.928Z] Stop (10 ms): Setup shutdown monitor
[2024-01-29T16:09:14.928Z] Start: Run in container: test -d /home/developer/.vscode-server
[2024-01-29T16:09:14.930Z] 
[2024-01-29T16:09:14.930Z] 
[2024-01-29T16:09:14.930Z] Stop (2 ms): Run in container: test -d /home/developer/.vscode-server
[2024-01-29T16:09:14.930Z] Start: Run in container: test ! -f '/home/developer/.vscode-server/data/Machine/.writeMachineSettingsMarker' && set -o noclobber && mkdir -p '/home/developer/.vscode-server/data/Machine' && { > '/home/developer/.vscode-server/data/Machine/.writeMachineSettingsMarker' ; } 2> /dev/null
[2024-01-29T16:09:14.931Z] 
[2024-01-29T16:09:14.931Z] 
[2024-01-29T16:09:14.931Z] Exit code 1
[2024-01-29T16:09:14.931Z] Stop (1 ms): Run in container: test ! -f '/home/developer/.vscode-server/data/Machine/.writeMachineSettingsMarker' && set -o noclobber && mkdir -p '/home/developer/.vscode-server/data/Machine' && { > '/home/developer/.vscode-server/data/Machine/.writeMachineSettingsMarker' ; } 2> /dev/null
[2024-01-29T16:09:14.931Z] Start: Run in container: cat /home/developer/.vscode-server/data/Machine/settings.json
[2024-01-29T16:09:14.933Z] {
	"terminal.integrated.profiles.linux": {
		"bash": {
			"path": "bash"
		}
	},
	"terminal.integrated.defaultProfile.linux": "bash",
	"remote.autoForwardPorts": false
}
[2024-01-29T16:09:14.933Z] 
[2024-01-29T16:09:14.933Z] Stop (2 ms): Run in container: cat /home/developer/.vscode-server/data/Machine/settings.json
[2024-01-29T16:09:14.934Z] Start: Run in container: test -d /home/developer/.vscode-server/bin/0ee08df0cf4527e40edc9aa28f4b5bd38bbff2b2
[2024-01-29T16:09:14.934Z] 
[2024-01-29T16:09:14.934Z] 
[2024-01-29T16:09:14.935Z] Stop (1 ms): Run in container: test -d /home/developer/.vscode-server/bin/0ee08df0cf4527e40edc9aa28f4b5bd38bbff2b2
[2024-01-29T16:09:14.935Z] Start: Run in container: test -d /vscode/vscode-server/bin/linux-x64/0ee08df0cf4527e40edc9aa28f4b5bd38bbff2b2
[2024-01-29T16:09:14.935Z] 
[2024-01-29T16:09:14.935Z] 
[2024-01-29T16:09:14.935Z] Stop (0 ms): Run in container: test -d /vscode/vscode-server/bin/linux-x64/0ee08df0cf4527e40edc9aa28f4b5bd38bbff2b2
[2024-01-29T16:09:14.935Z] Start: Run in container: /bin/sh
[2024-01-29T16:09:14.939Z] Start: Launching Dev Containers helper.
[2024-01-29T16:09:14.939Z] ssh-agent: SSH_AUTH_SOCK in container (/tmp/vscode-ssh-auth-e19cbf6d-3f6a-49e7-95d0-733385cc65e5.sock) forwarded to local host (/run/user/798000122/keyring/ssh).
[2024-01-29T16:09:14.939Z] Start: Run in container: test -e /tmp/.X11-unix/X0
[2024-01-29T16:09:14.939Z] Start: Run in container: touch '/vscode/vscode-server/bin/linux-x64/0ee08df0cf4527e40edc9aa28f4b5bd38bbff2b2'
[2024-01-29T16:09:14.940Z] 
[2024-01-29T16:09:14.940Z] 
[2024-01-29T16:09:14.940Z] Stop (1 ms): Run in container: test -e /tmp/.X11-unix/X0
[2024-01-29T16:09:14.940Z] Start: Run in container: test -e /tmp/.X11-unix/X1
[2024-01-29T16:09:14.940Z] 
[2024-01-29T16:09:14.940Z] 
[2024-01-29T16:09:14.940Z] Stop (0 ms): Run in container: test -e /tmp/.X11-unix/X1
[2024-01-29T16:09:14.940Z] Start: Run in container: test -e /tmp/.X11-unix/X2
[2024-01-29T16:09:14.941Z] 
[2024-01-29T16:09:14.941Z] 
[2024-01-29T16:09:14.941Z] Exit code 1
[2024-01-29T16:09:14.941Z] Stop (1 ms): Run in container: test -e /tmp/.X11-unix/X2
[2024-01-29T16:09:14.941Z] Start: Run in container: mkdir -p '/tmp/.X11-unix'
[2024-01-29T16:09:14.943Z] 
[2024-01-29T16:09:14.943Z] 
[2024-01-29T16:09:14.943Z] Stop (2 ms): Run in container: mkdir -p '/tmp/.X11-unix'
[2024-01-29T16:09:14.943Z] X11 forwarding: DISPLAY in container (:2) forwarded to local host (:1).
[2024-01-29T16:09:14.943Z] Start: Run in container: gpgconf --list-dir agent-socket
[2024-01-29T16:09:14.951Z] /home/developer/.gnupg/S.gpg-agent
[2024-01-29T16:09:14.952Z] 
[2024-01-29T16:09:14.952Z] Stop (9 ms): Run in container: gpgconf --list-dir agent-socket
[2024-01-29T16:09:14.952Z] Start: Run in container: gpgconf --list-dir homedir
[2024-01-29T16:09:14.953Z] /home/developer/.gnupg
[2024-01-29T16:09:14.953Z] 
[2024-01-29T16:09:14.953Z] Stop (1 ms): Run in container: gpgconf --list-dir homedir
[2024-01-29T16:09:14.953Z] Start: Run in container: ls '/home/developer/.gnupg/private-keys-v1.d' 2>/dev/null
[2024-01-29T16:09:14.954Z] 
[2024-01-29T16:09:14.955Z] 
[2024-01-29T16:09:14.955Z] Exit code 2
[2024-01-29T16:09:14.955Z] Stop (2 ms): Run in container: ls '/home/developer/.gnupg/private-keys-v1.d' 2>/dev/null
[2024-01-29T16:09:14.955Z] Start: Run: gpgconf --list-dir agent-extra-socket
[2024-01-29T16:09:14.961Z] Stop (6 ms): Run: gpgconf --list-dir agent-extra-socket
[2024-01-29T16:09:14.961Z] /run/user/798000122/gnupg/S.gpg-agent.extra
[2024-01-29T16:09:14.961Z] 
[2024-01-29T16:09:14.962Z] Start: Run in container: mkdir -p -m 700 '/home/developer/.gnupg'
[2024-01-29T16:09:14.962Z] gpg-agent: Socket in container (/home/developer/.gnupg/S.gpg-agent) forwarded to local host (/run/user/798000122/gnupg/S.gpg-agent.extra).
[2024-01-29T16:09:14.962Z] Start: Run in container: /bin/sh
[2024-01-29T16:09:14.962Z] Stop (23 ms): Launching Dev Containers helper.
[2024-01-29T16:09:14.965Z] userEnvProbe: loginInteractiveShell (default)
[2024-01-29T16:09:14.965Z] Start: Run in container: echo ~
[2024-01-29T16:09:14.966Z] 
[2024-01-29T16:09:14.966Z] 
[2024-01-29T16:09:14.966Z] Stop (4 ms): Run in container: mkdir -p -m 700 '/home/developer/.gnupg'
[2024-01-29T16:09:14.966Z] Start: Run in container: test -f '/tmp/devcontainers-3c9188c6-ae2d-458e-909c-575a9ef9bfe61706544553563/env-loginInteractiveShell.json'
[2024-01-29T16:09:14.966Z] Start: Run: gpgconf --list-dir homedir
[2024-01-29T16:09:14.969Z] 
[2024-01-29T16:09:14.969Z] 
[2024-01-29T16:09:14.969Z] Exit code 1
[2024-01-29T16:09:14.969Z] Stop (3 ms): Run in container: test -f '/tmp/devcontainers-3c9188c6-ae2d-458e-909c-575a9ef9bfe61706544553563/env-loginInteractiveShell.json'
[2024-01-29T16:09:14.969Z] userEnvProbe: not found in cache
[2024-01-29T16:09:14.970Z] userEnvProbe shell: /bin/bash
[2024-01-29T16:09:14.970Z] Stop (4 ms): Run: gpgconf --list-dir homedir
[2024-01-29T16:09:14.970Z] /home/nmurray/.gnupg
[2024-01-29T16:09:14.970Z] 
[2024-01-29T16:09:14.971Z] Start: Run in container: gpgconf --list-dir homedir
[2024-01-29T16:09:14.972Z] /home/developer/.gnupg
[2024-01-29T16:09:14.972Z] 
[2024-01-29T16:09:14.972Z] Stop (1 ms): Run in container: gpgconf --list-dir homedir
[2024-01-29T16:09:14.972Z] Start: Run in container: # Test for /home/developer/.ssh/known_hosts and ssh
[2024-01-29T16:09:14.973Z] /home/developer/.ssh/known_hosts exists
[2024-01-29T16:09:14.973Z] 
[2024-01-29T16:09:14.973Z] Exit code 1
[2024-01-29T16:09:14.973Z] Stop (1 ms): Run in container: # Test for /home/developer/.ssh/known_hosts and ssh
[2024-01-29T16:09:14.973Z] Start: Run in container: # Test for /home/developer/.gnupg/pubring.kbx and gpg
[2024-01-29T16:09:14.973Z] /home/developer/.gnupg/pubring.kbx exists
[2024-01-29T16:09:14.973Z] 
[2024-01-29T16:09:14.973Z] Exit code 1
[2024-01-29T16:09:14.973Z] Stop (0 ms): Run in container: # Test for /home/developer/.gnupg/pubring.kbx and gpg
[2024-01-29T16:09:14.974Z] Start: Run in container: # Test for /home/developer/.gnupg/trustdb.gpg and gpg
[2024-01-29T16:09:14.974Z] /home/developer/.gnupg/trustdb.gpg exists
[2024-01-29T16:09:14.974Z] 
[2024-01-29T16:09:14.974Z] Exit code 1
[2024-01-29T16:09:14.974Z] Stop (0 ms): Run in container: # Test for /home/developer/.gnupg/trustdb.gpg and gpg
[2024-01-29T16:09:14.974Z] Start: Run: gpg-connect-agent updatestartuptty /bye
[2024-01-29T16:09:15.027Z] 
[2024-01-29T16:09:15.028Z] 
[2024-01-29T16:09:15.028Z] Stop (89 ms): Run in container: touch '/vscode/vscode-server/bin/linux-x64/0ee08df0cf4527e40edc9aa28f4b5bd38bbff2b2'
[2024-01-29T16:09:15.028Z] Start: Run in container: command -v git >/dev/null 2>&1 && git config --system --replace-all credential.helper '!f() { /home/developer/.vscode-server/bin/0ee08df0cf4527e40edc9aa28f4b5bd38bbff2b2/node /tmp/vscode-remote-containers-e19cbf6d-3f6a-49e7-95d0-733385cc65e5.js git-credential-helper $*; }; f' || true
[2024-01-29T16:09:15.029Z] Stop (55 ms): Run: gpg-connect-agent updatestartuptty /bye
[2024-01-29T16:09:15.030Z] 
[2024-01-29T16:09:15.030Z] 
[2024-01-29T16:09:15.030Z] Stop (2 ms): Run in container: command -v git >/dev/null 2>&1 && git config --system --replace-all credential.helper '!f() { /home/developer/.vscode-server/bin/0ee08df0cf4527e40edc9aa28f4b5bd38bbff2b2/node /tmp/vscode-remote-containers-e19cbf6d-3f6a-49e7-95d0-733385cc65e5.js git-credential-helper $*; }; f' || true
[2024-01-29T16:09:15.030Z] Start: Run in container: for pid in `cd /proc && ls -d [0-9]*`; do { echo $pid ; readlink /proc/$pid/cwd || echo ; readlink /proc/$pid/ns/mnt || echo ; cat /proc/$pid/stat | tr "
[2024-01-29T16:09:15.033Z] /home/developer
[2024-01-29T16:09:15.034Z] 
[2024-01-29T16:09:15.034Z] Stop (69 ms): Run in container: echo ~
[2024-01-29T16:09:15.034Z] Start: Run in container: cat <<'EOF-/tmp/vscode-remote-containers-e19cbf6d-3f6a-49e7-95d0-733385cc65e5.js' >/tmp/vscode-remote-containers-e19cbf6d-3f6a-49e7-95d0-733385cc65e5.js
[2024-01-29T16:09:15.035Z] 
[2024-01-29T16:09:15.035Z] 
[2024-01-29T16:09:15.035Z] Stop (1 ms): Run in container: cat <<'EOF-/tmp/vscode-remote-containers-e19cbf6d-3f6a-49e7-95d0-733385cc65e5.js' >/tmp/vscode-remote-containers-e19cbf6d-3f6a-49e7-95d0-733385cc65e5.js
[2024-01-29T16:09:15.035Z] Start: Run in container: cat <<'EOF-/tmp/vscode-remote-containers-server-e19cbf6d-3f6a-49e7-95d0-733385cc65e5.js' >/tmp/vscode-remote-containers-server-e19cbf6d-3f6a-49e7-95d0-733385cc65e5.js_1706544555035
[2024-01-29T16:09:15.038Z] 
[2024-01-29T16:09:15.038Z] 
[2024-01-29T16:09:15.038Z] Stop (3 ms): Run in container: cat <<'EOF-/tmp/vscode-remote-containers-server-e19cbf6d-3f6a-49e7-95d0-733385cc65e5.js' >/tmp/vscode-remote-containers-server-e19cbf6d-3f6a-49e7-95d0-733385cc65e5.js_1706544555035
[2024-01-29T16:09:15.073Z] Stop (43 ms): Run in container: for pid in `cd /proc && ls -d [0-9]*`; do { echo $pid ; readlink /proc/$pid/cwd || echo ; readlink /proc/$pid/ns/mnt || echo ; cat /proc/$pid/stat | tr "
[2024-01-29T16:09:15.074Z] Start: Run in container: cat '/home/developer/.vscode-server/bin/0ee08df0cf4527e40edc9aa28f4b5bd38bbff2b2/product.json'
[2024-01-29T16:09:15.075Z] Stop (1 ms): Run in container: cat '/home/developer/.vscode-server/bin/0ee08df0cf4527e40edc9aa28f4b5bd38bbff2b2/product.json'
[2024-01-29T16:09:15.076Z] Extension host agent is already running.
[2024-01-29T16:09:15.076Z] Start: Run in container: cat '/home/developer/.vscode-server/data/Machine/.devport-0ee08df0cf4527e40edc9aa28f4b5bd38bbff2b2' 2>/dev/null
[2024-01-29T16:09:15.080Z] 45119
[2024-01-29T16:09:15.080Z] 
[2024-01-29T16:09:15.080Z] Stop (4 ms): Run in container: cat '/home/developer/.vscode-server/data/Machine/.devport-0ee08df0cf4527e40edc9aa28f4b5bd38bbff2b2' 2>/dev/null
[2024-01-29T16:09:15.080Z] Start: Run in container: cat '/home/developer/.vscode-server/data/Machine/.connection-token-0ee08df0cf4527e40edc9aa28f4b5bd38bbff2b2'
[2024-01-29T16:09:15.080Z] e7eb9bd5-dfd8-49be-a848-aa24deb11403
[2024-01-29T16:09:15.081Z] 
[2024-01-29T16:09:15.081Z] Stop (1 ms): Run in container: cat '/home/developer/.vscode-server/data/Machine/.connection-token-0ee08df0cf4527e40edc9aa28f4b5bd38bbff2b2'
[2024-01-29T16:09:15.081Z] Port forwarding for container port 45119 starts listening on local port.
[2024-01-29T16:09:15.081Z] Port forwarding local port 46149 to container port 45119
[2024-01-29T16:09:15.083Z] Start: Run: /usr/share/code/code --ms-enable-electron-run-as-node /home/nmurray/.vscode/extensions/ms-vscode-remote.remote-containers-0.327.0/dist/spec-node/devContainersSpecCLI.js run-user-commands --user-data-folder /home/nmurray/.config/Code/User/globalStorage/ms-vscode-remote.remote-containers/data --container-session-data-folder /tmp/devcontainers-3c9188c6-ae2d-458e-909c-575a9ef9bfe61706544553563 --workspace-folder /home/nmurray/code/spotrflow --id-label devcontainer.local_folder=/home/nmurray/code/spotrflow --id-label devcontainer.config_file=/home/nmurray/code/spotrflow/.devcontainer/cuda122/devcontainer.json --container-id 4297a1e11e61ba0a317348ba8bf86ddf065550e8a7d8c14a8583dfcc45dfeeeb --log-level debug --log-format json --config /home/nmurray/code/spotrflow/.devcontainer/cuda122/devcontainer.json --default-user-env-probe loginInteractiveShell --skip-non-blocking-commands false --prebuild false --stop-for-personalization true --remote-env REMOTE_CONTAINERS_IPC=/tmp/vscode-remote-containers-ipc-e19cbf6d-3f6a-49e7-95d0-733385cc65e5.sock --remote-env SSH_AUTH_SOCK=/tmp/vscode-ssh-auth-e19cbf6d-3f6a-49e7-95d0-733385cc65e5.sock --remote-env REMOTE_CONTAINERS_DISPLAY_SOCK=/tmp/.X11-unix/X2 --remote-env REMOTE_CONTAINERS=true --mount-workspace-git-root --dotfiles-target-path ~/dotfiles
[2024-01-29T16:09:15.100Z] userEnvProbe PATHs:
Probe:     '/home/developer/.local/bin:/home/developer/git-subrepo/lib:/usr/local/nvidia/bin:/usr/local/cuda/bin:/usr/local/sbin:/usr/local/bin:/usr/sbin:/usr/bin:/sbin:/bin:/usr/local/go/bin:/usr/local/go/bin:/home/developer/go/bin'
Container: '/usr/local/nvidia/bin:/usr/local/cuda/bin:/usr/local/sbin:/usr/local/bin:/usr/sbin:/usr/bin:/sbin:/bin:/usr/local/go/bin:/usr/local/go/bin:/home/developer/go/bin'
[2024-01-29T16:09:15.100Z] Start: Run in container: mkdir -p '/tmp/devcontainers-3c9188c6-ae2d-458e-909c-575a9ef9bfe61706544553563' && cat > '/tmp/devcontainers-3c9188c6-ae2d-458e-909c-575a9ef9bfe61706544553563/env-loginInteractiveShell.json' << 'envJSON'
[2024-01-29T16:09:15.102Z] 
[2024-01-29T16:09:15.102Z] 
[2024-01-29T16:09:15.102Z] Stop (2 ms): Run in container: mkdir -p '/tmp/devcontainers-3c9188c6-ae2d-458e-909c-575a9ef9bfe61706544553563' && cat > '/tmp/devcontainers-3c9188c6-ae2d-458e-909c-575a9ef9bfe61706544553563/env-loginInteractiveShell.json' << 'envJSON'
[2024-01-29T16:09:15.104Z] Stop (1151 ms): Resolving Remote
[2024-01-29T16:09:15.109Z] Port forwarding connection from 39846 > 46149 > 45119 in the container.
[2024-01-29T16:09:15.109Z] Start: Run in container: /home/developer/.vscode-server/bin/0ee08df0cf4527e40edc9aa28f4b5bd38bbff2b2/node -e 
[2024-01-29T16:09:15.217Z] Port forwarding 39846 > 46149 > 45119 stderr: Connection established
[2024-01-29T16:09:15.222Z] @devcontainers/cli 0.54.1. Node.js v18.15.0. linux 6.2.0-33-generic x64.
[2024-01-29T16:09:15.222Z] Start: Run: docker buildx version
[2024-01-29T16:09:15.230Z] Port forwarding connection from 39848 > 46149 > 45119 in the container.
[2024-01-29T16:09:15.230Z] Start: Run in container: /home/developer/.vscode-server/bin/0ee08df0cf4527e40edc9aa28f4b5bd38bbff2b2/node -e 
[2024-01-29T16:09:15.277Z] Stop (55 ms): Run: docker buildx version
[2024-01-29T16:09:15.278Z] github.com/docker/buildx v0.11.2 9872040
[2024-01-29T16:09:15.278Z] 
[2024-01-29T16:09:15.280Z] Start: Run: git rev-parse --show-cdup
[2024-01-29T16:09:15.313Z] Stop (33 ms): Run: git rev-parse --show-cdup
[2024-01-29T16:09:15.314Z] Start: Run: docker inspect --type container 4297a1e11e61ba0a317348ba8bf86ddf065550e8a7d8c14a8583dfcc45dfeeeb
[2024-01-29T16:09:15.328Z] Stop (14 ms): Run: docker inspect --type container 4297a1e11e61ba0a317348ba8bf86ddf065550e8a7d8c14a8583dfcc45dfeeeb
[2024-01-29T16:09:15.329Z] Start: Inspecting container
[2024-01-29T16:09:15.329Z] Start: Run: docker inspect --type container 4297a1e11e61ba0a317348ba8bf86ddf065550e8a7d8c14a8583dfcc45dfeeeb
[2024-01-29T16:09:15.339Z] Port forwarding 39848 > 46149 > 45119 stderr: Connection established
[2024-01-29T16:09:15.342Z] Stop (13 ms): Run: docker inspect --type container 4297a1e11e61ba0a317348ba8bf86ddf065550e8a7d8c14a8583dfcc45dfeeeb
[2024-01-29T16:09:15.342Z] Stop (13 ms): Inspecting container
[2024-01-29T16:09:15.343Z] Start: Run in container: /bin/sh
[2024-01-29T16:09:15.345Z] Start: Run in container: uname -m
[2024-01-29T16:09:15.425Z] Port forwarding connection from 39852 > 46149 > 45119 in the container.
[2024-01-29T16:09:15.426Z] Start: Run in container: /home/developer/.vscode-server/bin/0ee08df0cf4527e40edc9aa28f4b5bd38bbff2b2/node -e 
[2024-01-29T16:09:15.425Z] x86_64
[2024-01-29T16:09:15.425Z] 
[2024-01-29T16:09:15.425Z] Stop (80 ms): Run in container: uname -m
[2024-01-29T16:09:15.425Z] Start: Run in container: (cat /etc/os-release || cat /usr/lib/os-release) 2>/dev/null
[2024-01-29T16:09:15.426Z] NAME="Ubuntu"
VERSION="20.04.6 LTS (Focal Fossa)"
ID=ubuntu
ID_LIKE=debian
PRETTY_NAME="Ubuntu 20.04.6 LTS"
VERSION_ID="20.04"
HOME_URL="https://www.ubuntu.com/"
SUPPORT_URL="https://help.ubuntu.com/"
BUG_REPORT_URL="https://bugs.launchpad.net/ubuntu/"
PRIVACY_POLICY_URL="https://www.ubuntu.com/legal/terms-and-policies/privacy-policy"
VERSION_CODENAME=focal
UBUNTU_CODENAME=focal
[2024-01-29T16:09:15.426Z] 
[2024-01-29T16:09:15.426Z] Stop (1 ms): Run in container: (cat /etc/os-release || cat /usr/lib/os-release) 2>/dev/null
[2024-01-29T16:09:15.426Z] Start: Run in container:  (command -v getent >/dev/null 2>&1 && getent passwd 'developer' || grep -E '^developer|^[^:]*:[^:]*:developer:' /etc/passwd || true)
[2024-01-29T16:09:15.427Z] Stop (1 ms): Run in container:  (command -v getent >/dev/null 2>&1 && getent passwd 'developer' || grep -E '^developer|^[^:]*:[^:]*:developer:' /etc/passwd || true)
[2024-01-29T16:09:15.428Z] userEnvProbe: loginInteractiveShell (default)
[2024-01-29T16:09:15.428Z] Start: Run in container: test -f '/tmp/devcontainers-3c9188c6-ae2d-458e-909c-575a9ef9bfe61706544553563/env-loginInteractiveShell.json'
[2024-01-29T16:09:15.428Z] 
[2024-01-29T16:09:15.428Z] 
[2024-01-29T16:09:15.428Z] Stop (0 ms): Run in container: test -f '/tmp/devcontainers-3c9188c6-ae2d-458e-909c-575a9ef9bfe61706544553563/env-loginInteractiveShell.json'
[2024-01-29T16:09:15.429Z] Start: Run in container: mkdir -p '/home/developer/.devcontainer' && CONTENT="$(cat '/home/developer/.devcontainer/.onCreateCommandMarker' 2>/dev/null || echo ENOENT)" && [ "${CONTENT:-2024-01-10T22:00:07.409741455Z}" != '2024-01-10T22:00:07.409741455Z' ] && echo '2024-01-10T22:00:07.409741455Z' > '/home/developer/.devcontainer/.onCreateCommandMarker'
[2024-01-29T16:09:15.432Z] 
[2024-01-29T16:09:15.432Z] 
[2024-01-29T16:09:15.432Z] Exit code 1
[2024-01-29T16:09:15.432Z] Stop (3 ms): Run in container: mkdir -p '/home/developer/.devcontainer' && CONTENT="$(cat '/home/developer/.devcontainer/.onCreateCommandMarker' 2>/dev/null || echo ENOENT)" && [ "${CONTENT:-2024-01-10T22:00:07.409741455Z}" != '2024-01-10T22:00:07.409741455Z' ] && echo '2024-01-10T22:00:07.409741455Z' > '/home/developer/.devcontainer/.onCreateCommandMarker'
[2024-01-29T16:09:15.432Z] Start: Run in container: cat '/tmp/devcontainers-3c9188c6-ae2d-458e-909c-575a9ef9bfe61706544553563/env-loginInteractiveShell.json'
[2024-01-29T16:09:15.433Z] {
	"NV_LIBCUBLAS_VERSION": "12.2.5.6-1",
	"NVIDIA_VISIBLE_DEVICES": "all",
	"NV_NVML_DEV_VERSION": "12.2.140-1",
	"NV_CUDNN_PACKAGE_NAME": "libcudnn8",
	"NV_LIBNCCL_DEV_PACKAGE": "libnccl-dev=2.18.5-1+cuda12.2",
	"NV_LIBNCCL_DEV_PACKAGE_VERSION": "2.18.5-1",
	"HOSTNAME": "dev-nmurray02",
	"NVIDIA_REQUIRE_CUDA": "cuda>=12.2 brand=tesla,driver>=450,driver<451 brand=tesla,driver>=470,driver<471 brand=unknown,driver>=470,driver<471 brand=nvidia,driver>=470,driver<471 brand=nvidiartx,driver>=470,driver<471 brand=geforce,driver>=470,driver<471 brand=geforcertx,driver>=470,driver<471 brand=quadro,driver>=470,driver<471 brand=quadrortx,driver>=470,driver<471 brand=titan,driver>=470,driver<471 brand=titanrtx,driver>=470,driver<471 brand=tesla,driver>=525,driver<526 brand=unknown,driver>=525,driver<526 brand=nvidia,driver>=525,driver<526 brand=nvidiartx,driver>=525,driver<526 brand=geforce,driver>=525,driver<526 brand=geforcertx,driver>=525,driver<526 brand=quadro,driver>=525,driver<526 brand=quadrortx,driver>=525,driver<526 brand=titan,driver>=525,driver<526 brand=titanrtx,driver>=525,driver<526",
	"NV_LIBCUBLAS_DEV_PACKAGE": "libcublas-dev-12-2=12.2.5.6-1",
	"NV_NVTX_VERSION": "12.2.140-1",
	"NV_CUDA_CUDART_DEV_VERSION": "12.2.140-1",
	"NV_LIBCUSPARSE_VERSION": "12.1.2.141-1",
	"REMOTE_CONTAINERS_IPC": "/tmp/vscode-remote-containers-ipc-e19cbf6d-3f6a-49e7-95d0-733385cc65e5.sock",
	"NV_LIBNPP_VERSION": "12.2.1.4-1",
	"NCCL_VERSION": "2.18.5-1",
	"GOBIN": "/home/developer/go/bin",
	"NV_CUDNN_PACKAGE": "libcudnn8=8.9.4.25-1+cuda12.2",
	"GIT_SUBREPO_ROOT": "/home/developer/git-subrepo",
	"NVIDIA_DRIVER_CAPABILITIES": "compute,utility",
	"MANPATH": "/home/developer/git-subrepo/man:",
	"NV_NVPROF_DEV_PACKAGE": "cuda-nvprof-12-2=12.2.142-1",
	"NV_LIBNPP_PACKAGE": "libnpp-12-2=12.2.1.4-1",
	"NV_LIBNCCL_DEV_PACKAGE_NAME": "libnccl-dev",
	"NV_LIBCUBLAS_DEV_VERSION": "12.2.5.6-1",
	"NVIDIA_PRODUCT_NAME": "CUDA",
	"NV_LIBCUBLAS_DEV_PACKAGE_NAME": "libcublas-dev-12-2",
	"NV_CUDA_CUDART_VERSION": "12.2.140-1",
	"HOME": "/home/developer",
	"LS_COLORS": "",
	"CUDA_VERSION": "12.2.2",
	"NV_LIBCUBLAS_PACKAGE": "libcublas-12-2=12.2.5.6-1",
	"NV_CUDA_NSIGHT_COMPUTE_DEV_PACKAGE": "cuda-nsight-compute-12-2=12.2.2-1",
	"NV_LIBNPP_DEV_PACKAGE": "libnpp-dev-12-2=12.2.1.4-1",
	"GOROOT": "/usr/local/go",
	"NV_LIBCUBLAS_PACKAGE_NAME": "libcublas-12-2",
	"NV_LIBNPP_DEV_VERSION": "12.2.1.4-1",
	"LESSCLOSE": "/usr/bin/lesspipe %s %s",
	"NV_LIBCUSPARSE_DEV_VERSION": "12.1.2.141-1",
	"REMOTE_CONTAINERS_SOCKETS": "[\"/tmp/vscode-ssh-auth-e19cbf6d-3f6a-49e7-95d0-733385cc65e5.sock\",\"/tmp/.X11-unix/X2\",\"/home/developer/.gnupg/S.gpg-agent\"]",
	"LESSOPEN": "| /usr/bin/lesspipe %s",
	"LIBRARY_PATH": "/usr/local/cuda/lib64/stubs",
	"NV_CUDNN_VERSION": "8.9.4.25",
	"DISPLAY": ":1",
	"SHLVL": "1",
	"NV_CUDA_LIB_VERSION": "12.2.2-1",
	"NVARCH": "x86_64",
	"NV_CUDNN_PACKAGE_DEV": "libcudnn8-dev=8.9.4.25-1+cuda12.2",
	"NV_CUDA_COMPAT_PACKAGE": "cuda-compat-12-2",
	"NV_LIBNCCL_PACKAGE": "libnccl2=2.18.5-1+cuda12.2",
	"LD_LIBRARY_PATH": "/usr/local/nvidia/lib:/usr/local/nvidia/lib64:/usr/local/lib64:/usr/local/lib:/usr/local/cuda/lib64:/usr/local/3rdparty/fast-dds/install/lib",
	"NV_CUDA_NSIGHT_COMPUTE_VERSION": "12.2.2-1",
	"NV_NVPROF_VERSION": "12.2.142-1",
	"PATH": "/home/developer/.local/bin:/home/developer/git-subrepo/lib:/usr/local/nvidia/bin:/usr/local/cuda/bin:/usr/local/sbin:/usr/local/bin:/usr/sbin:/usr/bin:/sbin:/bin:/usr/local/go/bin:/usr/local/go/bin:/home/developer/go/bin",
	"NV_LIBNCCL_PACKAGE_NAME": "libnccl2",
	"NV_LIBNCCL_PACKAGE_VERSION": "2.18.5-1",
	"HOST_WORKSPACE_DIR": "/home/nmurray/code/spotrflow",
	"DEBIAN_FRONTEND": "noninteractive",
	"GOPATH": "/home/developer/go",
	"_": "/usr/bin/cat"
}
[2024-01-29T16:09:15.433Z] 
[2024-01-29T16:09:15.433Z] Stop (1 ms): Run in container: cat '/tmp/devcontainers-3c9188c6-ae2d-458e-909c-575a9ef9bfe61706544553563/env-loginInteractiveShell.json'
[2024-01-29T16:09:15.433Z] Start: Run in container: mkdir -p '/home/developer/.devcontainer' && CONTENT="$(cat '/home/developer/.devcontainer/.updateContentCommandMarker' 2>/dev/null || echo ENOENT)" && [ "${CONTENT:-2024-01-10T22:00:07.409741455Z}" != '2024-01-10T22:00:07.409741455Z' ] && echo '2024-01-10T22:00:07.409741455Z' > '/home/developer/.devcontainer/.updateContentCommandMarker'
[2024-01-29T16:09:15.435Z] 
[2024-01-29T16:09:15.435Z] 
[2024-01-29T16:09:15.435Z] Exit code 1
[2024-01-29T16:09:15.435Z] Stop (2 ms): Run in container: mkdir -p '/home/developer/.devcontainer' && CONTENT="$(cat '/home/developer/.devcontainer/.updateContentCommandMarker' 2>/dev/null || echo ENOENT)" && [ "${CONTENT:-2024-01-10T22:00:07.409741455Z}" != '2024-01-10T22:00:07.409741455Z' ] && echo '2024-01-10T22:00:07.409741455Z' > '/home/developer/.devcontainer/.updateContentCommandMarker'
[2024-01-29T16:09:15.435Z] Start: Run in container: mkdir -p '/home/developer/.devcontainer' && CONTENT="$(cat '/home/developer/.devcontainer/.postCreateCommandMarker' 2>/dev/null || echo ENOENT)" && [ "${CONTENT:-2024-01-10T22:00:07.409741455Z}" != '2024-01-10T22:00:07.409741455Z' ] && echo '2024-01-10T22:00:07.409741455Z' > '/home/developer/.devcontainer/.postCreateCommandMarker'
[2024-01-29T16:09:15.437Z] 
[2024-01-29T16:09:15.437Z] 
[2024-01-29T16:09:15.437Z] Exit code 1
[2024-01-29T16:09:15.437Z] Stop (2 ms): Run in container: mkdir -p '/home/developer/.devcontainer' && CONTENT="$(cat '/home/developer/.devcontainer/.postCreateCommandMarker' 2>/dev/null || echo ENOENT)" && [ "${CONTENT:-2024-01-10T22:00:07.409741455Z}" != '2024-01-10T22:00:07.409741455Z' ] && echo '2024-01-10T22:00:07.409741455Z' > '/home/developer/.devcontainer/.postCreateCommandMarker'
[2024-01-29T16:09:15.442Z] Stop (359 ms): Run: /usr/share/code/code --ms-enable-electron-run-as-node /home/nmurray/.vscode/extensions/ms-vscode-remote.remote-containers-0.327.0/dist/spec-node/devContainersSpecCLI.js run-user-commands --user-data-folder /home/nmurray/.config/Code/User/globalStorage/ms-vscode-remote.remote-containers/data --container-session-data-folder /tmp/devcontainers-3c9188c6-ae2d-458e-909c-575a9ef9bfe61706544553563 --workspace-folder /home/nmurray/code/spotrflow --id-label devcontainer.local_folder=/home/nmurray/code/spotrflow --id-label devcontainer.config_file=/home/nmurray/code/spotrflow/.devcontainer/cuda122/devcontainer.json --container-id 4297a1e11e61ba0a317348ba8bf86ddf065550e8a7d8c14a8583dfcc45dfeeeb --log-level debug --log-format json --config /home/nmurray/code/spotrflow/.devcontainer/cuda122/devcontainer.json --default-user-env-probe loginInteractiveShell --skip-non-blocking-commands false --prebuild false --stop-for-personalization true --remote-env REMOTE_CONTAINERS_IPC=/tmp/vscode-remote-containers-ipc-e19cbf6d-3f6a-49e7-95d0-733385cc65e5.sock --remote-env SSH_AUTH_SOCK=/tmp/vscode-ssh-auth-e19cbf6d-3f6a-49e7-95d0-733385cc65e5.sock --remote-env REMOTE_CONTAINERS_DISPLAY_SOCK=/tmp/.X11-unix/X2 --remote-env REMOTE_CONTAINERS=true --mount-workspace-git-root --dotfiles-target-path ~/dotfiles
[2024-01-29T16:09:15.442Z] Start: Run in container: # Test for /home/developer/.gitconfig and git
[2024-01-29T16:09:15.443Z] /home/developer/.gitconfig exists
[2024-01-29T16:09:15.443Z] 
[2024-01-29T16:09:15.443Z] Exit code 1
[2024-01-29T16:09:15.443Z] Stop (1 ms): Run in container: # Test for /home/developer/.gitconfig and git
[2024-01-29T16:09:15.444Z] Start: Run in container: # Test for /home/developer/.config/git/config and git
[2024-01-29T16:09:15.444Z] /home/developer/.config/git/config exists
[2024-01-29T16:09:15.444Z] 
[2024-01-29T16:09:15.445Z] Exit code 1
[2024-01-29T16:09:15.445Z] Stop (1 ms): Run in container: # Test for /home/developer/.config/git/config and git
[2024-01-29T16:09:15.445Z] Start: Run in container: # Cleaning up git config
[2024-01-29T16:09:15.464Z] 
[2024-01-29T16:09:15.464Z] 
[2024-01-29T16:09:15.464Z] Stop (19 ms): Run in container: # Cleaning up git config
[2024-01-29T16:09:15.464Z] Start: Run in container: command -v git >/dev/null 2>&1 && git config --global --replace-all credential.helper '!f() { /home/developer/.vscode-server/bin/0ee08df0cf4527e40edc9aa28f4b5bd38bbff2b2/node /tmp/vscode-remote-containers-e19cbf6d-3f6a-49e7-95d0-733385cc65e5.js git-credential-helper $*; }; f' || true
[2024-01-29T16:09:15.467Z] 
[2024-01-29T16:09:15.468Z] error: could not write config file /home/developer/.gitconfig: Device or resource busy
[2024-01-29T16:09:15.468Z] Stop (4 ms): Run in container: command -v git >/dev/null 2>&1 && git config --global --replace-all credential.helper '!f() { /home/developer/.vscode-server/bin/0ee08df0cf4527e40edc9aa28f4b5bd38bbff2b2/node /tmp/vscode-remote-containers-e19cbf6d-3f6a-49e7-95d0-733385cc65e5.js git-credential-helper $*; }; f' || true
[2024-01-29T16:09:15.473Z] Port forwarding 39852 > 46149 > 45119 stderr: Connection established
[2024-01-29T16:09:17.287Z] Start: Run in container: cat /proc/1841/environ
[2024-01-29T16:09:17.289Z] Stop (2 ms): Run in container: cat /proc/1841/environ
[2024-01-29T16:09:17.289Z] Start: Run in container: rm '/tmp/vscode-remote-containers-ipc-366352af-dcdf-4cdb-bd83-067824d00ece.sock' && ln -s '/tmp/vscode-remote-containers-ipc-e19cbf6d-3f6a-49e7-95d0-733385cc65e5.sock' '/tmp/vscode-remote-containers-ipc-366352af-dcdf-4cdb-bd83-067824d00ece.sock'
[2024-01-29T16:09:17.291Z] 
[2024-01-29T16:09:17.291Z] 
[2024-01-29T16:09:17.291Z] Stop (2 ms): Run in container: rm '/tmp/vscode-remote-containers-ipc-366352af-dcdf-4cdb-bd83-067824d00ece.sock' && ln -s '/tmp/vscode-remote-containers-ipc-e19cbf6d-3f6a-49e7-95d0-733385cc65e5.sock' '/tmp/vscode-remote-containers-ipc-366352af-dcdf-4cdb-bd83-067824d00ece.sock'
[2024-01-29T16:09:17.291Z] Start: Run in container: rm '/tmp/vscode-ssh-auth-366352af-dcdf-4cdb-bd83-067824d00ece.sock' && ln -s '/tmp/vscode-ssh-auth-e19cbf6d-3f6a-49e7-95d0-733385cc65e5.sock' '/tmp/vscode-ssh-auth-366352af-dcdf-4cdb-bd83-067824d00ece.sock'
[2024-01-29T16:09:17.293Z] 
[2024-01-29T16:09:17.293Z] 
[2024-01-29T16:09:17.293Z] Stop (2 ms): Run in container: rm '/tmp/vscode-ssh-auth-366352af-dcdf-4cdb-bd83-067824d00ece.sock' && ln -s '/tmp/vscode-ssh-auth-e19cbf6d-3f6a-49e7-95d0-733385cc65e5.sock' '/tmp/vscode-ssh-auth-366352af-dcdf-4cdb-bd83-067824d00ece.sock'
[2024-01-29T16:09:17.293Z] Start: Run in container: rm '/tmp/.X11-unix/X0' && ln -s '/tmp/.X11-unix/X2' '/tmp/.X11-unix/X0'
[2024-01-29T16:09:17.295Z] 
[2024-01-29T16:09:17.296Z] 
[2024-01-29T16:09:17.296Z] Stop (3 ms): Run in container: rm '/tmp/.X11-unix/X0' && ln -s '/tmp/.X11-unix/X2' '/tmp/.X11-unix/X0'
[2024-01-29T16:09:22.817Z] Port forwarding 39852 > 46149 > 45119 stderr: Remote close
[2024-01-29T16:09:22.821Z] Stop (7395 ms): Run in container: /home/developer/.vscode-server/bin/0ee08df0cf4527e40edc9aa28f4b5bd38bbff2b2/node -e 
[2024-01-29T16:09:22.821Z] Port forwarding 39852 > 46149 > 45119 terminated with code 0 and signal null.
[2024-01-29T16:14:26.039Z] Port forwarding 39852 > 46149 > 45119: Local close
