2024-01-12 09:41:04.336 [info] Active editor: vscode-remote://dev-container%2B7b22686f737450617468223a222f686f6d652f6e6d75727261792f636f64652f73706f7472666c6f77222c226c6f63616c446f636b6572223a66616c73652c22636f6e66696746696c65223a7b22246d6964223a312c22667350617468223a222f686f6d652f6e6d75727261792f636f64652f73706f7472666c6f772f2e646576636f6e7461696e65722f637564613132322f646576636f6e7461696e65722e6a736f6e222c2270617468223a222f686f6d652f6e6d75727261792f636f64652f73706f7472666c6f772f2e646576636f6e7461696e65722f637564613132322f646576636f6e7461696e65722e6a736f6e222c22736368656d65223a2266696c65227d7d/workspaces/spotrflow/gen_graph.sh
2024-01-12 09:41:04.468 [info] Configuration changed
2024-01-12 09:41:04.612 [info] Configuration changed
2024-01-12 09:41:04.618 [info] Configuration changed
2024-01-12 09:41:06.382 [info] /workspaces/spotrflow/.vscode/c_cpp_properties.json closed
2024-01-12 09:41:22.352 [info] Active editor: output:extension-output-ms-vscode.cmake-tools-%231-CMake/Build
2024-01-12 09:41:28.422 [info] Active editor: vscode-remote://dev-container%2B7b22686f737450617468223a222f686f6d652f6e6d75727261792f636f64652f73706f7472666c6f77222c226c6f63616c446f636b6572223a66616c73652c22636f6e66696746696c65223a7b22246d6964223a312c22667350617468223a222f686f6d652f6e6d75727261792f636f64652f73706f7472666c6f772f2e646576636f6e7461696e65722f637564613132322f646576636f6e7461696e65722e6a736f6e222c2270617468223a222f686f6d652f6e6d75727261792f636f64652f73706f7472666c6f772f2e646576636f6e7461696e65722f637564613132322f646576636f6e7461696e65722e6a736f6e222c22736368656d65223a2266696c65227d7d/workspaces/spotrflow/gen_graph.sh
2024-01-12 09:41:28.428 [info] extension-output-ms-vscode.cmake-tools-#1-CMake/Build closed
2024-01-12 09:44:05.591 [info] /workspaces/spotrflow/.devcontainer/cuda114/devcontainer.json closed
2024-01-12 09:44:05.592 [info] /workspaces/spotrflow/.devcontainer/cuda122/devcontainer.json closed
2024-01-12 09:44:05.594 [info] /workspaces/spotrflow/.devcontainer/cuda102/devcontainer.json closed
2024-01-12 09:44:06.212 [info] /workspaces/spotrflow/.vscode/c_cpp_properties.json closed
2024-01-12 09:44:06.808 [info] /settings/machine closed
2024-01-12 09:44:06.899 [info] /settings/resourceLanguage closed
2024-01-12 09:44:06.975 [info] /launch closed
2024-01-12 09:44:07.009 [info] /token-styling closed
2024-01-12 09:44:07.009 [info] /textmate-colors closed
2024-01-12 09:44:07.009 [info] /workbench-colors closed
2024-01-12 11:08:28.440 [info] Active editor: vscode-remote://dev-container%2B7b22686f737450617468223a222f686f6d652f6e6d75727261792f636f64652f73706f7472666c6f77222c226c6f63616c446f636b6572223a66616c73652c22636f6e66696746696c65223a7b22246d6964223a312c22667350617468223a222f686f6d652f6e6d75727261792f636f64652f73706f7472666c6f772f2e646576636f6e7461696e65722f637564613132322f646576636f6e7461696e65722e6a736f6e222c2270617468223a222f686f6d652f6e6d75727261792f636f64652f73706f7472666c6f772f2e646576636f6e7461696e65722f637564613132322f646576636f6e7461696e65722e6a736f6e222c22736368656d65223a2266696c65227d7d/workspaces/spotrflow/Deployment/Graphs/scripts/2024_01_10_ship_eo_reid.sh
2024-01-12 11:08:28.454 [info] /workspaces/spotrflow/gen_graph.sh.git closed
2024-01-12 11:25:00.096 [info] Active editor: vscode-remote://dev-container%2B7b22686f737450617468223a222f686f6d652f6e6d75727261792f636f64652f73706f7472666c6f77222c226c6f63616c446f636b6572223a66616c73652c22636f6e66696746696c65223a7b22246d6964223a312c22667350617468223a222f686f6d652f6e6d75727261792f636f64652f73706f7472666c6f772f2e646576636f6e7461696e65722f637564613132322f646576636f6e7461696e65722e6a736f6e222c2270617468223a222f686f6d652f6e6d75727261792f636f64652f73706f7472666c6f772f2e646576636f6e7461696e65722f637564613132322f646576636f6e7461696e65722e6a736f6e222c22736368656d65223a2266696c65227d7d/workspaces/spotrflow/gen_graph.sh
2024-01-12 11:25:00.108 [info] /workspaces/spotrflow/Deployment/Graphs/scripts/2024_01_10_ship_eo_reid.sh.git closed
2024-01-15 11:48:01.893 [info] /workspaces/spotrflow/Deployment/Graphs/scripts/2024_01_10_ship_eo_reid.sh closed
2024-01-15 11:48:07.084 [info] Active editor: vscode-remote://dev-container%2B7b22686f737450617468223a222f686f6d652f6e6d75727261792f636f64652f73706f7472666c6f77222c226c6f63616c446f636b6572223a66616c73652c22636f6e66696746696c65223a7b22246d6964223a312c22667350617468223a222f686f6d652f6e6d75727261792f636f64652f73706f7472666c6f772f2e646576636f6e7461696e65722f637564613132322f646576636f6e7461696e65722e6a736f6e222c2270617468223a222f686f6d652f6e6d75727261792f636f64652f73706f7472666c6f772f2e646576636f6e7461696e65722f637564613132322f646576636f6e7461696e65722e6a736f6e222c22736368656d65223a2266696c65227d7d/workspaces/spotrflow/Deployment/Graphs/scripts/2024_01_12_large_image_ship_eo_reid.sh
2024-01-15 11:48:07.092 [info] /workspaces/spotrflow/gen_graph.sh.git closed
2024-01-15 11:48:13.479 [info] /workspaces/spotrflow/Deployment/Graphs/scripts/2024_01_12_large_image_ship_eo_reid.sh closed
2024-01-15 11:48:13.491 [info] Active editor: vscode-remote://dev-container%2B7b22686f737450617468223a222f686f6d652f6e6d75727261792f636f64652f73706f7472666c6f77222c226c6f63616c446f636b6572223a66616c73652c22636f6e66696746696c65223a7b22246d6964223a312c22667350617468223a222f686f6d652f6e6d75727261792f636f64652f73706f7472666c6f772f2e646576636f6e7461696e65722f637564613132322f646576636f6e7461696e65722e6a736f6e222c2270617468223a222f686f6d652f6e6d75727261792f636f64652f73706f7472666c6f772f2e646576636f6e7461696e65722f637564613132322f646576636f6e7461696e65722e6a736f6e222c22736368656d65223a2266696c65227d7d/workspaces/spotrflow/Deployment/Graphs/scripts/2024_01_15_large_image_ship_eo_reid.sh
2024-01-15 11:48:13.496 [info] /workspaces/spotrflow/Deployment/Graphs/scripts/2024_01_12_large_image_ship_eo_reid.sh.git closed
2024-01-15 11:48:15.720 [info] /workspaces/spotrflow/Deployment/Graphs/scripts/2024_01_15_large_image_ship_eo_reid.sh closed
2024-01-15 11:48:15.731 [info] Active editor: vscode-remote://dev-container%2B7b22686f737450617468223a222f686f6d652f6e6d75727261792f636f64652f73706f7472666c6f77222c226c6f63616c446f636b6572223a66616c73652c22636f6e66696746696c65223a7b22246d6964223a312c22667350617468223a222f686f6d652f6e6d75727261792f636f64652f73706f7472666c6f772f2e646576636f6e7461696e65722f637564613132322f646576636f6e7461696e65722e6a736f6e222c2270617468223a222f686f6d652f6e6d75727261792f636f64652f73706f7472666c6f772f2e646576636f6e7461696e65722f637564613132322f646576636f6e7461696e65722e6a736f6e222c22736368656d65223a2266696c65227d7d/workspaces/spotrflow/Deployment/Graphs/scripts/2024_01_15_large_image_ship_eo_reid_c.sh
2024-01-15 11:48:15.743 [info] /workspaces/spotrflow/Deployment/Graphs/scripts/2024_01_15_large_image_ship_eo_reid.sh.git closed
2024-01-15 11:48:16.735 [info] /workspaces/spotrflow/Deployment/Graphs/scripts/2024_01_15_large_image_ship_eo_reid_c.sh closed
2024-01-15 11:48:16.747 [info] Active editor: vscode-remote://dev-container%2B7b22686f737450617468223a222f686f6d652f6e6d75727261792f636f64652f73706f7472666c6f77222c226c6f63616c446f636b6572223a66616c73652c22636f6e66696746696c65223a7b22246d6964223a312c22667350617468223a222f686f6d652f6e6d75727261792f636f64652f73706f7472666c6f772f2e646576636f6e7461696e65722f637564613132322f646576636f6e7461696e65722e6a736f6e222c2270617468223a222f686f6d652f6e6d75727261792f636f64652f73706f7472666c6f772f2e646576636f6e7461696e65722f637564613132322f646576636f6e7461696e65722e6a736f6e222c22736368656d65223a2266696c65227d7d/workspaces/spotrflow/Deployment/Graphs/scripts/2024_01_15_large_image_ship_eo_reid.sh
2024-01-15 11:48:16.751 [info] /workspaces/spotrflow/Deployment/Graphs/scripts/2024_01_15_large_image_ship_eo_reid_c.sh.git closed
2024-01-15 11:48:18.337 [info] /workspaces/spotrflow/Deployment/Graphs/scripts/2024_01_15_large_image_ship_eo_reid.sh closed
2024-01-15 11:48:18.350 [info] Active editor: vscode-remote://dev-container%2B7b22686f737450617468223a222f686f6d652f6e6d75727261792f636f64652f73706f7472666c6f77222c226c6f63616c446f636b6572223a66616c73652c22636f6e66696746696c65223a7b22246d6964223a312c22667350617468223a222f686f6d652f6e6d75727261792f636f64652f73706f7472666c6f772f2e646576636f6e7461696e65722f637564613132322f646576636f6e7461696e65722e6a736f6e222c2270617468223a222f686f6d652f6e6d75727261792f636f64652f73706f7472666c6f772f2e646576636f6e7461696e65722f637564613132322f646576636f6e7461696e65722e6a736f6e222c22736368656d65223a2266696c65227d7d/workspaces/spotrflow/Deployment/Graphs/scripts/2024_01_15_large_image_ship_eo_reid_c.sh
2024-01-15 11:48:18.353 [info] /workspaces/spotrflow/Deployment/Graphs/scripts/2024_01_15_large_image_ship_eo_reid.sh.git closed
2024-01-16 09:30:12.445 [info] /workspaces/spotrflow/Deployment/Graphs/scripts/2024_01_15_large_image_ship_eo_reid_c.sh closed
2024-01-16 09:30:12.467 [info] Active editor: vscode-remote://dev-container%2B7b22686f737450617468223a222f686f6d652f6e6d75727261792f636f64652f73706f7472666c6f77222c226c6f63616c446f636b6572223a66616c73652c22636f6e66696746696c65223a7b22246d6964223a312c22667350617468223a222f686f6d652f6e6d75727261792f636f64652f73706f7472666c6f772f2e646576636f6e7461696e65722f637564613132322f646576636f6e7461696e65722e6a736f6e222c2270617468223a222f686f6d652f6e6d75727261792f636f64652f73706f7472666c6f772f2e646576636f6e7461696e65722f637564613132322f646576636f6e7461696e65722e6a736f6e222c22736368656d65223a2266696c65227d7d/workspaces/spotrflow/Deployment/Graphs/scripts/2024_01_15_large_image_ship_eo_reid.sh
2024-01-16 09:30:12.475 [info] /workspaces/spotrflow/Deployment/Graphs/scripts/2024_01_15_large_image_ship_eo_reid_c.sh.git closed
2024-01-16 09:30:13.875 [info] /workspaces/spotrflow/Deployment/Graphs/scripts/2024_01_15_large_image_ship_eo_reid.sh closed
2024-01-16 09:30:13.892 [info] Active editor: vscode-remote://dev-container%2B7b22686f737450617468223a222f686f6d652f6e6d75727261792f636f64652f73706f7472666c6f77222c226c6f63616c446f636b6572223a66616c73652c22636f6e66696746696c65223a7b22246d6964223a312c22667350617468223a222f686f6d652f6e6d75727261792f636f64652f73706f7472666c6f772f2e646576636f6e7461696e65722f637564613132322f646576636f6e7461696e65722e6a736f6e222c2270617468223a222f686f6d652f6e6d75727261792f636f64652f73706f7472666c6f772f2e646576636f6e7461696e65722f637564613132322f646576636f6e7461696e65722e6a736f6e222c22736368656d65223a2266696c65227d7d/workspaces/spotrflow/Deployment/Graphs/scripts/2024_01_15_large_image_ship_eo_reid_c.sh
2024-01-16 09:30:13.897 [info] /workspaces/spotrflow/Deployment/Graphs/scripts/2024_01_15_large_image_ship_eo_reid.sh.git closed
2024-01-16 09:30:14.465 [info] /workspaces/spotrflow/Deployment/Graphs/scripts/2024_01_15_large_image_ship_eo_reid_c.sh closed
2024-01-16 09:30:14.482 [info] Active editor: vscode-remote://dev-container%2B7b22686f737450617468223a222f686f6d652f6e6d75727261792f636f64652f73706f7472666c6f77222c226c6f63616c446f636b6572223a66616c73652c22636f6e66696746696c65223a7b22246d6964223a312c22667350617468223a222f686f6d652f6e6d75727261792f636f64652f73706f7472666c6f772f2e646576636f6e7461696e65722f637564613132322f646576636f6e7461696e65722e6a736f6e222c2270617468223a222f686f6d652f6e6d75727261792f636f64652f73706f7472666c6f772f2e646576636f6e7461696e65722f637564613132322f646576636f6e7461696e65722e6a736f6e222c22736368656d65223a2266696c65227d7d/workspaces/spotrflow/Deployment/Graphs/scripts/2024_01_15_large_image_ship_eo_reid.sh
2024-01-16 09:30:14.487 [info] /workspaces/spotrflow/Deployment/Graphs/scripts/2024_01_15_large_image_ship_eo_reid_c.sh.git closed
2024-01-16 09:30:15.902 [info] /workspaces/spotrflow/Deployment/Graphs/scripts/2024_01_15_large_image_ship_eo_reid.sh closed
2024-01-16 09:30:15.916 [info] Active editor: vscode-remote://dev-container%2B7b22686f737450617468223a222f686f6d652f6e6d75727261792f636f64652f73706f7472666c6f77222c226c6f63616c446f636b6572223a66616c73652c22636f6e66696746696c65223a7b22246d6964223a312c22667350617468223a222f686f6d652f6e6d75727261792f636f64652f73706f7472666c6f772f2e646576636f6e7461696e65722f637564613132322f646576636f6e7461696e65722e6a736f6e222c2270617468223a222f686f6d652f6e6d75727261792f636f64652f73706f7472666c6f772f2e646576636f6e7461696e65722f637564613132322f646576636f6e7461696e65722e6a736f6e222c22736368656d65223a2266696c65227d7d/workspaces/spotrflow/Deployment/Graphs/scripts/2024_01_15_large_image_ship_eo_reid_c.sh
2024-01-16 09:30:15.922 [info] /workspaces/spotrflow/Deployment/Graphs/scripts/2024_01_15_large_image_ship_eo_reid.sh.git closed
2024-01-16 09:30:16.838 [info] /workspaces/spotrflow/Deployment/Graphs/scripts/2024_01_15_large_image_ship_eo_reid_c.sh closed
2024-01-16 09:30:16.858 [info] Active editor: vscode-remote://dev-container%2B7b22686f737450617468223a222f686f6d652f6e6d75727261792f636f64652f73706f7472666c6f77222c226c6f63616c446f636b6572223a66616c73652c22636f6e66696746696c65223a7b22246d6964223a312c22667350617468223a222f686f6d652f6e6d75727261792f636f64652f73706f7472666c6f772f2e646576636f6e7461696e65722f637564613132322f646576636f6e7461696e65722e6a736f6e222c2270617468223a222f686f6d652f6e6d75727261792f636f64652f73706f7472666c6f772f2e646576636f6e7461696e65722f637564613132322f646576636f6e7461696e65722e6a736f6e222c22736368656d65223a2266696c65227d7d/workspaces/spotrflow/Deployment/Graphs/scripts/2024_01_15_large_image_ship_eo_reid.sh
2024-01-16 09:30:16.863 [info] /workspaces/spotrflow/Deployment/Graphs/scripts/2024_01_15_large_image_ship_eo_reid_c.sh.git closed
2024-01-16 09:30:17.458 [info] /workspaces/spotrflow/Deployment/Graphs/scripts/2024_01_15_large_image_ship_eo_reid.sh closed
2024-01-16 09:30:17.482 [info] Active editor: vscode-remote://dev-container%2B7b22686f737450617468223a222f686f6d652f6e6d75727261792f636f64652f73706f7472666c6f77222c226c6f63616c446f636b6572223a66616c73652c22636f6e66696746696c65223a7b22246d6964223a312c22667350617468223a222f686f6d652f6e6d75727261792f636f64652f73706f7472666c6f772f2e646576636f6e7461696e65722f637564613132322f646576636f6e7461696e65722e6a736f6e222c2270617468223a222f686f6d652f6e6d75727261792f636f64652f73706f7472666c6f772f2e646576636f6e7461696e65722f637564613132322f646576636f6e7461696e65722e6a736f6e222c22736368656d65223a2266696c65227d7d/workspaces/spotrflow/Deployment/Graphs/scripts/2024_01_15_large_image_ship_eo_reid_c.sh
2024-01-16 09:30:17.487 [info] /workspaces/spotrflow/Deployment/Graphs/scripts/2024_01_15_large_image_ship_eo_reid.sh.git closed
2024-01-16 09:30:31.315 [info] Active editor: vscode-remote://dev-container%2B7b22686f737450617468223a222f686f6d652f6e6d75727261792f636f64652f73706f7472666c6f77222c226c6f63616c446f636b6572223a66616c73652c22636f6e66696746696c65223a7b22246d6964223a312c22667350617468223a222f686f6d652f6e6d75727261792f636f64652f73706f7472666c6f772f2e646576636f6e7461696e65722f637564613132322f646576636f6e7461696e65722e6a736f6e222c2270617468223a222f686f6d652f6e6d75727261792f636f64652f73706f7472666c6f772f2e646576636f6e7461696e65722f637564613132322f646576636f6e7461696e65722e6a736f6e222c22736368656d65223a2266696c65227d7d/workspaces/spotrflow/Deployment/Graphs/scripts/2024_01_15_large_image_ship_eo_reid_c%20copy.sh
2024-01-16 09:30:31.318 [info] /workspaces/spotrflow/Deployment/Graphs/scripts/2024_01_15_large_image_ship_eo_reid_c.sh.git closed
2024-01-16 09:30:53.029 [info] /workspaces/spotrflow/Deployment/Graphs/scripts/2024_01_15_large_image_ship_eo_reid_c copy.sh closed
2024-01-16 09:30:53.046 [info] /workspaces/spotrflow/Deployment/Graphs/scripts/2024_01_15_large_image_ship_eo_reid_c copy.sh.git closed
2024-01-16 09:30:53.088 [info] Active editor: vscode-remote://dev-container%2B7b22686f737450617468223a222f686f6d652f6e6d75727261792f636f64652f73706f7472666c6f77222c226c6f63616c446f636b6572223a66616c73652c22636f6e66696746696c65223a7b22246d6964223a312c22667350617468223a222f686f6d652f6e6d75727261792f636f64652f73706f7472666c6f772f2e646576636f6e7461696e65722f637564613132322f646576636f6e7461696e65722e6a736f6e222c2270617468223a222f686f6d652f6e6d75727261792f636f64652f73706f7472666c6f772f2e646576636f6e7461696e65722f637564613132322f646576636f6e7461696e65722e6a736f6e222c22736368656d65223a2266696c65227d7d/workspaces/spotrflow/Deployment/Graphs/scripts/2024_01_16_large_image.sh
2024-01-16 09:45:04.235 [info] /workspaces/spotrflow/Deployment/Graphs/scripts/2024_01_15_large_image_ship_eo_reid_c.sh closed
2024-01-16 09:45:04.260 [info] Active editor: vscode-remote://dev-container%2B7b22686f737450617468223a222f686f6d652f6e6d75727261792f636f64652f73706f7472666c6f77222c226c6f63616c446f636b6572223a66616c73652c22636f6e66696746696c65223a7b22246d6964223a312c22667350617468223a222f686f6d652f6e6d75727261792f636f64652f73706f7472666c6f772f2e646576636f6e7461696e65722f637564613132322f646576636f6e7461696e65722e6a736f6e222c2270617468223a222f686f6d652f6e6d75727261792f636f64652f73706f7472666c6f772f2e646576636f6e7461696e65722f637564613132322f646576636f6e7461696e65722e6a736f6e222c22736368656d65223a2266696c65227d7d/workspaces/spotrflow/Deployment/Graphs/scripts/2023_12_07_nato_des_knn_with_negatives.sh
2024-01-16 09:45:04.274 [info] /workspaces/spotrflow/Deployment/Graphs/scripts/2024_01_16_large_image.sh.git closed
2024-01-16 09:45:06.787 [info] /workspaces/spotrflow/Deployment/Graphs/scripts/2023_12_07_nato_des_knn_with_negatives.sh closed
2024-01-16 09:45:06.815 [info] Active editor: vscode-remote://dev-container%2B7b22686f737450617468223a222f686f6d652f6e6d75727261792f636f64652f73706f7472666c6f77222c226c6f63616c446f636b6572223a66616c73652c22636f6e66696746696c65223a7b22246d6964223a312c22667350617468223a222f686f6d652f6e6d75727261792f636f64652f73706f7472666c6f772f2e646576636f6e7461696e65722f637564613132322f646576636f6e7461696e65722e6a736f6e222c2270617468223a222f686f6d652f6e6d75727261792f636f64652f73706f7472666c6f772f2e646576636f6e7461696e65722f637564613132322f646576636f6e7461696e65722e6a736f6e222c22736368656d65223a2266696c65227d7d/workspaces/spotrflow/Deployment/Graphs/scripts/2023_10_25_nato_des_knn.sh
2024-01-16 09:45:06.820 [info] /workspaces/spotrflow/Deployment/Graphs/scripts/2023_12_07_nato_des_knn_with_negatives.sh.git closed
2024-01-16 09:45:09.695 [info] /workspaces/spotrflow/Deployment/Graphs/scripts/2023_10_25_nato_des_knn.sh closed
2024-01-16 09:45:09.718 [info] Active editor: vscode-remote://dev-container%2B7b22686f737450617468223a222f686f6d652f6e6d75727261792f636f64652f73706f7472666c6f77222c226c6f63616c446f636b6572223a66616c73652c22636f6e66696746696c65223a7b22246d6964223a312c22667350617468223a222f686f6d652f6e6d75727261792f636f64652f73706f7472666c6f772f2e646576636f6e7461696e65722f637564613132322f646576636f6e7461696e65722e6a736f6e222c2270617468223a222f686f6d652f6e6d75727261792f636f64652f73706f7472666c6f772f2e646576636f6e7461696e65722f637564613132322f646576636f6e7461696e65722e6a736f6e222c22736368656d65223a2266696c65227d7d/workspaces/spotrflow/Deployment/Graphs/scripts/2023_09_06_person_vehicle_ship_eoir_reid.sh
2024-01-16 09:45:09.723 [info] /workspaces/spotrflow/Deployment/Graphs/scripts/2023_10_25_nato_des_knn.sh.git closed
2024-01-16 09:45:11.307 [info] /workspaces/spotrflow/Deployment/Graphs/scripts/2023_09_06_person_vehicle_ship_eoir_reid.sh closed
2024-01-16 09:45:11.328 [info] Active editor: vscode-remote://dev-container%2B7b22686f737450617468223a222f686f6d652f6e6d75727261792f636f64652f73706f7472666c6f77222c226c6f63616c446f636b6572223a66616c73652c22636f6e66696746696c65223a7b22246d6964223a312c22667350617468223a222f686f6d652f6e6d75727261792f636f64652f73706f7472666c6f772f2e646576636f6e7461696e65722f637564613132322f646576636f6e7461696e65722e6a736f6e222c2270617468223a222f686f6d652f6e6d75727261792f636f64652f73706f7472666c6f772f2e646576636f6e7461696e65722f637564613132322f646576636f6e7461696e65722e6a736f6e222c22736368656d65223a2266696c65227d7d/workspaces/spotrflow/Deployment/Graphs/scripts/2023_09_06_person_vehicle_ship_eoir_reid_properties.json
2024-01-16 09:45:11.334 [info] /workspaces/spotrflow/Deployment/Graphs/scripts/2023_09_06_person_vehicle_ship_eoir_reid.sh.git closed
2024-01-16 09:45:12.764 [info] /workspaces/spotrflow/Deployment/Graphs/scripts/2023_09_06_person_vehicle_ship_eoir_reid_properties.json closed
2024-01-16 09:45:12.783 [info] Active editor: vscode-remote://dev-container%2B7b22686f737450617468223a222f686f6d652f6e6d75727261792f636f64652f73706f7472666c6f77222c226c6f63616c446f636b6572223a66616c73652c22636f6e66696746696c65223a7b22246d6964223a312c22667350617468223a222f686f6d652f6e6d75727261792f636f64652f73706f7472666c6f772f2e646576636f6e7461696e65722f637564613132322f646576636f6e7461696e65722e6a736f6e222c2270617468223a222f686f6d652f6e6d75727261792f636f64652f73706f7472666c6f772f2e646576636f6e7461696e65722f637564613132322f646576636f6e7461696e65722e6a736f6e222c22736368656d65223a2266696c65227d7d/workspaces/spotrflow/Deployment/Graphs/scripts/2024_01_15_large_image_ship_eo_reid.sh
2024-01-16 09:45:12.788 [info] /workspaces/spotrflow/Deployment/Graphs/scripts/2023_09_06_person_vehicle_ship_eoir_reid_properties.json.git closed
2024-01-16 09:45:13.407 [info] Active editor: vscode-remote://dev-container%2B7b22686f737450617468223a222f686f6d652f6e6d75727261792f636f64652f73706f7472666c6f77222c226c6f63616c446f636b6572223a66616c73652c22636f6e66696746696c65223a7b22246d6964223a312c22667350617468223a222f686f6d652f6e6d75727261792f636f64652f73706f7472666c6f772f2e646576636f6e7461696e65722f637564613132322f646576636f6e7461696e65722e6a736f6e222c2270617468223a222f686f6d652f6e6d75727261792f636f64652f73706f7472666c6f772f2e646576636f6e7461696e65722f637564613132322f646576636f6e7461696e65722e6a736f6e222c22736368656d65223a2266696c65227d7d/workspaces/spotrflow/Deployment/Graphs/scripts/2024_01_16_large_image.sh
2024-01-16 09:45:13.412 [info] /workspaces/spotrflow/Deployment/Graphs/scripts/2024_01_15_large_image_ship_eo_reid.sh.git closed
2024-01-16 10:09:24.233 [info] Active editor: vscode-remote://dev-container%2B7b22686f737450617468223a222f686f6d652f6e6d75727261792f636f64652f73706f7472666c6f77222c226c6f63616c446f636b6572223a66616c73652c22636f6e66696746696c65223a7b22246d6964223a312c22667350617468223a222f686f6d652f6e6d75727261792f636f64652f73706f7472666c6f772f2e646576636f6e7461696e65722f637564613132322f646576636f6e7461696e65722e6a736f6e222c2270617468223a222f686f6d652f6e6d75727261792f636f64652f73706f7472666c6f772f2e646576636f6e7461696e65722f637564613132322f646576636f6e7461696e65722e6a736f6e222c22736368656d65223a2266696c65227d7d/workspaces/spotrflow/cut_boron_image.sh
2024-01-16 10:09:29.346 [info] Active editor: vscode-remote://dev-container%2B7b22686f737450617468223a222f686f6d652f6e6d75727261792f636f64652f73706f7472666c6f77222c226c6f63616c446f636b6572223a66616c73652c22636f6e66696746696c65223a7b22246d6964223a312c22667350617468223a222f686f6d652f6e6d75727261792f636f64652f73706f7472666c6f772f2e646576636f6e7461696e65722f637564613132322f646576636f6e7461696e65722e6a736f6e222c2270617468223a222f686f6d652f6e6d75727261792f636f64652f73706f7472666c6f772f2e646576636f6e7461696e65722f637564613132322f646576636f6e7461696e65722e6a736f6e222c22736368656d65223a2266696c65227d7d/workspaces/spotrflow/gen_graph.sh
2024-01-16 10:09:29.348 [info] /workspaces/spotrflow/Deployment/Graphs/scripts/2024_01_16_large_image.sh.git closed
2024-01-16 10:09:38.695 [info] Executing :w
2024-01-16 12:14:24.545 [info] Active editor: vscode-remote://dev-container%2B7b22686f737450617468223a222f686f6d652f6e6d75727261792f636f64652f73706f7472666c6f77222c226c6f63616c446f636b6572223a66616c73652c22636f6e66696746696c65223a7b22246d6964223a312c22667350617468223a222f686f6d652f6e6d75727261792f636f64652f73706f7472666c6f772f2e646576636f6e7461696e65722f637564613132322f646576636f6e7461696e65722e6a736f6e222c2270617468223a222f686f6d652f6e6d75727261792f636f64652f73706f7472666c6f772f2e646576636f6e7461696e65722f637564613132322f646576636f6e7461696e65722e6a736f6e222c22736368656d65223a2266696c65227d7d/workspaces/spotrflow/cut_boron_image.sh
2024-01-16 12:14:27.321 [info] Active editor: vscode-remote://dev-container%2B7b22686f737450617468223a222f686f6d652f6e6d75727261792f636f64652f73706f7472666c6f77222c226c6f63616c446f636b6572223a66616c73652c22636f6e66696746696c65223a7b22246d6964223a312c22667350617468223a222f686f6d652f6e6d75727261792f636f64652f73706f7472666c6f772f2e646576636f6e7461696e65722f637564613132322f646576636f6e7461696e65722e6a736f6e222c2270617468223a222f686f6d652f6e6d75727261792f636f64652f73706f7472666c6f772f2e646576636f6e7461696e65722f637564613132322f646576636f6e7461696e65722e6a736f6e222c22736368656d65223a2266696c65227d7d/workspaces/spotrflow/Deployment/Graphs/scripts/2024_01_16_large_image.sh
2024-01-16 12:14:27.323 [info] /workspaces/spotrflow/gen_graph.sh.git closed
2024-01-16 12:33:48.837 [info] Active editor: vscode-remote://dev-container%2B7b22686f737450617468223a222f686f6d652f6e6d75727261792f636f64652f73706f7472666c6f77222c226c6f63616c446f636b6572223a66616c73652c22636f6e66696746696c65223a7b22246d6964223a312c22667350617468223a222f686f6d652f6e6d75727261792f636f64652f73706f7472666c6f772f2e646576636f6e7461696e65722f637564613132322f646576636f6e7461696e65722e6a736f6e222c2270617468223a222f686f6d652f6e6d75727261792f636f64652f73706f7472666c6f772f2e646576636f6e7461696e65722f637564613132322f646576636f6e7461696e65722e6a736f6e222c22736368656d65223a2266696c65227d7d/workspaces/spotrflow/Deployment/Graphs/scripts/2024_01_15_large_image_ship_eo_reid.sh
2024-01-16 12:33:48.852 [info] /workspaces/spotrflow/Deployment/Graphs/scripts/2024_01_16_large_image.sh.git closed
2024-01-16 12:33:50.291 [info] Active editor: vscode-remote://dev-container%2B7b22686f737450617468223a222f686f6d652f6e6d75727261792f636f64652f73706f7472666c6f77222c226c6f63616c446f636b6572223a66616c73652c22636f6e66696746696c65223a7b22246d6964223a312c22667350617468223a222f686f6d652f6e6d75727261792f636f64652f73706f7472666c6f772f2e646576636f6e7461696e65722f637564613132322f646576636f6e7461696e65722e6a736f6e222c2270617468223a222f686f6d652f6e6d75727261792f636f64652f73706f7472666c6f772f2e646576636f6e7461696e65722f637564613132322f646576636f6e7461696e65722e6a736f6e222c22736368656d65223a2266696c65227d7d/workspaces/spotrflow/Deployment/Graphs/scripts/2024_01_16_large_image.sh
2024-01-16 12:33:50.299 [info] /workspaces/spotrflow/Deployment/Graphs/scripts/2024_01_15_large_image_ship_eo_reid.sh.git closed
2024-01-16 12:33:52.550 [info] /workspaces/spotrflow/Deployment/Graphs/scripts/2024_01_16_large_image.sh closed
2024-01-16 12:33:52.555 [info] Active editor: vscode-remote://dev-container%2B7b22686f737450617468223a222f686f6d652f6e6d75727261792f636f64652f73706f7472666c6f77222c226c6f63616c446f636b6572223a66616c73652c22636f6e66696746696c65223a7b22246d6964223a312c22667350617468223a222f686f6d652f6e6d75727261792f636f64652f73706f7472666c6f772f2e646576636f6e7461696e65722f637564613132322f646576636f6e7461696e65722e6a736f6e222c2270617468223a222f686f6d652f6e6d75727261792f636f64652f73706f7472666c6f772f2e646576636f6e7461696e65722f637564613132322f646576636f6e7461696e65722e6a736f6e222c22736368656d65223a2266696c65227d7d/workspaces/spotrflow/Deployment/Graphs/scripts/2024_01_15_large_image_ship_eo_reid.sh
2024-01-16 12:33:52.565 [info] /workspaces/spotrflow/Deployment/Graphs/scripts/2024_01_16_large_image.sh.git closed
2024-01-16 12:33:57.155 [info] /workspaces/spotrflow/Deployment/Graphs/scripts/2024_01_15_large_image_ship_eo_reid.sh closed
2024-01-16 12:33:57.183 [info] Active editor: vscode-remote://dev-container%2B7b22686f737450617468223a222f686f6d652f6e6d75727261792f636f64652f73706f7472666c6f77222c226c6f63616c446f636b6572223a66616c73652c22636f6e66696746696c65223a7b22246d6964223a312c22667350617468223a222f686f6d652f6e6d75727261792f636f64652f73706f7472666c6f772f2e646576636f6e7461696e65722f637564613132322f646576636f6e7461696e65722e6a736f6e222c2270617468223a222f686f6d652f6e6d75727261792f636f64652f73706f7472666c6f772f2e646576636f6e7461696e65722f637564613132322f646576636f6e7461696e65722e6a736f6e222c22736368656d65223a2266696c65227d7d/workspaces/spotrflow/Deployment/Graphs/scripts/2024_01_16_large_image_aircraft.sh
2024-01-16 12:33:57.188 [info] /workspaces/spotrflow/Deployment/Graphs/scripts/2024_01_15_large_image_ship_eo_reid.sh.git closed
2024-01-16 12:33:59.101 [info] /workspaces/spotrflow/Deployment/Graphs/scripts/2024_01_16_large_image_aircraft.sh closed
2024-01-16 12:33:59.117 [info] Active editor: vscode-remote://dev-container%2B7b22686f737450617468223a222f686f6d652f6e6d75727261792f636f64652f73706f7472666c6f77222c226c6f63616c446f636b6572223a66616c73652c22636f6e66696746696c65223a7b22246d6964223a312c22667350617468223a222f686f6d652f6e6d75727261792f636f64652f73706f7472666c6f772f2e646576636f6e7461696e65722f637564613132322f646576636f6e7461696e65722e6a736f6e222c2270617468223a222f686f6d652f6e6d75727261792f636f64652f73706f7472666c6f772f2e646576636f6e7461696e65722f637564613132322f646576636f6e7461696e65722e6a736f6e222c22736368656d65223a2266696c65227d7d/workspaces/spotrflow/Deployment/Graphs/scripts/2024_01_16_large_image_equipment.sh
2024-01-16 12:33:59.122 [info] /workspaces/spotrflow/Deployment/Graphs/scripts/2024_01_16_large_image_aircraft.sh.git closed
2024-01-16 12:34:01.141 [info] /workspaces/spotrflow/Deployment/Graphs/scripts/2024_01_16_large_image_equipment.sh closed
2024-01-16 12:34:01.158 [info] Active editor: vscode-remote://dev-container%2B7b22686f737450617468223a222f686f6d652f6e6d75727261792f636f64652f73706f7472666c6f77222c226c6f63616c446f636b6572223a66616c73652c22636f6e66696746696c65223a7b22246d6964223a312c22667350617468223a222f686f6d652f6e6d75727261792f636f64652f73706f7472666c6f772f2e646576636f6e7461696e65722f637564613132322f646576636f6e7461696e65722e6a736f6e222c2270617468223a222f686f6d652f6e6d75727261792f636f64652f73706f7472666c6f772f2e646576636f6e7461696e65722f637564613132322f646576636f6e7461696e65722e6a736f6e222c22736368656d65223a2266696c65227d7d/workspaces/spotrflow/Deployment/Graphs/scripts/2024_01_16_large_image_aircraft.sh
2024-01-16 12:34:01.161 [info] /workspaces/spotrflow/Deployment/Graphs/scripts/2024_01_16_large_image_equipment.sh.git closed
2024-01-16 12:34:02.218 [info] Active editor: vscode-remote://dev-container%2B7b22686f737450617468223a222f686f6d652f6e6d75727261792f636f64652f73706f7472666c6f77222c226c6f63616c446f636b6572223a66616c73652c22636f6e66696746696c65223a7b22246d6964223a312c22667350617468223a222f686f6d652f6e6d75727261792f636f64652f73706f7472666c6f772f2e646576636f6e7461696e65722f637564613132322f646576636f6e7461696e65722e6a736f6e222c2270617468223a222f686f6d652f6e6d75727261792f636f64652f73706f7472666c6f772f2e646576636f6e7461696e65722f637564613132322f646576636f6e7461696e65722e6a736f6e222c22736368656d65223a2266696c65227d7d/workspaces/spotrflow/Deployment/Graphs/scripts/2024_01_16_large_image_equipment.sh
2024-01-16 12:34:02.221 [info] /workspaces/spotrflow/Deployment/Graphs/scripts/2024_01_16_large_image_aircraft.sh.git closed
2024-01-16 12:34:03.913 [info] /workspaces/spotrflow/gen_graph.sh closed
2024-01-16 12:34:05.137 [info] /workspaces/spotrflow/cut_boron_image.sh closed
2024-01-16 12:34:05.158 [info] /workspaces/spotrflow/cut_boron_image.sh.git closed
2024-01-16 12:34:06.225 [info] Active editor: vscode-remote://dev-container%2B7b22686f737450617468223a222f686f6d652f6e6d75727261792f636f64652f73706f7472666c6f77222c226c6f63616c446f636b6572223a66616c73652c22636f6e66696746696c65223a7b22246d6964223a312c22667350617468223a222f686f6d652f6e6d75727261792f636f64652f73706f7472666c6f772f2e646576636f6e7461696e65722f637564613132322f646576636f6e7461696e65722e6a736f6e222c2270617468223a222f686f6d652f6e6d75727261792f636f64652f73706f7472666c6f772f2e646576636f6e7461696e65722f637564613132322f646576636f6e7461696e65722e6a736f6e222c22736368656d65223a2266696c65227d7d/workspaces/spotrflow/Deployment/Graphs/scripts/2024_01_16_large_image_aircraft.sh
2024-01-16 12:34:06.233 [info] /workspaces/spotrflow/Deployment/Graphs/scripts/2024_01_16_large_image_equipment.sh.git closed
2024-01-16 12:34:07.397 [info] /workspaces/spotrflow/.devcontainer/cuda122/devcontainer.json.git closed
2024-01-16 12:34:07.403 [info] Active editor: vscode-remote://dev-container%2B7b22686f737450617468223a222f686f6d652f6e6d75727261792f636f64652f73706f7472666c6f77222c226c6f63616c446f636b6572223a66616c73652c22636f6e66696746696c65223a7b22246d6964223a312c22667350617468223a222f686f6d652f6e6d75727261792f636f64652f73706f7472666c6f772f2e646576636f6e7461696e65722f637564613132322f646576636f6e7461696e65722e6a736f6e222c2270617468223a222f686f6d652f6e6d75727261792f636f64652f73706f7472666c6f772f2e646576636f6e7461696e65722f637564613132322f646576636f6e7461696e65722e6a736f6e222c22736368656d65223a2266696c65227d7d/workspaces/spotrflow/Deployment/Graphs/scripts/2024_01_16_large_image_aircraft.sh
2024-01-16 12:34:07.415 [info] /workspaces/spotrflow/Deployment/Graphs/scripts/2024_01_16_large_image_aircraft.sh.git closed
2024-01-16 12:34:09.049 [info] /workspaces/spotrflow/.devcontainer/cuda122/devcontainer.json closed
2024-01-16 12:34:14.027 [info] Active editor: vscode-remote://dev-container%2B7b22686f737450617468223a222f686f6d652f6e6d75727261792f636f64652f73706f7472666c6f77222c226c6f63616c446f636b6572223a66616c73652c22636f6e66696746696c65223a7b22246d6964223a312c22667350617468223a222f686f6d652f6e6d75727261792f636f64652f73706f7472666c6f772f2e646576636f6e7461696e65722f637564613132322f646576636f6e7461696e65722e6a736f6e222c2270617468223a222f686f6d652f6e6d75727261792f636f64652f73706f7472666c6f772f2e646576636f6e7461696e65722f637564613132322f646576636f6e7461696e65722e6a736f6e222c22736368656d65223a2266696c65227d7d/workspaces/spotrflow/Source/scripts/do_release.sh
2024-01-16 12:34:14.042 [info] /workspaces/spotrflow/Deployment/Graphs/scripts/2024_01_16_large_image_equipment.sh.git closed
2024-01-16 12:34:16.758 [info] /workspaces/spotrflow/Source/scripts/do_release.sh closed
2024-01-16 12:34:16.761 [info] Active editor: vscode-remote://dev-container%2B7b22686f737450617468223a222f686f6d652f6e6d75727261792f636f64652f73706f7472666c6f77222c226c6f63616c446f636b6572223a66616c73652c22636f6e66696746696c65223a7b22246d6964223a312c22667350617468223a222f686f6d652f6e6d75727261792f636f64652f73706f7472666c6f772f2e646576636f6e7461696e65722f637564613132322f646576636f6e7461696e65722e6a736f6e222c2270617468223a222f686f6d652f6e6d75727261792f636f64652f73706f7472666c6f772f2e646576636f6e7461696e65722f637564613132322f646576636f6e7461696e65722e6a736f6e222c22736368656d65223a2266696c65227d7d/workspaces/spotrflow/Deployment/Graphs/scripts/2024_01_16_large_image_equipment.sh
2024-01-16 12:34:16.767 [info] /workspaces/spotrflow/Source/scripts/do_release.sh.git closed
2024-01-16 12:34:22.549 [info] Active editor: vscode-remote://dev-container%2B7b22686f737450617468223a222f686f6d652f6e6d75727261792f636f64652f73706f7472666c6f77222c226c6f63616c446f636b6572223a66616c73652c22636f6e66696746696c65223a7b22246d6964223a312c22667350617468223a222f686f6d652f6e6d75727261792f636f64652f73706f7472666c6f772f2e646576636f6e7461696e65722f637564613132322f646576636f6e7461696e65722e6a736f6e222c2270617468223a222f686f6d652f6e6d75727261792f636f64652f73706f7472666c6f772f2e646576636f6e7461696e65722f637564613132322f646576636f6e7461696e65722e6a736f6e222c22736368656d65223a2266696c65227d7d/workspaces/spotrflow/Deployment/Graphs/scripts/2024_01_16_large_image_aircraft.sh
2024-01-16 12:34:30.245 [info] Active editor: vscode-remote://dev-container%2B7b22686f737450617468223a222f686f6d652f6e6d75727261792f636f64652f73706f7472666c6f77222c226c6f63616c446f636b6572223a66616c73652c22636f6e66696746696c65223a7b22246d6964223a312c22667350617468223a222f686f6d652f6e6d75727261792f636f64652f73706f7472666c6f772f2e646576636f6e7461696e65722f637564613132322f646576636f6e7461696e65722e6a736f6e222c2270617468223a222f686f6d652f6e6d75727261792f636f64652f73706f7472666c6f772f2e646576636f6e7461696e65722f637564613132322f646576636f6e7461696e65722e6a736f6e222c22736368656d65223a2266696c65227d7d/workspaces/spotrflow/Deployment/Graphs/scripts/2024_01_16_large_image_equipment.sh
2024-01-16 12:36:22.509 [info] Active editor: vscode-remote://dev-container%2B7b22686f737450617468223a222f686f6d652f6e6d75727261792f636f64652f73706f7472666c6f77222c226c6f63616c446f636b6572223a66616c73652c22636f6e66696746696c65223a7b22246d6964223a312c22667350617468223a222f686f6d652f6e6d75727261792f636f64652f73706f7472666c6f772f2e646576636f6e7461696e65722f637564613132322f646576636f6e7461696e65722e6a736f6e222c2270617468223a222f686f6d652f6e6d75727261792f636f64652f73706f7472666c6f772f2e646576636f6e7461696e65722f637564613132322f646576636f6e7461696e65722e6a736f6e222c22736368656d65223a2266696c65227d7d/workspaces/spotrflow/Deployment/Graphs/scripts/2024_01_16_large_image_aircraft.sh
2024-01-16 12:36:35.337 [info] Active editor: vscode-remote://dev-container%2B7b22686f737450617468223a222f686f6d652f6e6d75727261792f636f64652f73706f7472666c6f77222c226c6f63616c446f636b6572223a66616c73652c22636f6e66696746696c65223a7b22246d6964223a312c22667350617468223a222f686f6d652f6e6d75727261792f636f64652f73706f7472666c6f772f2e646576636f6e7461696e65722f637564613132322f646576636f6e7461696e65722e6a736f6e222c2270617468223a222f686f6d652f6e6d75727261792f636f64652f73706f7472666c6f772f2e646576636f6e7461696e65722f637564613132322f646576636f6e7461696e65722e6a736f6e222c22736368656d65223a2266696c65227d7d/workspaces/spotrflow/Deployment/Graphs/scripts/2024_01_16_large_image_equipment.sh
2024-01-16 12:36:56.389 [info] Executing :w
2024-01-16 12:37:05.733 [info] /settings/machine closed
2024-01-16 12:37:05.858 [info] /settings/resourceLanguage closed
2024-01-16 12:37:05.915 [info] /launch closed
2024-01-16 12:37:05.916 [info] /token-styling closed
2024-01-16 12:37:05.916 [info] /textmate-colors closed
2024-01-16 12:37:05.917 [info] /workbench-colors closed
2024-01-16 12:39:02.666 [info] Active editor: vscode-remote://dev-container%2B7b22686f737450617468223a222f686f6d652f6e6d75727261792f636f64652f73706f7472666c6f77222c226c6f63616c446f636b6572223a66616c73652c22636f6e66696746696c65223a7b22246d6964223a312c22667350617468223a222f686f6d652f6e6d75727261792f636f64652f73706f7472666c6f772f2e646576636f6e7461696e65722f637564613132322f646576636f6e7461696e65722e6a736f6e222c2270617468223a222f686f6d652f6e6d75727261792f636f64652f73706f7472666c6f772f2e646576636f6e7461696e65722f637564613132322f646576636f6e7461696e65722e6a736f6e222c22736368656d65223a2266696c65227d7d/workspaces/spotrflow/Deployment/Graphs/scripts/2024_01_16_large_image_aircraft.sh
2024-01-16 12:39:04.549 [info] Executing :w
2024-01-16 12:39:05.508 [info] Executing :wa
2024-01-16 12:41:15.680 [info] Executing :w
2024-01-16 12:46:59.971 [info] Active editor: vscode-remote://dev-container%2B7b22686f737450617468223a222f686f6d652f6e6d75727261792f636f64652f73706f7472666c6f77222c226c6f63616c446f636b6572223a66616c73652c22636f6e66696746696c65223a7b22246d6964223a312c22667350617468223a222f686f6d652f6e6d75727261792f636f64652f73706f7472666c6f772f2e646576636f6e7461696e65722f637564613132322f646576636f6e7461696e65722e6a736f6e222c2270617468223a222f686f6d652f6e6d75727261792f636f64652f73706f7472666c6f772f2e646576636f6e7461696e65722f637564613132322f646576636f6e7461696e65722e6a736f6e222c22736368656d65223a2266696c65227d7d/workspaces/spotrflow/Deployment/Graphs/scripts/2023_12_07_nato_des_knn_with_negatives.sh
2024-01-16 12:46:59.975 [info] /workspaces/spotrflow/Deployment/Graphs/scripts/2024_01_16_large_image_aircraft.sh.git closed
2024-01-16 12:47:01.623 [info] /workspaces/spotrflow/Deployment/Graphs/scripts/2023_12_07_nato_des_knn_with_negatives.sh closed
2024-01-16 12:47:01.635 [info] Active editor: vscode-remote://dev-container%2B7b22686f737450617468223a222f686f6d652f6e6d75727261792f636f64652f73706f7472666c6f77222c226c6f63616c446f636b6572223a66616c73652c22636f6e66696746696c65223a7b22246d6964223a312c22667350617468223a222f686f6d652f6e6d75727261792f636f64652f73706f7472666c6f772f2e646576636f6e7461696e65722f637564613132322f646576636f6e7461696e65722e6a736f6e222c2270617468223a222f686f6d652f6e6d75727261792f636f64652f73706f7472666c6f772f2e646576636f6e7461696e65722f637564613132322f646576636f6e7461696e65722e6a736f6e222c22736368656d65223a2266696c65227d7d/workspaces/spotrflow/Deployment/Graphs/scripts/2024_01_15_large_image_ship_eo_reid_c.sh
2024-01-16 12:47:01.639 [info] /workspaces/spotrflow/Deployment/Graphs/scripts/2023_12_07_nato_des_knn_with_negatives.sh.git closed
2024-01-16 12:47:02.515 [info] /workspaces/spotrflow/Deployment/Graphs/scripts/2024_01_15_large_image_ship_eo_reid_c.sh closed
2024-01-16 12:47:02.536 [info] Active editor: vscode-remote://dev-container%2B7b22686f737450617468223a222f686f6d652f6e6d75727261792f636f64652f73706f7472666c6f77222c226c6f63616c446f636b6572223a66616c73652c22636f6e66696746696c65223a7b22246d6964223a312c22667350617468223a222f686f6d652f6e6d75727261792f636f64652f73706f7472666c6f772f2e646576636f6e7461696e65722f637564613132322f646576636f6e7461696e65722e6a736f6e222c2270617468223a222f686f6d652f6e6d75727261792f636f64652f73706f7472666c6f772f2e646576636f6e7461696e65722f637564613132322f646576636f6e7461696e65722e6a736f6e222c22736368656d65223a2266696c65227d7d/workspaces/spotrflow/Deployment/Graphs/scripts/2023_09_06_person_vehicle_ship_eoir_reid.sh
2024-01-16 12:47:02.538 [info] /workspaces/spotrflow/Deployment/Graphs/scripts/2024_01_15_large_image_ship_eo_reid_c.sh.git closed
2024-01-16 12:47:04.563 [info] /workspaces/spotrflow/Deployment/Graphs/scripts/2023_09_06_person_vehicle_ship_eoir_reid.sh closed
2024-01-16 12:47:04.566 [info] Active editor: vscode-remote://dev-container%2B7b22686f737450617468223a222f686f6d652f6e6d75727261792f636f64652f73706f7472666c6f77222c226c6f63616c446f636b6572223a66616c73652c22636f6e66696746696c65223a7b22246d6964223a312c22667350617468223a222f686f6d652f6e6d75727261792f636f64652f73706f7472666c6f772f2e646576636f6e7461696e65722f637564613132322f646576636f6e7461696e65722e6a736f6e222c2270617468223a222f686f6d652f6e6d75727261792f636f64652f73706f7472666c6f772f2e646576636f6e7461696e65722f637564613132322f646576636f6e7461696e65722e6a736f6e222c22736368656d65223a2266696c65227d7d/workspaces/spotrflow/Deployment/Graphs/scripts/2024_01_16_large_image_equipment.sh
2024-01-16 12:47:04.568 [info] /workspaces/spotrflow/Deployment/Graphs/scripts/2023_09_06_person_vehicle_ship_eoir_reid.sh.git closed
2024-01-16 12:47:05.642 [info] Active editor: vscode-remote://dev-container%2B7b22686f737450617468223a222f686f6d652f6e6d75727261792f636f64652f73706f7472666c6f77222c226c6f63616c446f636b6572223a66616c73652c22636f6e66696746696c65223a7b22246d6964223a312c22667350617468223a222f686f6d652f6e6d75727261792f636f64652f73706f7472666c6f772f2e646576636f6e7461696e65722f637564613132322f646576636f6e7461696e65722e6a736f6e222c2270617468223a222f686f6d652f6e6d75727261792f636f64652f73706f7472666c6f772f2e646576636f6e7461696e65722f637564613132322f646576636f6e7461696e65722e6a736f6e222c22736368656d65223a2266696c65227d7d/workspaces/spotrflow/Deployment/Graphs/scripts/2024_01_16_large_image_aircraft.sh
2024-01-16 12:47:07.647 [info] Active editor: vscode-remote://dev-container%2B7b22686f737450617468223a222f686f6d652f6e6d75727261792f636f64652f73706f7472666c6f77222c226c6f63616c446f636b6572223a66616c73652c22636f6e66696746696c65223a7b22246d6964223a312c22667350617468223a222f686f6d652f6e6d75727261792f636f64652f73706f7472666c6f772f2e646576636f6e7461696e65722f637564613132322f646576636f6e7461696e65722e6a736f6e222c2270617468223a222f686f6d652f6e6d75727261792f636f64652f73706f7472666c6f772f2e646576636f6e7461696e65722f637564613132322f646576636f6e7461696e65722e6a736f6e222c22736368656d65223a2266696c65227d7d/workspaces/spotrflow/Deployment/Graphs/scripts/2024_01_16_large_image_equipment.sh
2024-01-16 12:47:07.649 [info] /workspaces/spotrflow/Deployment/Graphs/scripts/2024_01_16_large_image_aircraft.sh.git closed
2024-01-16 12:47:09.678 [info] Active editor: vscode-remote://dev-container%2B7b22686f737450617468223a222f686f6d652f6e6d75727261792f636f64652f73706f7472666c6f77222c226c6f63616c446f636b6572223a66616c73652c22636f6e66696746696c65223a7b22246d6964223a312c22667350617468223a222f686f6d652f6e6d75727261792f636f64652f73706f7472666c6f772f2e646576636f6e7461696e65722f637564613132322f646576636f6e7461696e65722e6a736f6e222c2270617468223a222f686f6d652f6e6d75727261792f636f64652f73706f7472666c6f772f2e646576636f6e7461696e65722f637564613132322f646576636f6e7461696e65722e6a736f6e222c22736368656d65223a2266696c65227d7d/workspaces/spotrflow/Deployment/Graphs/scripts/2024_01_16_large_image_aircraft.sh
2024-01-16 12:47:16.333 [info] Active editor: vscode-remote://dev-container%2B7b22686f737450617468223a222f686f6d652f6e6d75727261792f636f64652f73706f7472666c6f77222c226c6f63616c446f636b6572223a66616c73652c22636f6e66696746696c65223a7b22246d6964223a312c22667350617468223a222f686f6d652f6e6d75727261792f636f64652f73706f7472666c6f772f2e646576636f6e7461696e65722f637564613132322f646576636f6e7461696e65722e6a736f6e222c2270617468223a222f686f6d652f6e6d75727261792f636f64652f73706f7472666c6f772f2e646576636f6e7461696e65722f637564613132322f646576636f6e7461696e65722e6a736f6e222c22736368656d65223a2266696c65227d7d/workspaces/spotrflow/Deployment/Graphs/scripts/2024_01_16_large_image_equipment.sh
2024-01-16 12:47:21.425 [info] Active editor: vscode-remote://dev-container%2B7b22686f737450617468223a222f686f6d652f6e6d75727261792f636f64652f73706f7472666c6f77222c226c6f63616c446f636b6572223a66616c73652c22636f6e66696746696c65223a7b22246d6964223a312c22667350617468223a222f686f6d652f6e6d75727261792f636f64652f73706f7472666c6f772f2e646576636f6e7461696e65722f637564613132322f646576636f6e7461696e65722e6a736f6e222c2270617468223a222f686f6d652f6e6d75727261792f636f64652f73706f7472666c6f772f2e646576636f6e7461696e65722f637564613132322f646576636f6e7461696e65722e6a736f6e222c22736368656d65223a2266696c65227d7d/workspaces/spotrflow/Deployment/Graphs/scripts/2024_01_16_large_image_aircraft.sh
2024-01-16 12:48:35.328 [info] Active editor: vscode-remote://dev-container%2B7b22686f737450617468223a222f686f6d652f6e6d75727261792f636f64652f73706f7472666c6f77222c226c6f63616c446f636b6572223a66616c73652c22636f6e66696746696c65223a7b22246d6964223a312c22667350617468223a222f686f6d652f6e6d75727261792f636f64652f73706f7472666c6f772f2e646576636f6e7461696e65722f637564613132322f646576636f6e7461696e65722e6a736f6e222c2270617468223a222f686f6d652f6e6d75727261792f636f64652f73706f7472666c6f772f2e646576636f6e7461696e65722f637564613132322f646576636f6e7461696e65722e6a736f6e222c22736368656d65223a2266696c65227d7d/workspaces/spotrflow/Deployment/Graphs/scripts/2024_01_16_large_image_equipment.sh
2024-01-16 12:57:37.510 [info] Active editor: vscode-remote://dev-container%2B7b22686f737450617468223a222f686f6d652f6e6d75727261792f636f64652f73706f7472666c6f77222c226c6f63616c446f636b6572223a66616c73652c22636f6e66696746696c65223a7b22246d6964223a312c22667350617468223a222f686f6d652f6e6d75727261792f636f64652f73706f7472666c6f772f2e646576636f6e7461696e65722f637564613132322f646576636f6e7461696e65722e6a736f6e222c2270617468223a222f686f6d652f6e6d75727261792f636f64652f73706f7472666c6f772f2e646576636f6e7461696e65722f637564613132322f646576636f6e7461696e65722e6a736f6e222c22736368656d65223a2266696c65227d7d/workspaces/spotrflow/Deployment/Graphs/scripts/2024_01_15_large_image_ship_eo_reid.sh
2024-01-16 12:57:37.515 [info] /workspaces/spotrflow/Deployment/Graphs/scripts/2024_01_16_large_image_equipment.sh.git closed
2024-01-16 12:58:08.844 [info] Executing :w
2024-01-16 13:01:24.673 [info] Executing :w
2024-01-16 13:02:43.070 [info] Executing :w
2024-01-16 13:15:15.267 [info] Active editor: vscode-remote://dev-container%2B7b22686f737450617468223a222f686f6d652f6e6d75727261792f636f64652f73706f7472666c6f77222c226c6f63616c446f636b6572223a66616c73652c22636f6e66696746696c65223a7b22246d6964223a312c22667350617468223a222f686f6d652f6e6d75727261792f636f64652f73706f7472666c6f772f2e646576636f6e7461696e65722f637564613132322f646576636f6e7461696e65722e6a736f6e222c2270617468223a222f686f6d652f6e6d75727261792f636f64652f73706f7472666c6f772f2e646576636f6e7461696e65722f637564613132322f646576636f6e7461696e65722e6a736f6e222c22736368656d65223a2266696c65227d7d/workspaces/spotrflow/Deployment/Graphs/scripts/2024_01_16_large_image_aircraft.sh
2024-01-16 13:15:31.607 [info] Active editor: vscode-remote://dev-container%2B7b22686f737450617468223a222f686f6d652f6e6d75727261792f636f64652f73706f7472666c6f77222c226c6f63616c446f636b6572223a66616c73652c22636f6e66696746696c65223a7b22246d6964223a312c22667350617468223a222f686f6d652f6e6d75727261792f636f64652f73706f7472666c6f772f2e646576636f6e7461696e65722f637564613132322f646576636f6e7461696e65722e6a736f6e222c2270617468223a222f686f6d652f6e6d75727261792f636f64652f73706f7472666c6f772f2e646576636f6e7461696e65722f637564613132322f646576636f6e7461696e65722e6a736f6e222c22736368656d65223a2266696c65227d7d/workspaces/spotrflow/Deployment/Graphs/scripts/2024_01_16_large_image_equipment.sh
2024-01-16 13:15:31.609 [info] /workspaces/spotrflow/Deployment/Graphs/scripts/2024_01_15_large_image_ship_eo_reid.sh.git closed
2024-01-16 13:15:59.722 [info] Active editor: vscode-remote://dev-container%2B7b22686f737450617468223a222f686f6d652f6e6d75727261792f636f64652f73706f7472666c6f77222c226c6f63616c446f636b6572223a66616c73652c22636f6e66696746696c65223a7b22246d6964223a312c22667350617468223a222f686f6d652f6e6d75727261792f636f64652f73706f7472666c6f772f2e646576636f6e7461696e65722f637564613132322f646576636f6e7461696e65722e6a736f6e222c2270617468223a222f686f6d652f6e6d75727261792f636f64652f73706f7472666c6f772f2e646576636f6e7461696e65722f637564613132322f646576636f6e7461696e65722e6a736f6e222c22736368656d65223a2266696c65227d7d/workspaces/spotrflow/Deployment/Graphs/scripts/2024_01_16_large_image_aircraft.sh
2024-01-17 11:44:32.415 [info] Active editor: vscode-remote://dev-container%2B7b22686f737450617468223a222f686f6d652f6e6d75727261792f636f64652f73706f7472666c6f77222c226c6f63616c446f636b6572223a66616c73652c22636f6e66696746696c65223a7b22246d6964223a312c22667350617468223a222f686f6d652f6e6d75727261792f636f64652f73706f7472666c6f772f2e646576636f6e7461696e65722f637564613132322f646576636f6e7461696e65722e6a736f6e222c2270617468223a222f686f6d652f6e6d75727261792f636f64652f73706f7472666c6f772f2e646576636f6e7461696e65722f637564613132322f646576636f6e7461696e65722e6a736f6e222c22736368656d65223a2266696c65227d7d/workspaces/spotrflow/Deployment/Graphs/scripts/2024_01_16_large_image_equipment.sh
2024-01-17 11:44:57.611 [info] Active editor: vscode-remote://dev-container%2B7b22686f737450617468223a222f686f6d652f6e6d75727261792f636f64652f73706f7472666c6f77222c226c6f63616c446f636b6572223a66616c73652c22636f6e66696746696c65223a7b22246d6964223a312c22667350617468223a222f686f6d652f6e6d75727261792f636f64652f73706f7472666c6f772f2e646576636f6e7461696e65722f637564613132322f646576636f6e7461696e65722e6a736f6e222c2270617468223a222f686f6d652f6e6d75727261792f636f64652f73706f7472666c6f772f2e646576636f6e7461696e65722f637564613132322f646576636f6e7461696e65722e6a736f6e222c22736368656d65223a2266696c65227d7d/workspaces/spotrflow/Deployment/Graphs/scripts/2024_01_16_large_image_aircraft.sh
2024-01-17 11:45:35.457 [info] Executing :w
2024-01-17 12:41:52.781 [info] Executing :w
2024-01-17 12:42:40.324 [info] Searching for .pb
2024-01-17 12:42:53.688 [info] Searching for \.pb
2024-01-17 12:46:09.344 [info] Active editor: vscode-remote://dev-container%2B7b22686f737450617468223a222f686f6d652f6e6d75727261792f636f64652f73706f7472666c6f77222c226c6f63616c446f636b6572223a66616c73652c22636f6e66696746696c65223a7b22246d6964223a312c22667350617468223a222f686f6d652f6e6d75727261792f636f64652f73706f7472666c6f772f2e646576636f6e7461696e65722f637564613132322f646576636f6e7461696e65722e6a736f6e222c2270617468223a222f686f6d652f6e6d75727261792f636f64652f73706f7472666c6f772f2e646576636f6e7461696e65722f637564613132322f646576636f6e7461696e65722e6a736f6e222c22736368656d65223a2266696c65227d7d/workspaces/spotrflow/Examples/spotrflow_examples/detection/inference_large_image.py
2024-01-17 12:46:09.351 [info] /workspaces/spotrflow/Deployment/Graphs/scripts/2024_01_16_large_image_aircraft.sh.git closed
2024-01-17 12:46:13.688 [info] /workspaces/spotrflow/Deployment/Graphs/scripts/2024_01_16_large_image_equipment.sh.git closed
2024-01-17 12:46:13.691 [info] Active editor: vscode-remote://dev-container%2B7b22686f737450617468223a222f686f6d652f6e6d75727261792f636f64652f73706f7472666c6f77222c226c6f63616c446f636b6572223a66616c73652c22636f6e66696746696c65223a7b22246d6964223a312c22667350617468223a222f686f6d652f6e6d75727261792f636f64652f73706f7472666c6f772f2e646576636f6e7461696e65722f637564613132322f646576636f6e7461696e65722e6a736f6e222c2270617468223a222f686f6d652f6e6d75727261792f636f64652f73706f7472666c6f772f2e646576636f6e7461696e65722f637564613132322f646576636f6e7461696e65722e6a736f6e222c22736368656d65223a2266696c65227d7d/workspaces/spotrflow/Examples/spotrflow_examples/detection/inference_large_image.py
2024-01-17 12:46:13.700 [info] /workspaces/spotrflow/Examples/spotrflow_examples/detection/inference_large_image.py.git closed
2024-01-17 12:46:40.472 [info] Searching for model
2024-01-17 12:48:33.913 [info] Active editor: vscode-remote://dev-container%2B7b22686f737450617468223a222f686f6d652f6e6d75727261792f636f64652f73706f7472666c6f77222c226c6f63616c446f636b6572223a66616c73652c22636f6e66696746696c65223a7b22246d6964223a312c22667350617468223a222f686f6d652f6e6d75727261792f636f64652f73706f7472666c6f772f2e646576636f6e7461696e65722f637564613132322f646576636f6e7461696e65722e6a736f6e222c2270617468223a222f686f6d652f6e6d75727261792f636f64652f73706f7472666c6f772f2e646576636f6e7461696e65722f637564613132322f646576636f6e7461696e65722e6a736f6e222c22736368656d65223a2266696c65227d7d/workspaces/spotrflow/Deployment/Graphs/scripts/2024_01_15_large_image_ship_eo_reid.sh
2024-01-17 12:48:33.922 [info] /workspaces/spotrflow/Examples/spotrflow_examples/detection/inference_large_image.py.git closed
2024-01-17 12:48:34.552 [info] Active editor: vscode-remote://dev-container%2B7b22686f737450617468223a222f686f6d652f6e6d75727261792f636f64652f73706f7472666c6f77222c226c6f63616c446f636b6572223a66616c73652c22636f6e66696746696c65223a7b22246d6964223a312c22667350617468223a222f686f6d652f6e6d75727261792f636f64652f73706f7472666c6f772f2e646576636f6e7461696e65722f637564613132322f646576636f6e7461696e65722e6a736f6e222c2270617468223a222f686f6d652f6e6d75727261792f636f64652f73706f7472666c6f772f2e646576636f6e7461696e65722f637564613132322f646576636f6e7461696e65722e6a736f6e222c22736368656d65223a2266696c65227d7d/workspaces/spotrflow/Deployment/Graphs/scripts/2024_01_16_large_image_equipment.sh
2024-01-17 12:48:34.557 [info] /workspaces/spotrflow/Deployment/Graphs/scripts/2024_01_15_large_image_ship_eo_reid.sh.git closed
2024-01-17 12:53:46.861 [info] Active editor: vscode-remote://dev-container%2B7b22686f737450617468223a222f686f6d652f6e6d75727261792f636f64652f73706f7472666c6f77222c226c6f63616c446f636b6572223a66616c73652c22636f6e66696746696c65223a7b22246d6964223a312c22667350617468223a222f686f6d652f6e6d75727261792f636f64652f73706f7472666c6f772f2e646576636f6e7461696e65722f637564613132322f646576636f6e7461696e65722e6a736f6e222c2270617468223a222f686f6d652f6e6d75727261792f636f64652f73706f7472666c6f772f2e646576636f6e7461696e65722f637564613132322f646576636f6e7461696e65722e6a736f6e222c22736368656d65223a2266696c65227d7d/workspaces/spotrflow/Deployment/Graphs/scripts/2024_01_16_large_image_aircraft.sh
2024-01-17 13:06:52.753 [info] Active editor: vscode-remote://dev-container%2B7b22686f737450617468223a222f686f6d652f6e6d75727261792f636f64652f73706f7472666c6f77222c226c6f63616c446f636b6572223a66616c73652c22636f6e66696746696c65223a7b22246d6964223a312c22667350617468223a222f686f6d652f6e6d75727261792f636f64652f73706f7472666c6f772f2e646576636f6e7461696e65722f637564613132322f646576636f6e7461696e65722e6a736f6e222c2270617468223a222f686f6d652f6e6d75727261792f636f64652f73706f7472666c6f772f2e646576636f6e7461696e65722f637564613132322f646576636f6e7461696e65722e6a736f6e222c22736368656d65223a2266696c65227d7d/workspaces/spotrflow/Deployment/Graphs/scripts/2024_01_16_large_image_equipment.sh
2024-01-17 13:06:52.759 [info] /workspaces/spotrflow/Deployment/Graphs/scripts/2024_01_16_large_image_aircraft.sh.git closed
2024-01-17 13:07:05.355 [info] Active editor: vscode-remote://dev-container%2B7b22686f737450617468223a222f686f6d652f6e6d75727261792f636f64652f73706f7472666c6f77222c226c6f63616c446f636b6572223a66616c73652c22636f6e66696746696c65223a7b22246d6964223a312c22667350617468223a222f686f6d652f6e6d75727261792f636f64652f73706f7472666c6f772f2e646576636f6e7461696e65722f637564613132322f646576636f6e7461696e65722e6a736f6e222c2270617468223a222f686f6d652f6e6d75727261792f636f64652f73706f7472666c6f772f2e646576636f6e7461696e65722f637564613132322f646576636f6e7461696e65722e6a736f6e222c22736368656d65223a2266696c65227d7d/workspaces/spotrflow/Deployment/Graphs/scripts/2024_01_16_large_image_aircraft.sh
2024-01-17 13:07:09.886 [info] Active editor: vscode-remote://dev-container%2B7b22686f737450617468223a222f686f6d652f6e6d75727261792f636f64652f73706f7472666c6f77222c226c6f63616c446f636b6572223a66616c73652c22636f6e66696746696c65223a7b22246d6964223a312c22667350617468223a222f686f6d652f6e6d75727261792f636f64652f73706f7472666c6f772f2e646576636f6e7461696e65722f637564613132322f646576636f6e7461696e65722e6a736f6e222c2270617468223a222f686f6d652f6e6d75727261792f636f64652f73706f7472666c6f772f2e646576636f6e7461696e65722f637564613132322f646576636f6e7461696e65722e6a736f6e222c22736368656d65223a2266696c65227d7d/workspaces/spotrflow/Deployment/Graphs/scripts/2024_01_16_large_image_equipment.sh
2024-01-17 13:07:09.891 [info] /workspaces/spotrflow/Deployment/Graphs/scripts/2024_01_16_large_image_aircraft.sh.git closed
2024-01-17 13:07:12.109 [info] Active editor: vscode-remote://dev-container%2B7b22686f737450617468223a222f686f6d652f6e6d75727261792f636f64652f73706f7472666c6f77222c226c6f63616c446f636b6572223a66616c73652c22636f6e66696746696c65223a7b22246d6964223a312c22667350617468223a222f686f6d652f6e6d75727261792f636f64652f73706f7472666c6f772f2e646576636f6e7461696e65722f637564613132322f646576636f6e7461696e65722e6a736f6e222c2270617468223a222f686f6d652f6e6d75727261792f636f64652f73706f7472666c6f772f2e646576636f6e7461696e65722f637564613132322f646576636f6e7461696e65722e6a736f6e222c22736368656d65223a2266696c65227d7d/workspaces/spotrflow/Deployment/Graphs/scripts/2024_01_16_large_image_aircraft.sh
2024-01-17 13:08:13.543 [info] Active editor: vscode-remote://dev-container%2B7b22686f737450617468223a222f686f6d652f6e6d75727261792f636f64652f73706f7472666c6f77222c226c6f63616c446f636b6572223a66616c73652c22636f6e66696746696c65223a7b22246d6964223a312c22667350617468223a222f686f6d652f6e6d75727261792f636f64652f73706f7472666c6f772f2e646576636f6e7461696e65722f637564613132322f646576636f6e7461696e65722e6a736f6e222c2270617468223a222f686f6d652f6e6d75727261792f636f64652f73706f7472666c6f772f2e646576636f6e7461696e65722f637564613132322f646576636f6e7461696e65722e6a736f6e222c22736368656d65223a2266696c65227d7d/workspaces/spotrflow/Deployment/Graphs/scripts/2024_01_16_large_image_equipment.sh
2024-01-17 13:08:17.288 [info] Active editor: vscode-remote://dev-container%2B7b22686f737450617468223a222f686f6d652f6e6d75727261792f636f64652f73706f7472666c6f77222c226c6f63616c446f636b6572223a66616c73652c22636f6e66696746696c65223a7b22246d6964223a312c22667350617468223a222f686f6d652f6e6d75727261792f636f64652f73706f7472666c6f772f2e646576636f6e7461696e65722f637564613132322f646576636f6e7461696e65722e6a736f6e222c2270617468223a222f686f6d652f6e6d75727261792f636f64652f73706f7472666c6f772f2e646576636f6e7461696e65722f637564613132322f646576636f6e7461696e65722e6a736f6e222c22736368656d65223a2266696c65227d7d/workspaces/spotrflow/Deployment/Graphs/scripts/2024_01_16_large_image_aircraft.sh
2024-01-17 13:08:20.766 [info] Executing :w
2024-01-17 13:08:30.091 [info] Executing :w
2024-01-17 13:08:34.331 [info] Active editor: vscode-remote://dev-container%2B7b22686f737450617468223a222f686f6d652f6e6d75727261792f636f64652f73706f7472666c6f77222c226c6f63616c446f636b6572223a66616c73652c22636f6e66696746696c65223a7b22246d6964223a312c22667350617468223a222f686f6d652f6e6d75727261792f636f64652f73706f7472666c6f772f2e646576636f6e7461696e65722f637564613132322f646576636f6e7461696e65722e6a736f6e222c2270617468223a222f686f6d652f6e6d75727261792f636f64652f73706f7472666c6f772f2e646576636f6e7461696e65722f637564613132322f646576636f6e7461696e65722e6a736f6e222c22736368656d65223a2266696c65227d7d/workspaces/spotrflow/Deployment/Graphs/scripts/2024_01_16_large_image_equipment.sh
2024-01-17 13:09:00.617 [info] Active editor: vscode-remote://dev-container%2B7b22686f737450617468223a222f686f6d652f6e6d75727261792f636f64652f73706f7472666c6f77222c226c6f63616c446f636b6572223a66616c73652c22636f6e66696746696c65223a7b22246d6964223a312c22667350617468223a222f686f6d652f6e6d75727261792f636f64652f73706f7472666c6f772f2e646576636f6e7461696e65722f637564613132322f646576636f6e7461696e65722e6a736f6e222c2270617468223a222f686f6d652f6e6d75727261792f636f64652f73706f7472666c6f772f2e646576636f6e7461696e65722f637564613132322f646576636f6e7461696e65722e6a736f6e222c22736368656d65223a2266696c65227d7d/workspaces/spotrflow/gen_graph.sh
2024-01-17 13:09:00.622 [info] /workspaces/spotrflow/Deployment/Graphs/scripts/2024_01_16_large_image_equipment.sh.git closed
2024-01-17 13:10:39.251 [info] Executing :w
2024-01-17 13:10:45.317 [info] Active editor: vscode-remote://dev-container%2B7b22686f737450617468223a222f686f6d652f6e6d75727261792f636f64652f73706f7472666c6f77222c226c6f63616c446f636b6572223a66616c73652c22636f6e66696746696c65223a7b22246d6964223a312c22667350617468223a222f686f6d652f6e6d75727261792f636f64652f73706f7472666c6f772f2e646576636f6e7461696e65722f637564613132322f646576636f6e7461696e65722e6a736f6e222c2270617468223a222f686f6d652f6e6d75727261792f636f64652f73706f7472666c6f772f2e646576636f6e7461696e65722f637564613132322f646576636f6e7461696e65722e6a736f6e222c22736368656d65223a2266696c65227d7d/workspaces/spotrflow/Deployment/Graphs/scripts/2024_01_16_large_image_aircraft.sh
2024-01-17 13:10:49.540 [info] Executing :w
2024-01-17 13:10:50.211 [info] Executing :w
2024-01-17 13:10:50.651 [info] Executing :w
2024-01-17 13:11:06.274 [info] Active editor: vscode-remote://dev-container%2B7b22686f737450617468223a222f686f6d652f6e6d75727261792f636f64652f73706f7472666c6f77222c226c6f63616c446f636b6572223a66616c73652c22636f6e66696746696c65223a7b22246d6964223a312c22667350617468223a222f686f6d652f6e6d75727261792f636f64652f73706f7472666c6f772f2e646576636f6e7461696e65722f637564613132322f646576636f6e7461696e65722e6a736f6e222c2270617468223a222f686f6d652f6e6d75727261792f636f64652f73706f7472666c6f772f2e646576636f6e7461696e65722f637564613132322f646576636f6e7461696e65722e6a736f6e222c22736368656d65223a2266696c65227d7d/workspaces/spotrflow/Deployment/Graphs/scripts/2024_01_16_large_image_equipment.sh
2024-01-17 13:11:06.280 [info] /workspaces/spotrflow/Deployment/Graphs/scripts/2024_01_16_large_image_aircraft.sh.git closed
2024-01-17 13:11:08.220 [info] Active editor: vscode-remote://dev-container%2B7b22686f737450617468223a222f686f6d652f6e6d75727261792f636f64652f73706f7472666c6f77222c226c6f63616c446f636b6572223a66616c73652c22636f6e66696746696c65223a7b22246d6964223a312c22667350617468223a222f686f6d652f6e6d75727261792f636f64652f73706f7472666c6f772f2e646576636f6e7461696e65722f637564613132322f646576636f6e7461696e65722e6a736f6e222c2270617468223a222f686f6d652f6e6d75727261792f636f64652f73706f7472666c6f772f2e646576636f6e7461696e65722f637564613132322f646576636f6e7461696e65722e6a736f6e222c22736368656d65223a2266696c65227d7d/workspaces/spotrflow/Deployment/Graphs/scripts/2024_01_16_large_image_aircraft.sh
2024-01-17 13:11:08.225 [info] /workspaces/spotrflow/Deployment/Graphs/scripts/2024_01_16_large_image_equipment.sh.git closed
2024-01-17 13:11:56.410 [info] Active editor: vscode-remote://dev-container%2B7b22686f737450617468223a222f686f6d652f6e6d75727261792f636f64652f73706f7472666c6f77222c226c6f63616c446f636b6572223a66616c73652c22636f6e66696746696c65223a7b22246d6964223a312c22667350617468223a222f686f6d652f6e6d75727261792f636f64652f73706f7472666c6f772f2e646576636f6e7461696e65722f637564613132322f646576636f6e7461696e65722e6a736f6e222c2270617468223a222f686f6d652f6e6d75727261792f636f64652f73706f7472666c6f772f2e646576636f6e7461696e65722f637564613132322f646576636f6e7461696e65722e6a736f6e222c22736368656d65223a2266696c65227d7d/workspaces/spotrflow/Deployment/Graphs/scripts/2024_01_16_large_image_equipment.sh
2024-01-17 13:11:56.418 [info] /workspaces/spotrflow/gen_graph.sh.git closed
2024-01-17 13:12:00.730 [info] Active editor: vscode-remote://dev-container%2B7b22686f737450617468223a222f686f6d652f6e6d75727261792f636f64652f73706f7472666c6f77222c226c6f63616c446f636b6572223a66616c73652c22636f6e66696746696c65223a7b22246d6964223a312c22667350617468223a222f686f6d652f6e6d75727261792f636f64652f73706f7472666c6f772f2e646576636f6e7461696e65722f637564613132322f646576636f6e7461696e65722e6a736f6e222c2270617468223a222f686f6d652f6e6d75727261792f636f64652f73706f7472666c6f772f2e646576636f6e7461696e65722f637564613132322f646576636f6e7461696e65722e6a736f6e222c22736368656d65223a2266696c65227d7d/workspaces/spotrflow/Deployment/Graphs/scripts/2024_01_16_large_image_aircraft.sh
2024-01-17 13:13:26.593 [info] Executing :w
2024-01-17 13:16:39.180 [info] Active editor: vscode-remote://dev-container%2B7b22686f737450617468223a222f686f6d652f6e6d75727261792f636f64652f73706f7472666c6f77222c226c6f63616c446f636b6572223a66616c73652c22636f6e66696746696c65223a7b22246d6964223a312c22667350617468223a222f686f6d652f6e6d75727261792f636f64652f73706f7472666c6f772f2e646576636f6e7461696e65722f637564613132322f646576636f6e7461696e65722e6a736f6e222c2270617468223a222f686f6d652f6e6d75727261792f636f64652f73706f7472666c6f772f2e646576636f6e7461696e65722f637564613132322f646576636f6e7461696e65722e6a736f6e222c22736368656d65223a2266696c65227d7d/workspaces/spotrflow/Deployment/Graphs/scripts/2024_01_15_large_image_ship_eo_reid.sh
2024-01-17 13:16:39.182 [info] /workspaces/spotrflow/Deployment/Graphs/scripts/2024_01_16_large_image_equipment.sh.git closed
2024-01-17 13:21:56.219 [info] Active editor: vscode-remote://dev-container%2B7b22686f737450617468223a222f686f6d652f6e6d75727261792f636f64652f73706f7472666c6f77222c226c6f63616c446f636b6572223a66616c73652c22636f6e66696746696c65223a7b22246d6964223a312c22667350617468223a222f686f6d652f6e6d75727261792f636f64652f73706f7472666c6f772f2e646576636f6e7461696e65722f637564613132322f646576636f6e7461696e65722e6a736f6e222c2270617468223a222f686f6d652f6e6d75727261792f636f64652f73706f7472666c6f772f2e646576636f6e7461696e65722f637564613132322f646576636f6e7461696e65722e6a736f6e222c22736368656d65223a2266696c65227d7d/workspaces/spotrflow/Deployment/Graphs/scripts/2024_01_16_large_image_equipment.sh
2024-01-17 13:21:56.226 [info] /workspaces/spotrflow/Deployment/Graphs/scripts/2024_01_15_large_image_ship_eo_reid.sh.git closed
2024-01-17 13:21:57.119 [info] Active editor: vscode-remote://dev-container%2B7b22686f737450617468223a222f686f6d652f6e6d75727261792f636f64652f73706f7472666c6f77222c226c6f63616c446f636b6572223a66616c73652c22636f6e66696746696c65223a7b22246d6964223a312c22667350617468223a222f686f6d652f6e6d75727261792f636f64652f73706f7472666c6f772f2e646576636f6e7461696e65722f637564613132322f646576636f6e7461696e65722e6a736f6e222c2270617468223a222f686f6d652f6e6d75727261792f636f64652f73706f7472666c6f772f2e646576636f6e7461696e65722f637564613132322f646576636f6e7461696e65722e6a736f6e222c22736368656d65223a2266696c65227d7d/workspaces/spotrflow/Deployment/Graphs/scripts/2024_01_16_large_image_aircraft.sh
2024-01-17 13:21:58.804 [info] Executing :'<,'>w
2024-01-17 13:21:59.334 [info] Executing :w
2024-01-17 13:21:59.779 [info] Executing :w
2024-01-17 13:22:06.538 [info] Active editor: vscode-remote://dev-container%2B7b22686f737450617468223a222f686f6d652f6e6d75727261792f636f64652f73706f7472666c6f77222c226c6f63616c446f636b6572223a66616c73652c22636f6e66696746696c65223a7b22246d6964223a312c22667350617468223a222f686f6d652f6e6d75727261792f636f64652f73706f7472666c6f772f2e646576636f6e7461696e65722f637564613132322f646576636f6e7461696e65722e6a736f6e222c2270617468223a222f686f6d652f6e6d75727261792f636f64652f73706f7472666c6f772f2e646576636f6e7461696e65722f637564613132322f646576636f6e7461696e65722e6a736f6e222c22736368656d65223a2266696c65227d7d/workspaces/spotrflow/Deployment/Graphs/scripts/2024_01_16_large_image_equipment.sh
2024-01-17 13:22:09.258 [info] Executing :w
2024-01-17 13:25:00.696 [info] Executing :w
2024-01-17 13:25:09.246 [info] Executing :w
2024-01-17 14:38:11.659 [info] Executing :w
2024-01-17 14:38:13.584 [info] Active editor: vscode-remote://dev-container%2B7b22686f737450617468223a222f686f6d652f6e6d75727261792f636f64652f73706f7472666c6f77222c226c6f63616c446f636b6572223a66616c73652c22636f6e66696746696c65223a7b22246d6964223a312c22667350617468223a222f686f6d652f6e6d75727261792f636f64652f73706f7472666c6f772f2e646576636f6e7461696e65722f637564613132322f646576636f6e7461696e65722e6a736f6e222c2270617468223a222f686f6d652f6e6d75727261792f636f64652f73706f7472666c6f772f2e646576636f6e7461696e65722f637564613132322f646576636f6e7461696e65722e6a736f6e222c22736368656d65223a2266696c65227d7d/workspaces/spotrflow/Deployment/Graphs/scripts/2024_01_16_large_image_aircraft.sh
2024-01-17 14:38:22.493 [info] Executing :w
2024-01-17 14:38:28.538 [info] Active editor: vscode-remote://dev-container%2B7b22686f737450617468223a222f686f6d652f6e6d75727261792f636f64652f73706f7472666c6f77222c226c6f63616c446f636b6572223a66616c73652c22636f6e66696746696c65223a7b22246d6964223a312c22667350617468223a222f686f6d652f6e6d75727261792f636f64652f73706f7472666c6f772f2e646576636f6e7461696e65722f637564613132322f646576636f6e7461696e65722e6a736f6e222c2270617468223a222f686f6d652f6e6d75727261792f636f64652f73706f7472666c6f772f2e646576636f6e7461696e65722f637564613132322f646576636f6e7461696e65722e6a736f6e222c22736368656d65223a2266696c65227d7d/workspaces/spotrflow/Deployment/Graphs/scripts/2024_01_16_large_image_equipment.sh
2024-01-17 14:38:29.880 [info] Active editor: vscode-remote://dev-container%2B7b22686f737450617468223a222f686f6d652f6e6d75727261792f636f64652f73706f7472666c6f77222c226c6f63616c446f636b6572223a66616c73652c22636f6e66696746696c65223a7b22246d6964223a312c22667350617468223a222f686f6d652f6e6d75727261792f636f64652f73706f7472666c6f772f2e646576636f6e7461696e65722f637564613132322f646576636f6e7461696e65722e6a736f6e222c2270617468223a222f686f6d652f6e6d75727261792f636f64652f73706f7472666c6f772f2e646576636f6e7461696e65722f637564613132322f646576636f6e7461696e65722e6a736f6e222c22736368656d65223a2266696c65227d7d/workspaces/spotrflow/Deployment/Graphs/scripts/2024_01_15_large_image_ship_eo_reid.sh
2024-01-17 14:38:29.885 [info] /workspaces/spotrflow/Deployment/Graphs/scripts/2024_01_16_large_image_equipment.sh.git closed
2024-01-17 14:38:34.143 [info] Executing :w
2024-01-17 14:38:35.271 [info] Executing :w
2024-01-17 14:38:35.765 [info] Executing :w
2024-01-22 16:05:58.012 [info] Active editor: vscode-remote://dev-container%2B7b22686f737450617468223a222f686f6d652f6e6d75727261792f636f64652f73706f7472666c6f77222c226c6f63616c446f636b6572223a66616c73652c22636f6e66696746696c65223a7b22246d6964223a312c22667350617468223a222f686f6d652f6e6d75727261792f636f64652f73706f7472666c6f772f2e646576636f6e7461696e65722f637564613132322f646576636f6e7461696e65722e6a736f6e222c2270617468223a222f686f6d652f6e6d75727261792f636f64652f73706f7472666c6f772f2e646576636f6e7461696e65722f637564613132322f646576636f6e7461696e65722e6a736f6e222c22736368656d65223a2266696c65227d7d/workspaces/spotrflow/Deployment/Graphs/scripts/2024_01_15_large_image_ship_eo_reid_c.sh
2024-01-22 16:05:58.019 [info] /workspaces/spotrflow/Deployment/Graphs/scripts/2024_01_15_large_image_ship_eo_reid.sh.git closed
2024-01-22 16:05:59.594 [info] Active editor: vscode-remote://dev-container%2B7b22686f737450617468223a222f686f6d652f6e6d75727261792f636f64652f73706f7472666c6f77222c226c6f63616c446f636b6572223a66616c73652c22636f6e66696746696c65223a7b22246d6964223a312c22667350617468223a222f686f6d652f6e6d75727261792f636f64652f73706f7472666c6f772f2e646576636f6e7461696e65722f637564613132322f646576636f6e7461696e65722e6a736f6e222c2270617468223a222f686f6d652f6e6d75727261792f636f64652f73706f7472666c6f772f2e646576636f6e7461696e65722f637564613132322f646576636f6e7461696e65722e6a736f6e222c22736368656d65223a2266696c65227d7d/workspaces/spotrflow/Deployment/Graphs/scripts/2024_01_15_large_image_ship_eo_reid.sh
2024-01-22 16:05:59.596 [info] /workspaces/spotrflow/Deployment/Graphs/scripts/2024_01_15_large_image_ship_eo_reid_c.sh.git closed
2024-01-22 16:06:01.184 [info] Active editor: vscode-remote://dev-container%2B7b22686f737450617468223a222f686f6d652f6e6d75727261792f636f64652f73706f7472666c6f77222c226c6f63616c446f636b6572223a66616c73652c22636f6e66696746696c65223a7b22246d6964223a312c22667350617468223a222f686f6d652f6e6d75727261792f636f64652f73706f7472666c6f772f2e646576636f6e7461696e65722f637564613132322f646576636f6e7461696e65722e6a736f6e222c2270617468223a222f686f6d652f6e6d75727261792f636f64652f73706f7472666c6f772f2e646576636f6e7461696e65722f637564613132322f646576636f6e7461696e65722e6a736f6e222c22736368656d65223a2266696c65227d7d/workspaces/spotrflow/Deployment/Graphs/scripts/2024_01_15_large_image_ship_eo_reid_c.sh
2024-01-22 16:06:01.193 [info] /workspaces/spotrflow/Deployment/Graphs/scripts/2024_01_15_large_image_ship_eo_reid.sh.git closed
2024-01-22 16:06:06.762 [info] Executing :wa
2024-01-22 16:06:18.657 [info] Active editor: vscode-remote://dev-container%2B7b22686f737450617468223a222f686f6d652f6e6d75727261792f636f64652f73706f7472666c6f77222c226c6f63616c446f636b6572223a66616c73652c22636f6e66696746696c65223a7b22246d6964223a312c22667350617468223a222f686f6d652f6e6d75727261792f636f64652f73706f7472666c6f772f2e646576636f6e7461696e65722f637564613132322f646576636f6e7461696e65722e6a736f6e222c2270617468223a222f686f6d652f6e6d75727261792f636f64652f73706f7472666c6f772f2e646576636f6e7461696e65722f637564613132322f646576636f6e7461696e65722e6a736f6e222c22736368656d65223a2266696c65227d7d/workspaces/spotrflow/gen_graph.sh
2024-01-22 16:06:18.669 [info] /workspaces/spotrflow/Deployment/Graphs/scripts/2024_01_15_large_image_ship_eo_reid_c.sh.git closed
2024-01-22 16:06:19.872 [info] /workspaces/spotrflow/Deployment/Graphs/scripts/2024_01_16_large_image_aircraft.sh.git closed
2024-01-22 16:06:19.875 [info] Active editor: vscode-remote://dev-container%2B7b22686f737450617468223a222f686f6d652f6e6d75727261792f636f64652f73706f7472666c6f77222c226c6f63616c446f636b6572223a66616c73652c22636f6e66696746696c65223a7b22246d6964223a312c22667350617468223a222f686f6d652f6e6d75727261792f636f64652f73706f7472666c6f772f2e646576636f6e7461696e65722f637564613132322f646576636f6e7461696e65722e6a736f6e222c2270617468223a222f686f6d652f6e6d75727261792f636f64652f73706f7472666c6f772f2e646576636f6e7461696e65722f637564613132322f646576636f6e7461696e65722e6a736f6e222c22736368656d65223a2266696c65227d7d/workspaces/spotrflow/gen_graph.sh
2024-01-22 16:06:19.885 [info] /workspaces/spotrflow/gen_graph.sh.git closed
2024-01-22 16:07:41.601 [info] Active editor: vscode-remote://dev-container%2B7b22686f737450617468223a222f686f6d652f6e6d75727261792f636f64652f73706f7472666c6f77222c226c6f63616c446f636b6572223a66616c73652c22636f6e66696746696c65223a7b22246d6964223a312c22667350617468223a222f686f6d652f6e6d75727261792f636f64652f73706f7472666c6f772f2e646576636f6e7461696e65722f637564613132322f646576636f6e7461696e65722e6a736f6e222c2270617468223a222f686f6d652f6e6d75727261792f636f64652f73706f7472666c6f772f2e646576636f6e7461696e65722f637564613132322f646576636f6e7461696e65722e6a736f6e222c22736368656d65223a2266696c65227d7d/workspaces/spotrflow/Deployment/Graphs/scripts/2024_01_15_large_image_ship_eo_reid_c.sh
2024-01-22 16:08:37.402 [info] Executing :wa
2024-01-22 16:08:38.320 [info] Executing :wa
2024-01-22 16:08:39.102 [info] Executing :wa
